[0.190s] DEBUG:colcon:Command line arguments: ['/usr/bin/colcon', 'build']
[0.190s] DEBUG:colcon:Parsed command line arguments: Namespace(log_base=None, log_level=None, verb_name='build', build_base='build', install_base='install', merge_install=False, symlink_install=False, test_result_base=None, continue_on_error=False, executor='parallel', parallel_workers=8, event_handlers=None, ignore_user_meta=False, metas=['./colcon.meta'], base_paths=['.'], packages_ignore=None, packages_ignore_regex=None, paths=None, packages_up_to=None, packages_up_to_regex=None, packages_above=None, packages_above_and_dependencies=None, packages_above_depth=None, packages_select_by_dep=None, packages_skip_by_dep=None, packages_skip_up_to=None, packages_select_build_failed=False, packages_skip_build_finished=False, packages_select_test_failures=False, packages_skip_test_passed=False, packages_select=None, packages_skip=None, packages_select_regex=None, packages_skip_regex=None, packages_start=None, packages_end=None, allow_overriding=[], cmake_args=None, cmake_target=None, cmake_target_skip_unavailable=False, cmake_clean_cache=False, cmake_clean_first=False, cmake_force_configure=False, ament_cmake_args=None, catkin_cmake_args=None, catkin_skip_building_tests=False, verb_parser=<colcon_defaults.argument_parser.defaults.DefaultArgumentsDecorator object at 0x7fa0c591ccd0>, verb_extension=<colcon_core.verb.build.BuildVerb object at 0x7fa0c591c700>, main=<bound method BuildVerb.main of <colcon_core.verb.build.BuildVerb object at 0x7fa0c591c700>>)
[0.467s] Level 1:colcon.colcon_core.package_discovery:discover_packages(colcon_meta) check parameters
[0.467s] Level 1:colcon.colcon_core.package_discovery:discover_packages(recursive) check parameters
[0.468s] Level 1:colcon.colcon_core.package_discovery:discover_packages(ignore) check parameters
[0.468s] Level 1:colcon.colcon_core.package_discovery:discover_packages(path) check parameters
[0.468s] Level 1:colcon.colcon_core.package_discovery:discover_packages(colcon_meta) discover
[0.468s] Level 1:colcon.colcon_core.package_discovery:discover_packages(recursive) discover
[0.468s] INFO:colcon.colcon_core.package_discovery:Crawling recursively for packages in '/home/nocc/Desktop/3dof_rehab_arm'
[0.468s] Level 1:colcon.colcon_core.package_identification:_identify(.) by extensions ['ignore', 'ignore_ament_install']
[0.468s] Level 1:colcon.colcon_core.package_identification:_identify(.) by extension 'ignore'
[0.468s] Level 1:colcon.colcon_core.package_identification:_identify(.) by extension 'ignore_ament_install'
[0.468s] Level 1:colcon.colcon_core.package_identification:_identify(.) by extensions ['colcon_pkg']
[0.468s] Level 1:colcon.colcon_core.package_identification:_identify(.) by extension 'colcon_pkg'
[0.468s] Level 1:colcon.colcon_core.package_identification:_identify(.) by extensions ['colcon_meta']
[0.468s] Level 1:colcon.colcon_core.package_identification:_identify(.) by extension 'colcon_meta'
[0.469s] Level 1:colcon.colcon_core.package_identification:_identify(.) by extensions ['ros']
[0.469s] Level 1:colcon.colcon_core.package_identification:_identify(.) by extension 'ros'
[0.482s] Level 1:colcon.colcon_core.package_identification:_identify(.) by extensions ['cmake', 'python']
[0.482s] Level 1:colcon.colcon_core.package_identification:_identify(.) by extension 'cmake'
[0.482s] Level 1:colcon.colcon_core.package_identification:_identify(.) by extension 'python'
[0.482s] Level 1:colcon.colcon_core.package_identification:_identify(.) by extensions ['python_setup_py']
[0.482s] Level 1:colcon.colcon_core.package_identification:_identify(.) by extension 'python_setup_py'
[0.482s] Level 1:colcon.colcon_core.package_identification:_identify(build) by extensions ['ignore', 'ignore_ament_install']
[0.482s] Level 1:colcon.colcon_core.package_identification:_identify(build) by extension 'ignore'
[0.482s] Level 1:colcon.colcon_core.package_identification:_identify(build) ignored
[0.482s] Level 1:colcon.colcon_core.package_identification:_identify(install) by extensions ['ignore', 'ignore_ament_install']
[0.482s] Level 1:colcon.colcon_core.package_identification:_identify(install) by extension 'ignore'
[0.482s] Level 1:colcon.colcon_core.package_identification:_identify(install) ignored
[0.482s] Level 1:colcon.colcon_core.package_identification:_identify(log) by extensions ['ignore', 'ignore_ament_install']
[0.482s] Level 1:colcon.colcon_core.package_identification:_identify(log) by extension 'ignore'
[0.483s] Level 1:colcon.colcon_core.package_identification:_identify(log) ignored
[0.483s] Level 1:colcon.colcon_core.package_identification:_identify(src) by extensions ['ignore', 'ignore_ament_install']
[0.483s] Level 1:colcon.colcon_core.package_identification:_identify(src) by extension 'ignore'
[0.483s] Level 1:colcon.colcon_core.package_identification:_identify(src) by extension 'ignore_ament_install'
[0.483s] Level 1:colcon.colcon_core.package_identification:_identify(src) by extensions ['colcon_pkg']
[0.483s] Level 1:colcon.colcon_core.package_identification:_identify(src) by extension 'colcon_pkg'
[0.483s] Level 1:colcon.colcon_core.package_identification:_identify(src) by extensions ['colcon_meta']
[0.483s] Level 1:colcon.colcon_core.package_identification:_identify(src) by extension 'colcon_meta'
[0.483s] Level 1:colcon.colcon_core.package_identification:_identify(src) by extensions ['ros']
[0.483s] Level 1:colcon.colcon_core.package_identification:_identify(src) by extension 'ros'
[0.483s] Level 1:colcon.colcon_core.package_identification:_identify(src) by extensions ['cmake', 'python']
[0.483s] Level 1:colcon.colcon_core.package_identification:_identify(src) by extension 'cmake'
[0.483s] Level 1:colcon.colcon_core.package_identification:_identify(src) by extension 'python'
[0.483s] Level 1:colcon.colcon_core.package_identification:_identify(src) by extensions ['python_setup_py']
[0.483s] Level 1:colcon.colcon_core.package_identification:_identify(src) by extension 'python_setup_py'
[0.483s] Level 1:colcon.colcon_core.package_identification:_identify(src/can_odrive_interface) by extensions ['ignore', 'ignore_ament_install']
[0.483s] Level 1:colcon.colcon_core.package_identification:_identify(src/can_odrive_interface) by extension 'ignore'
[0.483s] Level 1:colcon.colcon_core.package_identification:_identify(src/can_odrive_interface) by extension 'ignore_ament_install'
[0.483s] Level 1:colcon.colcon_core.package_identification:_identify(src/can_odrive_interface) by extensions ['colcon_pkg']
[0.483s] Level 1:colcon.colcon_core.package_identification:_identify(src/can_odrive_interface) by extension 'colcon_pkg'
[0.483s] Level 1:colcon.colcon_core.package_identification:_identify(src/can_odrive_interface) by extensions ['colcon_meta']
[0.483s] Level 1:colcon.colcon_core.package_identification:_identify(src/can_odrive_interface) by extension 'colcon_meta'
[0.484s] Level 1:colcon.colcon_core.package_identification:_identify(src/can_odrive_interface) by extensions ['ros']
[0.484s] Level 1:colcon.colcon_core.package_identification:_identify(src/can_odrive_interface) by extension 'ros'
[0.487s] DEBUG:colcon.colcon_core.package_identification:Package 'src/can_odrive_interface' with type 'ros.ament_cmake' and name 'can_odrive_interface'
[0.487s] Level 1:colcon.colcon_core.package_identification:_identify(src/odrive_joint_state_publisher) by extensions ['ignore', 'ignore_ament_install']
[0.487s] Level 1:colcon.colcon_core.package_identification:_identify(src/odrive_joint_state_publisher) by extension 'ignore'
[0.487s] Level 1:colcon.colcon_core.package_identification:_identify(src/odrive_joint_state_publisher) by extension 'ignore_ament_install'
[0.487s] Level 1:colcon.colcon_core.package_identification:_identify(src/odrive_joint_state_publisher) by extensions ['colcon_pkg']
[0.487s] Level 1:colcon.colcon_core.package_identification:_identify(src/odrive_joint_state_publisher) by extension 'colcon_pkg'
[0.487s] Level 1:colcon.colcon_core.package_identification:_identify(src/odrive_joint_state_publisher) by extensions ['colcon_meta']
[0.488s] Level 1:colcon.colcon_core.package_identification:_identify(src/odrive_joint_state_publisher) by extension 'colcon_meta'
[0.488s] Level 1:colcon.colcon_core.package_identification:_identify(src/odrive_joint_state_publisher) by extensions ['ros']
[0.488s] Level 1:colcon.colcon_core.package_identification:_identify(src/odrive_joint_state_publisher) by extension 'ros'
[0.489s] DEBUG:colcon.colcon_core.package_identification:Package 'src/odrive_joint_state_publisher' with type 'ros.ament_cmake' and name 'odrive_joint_state_publisher'
[0.489s] Level 1:colcon.colcon_core.package_identification:_identify(src/rehab_arm_robot) by extensions ['ignore', 'ignore_ament_install']
[0.489s] Level 1:colcon.colcon_core.package_identification:_identify(src/rehab_arm_robot) by extension 'ignore'
[0.489s] Level 1:colcon.colcon_core.package_identification:_identify(src/rehab_arm_robot) by extension 'ignore_ament_install'
[0.490s] Level 1:colcon.colcon_core.package_identification:_identify(src/rehab_arm_robot) by extensions ['colcon_pkg']
[0.490s] Level 1:colcon.colcon_core.package_identification:_identify(src/rehab_arm_robot) by extension 'colcon_pkg'
[0.490s] Level 1:colcon.colcon_core.package_identification:_identify(src/rehab_arm_robot) by extensions ['colcon_meta']
[0.490s] Level 1:colcon.colcon_core.package_identification:_identify(src/rehab_arm_robot) by extension 'colcon_meta'
[0.490s] Level 1:colcon.colcon_core.package_identification:_identify(src/rehab_arm_robot) by extensions ['ros']
[0.490s] Level 1:colcon.colcon_core.package_identification:_identify(src/rehab_arm_robot) by extension 'ros'
[0.491s] DEBUG:colcon.colcon_core.package_identification:Package 'src/rehab_arm_robot' with type 'ros.ament_cmake' and name 'rehab_arm_robot'
[0.491s] Level 1:colcon.colcon_core.package_identification:_identify(src/rehab_arm_robot_control) by extensions ['ignore', 'ignore_ament_install']
[0.491s] Level 1:colcon.colcon_core.package_identification:_identify(src/rehab_arm_robot_control) by extension 'ignore'
[0.491s] Level 1:colcon.colcon_core.package_identification:_identify(src/rehab_arm_robot_control) by extension 'ignore_ament_install'
[0.491s] Level 1:colcon.colcon_core.package_identification:_identify(src/rehab_arm_robot_control) by extensions ['colcon_pkg']
[0.491s] Level 1:colcon.colcon_core.package_identification:_identify(src/rehab_arm_robot_control) by extension 'colcon_pkg'
[0.491s] Level 1:colcon.colcon_core.package_identification:_identify(src/rehab_arm_robot_control) by extensions ['colcon_meta']
[0.491s] Level 1:colcon.colcon_core.package_identification:_identify(src/rehab_arm_robot_control) by extension 'colcon_meta'
[0.491s] Level 1:colcon.colcon_core.package_identification:_identify(src/rehab_arm_robot_control) by extensions ['ros']
[0.491s] Level 1:colcon.colcon_core.package_identification:_identify(src/rehab_arm_robot_control) by extension 'ros'
[0.493s] DEBUG:colcon.colcon_core.package_identification:Package 'src/rehab_arm_robot_control' with type 'ros.ament_cmake' and name 'rehab_arm_robot_control'
[0.493s] Level 1:colcon.colcon_core.package_identification:_identify(src/rehab_arm_robot_moveit_config) by extensions ['ignore', 'ignore_ament_install']
[0.493s] Level 1:colcon.colcon_core.package_identification:_identify(src/rehab_arm_robot_moveit_config) by extension 'ignore'
[0.493s] Level 1:colcon.colcon_core.package_identification:_identify(src/rehab_arm_robot_moveit_config) by extension 'ignore_ament_install'
[0.493s] Level 1:colcon.colcon_core.package_identification:_identify(src/rehab_arm_robot_moveit_config) by extensions ['colcon_pkg']
[0.493s] Level 1:colcon.colcon_core.package_identification:_identify(src/rehab_arm_robot_moveit_config) by extension 'colcon_pkg'
[0.493s] Level 1:colcon.colcon_core.package_identification:_identify(src/rehab_arm_robot_moveit_config) by extensions ['colcon_meta']
[0.493s] Level 1:colcon.colcon_core.package_identification:_identify(src/rehab_arm_robot_moveit_config) by extension 'colcon_meta'
[0.493s] Level 1:colcon.colcon_core.package_identification:_identify(src/rehab_arm_robot_moveit_config) by extensions ['ros']
[0.493s] Level 1:colcon.colcon_core.package_identification:_identify(src/rehab_arm_robot_moveit_config) by extension 'ros'
[0.494s] DEBUG:colcon.colcon_core.package_identification:Package 'src/rehab_arm_robot_moveit_config' with type 'ros.ament_cmake' and name 'rehab_arm_robot_moveit_config'
[0.494s] Level 1:colcon.colcon_core.package_discovery:discover_packages(recursive) using defaults
[0.494s] Level 1:colcon.colcon_core.package_discovery:discover_packages(ignore) discover
[0.494s] Level 1:colcon.colcon_core.package_discovery:discover_packages(ignore) using defaults
[0.494s] Level 1:colcon.colcon_core.package_discovery:discover_packages(path) discover
[0.494s] Level 1:colcon.colcon_core.package_discovery:discover_packages(path) using defaults
[0.534s] Level 1:colcon.colcon_core.package_discovery:discover_packages(prefix_path) check parameters
[0.534s] Level 1:colcon.colcon_core.package_discovery:discover_packages(prefix_path) discover
[0.537s] DEBUG:colcon.colcon_installed_package_information.package_discovery:Found 5 installed packages in /home/nocc/Desktop/3dof_rehab_arm/install
[0.539s] DEBUG:colcon.colcon_installed_package_information.package_discovery:Found 422 installed packages in /opt/ros/humble
[0.542s] Level 1:colcon.colcon_core.package_discovery:discover_packages(prefix_path) using defaults
[0.654s] Level 5:colcon.colcon_core.verb:set package 'can_odrive_interface' build argument 'cmake_args' from command line to 'None'
[0.654s] Level 5:colcon.colcon_core.verb:set package 'can_odrive_interface' build argument 'cmake_target' from command line to 'None'
[0.654s] Level 5:colcon.colcon_core.verb:set package 'can_odrive_interface' build argument 'cmake_target_skip_unavailable' from command line to 'False'
[0.654s] Level 5:colcon.colcon_core.verb:set package 'can_odrive_interface' build argument 'cmake_clean_cache' from command line to 'False'
[0.654s] Level 5:colcon.colcon_core.verb:set package 'can_odrive_interface' build argument 'cmake_clean_first' from command line to 'False'
[0.654s] Level 5:colcon.colcon_core.verb:set package 'can_odrive_interface' build argument 'cmake_force_configure' from command line to 'False'
[0.654s] Level 5:colcon.colcon_core.verb:set package 'can_odrive_interface' build argument 'ament_cmake_args' from command line to 'None'
[0.654s] Level 5:colcon.colcon_core.verb:set package 'can_odrive_interface' build argument 'catkin_cmake_args' from command line to 'None'
[0.654s] Level 5:colcon.colcon_core.verb:set package 'can_odrive_interface' build argument 'catkin_skip_building_tests' from command line to 'False'
[0.654s] DEBUG:colcon.colcon_core.verb:Building package 'can_odrive_interface' with the following arguments: {'ament_cmake_args': None, 'build_base': '/home/nocc/Desktop/3dof_rehab_arm/build/can_odrive_interface', 'catkin_cmake_args': None, 'catkin_skip_building_tests': False, 'cmake_args': None, 'cmake_clean_cache': False, 'cmake_clean_first': False, 'cmake_force_configure': False, 'cmake_target': None, 'cmake_target_skip_unavailable': False, 'install_base': '/home/nocc/Desktop/3dof_rehab_arm/install/can_odrive_interface', 'merge_install': False, 'path': '/home/nocc/Desktop/3dof_rehab_arm/src/can_odrive_interface', 'symlink_install': False, 'test_result_base': None}
[0.654s] Level 5:colcon.colcon_core.verb:set package 'rehab_arm_robot' build argument 'cmake_args' from command line to 'None'
[0.654s] Level 5:colcon.colcon_core.verb:set package 'rehab_arm_robot' build argument 'cmake_target' from command line to 'None'
[0.654s] Level 5:colcon.colcon_core.verb:set package 'rehab_arm_robot' build argument 'cmake_target_skip_unavailable' from command line to 'False'
[0.654s] Level 5:colcon.colcon_core.verb:set package 'rehab_arm_robot' build argument 'cmake_clean_cache' from command line to 'False'
[0.654s] Level 5:colcon.colcon_core.verb:set package 'rehab_arm_robot' build argument 'cmake_clean_first' from command line to 'False'
[0.654s] Level 5:colcon.colcon_core.verb:set package 'rehab_arm_robot' build argument 'cmake_force_configure' from command line to 'False'
[0.654s] Level 5:colcon.colcon_core.verb:set package 'rehab_arm_robot' build argument 'ament_cmake_args' from command line to 'None'
[0.654s] Level 5:colcon.colcon_core.verb:set package 'rehab_arm_robot' build argument 'catkin_cmake_args' from command line to 'None'
[0.654s] Level 5:colcon.colcon_core.verb:set package 'rehab_arm_robot' build argument 'catkin_skip_building_tests' from command line to 'False'
[0.654s] DEBUG:colcon.colcon_core.verb:Building package 'rehab_arm_robot' with the following arguments: {'ament_cmake_args': None, 'build_base': '/home/nocc/Desktop/3dof_rehab_arm/build/rehab_arm_robot', 'catkin_cmake_args': None, 'catkin_skip_building_tests': False, 'cmake_args': None, 'cmake_clean_cache': False, 'cmake_clean_first': False, 'cmake_force_configure': False, 'cmake_target': None, 'cmake_target_skip_unavailable': False, 'install_base': '/home/nocc/Desktop/3dof_rehab_arm/install/rehab_arm_robot', 'merge_install': False, 'path': '/home/nocc/Desktop/3dof_rehab_arm/src/rehab_arm_robot', 'symlink_install': False, 'test_result_base': None}
[0.655s] Level 5:colcon.colcon_core.verb:set package 'rehab_arm_robot_control' build argument 'cmake_args' from command line to 'None'
[0.655s] Level 5:colcon.colcon_core.verb:set package 'rehab_arm_robot_control' build argument 'cmake_target' from command line to 'None'
[0.655s] Level 5:colcon.colcon_core.verb:set package 'rehab_arm_robot_control' build argument 'cmake_target_skip_unavailable' from command line to 'False'
[0.655s] Level 5:colcon.colcon_core.verb:set package 'rehab_arm_robot_control' build argument 'cmake_clean_cache' from command line to 'False'
[0.655s] Level 5:colcon.colcon_core.verb:set package 'rehab_arm_robot_control' build argument 'cmake_clean_first' from command line to 'False'
[0.655s] Level 5:colcon.colcon_core.verb:set package 'rehab_arm_robot_control' build argument 'cmake_force_configure' from command line to 'False'
[0.655s] Level 5:colcon.colcon_core.verb:set package 'rehab_arm_robot_control' build argument 'ament_cmake_args' from command line to 'None'
[0.655s] Level 5:colcon.colcon_core.verb:set package 'rehab_arm_robot_control' build argument 'catkin_cmake_args' from command line to 'None'
[0.655s] Level 5:colcon.colcon_core.verb:set package 'rehab_arm_robot_control' build argument 'catkin_skip_building_tests' from command line to 'False'
[0.655s] DEBUG:colcon.colcon_core.verb:Building package 'rehab_arm_robot_control' with the following arguments: {'ament_cmake_args': None, 'build_base': '/home/nocc/Desktop/3dof_rehab_arm/build/rehab_arm_robot_control', 'catkin_cmake_args': None, 'catkin_skip_building_tests': False, 'cmake_args': None, 'cmake_clean_cache': False, 'cmake_clean_first': False, 'cmake_force_configure': False, 'cmake_target': None, 'cmake_target_skip_unavailable': False, 'install_base': '/home/nocc/Desktop/3dof_rehab_arm/install/rehab_arm_robot_control', 'merge_install': False, 'path': '/home/nocc/Desktop/3dof_rehab_arm/src/rehab_arm_robot_control', 'symlink_install': False, 'test_result_base': None}
[0.655s] Level 5:colcon.colcon_core.verb:set package 'odrive_joint_state_publisher' build argument 'cmake_args' from command line to 'None'
[0.655s] Level 5:colcon.colcon_core.verb:set package 'odrive_joint_state_publisher' build argument 'cmake_target' from command line to 'None'
[0.655s] Level 5:colcon.colcon_core.verb:set package 'odrive_joint_state_publisher' build argument 'cmake_target_skip_unavailable' from command line to 'False'
[0.655s] Level 5:colcon.colcon_core.verb:set package 'odrive_joint_state_publisher' build argument 'cmake_clean_cache' from command line to 'False'
[0.655s] Level 5:colcon.colcon_core.verb:set package 'odrive_joint_state_publisher' build argument 'cmake_clean_first' from command line to 'False'
[0.655s] Level 5:colcon.colcon_core.verb:set package 'odrive_joint_state_publisher' build argument 'cmake_force_configure' from command line to 'False'
[0.655s] Level 5:colcon.colcon_core.verb:set package 'odrive_joint_state_publisher' build argument 'ament_cmake_args' from command line to 'None'
[0.655s] Level 5:colcon.colcon_core.verb:set package 'odrive_joint_state_publisher' build argument 'catkin_cmake_args' from command line to 'None'
[0.655s] Level 5:colcon.colcon_core.verb:set package 'odrive_joint_state_publisher' build argument 'catkin_skip_building_tests' from command line to 'False'
[0.655s] DEBUG:colcon.colcon_core.verb:Building package 'odrive_joint_state_publisher' with the following arguments: {'ament_cmake_args': None, 'build_base': '/home/nocc/Desktop/3dof_rehab_arm/build/odrive_joint_state_publisher', 'catkin_cmake_args': None, 'catkin_skip_building_tests': False, 'cmake_args': None, 'cmake_clean_cache': False, 'cmake_clean_first': False, 'cmake_force_configure': False, 'cmake_target': None, 'cmake_target_skip_unavailable': False, 'install_base': '/home/nocc/Desktop/3dof_rehab_arm/install/odrive_joint_state_publisher', 'merge_install': False, 'path': '/home/nocc/Desktop/3dof_rehab_arm/src/odrive_joint_state_publisher', 'symlink_install': False, 'test_result_base': None}
[0.656s] Level 5:colcon.colcon_core.verb:set package 'rehab_arm_robot_moveit_config' build argument 'cmake_args' from command line to 'None'
[0.656s] Level 5:colcon.colcon_core.verb:set package 'rehab_arm_robot_moveit_config' build argument 'cmake_target' from command line to 'None'
[0.656s] Level 5:colcon.colcon_core.verb:set package 'rehab_arm_robot_moveit_config' build argument 'cmake_target_skip_unavailable' from command line to 'False'
[0.656s] Level 5:colcon.colcon_core.verb:set package 'rehab_arm_robot_moveit_config' build argument 'cmake_clean_cache' from command line to 'False'
[0.656s] Level 5:colcon.colcon_core.verb:set package 'rehab_arm_robot_moveit_config' build argument 'cmake_clean_first' from command line to 'False'
[0.656s] Level 5:colcon.colcon_core.verb:set package 'rehab_arm_robot_moveit_config' build argument 'cmake_force_configure' from command line to 'False'
[0.656s] Level 5:colcon.colcon_core.verb:set package 'rehab_arm_robot_moveit_config' build argument 'ament_cmake_args' from command line to 'None'
[0.656s] Level 5:colcon.colcon_core.verb:set package 'rehab_arm_robot_moveit_config' build argument 'catkin_cmake_args' from command line to 'None'
[0.656s] Level 5:colcon.colcon_core.verb:set package 'rehab_arm_robot_moveit_config' build argument 'catkin_skip_building_tests' from command line to 'False'
[0.656s] DEBUG:colcon.colcon_core.verb:Building package 'rehab_arm_robot_moveit_config' with the following arguments: {'ament_cmake_args': None, 'build_base': '/home/nocc/Desktop/3dof_rehab_arm/build/rehab_arm_robot_moveit_config', 'catkin_cmake_args': None, 'catkin_skip_building_tests': False, 'cmake_args': None, 'cmake_clean_cache': False, 'cmake_clean_first': False, 'cmake_force_configure': False, 'cmake_target': None, 'cmake_target_skip_unavailable': False, 'install_base': '/home/nocc/Desktop/3dof_rehab_arm/install/rehab_arm_robot_moveit_config', 'merge_install': False, 'path': '/home/nocc/Desktop/3dof_rehab_arm/src/rehab_arm_robot_moveit_config', 'symlink_install': False, 'test_result_base': None}
[0.656s] INFO:colcon.colcon_core.executor:Executing jobs using 'parallel' executor
[0.657s] DEBUG:colcon.colcon_parallel_executor.executor.parallel:run_until_complete
[0.657s] INFO:colcon.colcon_ros.task.ament_cmake.build:Building ROS package in '/home/nocc/Desktop/3dof_rehab_arm/src/can_odrive_interface' with build type 'ament_cmake'
[0.658s] INFO:colcon.colcon_cmake.task.cmake.build:Building CMake package in '/home/nocc/Desktop/3dof_rehab_arm/src/can_odrive_interface'
[0.661s] INFO:colcon.colcon_core.plugin_system:Skipping extension 'colcon_core.shell.bat': Not used on non-Windows systems
[0.661s] INFO:colcon.colcon_core.shell:Skip shell extension 'powershell' for command environment: Not usable outside of PowerShell
[0.661s] DEBUG:colcon.colcon_core.shell:Skip shell extension 'dsv' for command environment
[0.666s] INFO:colcon.colcon_ros.task.ament_cmake.build:Building ROS package in '/home/nocc/Desktop/3dof_rehab_arm/src/rehab_arm_robot' with build type 'ament_cmake'
[0.666s] INFO:colcon.colcon_cmake.task.cmake.build:Building CMake package in '/home/nocc/Desktop/3dof_rehab_arm/src/rehab_arm_robot'
[0.666s] INFO:colcon.colcon_core.shell:Skip shell extension 'powershell' for command environment: Not usable outside of PowerShell
[0.666s] DEBUG:colcon.colcon_core.shell:Skip shell extension 'dsv' for command environment
[0.670s] INFO:colcon.colcon_ros.task.ament_cmake.build:Building ROS package in '/home/nocc/Desktop/3dof_rehab_arm/src/rehab_arm_robot_control' with build type 'ament_cmake'
[0.670s] INFO:colcon.colcon_cmake.task.cmake.build:Building CMake package in '/home/nocc/Desktop/3dof_rehab_arm/src/rehab_arm_robot_control'
[0.671s] INFO:colcon.colcon_core.shell:Skip shell extension 'powershell' for command environment: Not usable outside of PowerShell
[0.671s] DEBUG:colcon.colcon_core.shell:Skip shell extension 'dsv' for command environment
[0.679s] DEBUG:colcon.colcon_core.event_handler.log_command:Invoking command in '/home/nocc/Desktop/3dof_rehab_arm/build/can_odrive_interface': CMAKE_PREFIX_PATH=${CMAKE_PREFIX_PATH}:/opt/ros/humble /usr/bin/cmake --build /home/nocc/Desktop/3dof_rehab_arm/build/can_odrive_interface -- -j8 -l8
[0.685s] DEBUG:colcon.colcon_core.event_handler.log_command:Invoking command in '/home/nocc/Desktop/3dof_rehab_arm/build/rehab_arm_robot': CMAKE_PREFIX_PATH=${CMAKE_PREFIX_PATH}:/opt/ros/humble /usr/bin/cmake --build /home/nocc/Desktop/3dof_rehab_arm/build/rehab_arm_robot -- -j8 -l8
[0.691s] DEBUG:colcon.colcon_core.event_handler.log_command:Invoking command in '/home/nocc/Desktop/3dof_rehab_arm/build/rehab_arm_robot_control': CMAKE_PREFIX_PATH=${CMAKE_PREFIX_PATH}:/opt/ros/humble /usr/bin/cmake --build /home/nocc/Desktop/3dof_rehab_arm/build/rehab_arm_robot_control -- -j8 -l8
[0.768s] DEBUG:colcon.colcon_core.event_handler.log_command:Invoked command in '/home/nocc/Desktop/3dof_rehab_arm/build/rehab_arm_robot' returned '0': CMAKE_PREFIX_PATH=${CMAKE_PREFIX_PATH}:/opt/ros/humble /usr/bin/cmake --build /home/nocc/Desktop/3dof_rehab_arm/build/rehab_arm_robot -- -j8 -l8
[0.783s] DEBUG:colcon.colcon_core.event_handler.log_command:Invoking command in '/home/nocc/Desktop/3dof_rehab_arm/build/rehab_arm_robot': CMAKE_PREFIX_PATH=${CMAKE_PREFIX_PATH}:/opt/ros/humble /usr/bin/cmake --install /home/nocc/Desktop/3dof_rehab_arm/build/rehab_arm_robot
[0.814s] Level 1:colcon.colcon_core.environment:create_environment_scripts_only(rehab_arm_robot)
[0.817s] DEBUG:colcon.colcon_core.event_handler.log_command:Invoked command in '/home/nocc/Desktop/3dof_rehab_arm/build/rehab_arm_robot' returned '0': CMAKE_PREFIX_PATH=${CMAKE_PREFIX_PATH}:/opt/ros/humble /usr/bin/cmake --install /home/nocc/Desktop/3dof_rehab_arm/build/rehab_arm_robot
[0.827s] Level 1:colcon.colcon_core.environment:checking '/home/nocc/Desktop/3dof_rehab_arm/install/rehab_arm_robot' for CMake module files
[0.829s] Level 1:colcon.colcon_core.environment:checking '/home/nocc/Desktop/3dof_rehab_arm/install/rehab_arm_robot' for CMake config files
[0.829s] Level 1:colcon.colcon_core.shell:create_environment_hook('rehab_arm_robot', 'cmake_prefix_path')
[0.830s] INFO:colcon.colcon_core.shell:Creating environment hook '/home/nocc/Desktop/3dof_rehab_arm/install/rehab_arm_robot/share/rehab_arm_robot/hook/cmake_prefix_path.ps1'
[0.832s] INFO:colcon.colcon_core.shell:Creating environment descriptor '/home/nocc/Desktop/3dof_rehab_arm/install/rehab_arm_robot/share/rehab_arm_robot/hook/cmake_prefix_path.dsv'
[0.833s] INFO:colcon.colcon_core.shell:Creating environment hook '/home/nocc/Desktop/3dof_rehab_arm/install/rehab_arm_robot/share/rehab_arm_robot/hook/cmake_prefix_path.sh'
[0.835s] Level 1:colcon.colcon_core.environment:checking '/home/nocc/Desktop/3dof_rehab_arm/install/rehab_arm_robot/bin'
[0.835s] Level 1:colcon.colcon_core.environment:checking '/home/nocc/Desktop/3dof_rehab_arm/install/rehab_arm_robot/lib/pkgconfig/rehab_arm_robot.pc'
[0.836s] Level 1:colcon.colcon_core.environment:checking '/home/nocc/Desktop/3dof_rehab_arm/install/rehab_arm_robot/lib/python3.10/site-packages'
[0.836s] Level 1:colcon.colcon_core.environment:checking '/home/nocc/Desktop/3dof_rehab_arm/install/rehab_arm_robot/bin'
[0.837s] INFO:colcon.colcon_core.shell:Creating package script '/home/nocc/Desktop/3dof_rehab_arm/install/rehab_arm_robot/share/rehab_arm_robot/package.ps1'
[0.839s] INFO:colcon.colcon_core.shell:Creating package descriptor '/home/nocc/Desktop/3dof_rehab_arm/install/rehab_arm_robot/share/rehab_arm_robot/package.dsv'
[0.840s] INFO:colcon.colcon_core.shell:Creating package script '/home/nocc/Desktop/3dof_rehab_arm/install/rehab_arm_robot/share/rehab_arm_robot/package.sh'
[0.842s] INFO:colcon.colcon_core.shell:Creating package script '/home/nocc/Desktop/3dof_rehab_arm/install/rehab_arm_robot/share/rehab_arm_robot/package.bash'
[0.844s] INFO:colcon.colcon_core.shell:Creating package script '/home/nocc/Desktop/3dof_rehab_arm/install/rehab_arm_robot/share/rehab_arm_robot/package.zsh'
[0.845s] Level 1:colcon.colcon_core.environment:create_file_with_runtime_dependencies(/home/nocc/Desktop/3dof_rehab_arm/install/rehab_arm_robot/share/colcon-core/packages/rehab_arm_robot)
[0.847s] Level 1:colcon.colcon_core.environment:create_environment_scripts_only(rehab_arm_robot)
[0.847s] Level 1:colcon.colcon_core.environment:checking '/home/nocc/Desktop/3dof_rehab_arm/install/rehab_arm_robot' for CMake module files
[0.848s] Level 1:colcon.colcon_core.environment:checking '/home/nocc/Desktop/3dof_rehab_arm/install/rehab_arm_robot' for CMake config files
[0.848s] Level 1:colcon.colcon_core.shell:create_environment_hook('rehab_arm_robot', 'cmake_prefix_path')
[0.849s] INFO:colcon.colcon_core.shell:Creating environment hook '/home/nocc/Desktop/3dof_rehab_arm/install/rehab_arm_robot/share/rehab_arm_robot/hook/cmake_prefix_path.ps1'
[0.850s] INFO:colcon.colcon_core.shell:Creating environment descriptor '/home/nocc/Desktop/3dof_rehab_arm/install/rehab_arm_robot/share/rehab_arm_robot/hook/cmake_prefix_path.dsv'
[0.851s] INFO:colcon.colcon_core.shell:Creating environment hook '/home/nocc/Desktop/3dof_rehab_arm/install/rehab_arm_robot/share/rehab_arm_robot/hook/cmake_prefix_path.sh'
[0.853s] Level 1:colcon.colcon_core.environment:checking '/home/nocc/Desktop/3dof_rehab_arm/install/rehab_arm_robot/bin'
[0.853s] Level 1:colcon.colcon_core.environment:checking '/home/nocc/Desktop/3dof_rehab_arm/install/rehab_arm_robot/lib/pkgconfig/rehab_arm_robot.pc'
[0.853s] Level 1:colcon.colcon_core.environment:checking '/home/nocc/Desktop/3dof_rehab_arm/install/rehab_arm_robot/lib/python3.10/site-packages'
[0.854s] Level 1:colcon.colcon_core.environment:checking '/home/nocc/Desktop/3dof_rehab_arm/install/rehab_arm_robot/bin'
[0.855s] INFO:colcon.colcon_core.shell:Creating package script '/home/nocc/Desktop/3dof_rehab_arm/install/rehab_arm_robot/share/rehab_arm_robot/package.ps1'
[0.856s] INFO:colcon.colcon_core.shell:Creating package descriptor '/home/nocc/Desktop/3dof_rehab_arm/install/rehab_arm_robot/share/rehab_arm_robot/package.dsv'
[0.858s] INFO:colcon.colcon_core.shell:Creating package script '/home/nocc/Desktop/3dof_rehab_arm/install/rehab_arm_robot/share/rehab_arm_robot/package.sh'
[0.859s] INFO:colcon.colcon_core.shell:Creating package script '/home/nocc/Desktop/3dof_rehab_arm/install/rehab_arm_robot/share/rehab_arm_robot/package.bash'
[0.860s] INFO:colcon.colcon_core.shell:Creating package script '/home/nocc/Desktop/3dof_rehab_arm/install/rehab_arm_robot/share/rehab_arm_robot/package.zsh'
[0.860s] Level 1:colcon.colcon_core.environment:create_file_with_runtime_dependencies(/home/nocc/Desktop/3dof_rehab_arm/install/rehab_arm_robot/share/colcon-core/packages/rehab_arm_robot)
[0.861s] INFO:colcon.colcon_ros.task.ament_cmake.build:Building ROS package in '/home/nocc/Desktop/3dof_rehab_arm/src/rehab_arm_robot_moveit_config' with build type 'ament_cmake'
[0.861s] INFO:colcon.colcon_cmake.task.cmake.build:Building CMake package in '/home/nocc/Desktop/3dof_rehab_arm/src/rehab_arm_robot_moveit_config'
[0.862s] INFO:colcon.colcon_core.shell:Skip shell extension 'powershell' for command environment: Not usable outside of PowerShell
[0.862s] DEBUG:colcon.colcon_core.shell:Skip shell extension 'dsv' for command environment
[0.885s] DEBUG:colcon.colcon_core.event_handler.log_command:Invoking command in '/home/nocc/Desktop/3dof_rehab_arm/build/rehab_arm_robot_moveit_config': CMAKE_PREFIX_PATH=/home/nocc/Desktop/3dof_rehab_arm/install/rehab_arm_robot:/home/nocc/Desktop/3dof_rehab_arm/install/rehab_arm_robot_moveit_config:/home/nocc/Desktop/3dof_rehab_arm/install/rehab_arm_robot_control:/home/nocc/Desktop/3dof_rehab_arm/install/odrive_joint_state_publisher:/home/nocc/Desktop/3dof_rehab_arm/install/can_odrive_interface:/opt/ros/humble /usr/bin/cmake --build /home/nocc/Desktop/3dof_rehab_arm/build/rehab_arm_robot_moveit_config -- -j8 -l8
[0.927s] DEBUG:colcon.colcon_core.event_handler.log_command:Invoked command in '/home/nocc/Desktop/3dof_rehab_arm/build/rehab_arm_robot_control' returned '0': CMAKE_PREFIX_PATH=${CMAKE_PREFIX_PATH}:/opt/ros/humble /usr/bin/cmake --build /home/nocc/Desktop/3dof_rehab_arm/build/rehab_arm_robot_control -- -j8 -l8
[0.930s] DEBUG:colcon.colcon_core.event_handler.log_command:Invoking command in '/home/nocc/Desktop/3dof_rehab_arm/build/rehab_arm_robot_control': CMAKE_PREFIX_PATH=${CMAKE_PREFIX_PATH}:/opt/ros/humble /usr/bin/cmake --install /home/nocc/Desktop/3dof_rehab_arm/build/rehab_arm_robot_control
[0.937s] DEBUG:colcon.colcon_core.event_handler.log_command:Invoked command in '/home/nocc/Desktop/3dof_rehab_arm/build/can_odrive_interface' returned '0': CMAKE_PREFIX_PATH=${CMAKE_PREFIX_PATH}:/opt/ros/humble /usr/bin/cmake --build /home/nocc/Desktop/3dof_rehab_arm/build/can_odrive_interface -- -j8 -l8
[0.940s] DEBUG:colcon.colcon_core.event_handler.log_command:Invoking command in '/home/nocc/Desktop/3dof_rehab_arm/build/can_odrive_interface': CMAKE_PREFIX_PATH=${CMAKE_PREFIX_PATH}:/opt/ros/humble /usr/bin/cmake --install /home/nocc/Desktop/3dof_rehab_arm/build/can_odrive_interface
[0.948s] Level 1:colcon.colcon_core.environment:create_environment_scripts_only(rehab_arm_robot_control)
[0.949s] Level 1:colcon.colcon_core.environment:checking '/home/nocc/Desktop/3dof_rehab_arm/install/rehab_arm_robot_control' for CMake module files
[0.950s] DEBUG:colcon.colcon_core.event_handler.log_command:Invoked command in '/home/nocc/Desktop/3dof_rehab_arm/build/rehab_arm_robot_control' returned '0': CMAKE_PREFIX_PATH=${CMAKE_PREFIX_PATH}:/opt/ros/humble /usr/bin/cmake --install /home/nocc/Desktop/3dof_rehab_arm/build/rehab_arm_robot_control
[0.950s] Level 1:colcon.colcon_core.environment:checking '/home/nocc/Desktop/3dof_rehab_arm/install/rehab_arm_robot_control' for CMake config files
[0.950s] Level 1:colcon.colcon_core.shell:create_environment_hook('rehab_arm_robot_control', 'cmake_prefix_path')
[0.951s] INFO:colcon.colcon_core.shell:Creating environment hook '/home/nocc/Desktop/3dof_rehab_arm/install/rehab_arm_robot_control/share/rehab_arm_robot_control/hook/cmake_prefix_path.ps1'
[0.951s] INFO:colcon.colcon_core.shell:Creating environment descriptor '/home/nocc/Desktop/3dof_rehab_arm/install/rehab_arm_robot_control/share/rehab_arm_robot_control/hook/cmake_prefix_path.dsv'
[0.952s] INFO:colcon.colcon_core.shell:Creating environment hook '/home/nocc/Desktop/3dof_rehab_arm/install/rehab_arm_robot_control/share/rehab_arm_robot_control/hook/cmake_prefix_path.sh'
[0.953s] Level 1:colcon.colcon_core.environment:checking '/home/nocc/Desktop/3dof_rehab_arm/install/rehab_arm_robot_control/lib'
[0.953s] Level 1:colcon.colcon_core.environment:checking '/home/nocc/Desktop/3dof_rehab_arm/install/rehab_arm_robot_control/bin'
[0.954s] Level 1:colcon.colcon_core.environment:checking '/home/nocc/Desktop/3dof_rehab_arm/install/rehab_arm_robot_control/lib/pkgconfig/rehab_arm_robot_control.pc'
[0.954s] Level 1:colcon.colcon_core.environment:checking '/home/nocc/Desktop/3dof_rehab_arm/install/rehab_arm_robot_control/lib/python3.10/site-packages'
[0.954s] Level 1:colcon.colcon_core.environment:checking '/home/nocc/Desktop/3dof_rehab_arm/install/rehab_arm_robot_control/bin'
[0.954s] INFO:colcon.colcon_core.shell:Creating package script '/home/nocc/Desktop/3dof_rehab_arm/install/rehab_arm_robot_control/share/rehab_arm_robot_control/package.ps1'
[0.955s] INFO:colcon.colcon_core.shell:Creating package descriptor '/home/nocc/Desktop/3dof_rehab_arm/install/rehab_arm_robot_control/share/rehab_arm_robot_control/package.dsv'
[0.956s] INFO:colcon.colcon_core.shell:Creating package script '/home/nocc/Desktop/3dof_rehab_arm/install/rehab_arm_robot_control/share/rehab_arm_robot_control/package.sh'
[0.956s] INFO:colcon.colcon_core.shell:Creating package script '/home/nocc/Desktop/3dof_rehab_arm/install/rehab_arm_robot_control/share/rehab_arm_robot_control/package.bash'
[0.957s] INFO:colcon.colcon_core.shell:Creating package script '/home/nocc/Desktop/3dof_rehab_arm/install/rehab_arm_robot_control/share/rehab_arm_robot_control/package.zsh'
[0.959s] Level 1:colcon.colcon_core.environment:create_file_with_runtime_dependencies(/home/nocc/Desktop/3dof_rehab_arm/install/rehab_arm_robot_control/share/colcon-core/packages/rehab_arm_robot_control)
[0.960s] Level 1:colcon.colcon_core.environment:create_environment_scripts_only(rehab_arm_robot_control)
[0.960s] Level 1:colcon.colcon_core.environment:checking '/home/nocc/Desktop/3dof_rehab_arm/install/rehab_arm_robot_control' for CMake module files
[0.961s] Level 1:colcon.colcon_core.environment:checking '/home/nocc/Desktop/3dof_rehab_arm/install/rehab_arm_robot_control' for CMake config files
[0.961s] Level 1:colcon.colcon_core.shell:create_environment_hook('rehab_arm_robot_control', 'cmake_prefix_path')
[0.961s] INFO:colcon.colcon_core.shell:Creating environment hook '/home/nocc/Desktop/3dof_rehab_arm/install/rehab_arm_robot_control/share/rehab_arm_robot_control/hook/cmake_prefix_path.ps1'
[0.962s] INFO:colcon.colcon_core.shell:Creating environment descriptor '/home/nocc/Desktop/3dof_rehab_arm/install/rehab_arm_robot_control/share/rehab_arm_robot_control/hook/cmake_prefix_path.dsv'
[0.962s] INFO:colcon.colcon_core.shell:Creating environment hook '/home/nocc/Desktop/3dof_rehab_arm/install/rehab_arm_robot_control/share/rehab_arm_robot_control/hook/cmake_prefix_path.sh'
[0.963s] Level 1:colcon.colcon_core.environment:checking '/home/nocc/Desktop/3dof_rehab_arm/install/rehab_arm_robot_control/lib'
[0.963s] Level 1:colcon.colcon_core.environment:checking '/home/nocc/Desktop/3dof_rehab_arm/install/rehab_arm_robot_control/bin'
[0.963s] Level 1:colcon.colcon_core.environment:checking '/home/nocc/Desktop/3dof_rehab_arm/install/rehab_arm_robot_control/lib/pkgconfig/rehab_arm_robot_control.pc'
[0.964s] Level 1:colcon.colcon_core.environment:checking '/home/nocc/Desktop/3dof_rehab_arm/install/rehab_arm_robot_control/lib/python3.10/site-packages'
[0.964s] Level 1:colcon.colcon_core.environment:checking '/home/nocc/Desktop/3dof_rehab_arm/install/rehab_arm_robot_control/bin'
[0.964s] INFO:colcon.colcon_core.shell:Creating package script '/home/nocc/Desktop/3dof_rehab_arm/install/rehab_arm_robot_control/share/rehab_arm_robot_control/package.ps1'
[0.965s] INFO:colcon.colcon_core.shell:Creating package descriptor '/home/nocc/Desktop/3dof_rehab_arm/install/rehab_arm_robot_control/share/rehab_arm_robot_control/package.dsv'
[0.965s] INFO:colcon.colcon_core.shell:Creating package script '/home/nocc/Desktop/3dof_rehab_arm/install/rehab_arm_robot_control/share/rehab_arm_robot_control/package.sh'
[0.966s] INFO:colcon.colcon_core.shell:Creating package script '/home/nocc/Desktop/3dof_rehab_arm/install/rehab_arm_robot_control/share/rehab_arm_robot_control/package.bash'
[0.966s] INFO:colcon.colcon_core.shell:Creating package script '/home/nocc/Desktop/3dof_rehab_arm/install/rehab_arm_robot_control/share/rehab_arm_robot_control/package.zsh'
[0.967s] Level 1:colcon.colcon_core.environment:create_file_with_runtime_dependencies(/home/nocc/Desktop/3dof_rehab_arm/install/rehab_arm_robot_control/share/colcon-core/packages/rehab_arm_robot_control)
[0.968s] Level 1:colcon.colcon_core.environment:create_environment_scripts_only(can_odrive_interface)
[0.968s] Level 1:colcon.colcon_core.environment:checking '/home/nocc/Desktop/3dof_rehab_arm/install/can_odrive_interface' for CMake module files
[0.969s] DEBUG:colcon.colcon_core.event_handler.log_command:Invoked command in '/home/nocc/Desktop/3dof_rehab_arm/build/can_odrive_interface' returned '0': CMAKE_PREFIX_PATH=${CMAKE_PREFIX_PATH}:/opt/ros/humble /usr/bin/cmake --install /home/nocc/Desktop/3dof_rehab_arm/build/can_odrive_interface
[0.969s] Level 1:colcon.colcon_core.environment:checking '/home/nocc/Desktop/3dof_rehab_arm/install/can_odrive_interface' for CMake config files
[0.969s] Level 1:colcon.colcon_core.shell:create_environment_hook('can_odrive_interface', 'cmake_prefix_path')
[0.970s] INFO:colcon.colcon_core.shell:Creating environment hook '/home/nocc/Desktop/3dof_rehab_arm/install/can_odrive_interface/share/can_odrive_interface/hook/cmake_prefix_path.ps1'
[0.970s] INFO:colcon.colcon_core.shell:Creating environment descriptor '/home/nocc/Desktop/3dof_rehab_arm/install/can_odrive_interface/share/can_odrive_interface/hook/cmake_prefix_path.dsv'
[0.970s] INFO:colcon.colcon_core.shell:Creating environment hook '/home/nocc/Desktop/3dof_rehab_arm/install/can_odrive_interface/share/can_odrive_interface/hook/cmake_prefix_path.sh'
[0.971s] Level 1:colcon.colcon_core.environment:checking '/home/nocc/Desktop/3dof_rehab_arm/install/can_odrive_interface/lib'
[0.971s] Level 1:colcon.colcon_core.shell:create_environment_hook('can_odrive_interface', 'ld_library_path_lib')
[0.971s] INFO:colcon.colcon_core.shell:Creating environment hook '/home/nocc/Desktop/3dof_rehab_arm/install/can_odrive_interface/share/can_odrive_interface/hook/ld_library_path_lib.ps1'
[0.972s] INFO:colcon.colcon_core.shell:Creating environment descriptor '/home/nocc/Desktop/3dof_rehab_arm/install/can_odrive_interface/share/can_odrive_interface/hook/ld_library_path_lib.dsv'
[0.972s] INFO:colcon.colcon_core.shell:Creating environment hook '/home/nocc/Desktop/3dof_rehab_arm/install/can_odrive_interface/share/can_odrive_interface/hook/ld_library_path_lib.sh'
[0.972s] Level 1:colcon.colcon_core.environment:checking '/home/nocc/Desktop/3dof_rehab_arm/install/can_odrive_interface/bin'
[0.972s] Level 1:colcon.colcon_core.environment:checking '/home/nocc/Desktop/3dof_rehab_arm/install/can_odrive_interface/lib/pkgconfig/can_odrive_interface.pc'
[0.973s] Level 1:colcon.colcon_core.environment:checking '/home/nocc/Desktop/3dof_rehab_arm/install/can_odrive_interface/lib/python3.10/site-packages'
[0.973s] Level 1:colcon.colcon_core.environment:checking '/home/nocc/Desktop/3dof_rehab_arm/install/can_odrive_interface/bin'
[0.973s] INFO:colcon.colcon_core.shell:Creating package script '/home/nocc/Desktop/3dof_rehab_arm/install/can_odrive_interface/share/can_odrive_interface/package.ps1'
[0.974s] INFO:colcon.colcon_core.shell:Creating package descriptor '/home/nocc/Desktop/3dof_rehab_arm/install/can_odrive_interface/share/can_odrive_interface/package.dsv'
[0.974s] INFO:colcon.colcon_core.shell:Creating package script '/home/nocc/Desktop/3dof_rehab_arm/install/can_odrive_interface/share/can_odrive_interface/package.sh'
[0.974s] INFO:colcon.colcon_core.shell:Creating package script '/home/nocc/Desktop/3dof_rehab_arm/install/can_odrive_interface/share/can_odrive_interface/package.bash'
[0.975s] INFO:colcon.colcon_core.shell:Creating package script '/home/nocc/Desktop/3dof_rehab_arm/install/can_odrive_interface/share/can_odrive_interface/package.zsh'
[0.975s] Level 1:colcon.colcon_core.environment:create_file_with_runtime_dependencies(/home/nocc/Desktop/3dof_rehab_arm/install/can_odrive_interface/share/colcon-core/packages/can_odrive_interface)
[0.975s] Level 1:colcon.colcon_core.environment:create_environment_scripts_only(can_odrive_interface)
[0.976s] Level 1:colcon.colcon_core.environment:checking '/home/nocc/Desktop/3dof_rehab_arm/install/can_odrive_interface' for CMake module files
[0.976s] Level 1:colcon.colcon_core.environment:checking '/home/nocc/Desktop/3dof_rehab_arm/install/can_odrive_interface' for CMake config files
[0.976s] Level 1:colcon.colcon_core.shell:create_environment_hook('can_odrive_interface', 'cmake_prefix_path')
[0.977s] INFO:colcon.colcon_core.shell:Creating environment hook '/home/nocc/Desktop/3dof_rehab_arm/install/can_odrive_interface/share/can_odrive_interface/hook/cmake_prefix_path.ps1'
[0.977s] INFO:colcon.colcon_core.shell:Creating environment descriptor '/home/nocc/Desktop/3dof_rehab_arm/install/can_odrive_interface/share/can_odrive_interface/hook/cmake_prefix_path.dsv'
[0.978s] INFO:colcon.colcon_core.shell:Creating environment hook '/home/nocc/Desktop/3dof_rehab_arm/install/can_odrive_interface/share/can_odrive_interface/hook/cmake_prefix_path.sh'
[0.978s] Level 1:colcon.colcon_core.environment:checking '/home/nocc/Desktop/3dof_rehab_arm/install/can_odrive_interface/lib'
[0.978s] Level 1:colcon.colcon_core.shell:create_environment_hook('can_odrive_interface', 'ld_library_path_lib')
[0.978s] INFO:colcon.colcon_core.shell:Creating environment hook '/home/nocc/Desktop/3dof_rehab_arm/install/can_odrive_interface/share/can_odrive_interface/hook/ld_library_path_lib.ps1'
[0.979s] INFO:colcon.colcon_core.shell:Creating environment descriptor '/home/nocc/Desktop/3dof_rehab_arm/install/can_odrive_interface/share/can_odrive_interface/hook/ld_library_path_lib.dsv'
[0.979s] INFO:colcon.colcon_core.shell:Creating environment hook '/home/nocc/Desktop/3dof_rehab_arm/install/can_odrive_interface/share/can_odrive_interface/hook/ld_library_path_lib.sh'
[0.980s] Level 1:colcon.colcon_core.environment:checking '/home/nocc/Desktop/3dof_rehab_arm/install/can_odrive_interface/bin'
[0.980s] Level 1:colcon.colcon_core.environment:checking '/home/nocc/Desktop/3dof_rehab_arm/install/can_odrive_interface/lib/pkgconfig/can_odrive_interface.pc'
[0.980s] Level 1:colcon.colcon_core.environment:checking '/home/nocc/Desktop/3dof_rehab_arm/install/can_odrive_interface/lib/python3.10/site-packages'
[0.980s] Level 1:colcon.colcon_core.environment:checking '/home/nocc/Desktop/3dof_rehab_arm/install/can_odrive_interface/bin'
[0.981s] INFO:colcon.colcon_core.shell:Creating package script '/home/nocc/Desktop/3dof_rehab_arm/install/can_odrive_interface/share/can_odrive_interface/package.ps1'
[0.981s] INFO:colcon.colcon_core.shell:Creating package descriptor '/home/nocc/Desktop/3dof_rehab_arm/install/can_odrive_interface/share/can_odrive_interface/package.dsv'
[0.982s] INFO:colcon.colcon_core.shell:Creating package script '/home/nocc/Desktop/3dof_rehab_arm/install/can_odrive_interface/share/can_odrive_interface/package.sh'
[0.982s] INFO:colcon.colcon_core.shell:Creating package script '/home/nocc/Desktop/3dof_rehab_arm/install/can_odrive_interface/share/can_odrive_interface/package.bash'
[0.983s] INFO:colcon.colcon_core.shell:Creating package script '/home/nocc/Desktop/3dof_rehab_arm/install/can_odrive_interface/share/can_odrive_interface/package.zsh'
[0.983s] Level 1:colcon.colcon_core.environment:create_file_with_runtime_dependencies(/home/nocc/Desktop/3dof_rehab_arm/install/can_odrive_interface/share/colcon-core/packages/can_odrive_interface)
[0.985s] DEBUG:colcon.colcon_core.event_handler.log_command:Invoked command in '/home/nocc/Desktop/3dof_rehab_arm/build/rehab_arm_robot_moveit_config' returned '0': CMAKE_PREFIX_PATH=/home/nocc/Desktop/3dof_rehab_arm/install/rehab_arm_robot:/home/nocc/Desktop/3dof_rehab_arm/install/rehab_arm_robot_moveit_config:/home/nocc/Desktop/3dof_rehab_arm/install/rehab_arm_robot_control:/home/nocc/Desktop/3dof_rehab_arm/install/odrive_joint_state_publisher:/home/nocc/Desktop/3dof_rehab_arm/install/can_odrive_interface:/opt/ros/humble /usr/bin/cmake --build /home/nocc/Desktop/3dof_rehab_arm/build/rehab_arm_robot_moveit_config -- -j8 -l8
[0.987s] INFO:colcon.colcon_ros.task.ament_cmake.build:Building ROS package in '/home/nocc/Desktop/3dof_rehab_arm/src/odrive_joint_state_publisher' with build type 'ament_cmake'
[0.987s] DEBUG:colcon.colcon_core.event_handler.log_command:Invoking command in '/home/nocc/Desktop/3dof_rehab_arm/build/rehab_arm_robot_moveit_config': CMAKE_PREFIX_PATH=/home/nocc/Desktop/3dof_rehab_arm/install/rehab_arm_robot:/home/nocc/Desktop/3dof_rehab_arm/install/rehab_arm_robot_moveit_config:/home/nocc/Desktop/3dof_rehab_arm/install/rehab_arm_robot_control:/home/nocc/Desktop/3dof_rehab_arm/install/odrive_joint_state_publisher:/home/nocc/Desktop/3dof_rehab_arm/install/can_odrive_interface:/opt/ros/humble /usr/bin/cmake --install /home/nocc/Desktop/3dof_rehab_arm/build/rehab_arm_robot_moveit_config
[0.987s] INFO:colcon.colcon_cmake.task.cmake.build:Building CMake package in '/home/nocc/Desktop/3dof_rehab_arm/src/odrive_joint_state_publisher'
[0.987s] INFO:colcon.colcon_core.shell:Skip shell extension 'powershell' for command environment: Not usable outside of PowerShell
[0.988s] DEBUG:colcon.colcon_core.shell:Skip shell extension 'dsv' for command environment
[1.024s] Level 1:colcon.colcon_core.environment:create_environment_scripts_only(rehab_arm_robot_moveit_config)
[1.025s] Level 1:colcon.colcon_core.environment:checking '/home/nocc/Desktop/3dof_rehab_arm/install/rehab_arm_robot_moveit_config' for CMake module files
[1.027s] DEBUG:colcon.colcon_core.event_handler.log_command:Invoking command in '/home/nocc/Desktop/3dof_rehab_arm/build/odrive_joint_state_publisher': CMAKE_PREFIX_PATH=/home/nocc/Desktop/3dof_rehab_arm/install/can_odrive_interface:/home/nocc/Desktop/3dof_rehab_arm/install/rehab_arm_robot_moveit_config:/home/nocc/Desktop/3dof_rehab_arm/install/rehab_arm_robot_control:/home/nocc/Desktop/3dof_rehab_arm/install/rehab_arm_robot:/home/nocc/Desktop/3dof_rehab_arm/install/odrive_joint_state_publisher:/opt/ros/humble LD_LIBRARY_PATH=/home/nocc/Desktop/3dof_rehab_arm/install/can_odrive_interface/lib:/usr/lib/x86_64-linux-gnu/gazebo-11/plugins:/opt/ros/humble/opt/rviz_ogre_vendor/lib:/opt/ros/humble/lib/x86_64-linux-gnu:/opt/ros/humble/lib:/usr/lib/x86_64-linux-gnu/gazebo-11/plugins /usr/bin/cmake --build /home/nocc/Desktop/3dof_rehab_arm/build/odrive_joint_state_publisher -- -j8 -l8
[1.028s] DEBUG:colcon.colcon_core.event_handler.log_command:Invoked command in '/home/nocc/Desktop/3dof_rehab_arm/build/rehab_arm_robot_moveit_config' returned '0': CMAKE_PREFIX_PATH=/home/nocc/Desktop/3dof_rehab_arm/install/rehab_arm_robot:/home/nocc/Desktop/3dof_rehab_arm/install/rehab_arm_robot_moveit_config:/home/nocc/Desktop/3dof_rehab_arm/install/rehab_arm_robot_control:/home/nocc/Desktop/3dof_rehab_arm/install/odrive_joint_state_publisher:/home/nocc/Desktop/3dof_rehab_arm/install/can_odrive_interface:/opt/ros/humble /usr/bin/cmake --install /home/nocc/Desktop/3dof_rehab_arm/build/rehab_arm_robot_moveit_config
[1.028s] Level 1:colcon.colcon_core.environment:checking '/home/nocc/Desktop/3dof_rehab_arm/install/rehab_arm_robot_moveit_config' for CMake config files
[1.028s] Level 1:colcon.colcon_core.shell:create_environment_hook('rehab_arm_robot_moveit_config', 'cmake_prefix_path')
[1.029s] INFO:colcon.colcon_core.shell:Creating environment hook '/home/nocc/Desktop/3dof_rehab_arm/install/rehab_arm_robot_moveit_config/share/rehab_arm_robot_moveit_config/hook/cmake_prefix_path.ps1'
[1.030s] INFO:colcon.colcon_core.shell:Creating environment descriptor '/home/nocc/Desktop/3dof_rehab_arm/install/rehab_arm_robot_moveit_config/share/rehab_arm_robot_moveit_config/hook/cmake_prefix_path.dsv'
[1.038s] INFO:colcon.colcon_core.shell:Creating environment hook '/home/nocc/Desktop/3dof_rehab_arm/install/rehab_arm_robot_moveit_config/share/rehab_arm_robot_moveit_config/hook/cmake_prefix_path.sh'
[1.039s] Level 1:colcon.colcon_core.environment:checking '/home/nocc/Desktop/3dof_rehab_arm/install/rehab_arm_robot_moveit_config/bin'
[1.039s] Level 1:colcon.colcon_core.environment:checking '/home/nocc/Desktop/3dof_rehab_arm/install/rehab_arm_robot_moveit_config/lib/pkgconfig/rehab_arm_robot_moveit_config.pc'
[1.040s] Level 1:colcon.colcon_core.environment:checking '/home/nocc/Desktop/3dof_rehab_arm/install/rehab_arm_robot_moveit_config/lib/python3.10/site-packages'
[1.040s] Level 1:colcon.colcon_core.environment:checking '/home/nocc/Desktop/3dof_rehab_arm/install/rehab_arm_robot_moveit_config/bin'
[1.047s] INFO:colcon.colcon_core.shell:Creating package script '/home/nocc/Desktop/3dof_rehab_arm/install/rehab_arm_robot_moveit_config/share/rehab_arm_robot_moveit_config/package.ps1'
[1.049s] INFO:colcon.colcon_core.shell:Creating package descriptor '/home/nocc/Desktop/3dof_rehab_arm/install/rehab_arm_robot_moveit_config/share/rehab_arm_robot_moveit_config/package.dsv'
[1.049s] INFO:colcon.colcon_core.shell:Creating package script '/home/nocc/Desktop/3dof_rehab_arm/install/rehab_arm_robot_moveit_config/share/rehab_arm_robot_moveit_config/package.sh'
[1.052s] INFO:colcon.colcon_core.shell:Creating package script '/home/nocc/Desktop/3dof_rehab_arm/install/rehab_arm_robot_moveit_config/share/rehab_arm_robot_moveit_config/package.bash'
[1.053s] INFO:colcon.colcon_core.shell:Creating package script '/home/nocc/Desktop/3dof_rehab_arm/install/rehab_arm_robot_moveit_config/share/rehab_arm_robot_moveit_config/package.zsh'
[1.054s] Level 1:colcon.colcon_core.environment:create_file_with_runtime_dependencies(/home/nocc/Desktop/3dof_rehab_arm/install/rehab_arm_robot_moveit_config/share/colcon-core/packages/rehab_arm_robot_moveit_config)
[1.055s] Level 1:colcon.colcon_core.environment:create_environment_scripts_only(rehab_arm_robot_moveit_config)
[1.056s] Level 1:colcon.colcon_core.environment:checking '/home/nocc/Desktop/3dof_rehab_arm/install/rehab_arm_robot_moveit_config' for CMake module files
[1.057s] Level 1:colcon.colcon_core.environment:checking '/home/nocc/Desktop/3dof_rehab_arm/install/rehab_arm_robot_moveit_config' for CMake config files
[1.057s] Level 1:colcon.colcon_core.shell:create_environment_hook('rehab_arm_robot_moveit_config', 'cmake_prefix_path')
[1.058s] INFO:colcon.colcon_core.shell:Creating environment hook '/home/nocc/Desktop/3dof_rehab_arm/install/rehab_arm_robot_moveit_config/share/rehab_arm_robot_moveit_config/hook/cmake_prefix_path.ps1'
[1.058s] INFO:colcon.colcon_core.shell:Creating environment descriptor '/home/nocc/Desktop/3dof_rehab_arm/install/rehab_arm_robot_moveit_config/share/rehab_arm_robot_moveit_config/hook/cmake_prefix_path.dsv'
[1.059s] INFO:colcon.colcon_core.shell:Creating environment hook '/home/nocc/Desktop/3dof_rehab_arm/install/rehab_arm_robot_moveit_config/share/rehab_arm_robot_moveit_config/hook/cmake_prefix_path.sh'
[1.060s] Level 1:colcon.colcon_core.environment:checking '/home/nocc/Desktop/3dof_rehab_arm/install/rehab_arm_robot_moveit_config/bin'
[1.061s] Level 1:colcon.colcon_core.environment:checking '/home/nocc/Desktop/3dof_rehab_arm/install/rehab_arm_robot_moveit_config/lib/pkgconfig/rehab_arm_robot_moveit_config.pc'
[1.061s] Level 1:colcon.colcon_core.environment:checking '/home/nocc/Desktop/3dof_rehab_arm/install/rehab_arm_robot_moveit_config/lib/python3.10/site-packages'
[1.062s] Level 1:colcon.colcon_core.environment:checking '/home/nocc/Desktop/3dof_rehab_arm/install/rehab_arm_robot_moveit_config/bin'
[1.063s] INFO:colcon.colcon_core.shell:Creating package script '/home/nocc/Desktop/3dof_rehab_arm/install/rehab_arm_robot_moveit_config/share/rehab_arm_robot_moveit_config/package.ps1'
[1.063s] INFO:colcon.colcon_core.shell:Creating package descriptor '/home/nocc/Desktop/3dof_rehab_arm/install/rehab_arm_robot_moveit_config/share/rehab_arm_robot_moveit_config/package.dsv'
[1.065s] INFO:colcon.colcon_core.shell:Creating package script '/home/nocc/Desktop/3dof_rehab_arm/install/rehab_arm_robot_moveit_config/share/rehab_arm_robot_moveit_config/package.sh'
[1.066s] INFO:colcon.colcon_core.shell:Creating package script '/home/nocc/Desktop/3dof_rehab_arm/install/rehab_arm_robot_moveit_config/share/rehab_arm_robot_moveit_config/package.bash'
[1.067s] INFO:colcon.colcon_core.shell:Creating package script '/home/nocc/Desktop/3dof_rehab_arm/install/rehab_arm_robot_moveit_config/share/rehab_arm_robot_moveit_config/package.zsh'
[1.068s] Level 1:colcon.colcon_core.environment:create_file_with_runtime_dependencies(/home/nocc/Desktop/3dof_rehab_arm/install/rehab_arm_robot_moveit_config/share/colcon-core/packages/rehab_arm_robot_moveit_config)
[1.165s] DEBUG:colcon.colcon_core.event_handler.log_command:Invoked command in '/home/nocc/Desktop/3dof_rehab_arm/build/odrive_joint_state_publisher' returned '0': CMAKE_PREFIX_PATH=/home/nocc/Desktop/3dof_rehab_arm/install/can_odrive_interface:/home/nocc/Desktop/3dof_rehab_arm/install/rehab_arm_robot_moveit_config:/home/nocc/Desktop/3dof_rehab_arm/install/rehab_arm_robot_control:/home/nocc/Desktop/3dof_rehab_arm/install/rehab_arm_robot:/home/nocc/Desktop/3dof_rehab_arm/install/odrive_joint_state_publisher:/opt/ros/humble LD_LIBRARY_PATH=/home/nocc/Desktop/3dof_rehab_arm/install/can_odrive_interface/lib:/usr/lib/x86_64-linux-gnu/gazebo-11/plugins:/opt/ros/humble/opt/rviz_ogre_vendor/lib:/opt/ros/humble/lib/x86_64-linux-gnu:/opt/ros/humble/lib:/usr/lib/x86_64-linux-gnu/gazebo-11/plugins /usr/bin/cmake --build /home/nocc/Desktop/3dof_rehab_arm/build/odrive_joint_state_publisher -- -j8 -l8
[1.167s] DEBUG:colcon.colcon_core.event_handler.log_command:Invoking command in '/home/nocc/Desktop/3dof_rehab_arm/build/odrive_joint_state_publisher': CMAKE_PREFIX_PATH=/home/nocc/Desktop/3dof_rehab_arm/install/can_odrive_interface:/home/nocc/Desktop/3dof_rehab_arm/install/rehab_arm_robot_moveit_config:/home/nocc/Desktop/3dof_rehab_arm/install/rehab_arm_robot_control:/home/nocc/Desktop/3dof_rehab_arm/install/rehab_arm_robot:/home/nocc/Desktop/3dof_rehab_arm/install/odrive_joint_state_publisher:/opt/ros/humble LD_LIBRARY_PATH=/home/nocc/Desktop/3dof_rehab_arm/install/can_odrive_interface/lib:/usr/lib/x86_64-linux-gnu/gazebo-11/plugins:/opt/ros/humble/opt/rviz_ogre_vendor/lib:/opt/ros/humble/lib/x86_64-linux-gnu:/opt/ros/humble/lib:/usr/lib/x86_64-linux-gnu/gazebo-11/plugins /usr/bin/cmake --install /home/nocc/Desktop/3dof_rehab_arm/build/odrive_joint_state_publisher
[1.179s] Level 1:colcon.colcon_core.environment:create_environment_scripts_only(odrive_joint_state_publisher)
[1.179s] Level 1:colcon.colcon_core.environment:checking '/home/nocc/Desktop/3dof_rehab_arm/install/odrive_joint_state_publisher' for CMake module files
[1.180s] DEBUG:colcon.colcon_core.event_handler.log_command:Invoked command in '/home/nocc/Desktop/3dof_rehab_arm/build/odrive_joint_state_publisher' returned '0': CMAKE_PREFIX_PATH=/home/nocc/Desktop/3dof_rehab_arm/install/can_odrive_interface:/home/nocc/Desktop/3dof_rehab_arm/install/rehab_arm_robot_moveit_config:/home/nocc/Desktop/3dof_rehab_arm/install/rehab_arm_robot_control:/home/nocc/Desktop/3dof_rehab_arm/install/rehab_arm_robot:/home/nocc/Desktop/3dof_rehab_arm/install/odrive_joint_state_publisher:/opt/ros/humble LD_LIBRARY_PATH=/home/nocc/Desktop/3dof_rehab_arm/install/can_odrive_interface/lib:/usr/lib/x86_64-linux-gnu/gazebo-11/plugins:/opt/ros/humble/opt/rviz_ogre_vendor/lib:/opt/ros/humble/lib/x86_64-linux-gnu:/opt/ros/humble/lib:/usr/lib/x86_64-linux-gnu/gazebo-11/plugins /usr/bin/cmake --install /home/nocc/Desktop/3dof_rehab_arm/build/odrive_joint_state_publisher
[1.180s] Level 1:colcon.colcon_core.environment:checking '/home/nocc/Desktop/3dof_rehab_arm/install/odrive_joint_state_publisher' for CMake config files
[1.181s] Level 1:colcon.colcon_core.shell:create_environment_hook('odrive_joint_state_publisher', 'cmake_prefix_path')
[1.181s] INFO:colcon.colcon_core.shell:Creating environment hook '/home/nocc/Desktop/3dof_rehab_arm/install/odrive_joint_state_publisher/share/odrive_joint_state_publisher/hook/cmake_prefix_path.ps1'
[1.182s] INFO:colcon.colcon_core.shell:Creating environment descriptor '/home/nocc/Desktop/3dof_rehab_arm/install/odrive_joint_state_publisher/share/odrive_joint_state_publisher/hook/cmake_prefix_path.dsv'
[1.182s] INFO:colcon.colcon_core.shell:Creating environment hook '/home/nocc/Desktop/3dof_rehab_arm/install/odrive_joint_state_publisher/share/odrive_joint_state_publisher/hook/cmake_prefix_path.sh'
[1.183s] Level 1:colcon.colcon_core.environment:checking '/home/nocc/Desktop/3dof_rehab_arm/install/odrive_joint_state_publisher/lib'
[1.184s] Level 1:colcon.colcon_core.environment:checking '/home/nocc/Desktop/3dof_rehab_arm/install/odrive_joint_state_publisher/bin'
[1.184s] Level 1:colcon.colcon_core.environment:checking '/home/nocc/Desktop/3dof_rehab_arm/install/odrive_joint_state_publisher/lib/pkgconfig/odrive_joint_state_publisher.pc'
[1.184s] Level 1:colcon.colcon_core.environment:checking '/home/nocc/Desktop/3dof_rehab_arm/install/odrive_joint_state_publisher/lib/python3.10/site-packages'
[1.185s] Level 1:colcon.colcon_core.environment:checking '/home/nocc/Desktop/3dof_rehab_arm/install/odrive_joint_state_publisher/bin'
[1.185s] INFO:colcon.colcon_core.shell:Creating package script '/home/nocc/Desktop/3dof_rehab_arm/install/odrive_joint_state_publisher/share/odrive_joint_state_publisher/package.ps1'
[1.186s] INFO:colcon.colcon_core.shell:Creating package descriptor '/home/nocc/Desktop/3dof_rehab_arm/install/odrive_joint_state_publisher/share/odrive_joint_state_publisher/package.dsv'
[1.187s] INFO:colcon.colcon_core.shell:Creating package script '/home/nocc/Desktop/3dof_rehab_arm/install/odrive_joint_state_publisher/share/odrive_joint_state_publisher/package.sh'
[1.187s] INFO:colcon.colcon_core.shell:Creating package script '/home/nocc/Desktop/3dof_rehab_arm/install/odrive_joint_state_publisher/share/odrive_joint_state_publisher/package.bash'
[1.188s] INFO:colcon.colcon_core.shell:Creating package script '/home/nocc/Desktop/3dof_rehab_arm/install/odrive_joint_state_publisher/share/odrive_joint_state_publisher/package.zsh'
[1.188s] Level 1:colcon.colcon_core.environment:create_file_with_runtime_dependencies(/home/nocc/Desktop/3dof_rehab_arm/install/odrive_joint_state_publisher/share/colcon-core/packages/odrive_joint_state_publisher)
[1.189s] Level 1:colcon.colcon_core.environment:create_environment_scripts_only(odrive_joint_state_publisher)
[1.190s] Level 1:colcon.colcon_core.environment:checking '/home/nocc/Desktop/3dof_rehab_arm/install/odrive_joint_state_publisher' for CMake module files
[1.190s] Level 1:colcon.colcon_core.environment:checking '/home/nocc/Desktop/3dof_rehab_arm/install/odrive_joint_state_publisher' for CMake config files
[1.191s] Level 1:colcon.colcon_core.shell:create_environment_hook('odrive_joint_state_publisher', 'cmake_prefix_path')
[1.191s] INFO:colcon.colcon_core.shell:Creating environment hook '/home/nocc/Desktop/3dof_rehab_arm/install/odrive_joint_state_publisher/share/odrive_joint_state_publisher/hook/cmake_prefix_path.ps1'
[1.192s] INFO:colcon.colcon_core.shell:Creating environment descriptor '/home/nocc/Desktop/3dof_rehab_arm/install/odrive_joint_state_publisher/share/odrive_joint_state_publisher/hook/cmake_prefix_path.dsv'
[1.192s] INFO:colcon.colcon_core.shell:Creating environment hook '/home/nocc/Desktop/3dof_rehab_arm/install/odrive_joint_state_publisher/share/odrive_joint_state_publisher/hook/cmake_prefix_path.sh'
[1.193s] Level 1:colcon.colcon_core.environment:checking '/home/nocc/Desktop/3dof_rehab_arm/install/odrive_joint_state_publisher/lib'
[1.193s] Level 1:colcon.colcon_core.environment:checking '/home/nocc/Desktop/3dof_rehab_arm/install/odrive_joint_state_publisher/bin'
[1.193s] Level 1:colcon.colcon_core.environment:checking '/home/nocc/Desktop/3dof_rehab_arm/install/odrive_joint_state_publisher/lib/pkgconfig/odrive_joint_state_publisher.pc'
[1.193s] Level 1:colcon.colcon_core.environment:checking '/home/nocc/Desktop/3dof_rehab_arm/install/odrive_joint_state_publisher/lib/python3.10/site-packages'
[1.193s] Level 1:colcon.colcon_core.environment:checking '/home/nocc/Desktop/3dof_rehab_arm/install/odrive_joint_state_publisher/bin'
[1.194s] INFO:colcon.colcon_core.shell:Creating package script '/home/nocc/Desktop/3dof_rehab_arm/install/odrive_joint_state_publisher/share/odrive_joint_state_publisher/package.ps1'
[1.195s] INFO:colcon.colcon_core.shell:Creating package descriptor '/home/nocc/Desktop/3dof_rehab_arm/install/odrive_joint_state_publisher/share/odrive_joint_state_publisher/package.dsv'
[1.195s] INFO:colcon.colcon_core.shell:Creating package script '/home/nocc/Desktop/3dof_rehab_arm/install/odrive_joint_state_publisher/share/odrive_joint_state_publisher/package.sh'
[1.196s] INFO:colcon.colcon_core.shell:Creating package script '/home/nocc/Desktop/3dof_rehab_arm/install/odrive_joint_state_publisher/share/odrive_joint_state_publisher/package.bash'
[1.197s] INFO:colcon.colcon_core.shell:Creating package script '/home/nocc/Desktop/3dof_rehab_arm/install/odrive_joint_state_publisher/share/odrive_joint_state_publisher/package.zsh'
[1.197s] Level 1:colcon.colcon_core.environment:create_file_with_runtime_dependencies(/home/nocc/Desktop/3dof_rehab_arm/install/odrive_joint_state_publisher/share/colcon-core/packages/odrive_joint_state_publisher)
[1.198s] DEBUG:colcon.colcon_parallel_executor.executor.parallel:closing loop
[1.198s] DEBUG:colcon.colcon_parallel_executor.executor.parallel:loop closed
[1.198s] DEBUG:colcon.colcon_parallel_executor.executor.parallel:run_until_complete finished with '0'
[1.198s] DEBUG:colcon.colcon_core.event_reactor:joining thread
[1.211s] INFO:colcon.colcon_core.plugin_system:Skipping extension 'colcon_notification.desktop_notification.terminal_notifier': Not used on non-Darwin systems
[1.211s] INFO:colcon.colcon_core.plugin_system:Skipping extension 'colcon_notification.desktop_notification.win32': Not used on non-Windows systems
[1.211s] INFO:colcon.colcon_notification.desktop_notification:Sending desktop notification using 'notify2'
[1.225s] DEBUG:colcon.colcon_core.event_reactor:joined thread
[1.226s] INFO:colcon.colcon_core.shell:Creating prefix script '/home/nocc/Desktop/3dof_rehab_arm/install/local_setup.ps1'
[1.227s] INFO:colcon.colcon_core.shell:Creating prefix util module '/home/nocc/Desktop/3dof_rehab_arm/install/_local_setup_util_ps1.py'
[1.230s] INFO:colcon.colcon_core.shell:Creating prefix chain script '/home/nocc/Desktop/3dof_rehab_arm/install/setup.ps1'
[1.231s] INFO:colcon.colcon_core.shell:Creating prefix script '/home/nocc/Desktop/3dof_rehab_arm/install/local_setup.sh'
[1.232s] INFO:colcon.colcon_core.shell:Creating prefix util module '/home/nocc/Desktop/3dof_rehab_arm/install/_local_setup_util_sh.py'
[1.232s] INFO:colcon.colcon_core.shell:Creating prefix chain script '/home/nocc/Desktop/3dof_rehab_arm/install/setup.sh'
[1.234s] INFO:colcon.colcon_core.shell:Creating prefix script '/home/nocc/Desktop/3dof_rehab_arm/install/local_setup.bash'
[1.235s] INFO:colcon.colcon_core.shell:Creating prefix chain script '/home/nocc/Desktop/3dof_rehab_arm/install/setup.bash'
[1.236s] INFO:colcon.colcon_core.shell:Creating prefix script '/home/nocc/Desktop/3dof_rehab_arm/install/local_setup.zsh'
[1.237s] INFO:colcon.colcon_core.shell:Creating prefix chain script '/home/nocc/Desktop/3dof_rehab_arm/install/setup.zsh'
