[0.009s] Invoking command in '/home/nocc/Desktop/3dof_rehab_arm/build/rehab_arm_robot_control': CMAKE_PREFIX_PATH=/home/nocc/Desktop/3dof_rehab_arm/install/odrive_can_interface:/home/nocc/Desktop/3dof_rehab_arm/install/rehab_arm_robot_moveit_config:/home/nocc/Desktop/3dof_rehab_arm/install/rehab_arm_robot_control:/home/nocc/Desktop/3dof_rehab_arm/install/rehab_arm_robot:/opt/ros/humble LD_LIBRARY_PATH=/home/nocc/Desktop/3dof_rehab_arm/install/odrive_can_interface/lib:/usr/lib/x86_64-linux-gnu/gazebo-11/plugins:/opt/ros/humble/opt/rviz_ogre_vendor/lib:/opt/ros/humble/lib/x86_64-linux-gnu:/opt/ros/humble/lib:/usr/lib/x86_64-linux-gnu/gazebo-11/plugins /usr/bin/cmake --build /home/nocc/Desktop/3dof_rehab_arm/build/rehab_arm_robot_control -- -j8 -l8
[0.056s] [35m[1mConsolidate compiler generated dependencies of target planning[0m
[0.072s] [ 25%] Built target arm_odrive_bridge
[0.076s] [ 50%] Built target rrt_motion_planning
[0.076s] [ 75%] Built target state_reader
[0.079s] [ 87%] [32mBuilding CXX object CMakeFiles/planning.dir/src/planning.cpp.o[0m
[1.919s] [01m[K/home/nocc/Desktop/3dof_rehab_arm/src/rehab_arm_robot_control/src/planning.cpp:[m[K In member function ‘[01m[Kvoid ExampleJointTrajectoryPublisherCpp::timerCallback()[m[K’:
[1.919s] [01m[K/home/nocc/Desktop/3dof_rehab_arm/src/rehab_arm_robot_control/src/planning.cpp:528:48:[m[K [01;31m[Kerror: [m[Kno matching function for call to ‘[01m[Kstd::vector<moveit_msgs::msg::RobotTrajectory_<std::allocator<void> >, std::allocator<moveit_msgs::msg::RobotTrajectory_<std::allocator<void> > > >::push_back(trajectory_msgs::msg::JointTrajectory_<std::allocator<void> >&)[m[K’
[1.919s]   528 |         [01;31m[Kdisplay_trajectory.trajectory.push_back(msg_arm)[m[K;
[1.919s]       |         [01;31m[K~~~~~~~~~~~~~~~~~~~~~~~~~~~~~~~~~~~~~~~^~~~~~~~~[m[K
[1.919s] In file included from [01m[K/usr/include/c++/11/vector:67[m[K,
[1.919s]                  from [01m[K/usr/include/c++/11/functional:62[m[K,
[1.919s]                  from [01m[K/home/nocc/Desktop/3dof_rehab_arm/src/rehab_arm_robot_control/src/planning.cpp:455[m[K:
[1.919s] [01m[K/usr/include/c++/11/bits/stl_vector.h:1187:7:[m[K [01;36m[Knote: [m[Kcandidate: ‘[01m[Kvoid std::vector<_Tp, _Alloc>::push_back(const value_type&) [with _Tp = moveit_msgs::msg::RobotTrajectory_<std::allocator<void> >; _Alloc = std::allocator<moveit_msgs::msg::RobotTrajectory_<std::allocator<void> > >; std::vector<_Tp, _Alloc>::value_type = moveit_msgs::msg::RobotTrajectory_<std::allocator<void> >][m[K’
[1.919s]  1187 |       [01;36m[Kpush_back[m[K(const value_type& __x)
[1.919s]       |       [01;36m[K^~~~~~~~~[m[K
[1.919s] [01m[K/usr/include/c++/11/bits/stl_vector.h:1187:35:[m[K [01;36m[Knote: [m[K  no known conversion for argument 1 from ‘[01m[Ktrajectory_msgs::msg::JointTrajectory_<std::allocator<void> >[m[K’ to ‘[01m[Kconst value_type&[m[K’ {aka ‘[01m[Kconst moveit_msgs::msg::RobotTrajectory_<std::allocator<void> >&[m[K’}
[1.920s]  1187 |       push_back([01;36m[Kconst value_type& __x[m[K)
[1.920s]       |                 [01;36m[K~~~~~~~~~~~~~~~~~~^~~[m[K
[1.920s] [01m[K/usr/include/c++/11/bits/stl_vector.h:1203:7:[m[K [01;36m[Knote: [m[Kcandidate: ‘[01m[Kvoid std::vector<_Tp, _Alloc>::push_back(std::vector<_Tp, _Alloc>::value_type&&) [with _Tp = moveit_msgs::msg::RobotTrajectory_<std::allocator<void> >; _Alloc = std::allocator<moveit_msgs::msg::RobotTrajectory_<std::allocator<void> > >; std::vector<_Tp, _Alloc>::value_type = moveit_msgs::msg::RobotTrajectory_<std::allocator<void> >][m[K’
[1.920s]  1203 |       [01;36m[Kpush_back[m[K(value_type&& __x)
[1.920s]       |       [01;36m[K^~~~~~~~~[m[K
[1.920s] [01m[K/usr/include/c++/11/bits/stl_vector.h:1203:30:[m[K [01;36m[Knote: [m[K  no known conversion for argument 1 from ‘[01m[Ktrajectory_msgs::msg::JointTrajectory_<std::allocator<void> >[m[K’ to ‘[01m[Kstd::vector<moveit_msgs::msg::RobotTrajectory_<std::allocator<void> >, std::allocator<moveit_msgs::msg::RobotTrajectory_<std::allocator<void> > > >::value_type&&[m[K’ {aka ‘[01m[Kmoveit_msgs::msg::RobotTrajectory_<std::allocator<void> >&&[m[K’}
[1.920s]  1203 |       push_back([01;36m[Kvalue_type&& __x[m[K)
[1.920s]       |                 [01;36m[K~~~~~~~~~~~~~^~~[m[K
[1.929s] [01m[K/home/nocc/Desktop/3dof_rehab_arm/src/rehab_arm_robot_control/src/planning.cpp:529:45:[m[K [01;31m[Kerror: [m[K‘[01m[Kusing _trajectory_start_type = struct moveit_msgs::msg::RobotState_<std::allocator<void> >[m[K’ {aka ‘[01m[Kstruct moveit_msgs::msg::RobotState_<std::allocator<void> >[m[K’} has no member named ‘[01m[Krobot_state[m[K’; did you mean ‘[01m[Kjoint_state[m[K’?
[1.929s]   529 |         display_trajectory.trajectory_start.[01;31m[Krobot_state[m[K.joint_state.name = arm_joints;
[1.929s]       |                                             [01;31m[K^~~~~~~~~~~[m[K
[1.930s]       |                                             [32m[Kjoint_state[m[K
[1.930s] [01m[K/home/nocc/Desktop/3dof_rehab_arm/src/rehab_arm_robot_control/src/planning.cpp:530:45:[m[K [01;31m[Kerror: [m[K‘[01m[Kusing _trajectory_start_type = struct moveit_msgs::msg::RobotState_<std::allocator<void> >[m[K’ {aka ‘[01m[Kstruct moveit_msgs::msg::RobotState_<std::allocator<void> >[m[K’} has no member named ‘[01m[Krobot_state[m[K’; did you mean ‘[01m[Kjoint_state[m[K’?
[1.930s]   530 |         display_trajectory.trajectory_start.[01;31m[Krobot_state[m[K.joint_state.position = arm_positions_[0]; // Start from home position
[1.930s]       |                                             [01;31m[K^~~~~~~~~~~[m[K
[1.930s]       |                                             [32m[Kjoint_state[m[K
[2.686s] gmake[2]: *** [CMakeFiles/planning.dir/build.make:76: CMakeFiles/planning.dir/src/planning.cpp.o] Error 1
[2.686s] gmake[1]: *** [CMakeFiles/Makefile2:169: CMakeFiles/planning.dir/all] Error 2
[2.686s] gmake: *** [Makefile:146: all] Error 2
[2.687s] Invoked command in '/home/nocc/Desktop/3dof_rehab_arm/build/rehab_arm_robot_control' returned '2': CMAKE_PREFIX_PATH=/home/nocc/Desktop/3dof_rehab_arm/install/odrive_can_interface:/home/nocc/Desktop/3dof_rehab_arm/install/rehab_arm_robot_moveit_config:/home/nocc/Desktop/3dof_rehab_arm/install/rehab_arm_robot_control:/home/nocc/Desktop/3dof_rehab_arm/install/rehab_arm_robot:/opt/ros/humble LD_LIBRARY_PATH=/home/nocc/Desktop/3dof_rehab_arm/install/odrive_can_interface/lib:/usr/lib/x86_64-linux-gnu/gazebo-11/plugins:/opt/ros/humble/opt/rviz_ogre_vendor/lib:/opt/ros/humble/lib/x86_64-linux-gnu:/opt/ros/humble/lib:/usr/lib/x86_64-linux-gnu/gazebo-11/plugins /usr/bin/cmake --build /home/nocc/Desktop/3dof_rehab_arm/build/rehab_arm_robot_control -- -j8 -l8
