[ 20%] Built target can_odrive_interface
[ 40%] Built target rrt_motion_planning
[ 60%] Built target planning
[ 80%] Built target state_reader
[100%] Built target moveit_odrive_bridge
-- Install configuration: ""
-- Up-to-date: /home/nocc/Desktop/3dof_rehab_arm/install/rehab_arm_robot_control/lib/rehab_arm_robot_control/state_reader
-- Up-to-date: /home/nocc/Desktop/3dof_rehab_arm/install/rehab_arm_robot_control/lib/rehab_arm_robot_control/planning
-- Up-to-date: /home/nocc/Desktop/3dof_rehab_arm/install/rehab_arm_robot_control/lib/rehab_arm_robot_control/rrt_motion_planning
-- Up-to-date: /home/nocc/Desktop/3dof_rehab_arm/install/rehab_arm_robot_control/lib/rehab_arm_robot_control/moveit_odrive_bridge
-- Up-to-date: /home/nocc/Desktop/3dof_rehab_arm/install/rehab_arm_robot_control/share/rehab_arm_robot_control//launch
-- Up-to-date: /home/nocc/Desktop/3dof_rehab_arm/install/rehab_arm_robot_control/share/rehab_arm_robot_control//launch/rrt_planner.launch.py
-- Up-to-date: /home/nocc/Desktop/3dof_rehab_arm/install/rehab_arm_robot_control/share/rehab_arm_robot_control//launch/rehab_odrive_control.launch.py
-- Up-to-date: /home/nocc/Desktop/3dof_rehab_arm/install/rehab_arm_robot_control/share/ament_index/resource_index/package_run_dependencies/rehab_arm_robot_control
-- Up-to-date: /home/nocc/Desktop/3dof_rehab_arm/install/rehab_arm_robot_control/share/ament_index/resource_index/parent_prefix_path/rehab_arm_robot_control
-- Up-to-date: /home/nocc/Desktop/3dof_rehab_arm/install/rehab_arm_robot_control/share/rehab_arm_robot_control/environment/ament_prefix_path.sh
-- Up-to-date: /home/nocc/Desktop/3dof_rehab_arm/install/rehab_arm_robot_control/share/rehab_arm_robot_control/environment/ament_prefix_path.dsv
-- Up-to-date: /home/nocc/Desktop/3dof_rehab_arm/install/rehab_arm_robot_control/share/rehab_arm_robot_control/environment/path.sh
-- Up-to-date: /home/nocc/Desktop/3dof_rehab_arm/install/rehab_arm_robot_control/share/rehab_arm_robot_control/environment/path.dsv
-- Up-to-date: /home/nocc/Desktop/3dof_rehab_arm/install/rehab_arm_robot_control/share/rehab_arm_robot_control/local_setup.bash
-- Up-to-date: /home/nocc/Desktop/3dof_rehab_arm/install/rehab_arm_robot_control/share/rehab_arm_robot_control/local_setup.sh
-- Up-to-date: /home/nocc/Desktop/3dof_rehab_arm/install/rehab_arm_robot_control/share/rehab_arm_robot_control/local_setup.zsh
-- Up-to-date: /home/nocc/Desktop/3dof_rehab_arm/install/rehab_arm_robot_control/share/rehab_arm_robot_control/local_setup.dsv
-- Installing: /home/nocc/Desktop/3dof_rehab_arm/install/rehab_arm_robot_control/share/rehab_arm_robot_control/package.dsv
-- Up-to-date: /home/nocc/Desktop/3dof_rehab_arm/install/rehab_arm_robot_control/share/ament_index/resource_index/packages/rehab_arm_robot_control
-- Up-to-date: /home/nocc/Desktop/3dof_rehab_arm/install/rehab_arm_robot_control/share/rehab_arm_robot_control/cmake/ament_cmake_export_include_directories-extras.cmake
-- Up-to-date: /home/nocc/Desktop/3dof_rehab_arm/install/rehab_arm_robot_control/share/rehab_arm_robot_control/cmake/rehab_arm_robot_controlConfig.cmake
-- Up-to-date: /home/nocc/Desktop/3dof_rehab_arm/install/rehab_arm_robot_control/share/rehab_arm_robot_control/cmake/rehab_arm_robot_controlConfig-version.cmake
-- Up-to-date: /home/nocc/Desktop/3dof_rehab_arm/install/rehab_arm_robot_control/share/rehab_arm_robot_control/package.xml
