[0.020s] Invoking command in '/home/nocc/Desktop/3dof_rehab_arm/build/rehab_arm_robot_control': CMAKE_PREFIX_PATH=${CMAKE_PREFIX_PATH}:/opt/ros/humble /usr/bin/cmake --build /home/nocc/Desktop/3dof_rehab_arm/build/rehab_arm_robot_control -- -j8 -l8
[0.180s] [ 20%] Built target can_odrive_interface
[0.184s] [ 40%] Built target rrt_motion_planning
[0.194s] [ 60%] Built target planning
[0.240s] [ 80%] Built target state_reader
[0.240s] [100%] Built target moveit_odrive_bridge
[0.256s] Invoked command in '/home/nocc/Desktop/3dof_rehab_arm/build/rehab_arm_robot_control' returned '0': CMAKE_PREFIX_PATH=${CMAKE_PREFIX_PATH}:/opt/ros/humble /usr/bin/cmake --build /home/nocc/Desktop/3dof_rehab_arm/build/rehab_arm_robot_control -- -j8 -l8
[0.259s] Invoking command in '/home/nocc/Desktop/3dof_rehab_arm/build/rehab_arm_robot_control': CMAKE_PREFIX_PATH=${CMAKE_PREFIX_PATH}:/opt/ros/humble /usr/bin/cmake --install /home/nocc/Desktop/3dof_rehab_arm/build/rehab_arm_robot_control
[0.270s] -- Install configuration: ""
[0.271s] -- Up-to-date: /home/nocc/Desktop/3dof_rehab_arm/install/rehab_arm_robot_control/lib/rehab_arm_robot_control/state_reader
[0.272s] -- Up-to-date: /home/nocc/Desktop/3dof_rehab_arm/install/rehab_arm_robot_control/lib/rehab_arm_robot_control/planning
[0.273s] -- Up-to-date: /home/nocc/Desktop/3dof_rehab_arm/install/rehab_arm_robot_control/lib/rehab_arm_robot_control/rrt_motion_planning
[0.273s] -- Up-to-date: /home/nocc/Desktop/3dof_rehab_arm/install/rehab_arm_robot_control/lib/rehab_arm_robot_control/moveit_odrive_bridge
[0.274s] -- Up-to-date: /home/nocc/Desktop/3dof_rehab_arm/install/rehab_arm_robot_control/share/rehab_arm_robot_control//launch
[0.274s] -- Up-to-date: /home/nocc/Desktop/3dof_rehab_arm/install/rehab_arm_robot_control/share/rehab_arm_robot_control//launch/rrt_planner.launch.py
[0.274s] -- Up-to-date: /home/nocc/Desktop/3dof_rehab_arm/install/rehab_arm_robot_control/share/rehab_arm_robot_control//launch/rehab_odrive_control.launch.py
[0.274s] -- Up-to-date: /home/nocc/Desktop/3dof_rehab_arm/install/rehab_arm_robot_control/share/ament_index/resource_index/package_run_dependencies/rehab_arm_robot_control
[0.274s] -- Up-to-date: /home/nocc/Desktop/3dof_rehab_arm/install/rehab_arm_robot_control/share/ament_index/resource_index/parent_prefix_path/rehab_arm_robot_control
[0.275s] -- Up-to-date: /home/nocc/Desktop/3dof_rehab_arm/install/rehab_arm_robot_control/share/rehab_arm_robot_control/environment/ament_prefix_path.sh
[0.275s] -- Up-to-date: /home/nocc/Desktop/3dof_rehab_arm/install/rehab_arm_robot_control/share/rehab_arm_robot_control/environment/ament_prefix_path.dsv
[0.275s] -- Up-to-date: /home/nocc/Desktop/3dof_rehab_arm/install/rehab_arm_robot_control/share/rehab_arm_robot_control/environment/path.sh
[0.275s] -- Up-to-date: /home/nocc/Desktop/3dof_rehab_arm/install/rehab_arm_robot_control/share/rehab_arm_robot_control/environment/path.dsv
[0.275s] -- Up-to-date: /home/nocc/Desktop/3dof_rehab_arm/install/rehab_arm_robot_control/share/rehab_arm_robot_control/local_setup.bash
[0.275s] -- Up-to-date: /home/nocc/Desktop/3dof_rehab_arm/install/rehab_arm_robot_control/share/rehab_arm_robot_control/local_setup.sh
[0.275s] -- Up-to-date: /home/nocc/Desktop/3dof_rehab_arm/install/rehab_arm_robot_control/share/rehab_arm_robot_control/local_setup.zsh
[0.275s] -- Up-to-date: /home/nocc/Desktop/3dof_rehab_arm/install/rehab_arm_robot_control/share/rehab_arm_robot_control/local_setup.dsv
[0.275s] -- Installing: /home/nocc/Desktop/3dof_rehab_arm/install/rehab_arm_robot_control/share/rehab_arm_robot_control/package.dsv
[0.276s] -- Up-to-date: /home/nocc/Desktop/3dof_rehab_arm/install/rehab_arm_robot_control/share/ament_index/resource_index/packages/rehab_arm_robot_control
[0.276s] -- Up-to-date: /home/nocc/Desktop/3dof_rehab_arm/install/rehab_arm_robot_control/share/rehab_arm_robot_control/cmake/ament_cmake_export_include_directories-extras.cmake
[0.276s] -- Up-to-date: /home/nocc/Desktop/3dof_rehab_arm/install/rehab_arm_robot_control/share/rehab_arm_robot_control/cmake/rehab_arm_robot_controlConfig.cmake
[0.276s] -- Up-to-date: /home/nocc/Desktop/3dof_rehab_arm/install/rehab_arm_robot_control/share/rehab_arm_robot_control/cmake/rehab_arm_robot_controlConfig-version.cmake
[0.276s] -- Up-to-date: /home/nocc/Desktop/3dof_rehab_arm/install/rehab_arm_robot_control/share/rehab_arm_robot_control/package.xml
[0.279s] Invoked command in '/home/nocc/Desktop/3dof_rehab_arm/build/rehab_arm_robot_control' returned '0': CMAKE_PREFIX_PATH=${CMAKE_PREFIX_PATH}:/opt/ros/humble /usr/bin/cmake --install /home/nocc/Desktop/3dof_rehab_arm/build/rehab_arm_robot_control
