[0.580s] Invoking command in '/home/nocc/Desktop/3dof_rehab_arm/build/impedance_control': CMAKE_PREFIX_PATH=/opt/ros/humble /usr/bin/cmake /home/nocc/Desktop/3dof_rehab_arm/src/Control/Impedance_controller -DCMAKE_INSTALL_PREFIX=/home/nocc/Desktop/3dof_rehab_arm/install/impedance_control
[0.722s] -- The C compiler identification is GNU 11.4.0
[0.866s] -- The CXX compiler identification is GNU 11.4.0
[0.893s] -- Detecting C compiler ABI info
[1.105s] -- Detecting C compiler ABI info - done
[1.125s] -- Check for working C compiler: /usr/bin/cc - skipped
[1.125s] -- Detecting C compile features
[1.126s] -- Detecting C compile features - done
[1.136s] -- Detecting CXX compiler ABI info
[1.335s] -- Detecting CXX compiler ABI info - done
[1.357s] -- Check for working CXX compiler: /usr/bin/c++ - skipped
[1.358s] -- Detecting CXX compile features
[1.359s] -- Detecting CXX compile features - done
[1.365s] -- Found ament_cmake: 1.3.11 (/opt/ros/humble/share/ament_cmake/cmake)
[1.790s] -- Found Python3: /usr/bin/python3 (found version "3.10.12") found components: Interpreter 
[2.069s] -- Found rclcpp: 16.0.12 (/opt/ros/humble/share/rclcpp/cmake)
[2.190s] -- Found rosidl_generator_c: 3.1.6 (/opt/ros/humble/share/rosidl_generator_c/cmake)
[2.205s] -- Found rosidl_adapter: 3.1.6 (/opt/ros/humble/share/rosidl_adapter/cmake)
[2.225s] -- Found rosidl_generator_cpp: 3.1.6 (/opt/ros/humble/share/rosidl_generator_cpp/cmake)
[2.258s] -- Using all available rosidl_typesupport_c: rosidl_typesupport_fastrtps_c;rosidl_typesupport_introspection_c
[2.299s] -- Using all available rosidl_typesupport_cpp: rosidl_typesupport_fastrtps_cpp;rosidl_typesupport_introspection_cpp
[2.406s] -- Found rmw_implementation_cmake: 6.1.2 (/opt/ros/humble/share/rmw_implementation_cmake/cmake)
[2.413s] -- Found rmw_cyclonedds_cpp: 1.3.4 (/opt/ros/humble/share/rmw_cyclonedds_cpp/cmake)
[2.467s] -- Using RMW implementation 'rmw_cyclonedds_cpp' as default
[2.489s] -- Looking for pthread.h
[2.650s] -- Looking for pthread.h - found
[2.650s] -- Performing Test CMAKE_HAVE_LIBC_PTHREAD
[2.841s] -- Performing Test CMAKE_HAVE_LIBC_PTHREAD - Success
[2.844s] -- Found Threads: TRUE  
[3.172s] -- Configuring done
[3.188s] -- Generating done
[3.195s] -- Build files have been written to: /home/nocc/Desktop/3dof_rehab_arm/build/impedance_control
[3.212s] Invoked command in '/home/nocc/Desktop/3dof_rehab_arm/build/impedance_control' returned '0': CMAKE_PREFIX_PATH=/opt/ros/humble /usr/bin/cmake /home/nocc/Desktop/3dof_rehab_arm/src/Control/Impedance_controller -DCMAKE_INSTALL_PREFIX=/home/nocc/Desktop/3dof_rehab_arm/install/impedance_control
[3.216s] Invoking command in '/home/nocc/Desktop/3dof_rehab_arm/build/impedance_control': CMAKE_PREFIX_PATH=/opt/ros/humble /usr/bin/cmake --build /home/nocc/Desktop/3dof_rehab_arm/build/impedance_control -- -j8 -l8
[3.339s] [ 50%] [32mBuilding CXX object CMakeFiles/impedance_control_node.dir/src/impedance_control_node.cpp.o[0m
