[0.026s] Invoking command in '/home/nocc/Desktop/3dof_rehab_arm/build/odrive_can_control': CMAKE_PREFIX_PATH=${CMAKE_PREFIX_PATH}:/home/nocc/Desktop/3dof_rehab_arm/install/Visualize:/opt/ros/humble /usr/bin/cmake --build /home/nocc/Desktop/3dof_rehab_arm/build/odrive_can_control -- -j8 -l8
[0.126s] [35m[1mConsolidate compiler generated dependencies of target position_controller[0m
[0.164s] [ 16%] Built target odrive_initializer
[0.168s] [ 50%] Built target odrive_can_node
[0.168s] [ 50%] Built target impedance_multi_control
[0.172s] [ 66%] Built target velocity_controller
[0.179s] [ 83%] Built target read_param
[0.186s] [ 91%] [32mBuilding CXX object CMakeFiles/position_controller.dir/src/position_controller.cpp.o[0m
[16.535s] [100%] [32m[1mLinking CXX executable position_controller[0m
[17.432s] [100%] Built target position_controller
[17.455s] Invoked command in '/home/nocc/Desktop/3dof_rehab_arm/build/odrive_can_control' returned '0': CMAKE_PREFIX_PATH=${CMAKE_PREFIX_PATH}:/home/nocc/Desktop/3dof_rehab_arm/install/Visualize:/opt/ros/humble /usr/bin/cmake --build /home/nocc/Desktop/3dof_rehab_arm/build/odrive_can_control -- -j8 -l8
[17.475s] Invoking command in '/home/nocc/Desktop/3dof_rehab_arm/build/odrive_can_control': CMAKE_PREFIX_PATH=${CMAKE_PREFIX_PATH}:/home/nocc/Desktop/3dof_rehab_arm/install/Visualize:/opt/ros/humble /usr/bin/cmake --install /home/nocc/Desktop/3dof_rehab_arm/build/odrive_can_control
[17.490s] -- Install configuration: ""
[17.491s] -- Up-to-date: /home/nocc/Desktop/3dof_rehab_arm/install/odrive_can_control/lib/odrive_can_control/odrive_can_node
[17.491s] -- Up-to-date: /home/nocc/Desktop/3dof_rehab_arm/install/odrive_can_control/lib/odrive_can_control/odrive_initializer
[17.492s] -- Up-to-date: /home/nocc/Desktop/3dof_rehab_arm/install/odrive_can_control/lib/odrive_can_control/velocity_controller
[17.493s] -- Up-to-date: /home/nocc/Desktop/3dof_rehab_arm/install/odrive_can_control/lib/odrive_can_control/impedance_multi_control
[17.493s] -- Up-to-date: /home/nocc/Desktop/3dof_rehab_arm/install/odrive_can_control/lib/odrive_can_control/read_param
[17.493s] -- Installing: /home/nocc/Desktop/3dof_rehab_arm/install/odrive_can_control/lib/odrive_can_control/position_controller
[17.503s] -- Set runtime path of "/home/nocc/Desktop/3dof_rehab_arm/install/odrive_can_control/lib/odrive_can_control/position_controller" to ""
[17.503s] -- Up-to-date: /home/nocc/Desktop/3dof_rehab_arm/install/odrive_can_control/share/odrive_can_control/launch
[17.504s] -- Up-to-date: /home/nocc/Desktop/3dof_rehab_arm/install/odrive_can_control/share/odrive_can_control/launch/odrive_initializer.launch.py
[17.504s] -- Up-to-date: /home/nocc/Desktop/3dof_rehab_arm/install/odrive_can_control/share/ament_index/resource_index/package_run_dependencies/odrive_can_control
[17.504s] -- Up-to-date: /home/nocc/Desktop/3dof_rehab_arm/install/odrive_can_control/share/ament_index/resource_index/parent_prefix_path/odrive_can_control
[17.505s] -- Up-to-date: /home/nocc/Desktop/3dof_rehab_arm/install/odrive_can_control/share/odrive_can_control/environment/ament_prefix_path.sh
[17.505s] -- Up-to-date: /home/nocc/Desktop/3dof_rehab_arm/install/odrive_can_control/share/odrive_can_control/environment/ament_prefix_path.dsv
[17.505s] -- Up-to-date: /home/nocc/Desktop/3dof_rehab_arm/install/odrive_can_control/share/odrive_can_control/environment/path.sh
[17.505s] -- Up-to-date: /home/nocc/Desktop/3dof_rehab_arm/install/odrive_can_control/share/odrive_can_control/environment/path.dsv
[17.506s] -- Up-to-date: /home/nocc/Desktop/3dof_rehab_arm/install/odrive_can_control/share/odrive_can_control/local_setup.bash
[17.506s] -- Up-to-date: /home/nocc/Desktop/3dof_rehab_arm/install/odrive_can_control/share/odrive_can_control/local_setup.sh
[17.506s] -- Up-to-date: /home/nocc/Desktop/3dof_rehab_arm/install/odrive_can_control/share/odrive_can_control/local_setup.zsh
[17.506s] -- Up-to-date: /home/nocc/Desktop/3dof_rehab_arm/install/odrive_can_control/share/odrive_can_control/local_setup.dsv
[17.506s] -- Installing: /home/nocc/Desktop/3dof_rehab_arm/install/odrive_can_control/share/odrive_can_control/package.dsv
[17.507s] -- Up-to-date: /home/nocc/Desktop/3dof_rehab_arm/install/odrive_can_control/share/ament_index/resource_index/packages/odrive_can_control
[17.507s] -- Up-to-date: /home/nocc/Desktop/3dof_rehab_arm/install/odrive_can_control/share/odrive_can_control/cmake/odrive_can_controlConfig.cmake
[17.507s] -- Up-to-date: /home/nocc/Desktop/3dof_rehab_arm/install/odrive_can_control/share/odrive_can_control/cmake/odrive_can_controlConfig-version.cmake
[17.507s] -- Up-to-date: /home/nocc/Desktop/3dof_rehab_arm/install/odrive_can_control/share/odrive_can_control/package.xml
[17.510s] Invoked command in '/home/nocc/Desktop/3dof_rehab_arm/build/odrive_can_control' returned '0': CMAKE_PREFIX_PATH=${CMAKE_PREFIX_PATH}:/home/nocc/Desktop/3dof_rehab_arm/install/Visualize:/opt/ros/humble /usr/bin/cmake --install /home/nocc/Desktop/3dof_rehab_arm/build/odrive_can_control
