[0.008s] Invoking command in '/home/nocc/Desktop/3dof_rehab_arm/build/rehab_arm_robot': CMAKE_PREFIX_PATH=/opt/ros/humble /usr/bin/cmake /home/nocc/Desktop/3dof_rehab_arm/src/rehab_arm_robot -DCMAKE_INSTALL_PREFIX=/home/nocc/Desktop/3dof_rehab_arm/install/rehab_arm_robot
[0.083s] -- The C compiler identification is GNU 11.4.0
[0.148s] -- The CXX compiler identification is GNU 11.4.0
[0.156s] -- Detecting C compiler ABI info
[0.213s] -- Detecting C compiler ABI info - done
[0.220s] -- Check for working C compiler: /usr/bin/cc - skipped
[0.220s] -- Detecting C compile features
[0.221s] -- Detecting C compile features - done
[0.224s] -- Detecting CXX compiler ABI info
[0.297s] -- Detecting CXX compiler ABI info - done
[0.304s] -- Check for working CXX compiler: /usr/bin/c++ - skipped
[0.304s] -- Detecting CXX compile features
[0.305s] -- Detecting CXX compile features - done
[0.307s] -- Found ament_cmake: 1.3.11 (/opt/ros/humble/share/ament_cmake/cmake)
[0.443s] -- Found Python3: /usr/bin/python3 (found version "3.10.12") found components: Interpreter 
[0.591s] -- Configuring done
[0.593s] -- Generating done
[0.594s] -- Build files have been written to: /home/nocc/Desktop/3dof_rehab_arm/build/rehab_arm_robot
[0.598s] Invoked command in '/home/nocc/Desktop/3dof_rehab_arm/build/rehab_arm_robot' returned '0': CMAKE_PREFIX_PATH=/opt/ros/humble /usr/bin/cmake /home/nocc/Desktop/3dof_rehab_arm/src/rehab_arm_robot -DCMAKE_INSTALL_PREFIX=/home/nocc/Desktop/3dof_rehab_arm/install/rehab_arm_robot
[0.601s] Invoking command in '/home/nocc/Desktop/3dof_rehab_arm/build/rehab_arm_robot': CMAKE_PREFIX_PATH=/opt/ros/humble /usr/bin/cmake --build /home/nocc/Desktop/3dof_rehab_arm/build/rehab_arm_robot -- -j8 -l8
[0.642s] Invoked command in '/home/nocc/Desktop/3dof_rehab_arm/build/rehab_arm_robot' returned '0': CMAKE_PREFIX_PATH=/opt/ros/humble /usr/bin/cmake --build /home/nocc/Desktop/3dof_rehab_arm/build/rehab_arm_robot -- -j8 -l8
[0.650s] Invoking command in '/home/nocc/Desktop/3dof_rehab_arm/build/rehab_arm_robot': CMAKE_PREFIX_PATH=/opt/ros/humble /usr/bin/cmake --install /home/nocc/Desktop/3dof_rehab_arm/build/rehab_arm_robot
[0.657s] -- Install configuration: ""
[0.657s] -- Installing: /home/nocc/Desktop/3dof_rehab_arm/install/rehab_arm_robot/share/rehab_arm_robot/meshes
[0.657s] -- Installing: /home/nocc/Desktop/3dof_rehab_arm/install/rehab_arm_robot/share/rehab_arm_robot/meshes/lower_arm_link.STL
[0.658s] -- Installing: /home/nocc/Desktop/3dof_rehab_arm/install/rehab_arm_robot/share/rehab_arm_robot/meshes/fake_hand_link.STL
[0.658s] -- Installing: /home/nocc/Desktop/3dof_rehab_arm/install/rehab_arm_robot/share/rehab_arm_robot/meshes/upper_arm_link.STL
[0.659s] -- Installing: /home/nocc/Desktop/3dof_rehab_arm/install/rehab_arm_robot/share/rehab_arm_robot/meshes/base_link.STL
[0.660s] -- Installing: /home/nocc/Desktop/3dof_rehab_arm/install/rehab_arm_robot/share/rehab_arm_robot/meshes/shoulder_link.STL
[0.661s] -- Installing: /home/nocc/Desktop/3dof_rehab_arm/install/rehab_arm_robot/share/rehab_arm_robot/urdf
[0.661s] -- Installing: /home/nocc/Desktop/3dof_rehab_arm/install/rehab_arm_robot/share/rehab_arm_robot/urdf/rehab_arm_robot.csv
[0.661s] -- Installing: /home/nocc/Desktop/3dof_rehab_arm/install/rehab_arm_robot/share/rehab_arm_robot/urdf/rehab_arm_robot.urdf.xacro
[0.661s] -- Installing: /home/nocc/Desktop/3dof_rehab_arm/install/rehab_arm_robot/share/rehab_arm_robot/urdf/rehab_arm_robot.urdf
[0.661s] -- Installing: /home/nocc/Desktop/3dof_rehab_arm/install/rehab_arm_robot/share/rehab_arm_robot/config
[0.661s] -- Installing: /home/nocc/Desktop/3dof_rehab_arm/install/rehab_arm_robot/share/rehab_arm_robot/config/joint_names_rehab_arm_robot.yaml
[0.661s] -- Installing: /home/nocc/Desktop/3dof_rehab_arm/install/rehab_arm_robot/share/ament_index/resource_index/package_run_dependencies/rehab_arm_robot
[0.661s] -- Installing: /home/nocc/Desktop/3dof_rehab_arm/install/rehab_arm_robot/share/ament_index/resource_index/parent_prefix_path/rehab_arm_robot
[0.662s] -- Installing: /home/nocc/Desktop/3dof_rehab_arm/install/rehab_arm_robot/share/rehab_arm_robot/environment/ament_prefix_path.sh
[0.662s] -- Installing: /home/nocc/Desktop/3dof_rehab_arm/install/rehab_arm_robot/share/rehab_arm_robot/environment/ament_prefix_path.dsv
[0.662s] -- Installing: /home/nocc/Desktop/3dof_rehab_arm/install/rehab_arm_robot/share/rehab_arm_robot/environment/path.sh
[0.662s] -- Installing: /home/nocc/Desktop/3dof_rehab_arm/install/rehab_arm_robot/share/rehab_arm_robot/environment/path.dsv
[0.662s] -- Installing: /home/nocc/Desktop/3dof_rehab_arm/install/rehab_arm_robot/share/rehab_arm_robot/local_setup.bash
[0.662s] -- Installing: /home/nocc/Desktop/3dof_rehab_arm/install/rehab_arm_robot/share/rehab_arm_robot/local_setup.sh
[0.662s] -- Installing: /home/nocc/Desktop/3dof_rehab_arm/install/rehab_arm_robot/share/rehab_arm_robot/local_setup.zsh
[0.662s] -- Installing: /home/nocc/Desktop/3dof_rehab_arm/install/rehab_arm_robot/share/rehab_arm_robot/local_setup.dsv
[0.662s] -- Installing: /home/nocc/Desktop/3dof_rehab_arm/install/rehab_arm_robot/share/rehab_arm_robot/package.dsv
[0.663s] -- Installing: /home/nocc/Desktop/3dof_rehab_arm/install/rehab_arm_robot/share/ament_index/resource_index/packages/rehab_arm_robot
[0.663s] -- Installing: /home/nocc/Desktop/3dof_rehab_arm/install/rehab_arm_robot/share/rehab_arm_robot/cmake/rehab_arm_robotConfig.cmake
[0.663s] -- Installing: /home/nocc/Desktop/3dof_rehab_arm/install/rehab_arm_robot/share/rehab_arm_robot/cmake/rehab_arm_robotConfig-version.cmake
[0.663s] -- Installing: /home/nocc/Desktop/3dof_rehab_arm/install/rehab_arm_robot/share/rehab_arm_robot/package.xml
[0.665s] Invoked command in '/home/nocc/Desktop/3dof_rehab_arm/build/rehab_arm_robot' returned '0': CMAKE_PREFIX_PATH=/opt/ros/humble /usr/bin/cmake --install /home/nocc/Desktop/3dof_rehab_arm/build/rehab_arm_robot
