[01m[K/home/nocc/Desktop/3dof_rehab_arm/src/rehab_arm_robot_control/src/planning.cpp:[m[K In member function ‘[01m[Kvoid ExampleJointTrajectoryPublisherCpp::timerCallback()[m[K’:
[01m[K/home/nocc/Desktop/3dof_rehab_arm/src/rehab_arm_robot_control/src/planning.cpp:528:48:[m[K [01;31m[Kerror: [m[Kno matching function for call to ‘[01m[Kstd::vector<moveit_msgs::msg::RobotTrajectory_<std::allocator<void> >, std::allocator<moveit_msgs::msg::RobotTrajectory_<std::allocator<void> > > >::push_back(trajectory_msgs::msg::JointTrajectory_<std::allocator<void> >&)[m[K’
  528 |         [01;31m[Kdisplay_trajectory.trajectory.push_back(msg_arm)[m[K;
      |         [01;31m[K~~~~~~~~~~~~~~~~~~~~~~~~~~~~~~~~~~~~~~~^~~~~~~~~[m[K
In file included from [01m[K/usr/include/c++/11/vector:67[m[K,
                 from [01m[K/usr/include/c++/11/functional:62[m[K,
                 from [01m[K/home/nocc/Desktop/3dof_rehab_arm/src/rehab_arm_robot_control/src/planning.cpp:455[m[K:
[01m[K/usr/include/c++/11/bits/stl_vector.h:1187:7:[m[K [01;36m[Knote: [m[Kcandidate: ‘[01m[Kvoid std::vector<_Tp, _Alloc>::push_back(const value_type&) [with _Tp = moveit_msgs::msg::RobotTrajectory_<std::allocator<void> >; _Alloc = std::allocator<moveit_msgs::msg::RobotTrajectory_<std::allocator<void> > >; std::vector<_Tp, _Alloc>::value_type = moveit_msgs::msg::RobotTrajectory_<std::allocator<void> >][m[K’
 1187 |       [01;36m[Kpush_back[m[K(const value_type& __x)
      |       [01;36m[K^~~~~~~~~[m[K
[01m[K/usr/include/c++/11/bits/stl_vector.h:1187:35:[m[K [01;36m[Knote: [m[K  no known conversion for argument 1 from ‘[01m[Ktrajectory_msgs::msg::JointTrajectory_<std::allocator<void> >[m[K’ to ‘[01m[Kconst value_type&[m[K’ {aka ‘[01m[Kconst moveit_msgs::msg::RobotTrajectory_<std::allocator<void> >&[m[K’}
 1187 |       push_back([01;36m[Kconst value_type& __x[m[K)
      |                 [01;36m[K~~~~~~~~~~~~~~~~~~^~~[m[K
[01m[K/usr/include/c++/11/bits/stl_vector.h:1203:7:[m[K [01;36m[Knote: [m[Kcandidate: ‘[01m[Kvoid std::vector<_Tp, _Alloc>::push_back(std::vector<_Tp, _Alloc>::value_type&&) [with _Tp = moveit_msgs::msg::RobotTrajectory_<std::allocator<void> >; _Alloc = std::allocator<moveit_msgs::msg::RobotTrajectory_<std::allocator<void> > >; std::vector<_Tp, _Alloc>::value_type = moveit_msgs::msg::RobotTrajectory_<std::allocator<void> >][m[K’
 1203 |       [01;36m[Kpush_back[m[K(value_type&& __x)
      |       [01;36m[K^~~~~~~~~[m[K
[01m[K/usr/include/c++/11/bits/stl_vector.h:1203:30:[m[K [01;36m[Knote: [m[K  no known conversion for argument 1 from ‘[01m[Ktrajectory_msgs::msg::JointTrajectory_<std::allocator<void> >[m[K’ to ‘[01m[Kstd::vector<moveit_msgs::msg::RobotTrajectory_<std::allocator<void> >, std::allocator<moveit_msgs::msg::RobotTrajectory_<std::allocator<void> > > >::value_type&&[m[K’ {aka ‘[01m[Kmoveit_msgs::msg::RobotTrajectory_<std::allocator<void> >&&[m[K’}
 1203 |       push_back([01;36m[Kvalue_type&& __x[m[K)
      |                 [01;36m[K~~~~~~~~~~~~~^~~[m[K
gmake[2]: *** [CMakeFiles/planning.dir/build.make:76: CMakeFiles/planning.dir/src/planning.cpp.o] Error 1
gmake[1]: *** [CMakeFiles/Makefile2:169: CMakeFiles/planning.dir/all] Error 2
gmake: *** [Makefile:146: all] Error 2
