[0.204s] DEBUG:colcon:Command line arguments: ['/usr/bin/colcon', 'build', '--packages-select', 'odrive_can_control']
[0.205s] DEBUG:colcon:Parsed command line arguments: Namespace(log_base=None, log_level=None, verb_name='build', build_base='build', install_base='install', merge_install=False, symlink_install=False, test_result_base=None, continue_on_error=False, executor='parallel', parallel_workers=8, event_handlers=None, ignore_user_meta=False, metas=['./colcon.meta'], base_paths=['.'], packages_ignore=None, packages_ignore_regex=None, paths=None, packages_up_to=None, packages_up_to_regex=None, packages_above=None, packages_above_and_dependencies=None, packages_above_depth=None, packages_select_by_dep=None, packages_skip_by_dep=None, packages_skip_up_to=None, packages_select_build_failed=False, packages_skip_build_finished=False, packages_select_test_failures=False, packages_skip_test_passed=False, packages_select=['odrive_can_control'], packages_skip=None, packages_select_regex=None, packages_skip_regex=None, packages_start=None, packages_end=None, allow_overriding=[], cmake_args=None, cmake_target=None, cmake_target_skip_unavailable=False, cmake_clean_cache=False, cmake_clean_first=False, cmake_force_configure=False, ament_cmake_args=None, catkin_cmake_args=None, catkin_skip_building_tests=False, verb_parser=<colcon_defaults.argument_parser.defaults.DefaultArgumentsDecorator object at 0x7733580d4e20>, verb_extension=<colcon_core.verb.build.BuildVerb object at 0x7733580d4850>, main=<bound method BuildVerb.main of <colcon_core.verb.build.BuildVerb object at 0x7733580d4850>>)
[0.533s] Level 1:colcon.colcon_core.package_discovery:discover_packages(colcon_meta) check parameters
[0.533s] Level 1:colcon.colcon_core.package_discovery:discover_packages(recursive) check parameters
[0.534s] Level 1:colcon.colcon_core.package_discovery:discover_packages(ignore) check parameters
[0.534s] Level 1:colcon.colcon_core.package_discovery:discover_packages(path) check parameters
[0.534s] Level 1:colcon.colcon_core.package_discovery:discover_packages(colcon_meta) discover
[0.534s] Level 1:colcon.colcon_core.package_discovery:discover_packages(recursive) discover
[0.534s] INFO:colcon.colcon_core.package_discovery:Crawling recursively for packages in '/home/nocc/Desktop/3dof_rehab_arm'
[0.534s] Level 1:colcon.colcon_core.package_identification:_identify(.) by extensions ['ignore', 'ignore_ament_install']
[0.534s] Level 1:colcon.colcon_core.package_identification:_identify(.) by extension 'ignore'
[0.535s] Level 1:colcon.colcon_core.package_identification:_identify(.) by extension 'ignore_ament_install'
[0.535s] Level 1:colcon.colcon_core.package_identification:_identify(.) by extensions ['colcon_pkg']
[0.535s] Level 1:colcon.colcon_core.package_identification:_identify(.) by extension 'colcon_pkg'
[0.535s] Level 1:colcon.colcon_core.package_identification:_identify(.) by extensions ['colcon_meta']
[0.535s] Level 1:colcon.colcon_core.package_identification:_identify(.) by extension 'colcon_meta'
[0.535s] Level 1:colcon.colcon_core.package_identification:_identify(.) by extensions ['ros']
[0.535s] Level 1:colcon.colcon_core.package_identification:_identify(.) by extension 'ros'
[0.556s] Level 1:colcon.colcon_core.package_identification:_identify(.) by extensions ['cmake', 'python']
[0.556s] Level 1:colcon.colcon_core.package_identification:_identify(.) by extension 'cmake'
[0.556s] Level 1:colcon.colcon_core.package_identification:_identify(.) by extension 'python'
[0.556s] Level 1:colcon.colcon_core.package_identification:_identify(.) by extensions ['python_setup_py']
[0.556s] Level 1:colcon.colcon_core.package_identification:_identify(.) by extension 'python_setup_py'
[0.556s] Level 1:colcon.colcon_core.package_identification:_identify(build) by extensions ['ignore', 'ignore_ament_install']
[0.557s] Level 1:colcon.colcon_core.package_identification:_identify(build) by extension 'ignore'
[0.557s] Level 1:colcon.colcon_core.package_identification:_identify(build) ignored
[0.557s] Level 1:colcon.colcon_core.package_identification:_identify(install) by extensions ['ignore', 'ignore_ament_install']
[0.557s] Level 1:colcon.colcon_core.package_identification:_identify(install) by extension 'ignore'
[0.557s] Level 1:colcon.colcon_core.package_identification:_identify(install) ignored
[0.557s] Level 1:colcon.colcon_core.package_identification:_identify(log) by extensions ['ignore', 'ignore_ament_install']
[0.558s] Level 1:colcon.colcon_core.package_identification:_identify(log) by extension 'ignore'
[0.558s] Level 1:colcon.colcon_core.package_identification:_identify(log) ignored
[0.558s] Level 1:colcon.colcon_core.package_identification:_identify(src) by extensions ['ignore', 'ignore_ament_install']
[0.558s] Level 1:colcon.colcon_core.package_identification:_identify(src) by extension 'ignore'
[0.558s] Level 1:colcon.colcon_core.package_identification:_identify(src) by extension 'ignore_ament_install'
[0.558s] Level 1:colcon.colcon_core.package_identification:_identify(src) by extensions ['colcon_pkg']
[0.558s] Level 1:colcon.colcon_core.package_identification:_identify(src) by extension 'colcon_pkg'
[0.558s] Level 1:colcon.colcon_core.package_identification:_identify(src) by extensions ['colcon_meta']
[0.558s] Level 1:colcon.colcon_core.package_identification:_identify(src) by extension 'colcon_meta'
[0.558s] Level 1:colcon.colcon_core.package_identification:_identify(src) by extensions ['ros']
[0.558s] Level 1:colcon.colcon_core.package_identification:_identify(src) by extension 'ros'
[0.559s] Level 1:colcon.colcon_core.package_identification:_identify(src) by extensions ['cmake', 'python']
[0.559s] Level 1:colcon.colcon_core.package_identification:_identify(src) by extension 'cmake'
[0.559s] Level 1:colcon.colcon_core.package_identification:_identify(src) by extension 'python'
[0.559s] Level 1:colcon.colcon_core.package_identification:_identify(src) by extensions ['python_setup_py']
[0.559s] Level 1:colcon.colcon_core.package_identification:_identify(src) by extension 'python_setup_py'
[0.559s] Level 1:colcon.colcon_core.package_identification:_identify(src/Control) by extensions ['ignore', 'ignore_ament_install']
[0.559s] Level 1:colcon.colcon_core.package_identification:_identify(src/Control) by extension 'ignore'
[0.559s] Level 1:colcon.colcon_core.package_identification:_identify(src/Control) by extension 'ignore_ament_install'
[0.559s] Level 1:colcon.colcon_core.package_identification:_identify(src/Control) by extensions ['colcon_pkg']
[0.559s] Level 1:colcon.colcon_core.package_identification:_identify(src/Control) by extension 'colcon_pkg'
[0.560s] Level 1:colcon.colcon_core.package_identification:_identify(src/Control) by extensions ['colcon_meta']
[0.560s] Level 1:colcon.colcon_core.package_identification:_identify(src/Control) by extension 'colcon_meta'
[0.560s] Level 1:colcon.colcon_core.package_identification:_identify(src/Control) by extensions ['ros']
[0.560s] Level 1:colcon.colcon_core.package_identification:_identify(src/Control) by extension 'ros'
[0.560s] Level 1:colcon.colcon_core.package_identification:_identify(src/Control) by extensions ['cmake', 'python']
[0.560s] Level 1:colcon.colcon_core.package_identification:_identify(src/Control) by extension 'cmake'
[0.560s] Level 1:colcon.colcon_core.package_identification:_identify(src/Control) by extension 'python'
[0.560s] Level 1:colcon.colcon_core.package_identification:_identify(src/Control) by extensions ['python_setup_py']
[0.560s] Level 1:colcon.colcon_core.package_identification:_identify(src/Control) by extension 'python_setup_py'
[0.560s] Level 1:colcon.colcon_core.package_identification:_identify(src/Control/Data_pub) by extensions ['ignore', 'ignore_ament_install']
[0.560s] Level 1:colcon.colcon_core.package_identification:_identify(src/Control/Data_pub) by extension 'ignore'
[0.561s] Level 1:colcon.colcon_core.package_identification:_identify(src/Control/Data_pub) by extension 'ignore_ament_install'
[0.561s] Level 1:colcon.colcon_core.package_identification:_identify(src/Control/Data_pub) by extensions ['colcon_pkg']
[0.561s] Level 1:colcon.colcon_core.package_identification:_identify(src/Control/Data_pub) by extension 'colcon_pkg'
[0.561s] Level 1:colcon.colcon_core.package_identification:_identify(src/Control/Data_pub) by extensions ['colcon_meta']
[0.561s] Level 1:colcon.colcon_core.package_identification:_identify(src/Control/Data_pub) by extension 'colcon_meta'
[0.561s] Level 1:colcon.colcon_core.package_identification:_identify(src/Control/Data_pub) by extensions ['ros']
[0.561s] Level 1:colcon.colcon_core.package_identification:_identify(src/Control/Data_pub) by extension 'ros'
[0.566s] DEBUG:colcon.colcon_core.package_identification:Package 'src/Control/Data_pub' with type 'ros.ament_cmake' and name 'data_pub'
[0.566s] Level 1:colcon.colcon_core.package_identification:_identify(src/Control/Impedance_controller) by extensions ['ignore', 'ignore_ament_install']
[0.566s] Level 1:colcon.colcon_core.package_identification:_identify(src/Control/Impedance_controller) by extension 'ignore'
[0.567s] Level 1:colcon.colcon_core.package_identification:_identify(src/Control/Impedance_controller) by extension 'ignore_ament_install'
[0.567s] Level 1:colcon.colcon_core.package_identification:_identify(src/Control/Impedance_controller) by extensions ['colcon_pkg']
[0.567s] Level 1:colcon.colcon_core.package_identification:_identify(src/Control/Impedance_controller) by extension 'colcon_pkg'
[0.567s] Level 1:colcon.colcon_core.package_identification:_identify(src/Control/Impedance_controller) by extensions ['colcon_meta']
[0.567s] Level 1:colcon.colcon_core.package_identification:_identify(src/Control/Impedance_controller) by extension 'colcon_meta'
[0.567s] Level 1:colcon.colcon_core.package_identification:_identify(src/Control/Impedance_controller) by extensions ['ros']
[0.567s] Level 1:colcon.colcon_core.package_identification:_identify(src/Control/Impedance_controller) by extension 'ros'
[0.568s] DEBUG:colcon.colcon_core.package_identification:Package 'src/Control/Impedance_controller' with type 'ros.ament_cmake' and name 'impedance_control'
[0.568s] Level 1:colcon.colcon_core.package_identification:_identify(src/odrive_can_control) by extensions ['ignore', 'ignore_ament_install']
[0.569s] Level 1:colcon.colcon_core.package_identification:_identify(src/odrive_can_control) by extension 'ignore'
[0.569s] Level 1:colcon.colcon_core.package_identification:_identify(src/odrive_can_control) by extension 'ignore_ament_install'
[0.569s] Level 1:colcon.colcon_core.package_identification:_identify(src/odrive_can_control) by extensions ['colcon_pkg']
[0.569s] Level 1:colcon.colcon_core.package_identification:_identify(src/odrive_can_control) by extension 'colcon_pkg'
[0.569s] Level 1:colcon.colcon_core.package_identification:_identify(src/odrive_can_control) by extensions ['colcon_meta']
[0.569s] Level 1:colcon.colcon_core.package_identification:_identify(src/odrive_can_control) by extension 'colcon_meta'
[0.569s] Level 1:colcon.colcon_core.package_identification:_identify(src/odrive_can_control) by extensions ['ros']
[0.569s] Level 1:colcon.colcon_core.package_identification:_identify(src/odrive_can_control) by extension 'ros'
[0.570s] DEBUG:colcon.colcon_core.package_identification:Package 'src/odrive_can_control' with type 'ros.ament_cmake' and name 'odrive_can_control'
[0.571s] Level 1:colcon.colcon_core.package_identification:_identify(src/rehab_arm_robot) by extensions ['ignore', 'ignore_ament_install']
[0.571s] Level 1:colcon.colcon_core.package_identification:_identify(src/rehab_arm_robot) by extension 'ignore'
[0.571s] Level 1:colcon.colcon_core.package_identification:_identify(src/rehab_arm_robot) by extension 'ignore_ament_install'
[0.571s] Level 1:colcon.colcon_core.package_identification:_identify(src/rehab_arm_robot) by extensions ['colcon_pkg']
[0.571s] Level 1:colcon.colcon_core.package_identification:_identify(src/rehab_arm_robot) by extension 'colcon_pkg'
[0.571s] Level 1:colcon.colcon_core.package_identification:_identify(src/rehab_arm_robot) by extensions ['colcon_meta']
[0.571s] Level 1:colcon.colcon_core.package_identification:_identify(src/rehab_arm_robot) by extension 'colcon_meta'
[0.571s] Level 1:colcon.colcon_core.package_identification:_identify(src/rehab_arm_robot) by extensions ['ros']
[0.571s] Level 1:colcon.colcon_core.package_identification:_identify(src/rehab_arm_robot) by extension 'ros'
[0.573s] DEBUG:colcon.colcon_core.package_identification:Package 'src/rehab_arm_robot' with type 'ros.ament_cmake' and name 'rehab_arm_robot'
[0.573s] Level 1:colcon.colcon_core.package_identification:_identify(src/rehab_arm_robot_control) by extensions ['ignore', 'ignore_ament_install']
[0.573s] Level 1:colcon.colcon_core.package_identification:_identify(src/rehab_arm_robot_control) by extension 'ignore'
[0.573s] Level 1:colcon.colcon_core.package_identification:_identify(src/rehab_arm_robot_control) by extension 'ignore_ament_install'
[0.573s] Level 1:colcon.colcon_core.package_identification:_identify(src/rehab_arm_robot_control) by extensions ['colcon_pkg']
[0.573s] Level 1:colcon.colcon_core.package_identification:_identify(src/rehab_arm_robot_control) by extension 'colcon_pkg'
[0.573s] Level 1:colcon.colcon_core.package_identification:_identify(src/rehab_arm_robot_control) by extensions ['colcon_meta']
[0.573s] Level 1:colcon.colcon_core.package_identification:_identify(src/rehab_arm_robot_control) by extension 'colcon_meta'
[0.574s] Level 1:colcon.colcon_core.package_identification:_identify(src/rehab_arm_robot_control) by extensions ['ros']
[0.574s] Level 1:colcon.colcon_core.package_identification:_identify(src/rehab_arm_robot_control) by extension 'ros'
[0.576s] DEBUG:colcon.colcon_core.package_identification:Package 'src/rehab_arm_robot_control' with type 'ros.ament_cmake' and name 'rehab_arm_robot_control'
[0.576s] Level 1:colcon.colcon_core.package_identification:_identify(src/rehab_arm_robot_moveit_config) by extensions ['ignore', 'ignore_ament_install']
[0.576s] Level 1:colcon.colcon_core.package_identification:_identify(src/rehab_arm_robot_moveit_config) by extension 'ignore'
[0.576s] Level 1:colcon.colcon_core.package_identification:_identify(src/rehab_arm_robot_moveit_config) by extension 'ignore_ament_install'
[0.577s] Level 1:colcon.colcon_core.package_identification:_identify(src/rehab_arm_robot_moveit_config) by extensions ['colcon_pkg']
[0.577s] Level 1:colcon.colcon_core.package_identification:_identify(src/rehab_arm_robot_moveit_config) by extension 'colcon_pkg'
[0.577s] Level 1:colcon.colcon_core.package_identification:_identify(src/rehab_arm_robot_moveit_config) by extensions ['colcon_meta']
[0.577s] Level 1:colcon.colcon_core.package_identification:_identify(src/rehab_arm_robot_moveit_config) by extension 'colcon_meta'
[0.577s] Level 1:colcon.colcon_core.package_identification:_identify(src/rehab_arm_robot_moveit_config) by extensions ['ros']
[0.577s] Level 1:colcon.colcon_core.package_identification:_identify(src/rehab_arm_robot_moveit_config) by extension 'ros'
[0.579s] DEBUG:colcon.colcon_core.package_identification:Package 'src/rehab_arm_robot_moveit_config' with type 'ros.ament_cmake' and name 'rehab_arm_robot_moveit_config'
[0.579s] Level 1:colcon.colcon_core.package_discovery:discover_packages(recursive) using defaults
[0.579s] Level 1:colcon.colcon_core.package_discovery:discover_packages(ignore) discover
[0.579s] Level 1:colcon.colcon_core.package_discovery:discover_packages(ignore) using defaults
[0.579s] Level 1:colcon.colcon_core.package_discovery:discover_packages(path) discover
[0.579s] Level 1:colcon.colcon_core.package_discovery:discover_packages(path) using defaults
[0.640s] INFO:colcon.colcon_core.package_selection:Skipping not selected package 'data_pub' in 'src/Control/Data_pub'
[0.640s] INFO:colcon.colcon_core.package_selection:Skipping not selected package 'impedance_control' in 'src/Control/Impedance_controller'
[0.640s] INFO:colcon.colcon_core.package_selection:Skipping not selected package 'rehab_arm_robot' in 'src/rehab_arm_robot'
[0.640s] INFO:colcon.colcon_core.package_selection:Skipping not selected package 'rehab_arm_robot_control' in 'src/rehab_arm_robot_control'
[0.640s] INFO:colcon.colcon_core.package_selection:Skipping not selected package 'rehab_arm_robot_moveit_config' in 'src/rehab_arm_robot_moveit_config'
[0.641s] Level 1:colcon.colcon_core.package_discovery:discover_packages(prefix_path) check parameters
[0.641s] Level 1:colcon.colcon_core.package_discovery:discover_packages(prefix_path) discover
[0.645s] DEBUG:colcon.colcon_installed_package_information.package_discovery:Found 6 installed packages in /home/nocc/Desktop/3dof_rehab_arm/install
[0.648s] DEBUG:colcon.colcon_installed_package_information.package_discovery:Found 422 installed packages in /opt/ros/humble
[0.653s] Level 1:colcon.colcon_core.package_discovery:discover_packages(prefix_path) using defaults
[0.749s] Level 5:colcon.colcon_core.verb:set package 'odrive_can_control' build argument 'cmake_args' from command line to 'None'
[0.749s] Level 5:colcon.colcon_core.verb:set package 'odrive_can_control' build argument 'cmake_target' from command line to 'None'
[0.749s] Level 5:colcon.colcon_core.verb:set package 'odrive_can_control' build argument 'cmake_target_skip_unavailable' from command line to 'False'
[0.749s] Level 5:colcon.colcon_core.verb:set package 'odrive_can_control' build argument 'cmake_clean_cache' from command line to 'False'
[0.749s] Level 5:colcon.colcon_core.verb:set package 'odrive_can_control' build argument 'cmake_clean_first' from command line to 'False'
[0.749s] Level 5:colcon.colcon_core.verb:set package 'odrive_can_control' build argument 'cmake_force_configure' from command line to 'False'
[0.749s] Level 5:colcon.colcon_core.verb:set package 'odrive_can_control' build argument 'ament_cmake_args' from command line to 'None'
[0.749s] Level 5:colcon.colcon_core.verb:set package 'odrive_can_control' build argument 'catkin_cmake_args' from command line to 'None'
[0.749s] Level 5:colcon.colcon_core.verb:set package 'odrive_can_control' build argument 'catkin_skip_building_tests' from command line to 'False'
[0.749s] DEBUG:colcon.colcon_core.verb:Building package 'odrive_can_control' with the following arguments: {'ament_cmake_args': None, 'build_base': '/home/nocc/Desktop/3dof_rehab_arm/build/odrive_can_control', 'catkin_cmake_args': None, 'catkin_skip_building_tests': False, 'cmake_args': None, 'cmake_clean_cache': False, 'cmake_clean_first': False, 'cmake_force_configure': False, 'cmake_target': None, 'cmake_target_skip_unavailable': False, 'install_base': '/home/nocc/Desktop/3dof_rehab_arm/install/odrive_can_control', 'merge_install': False, 'path': '/home/nocc/Desktop/3dof_rehab_arm/src/odrive_can_control', 'symlink_install': False, 'test_result_base': None}
[0.749s] INFO:colcon.colcon_core.executor:Executing jobs using 'parallel' executor
[0.751s] DEBUG:colcon.colcon_parallel_executor.executor.parallel:run_until_complete
[0.751s] INFO:colcon.colcon_ros.task.ament_cmake.build:Building ROS package in '/home/nocc/Desktop/3dof_rehab_arm/src/odrive_can_control' with build type 'ament_cmake'
[0.752s] INFO:colcon.colcon_cmake.task.cmake.build:Building CMake package in '/home/nocc/Desktop/3dof_rehab_arm/src/odrive_can_control'
[0.756s] INFO:colcon.colcon_core.plugin_system:Skipping extension 'colcon_core.shell.bat': Not used on non-Windows systems
[0.756s] INFO:colcon.colcon_core.shell:Skip shell extension 'powershell' for command environment: Not usable outside of PowerShell
[0.756s] DEBUG:colcon.colcon_core.shell:Skip shell extension 'dsv' for command environment
[0.775s] DEBUG:colcon.colcon_core.event_handler.log_command:Invoking command in '/home/nocc/Desktop/3dof_rehab_arm/build/odrive_can_control': CMAKE_PREFIX_PATH=${CMAKE_PREFIX_PATH}:/home/nocc/Desktop/3dof_rehab_arm/install/Visualize:/opt/ros/humble /usr/bin/cmake --build /home/nocc/Desktop/3dof_rehab_arm/build/odrive_can_control -- -j8 -l8
[20.998s] DEBUG:colcon.colcon_core.event_handler.log_command:Invoked command in '/home/nocc/Desktop/3dof_rehab_arm/build/odrive_can_control' returned '0': CMAKE_PREFIX_PATH=${CMAKE_PREFIX_PATH}:/home/nocc/Desktop/3dof_rehab_arm/install/Visualize:/opt/ros/humble /usr/bin/cmake --build /home/nocc/Desktop/3dof_rehab_arm/build/odrive_can_control -- -j8 -l8
[21.019s] DEBUG:colcon.colcon_core.event_handler.log_command:Invoking command in '/home/nocc/Desktop/3dof_rehab_arm/build/odrive_can_control': CMAKE_PREFIX_PATH=${CMAKE_PREFIX_PATH}:/home/nocc/Desktop/3dof_rehab_arm/install/Visualize:/opt/ros/humble /usr/bin/cmake --install /home/nocc/Desktop/3dof_rehab_arm/build/odrive_can_control
[21.054s] Level 1:colcon.colcon_core.environment:create_environment_scripts_only(odrive_can_control)
[21.055s] DEBUG:colcon.colcon_core.event_handler.log_command:Invoked command in '/home/nocc/Desktop/3dof_rehab_arm/build/odrive_can_control' returned '0': CMAKE_PREFIX_PATH=${CMAKE_PREFIX_PATH}:/home/nocc/Desktop/3dof_rehab_arm/install/Visualize:/opt/ros/humble /usr/bin/cmake --install /home/nocc/Desktop/3dof_rehab_arm/build/odrive_can_control
[21.059s] Level 1:colcon.colcon_core.environment:checking '/home/nocc/Desktop/3dof_rehab_arm/install/odrive_can_control' for CMake module files
[21.060s] Level 1:colcon.colcon_core.environment:checking '/home/nocc/Desktop/3dof_rehab_arm/install/odrive_can_control' for CMake config files
[21.060s] Level 1:colcon.colcon_core.shell:create_environment_hook('odrive_can_control', 'cmake_prefix_path')
[21.061s] INFO:colcon.colcon_core.shell:Creating environment hook '/home/nocc/Desktop/3dof_rehab_arm/install/odrive_can_control/share/odrive_can_control/hook/cmake_prefix_path.ps1'
[21.063s] INFO:colcon.colcon_core.shell:Creating environment descriptor '/home/nocc/Desktop/3dof_rehab_arm/install/odrive_can_control/share/odrive_can_control/hook/cmake_prefix_path.dsv'
[21.064s] INFO:colcon.colcon_core.shell:Creating environment hook '/home/nocc/Desktop/3dof_rehab_arm/install/odrive_can_control/share/odrive_can_control/hook/cmake_prefix_path.sh'
[21.065s] Level 1:colcon.colcon_core.environment:checking '/home/nocc/Desktop/3dof_rehab_arm/install/odrive_can_control/lib'
[21.066s] Level 1:colcon.colcon_core.environment:checking '/home/nocc/Desktop/3dof_rehab_arm/install/odrive_can_control/bin'
[21.066s] Level 1:colcon.colcon_core.environment:checking '/home/nocc/Desktop/3dof_rehab_arm/install/odrive_can_control/lib/pkgconfig/odrive_can_control.pc'
[21.066s] Level 1:colcon.colcon_core.environment:checking '/home/nocc/Desktop/3dof_rehab_arm/install/odrive_can_control/lib/python3.10/site-packages'
[21.067s] Level 1:colcon.colcon_core.environment:checking '/home/nocc/Desktop/3dof_rehab_arm/install/odrive_can_control/bin'
[21.067s] INFO:colcon.colcon_core.shell:Creating package script '/home/nocc/Desktop/3dof_rehab_arm/install/odrive_can_control/share/odrive_can_control/package.ps1'
[21.069s] INFO:colcon.colcon_core.shell:Creating package descriptor '/home/nocc/Desktop/3dof_rehab_arm/install/odrive_can_control/share/odrive_can_control/package.dsv'
[21.070s] INFO:colcon.colcon_core.shell:Creating package script '/home/nocc/Desktop/3dof_rehab_arm/install/odrive_can_control/share/odrive_can_control/package.sh'
[21.071s] INFO:colcon.colcon_core.shell:Creating package script '/home/nocc/Desktop/3dof_rehab_arm/install/odrive_can_control/share/odrive_can_control/package.bash'
[21.074s] INFO:colcon.colcon_core.shell:Creating package script '/home/nocc/Desktop/3dof_rehab_arm/install/odrive_can_control/share/odrive_can_control/package.zsh'
[21.075s] Level 1:colcon.colcon_core.environment:create_file_with_runtime_dependencies(/home/nocc/Desktop/3dof_rehab_arm/install/odrive_can_control/share/colcon-core/packages/odrive_can_control)
[21.076s] Level 1:colcon.colcon_core.environment:create_environment_scripts_only(odrive_can_control)
[21.077s] Level 1:colcon.colcon_core.environment:checking '/home/nocc/Desktop/3dof_rehab_arm/install/odrive_can_control' for CMake module files
[21.078s] Level 1:colcon.colcon_core.environment:checking '/home/nocc/Desktop/3dof_rehab_arm/install/odrive_can_control' for CMake config files
[21.079s] Level 1:colcon.colcon_core.shell:create_environment_hook('odrive_can_control', 'cmake_prefix_path')
[21.080s] INFO:colcon.colcon_core.shell:Creating environment hook '/home/nocc/Desktop/3dof_rehab_arm/install/odrive_can_control/share/odrive_can_control/hook/cmake_prefix_path.ps1'
[21.081s] INFO:colcon.colcon_core.shell:Creating environment descriptor '/home/nocc/Desktop/3dof_rehab_arm/install/odrive_can_control/share/odrive_can_control/hook/cmake_prefix_path.dsv'
[21.082s] INFO:colcon.colcon_core.shell:Creating environment hook '/home/nocc/Desktop/3dof_rehab_arm/install/odrive_can_control/share/odrive_can_control/hook/cmake_prefix_path.sh'
[21.083s] Level 1:colcon.colcon_core.environment:checking '/home/nocc/Desktop/3dof_rehab_arm/install/odrive_can_control/lib'
[21.083s] Level 1:colcon.colcon_core.environment:checking '/home/nocc/Desktop/3dof_rehab_arm/install/odrive_can_control/bin'
[21.083s] Level 1:colcon.colcon_core.environment:checking '/home/nocc/Desktop/3dof_rehab_arm/install/odrive_can_control/lib/pkgconfig/odrive_can_control.pc'
[21.084s] Level 1:colcon.colcon_core.environment:checking '/home/nocc/Desktop/3dof_rehab_arm/install/odrive_can_control/lib/python3.10/site-packages'
[21.085s] Level 1:colcon.colcon_core.environment:checking '/home/nocc/Desktop/3dof_rehab_arm/install/odrive_can_control/bin'
[21.086s] INFO:colcon.colcon_core.shell:Creating package script '/home/nocc/Desktop/3dof_rehab_arm/install/odrive_can_control/share/odrive_can_control/package.ps1'
[21.087s] INFO:colcon.colcon_core.shell:Creating package descriptor '/home/nocc/Desktop/3dof_rehab_arm/install/odrive_can_control/share/odrive_can_control/package.dsv'
[21.088s] INFO:colcon.colcon_core.shell:Creating package script '/home/nocc/Desktop/3dof_rehab_arm/install/odrive_can_control/share/odrive_can_control/package.sh'
[21.090s] INFO:colcon.colcon_core.shell:Creating package script '/home/nocc/Desktop/3dof_rehab_arm/install/odrive_can_control/share/odrive_can_control/package.bash'
[21.091s] INFO:colcon.colcon_core.shell:Creating package script '/home/nocc/Desktop/3dof_rehab_arm/install/odrive_can_control/share/odrive_can_control/package.zsh'
[21.092s] Level 1:colcon.colcon_core.environment:create_file_with_runtime_dependencies(/home/nocc/Desktop/3dof_rehab_arm/install/odrive_can_control/share/colcon-core/packages/odrive_can_control)
[21.092s] DEBUG:colcon.colcon_parallel_executor.executor.parallel:closing loop
[21.093s] DEBUG:colcon.colcon_parallel_executor.executor.parallel:loop closed
[21.093s] DEBUG:colcon.colcon_parallel_executor.executor.parallel:run_until_complete finished with '0'
[21.094s] DEBUG:colcon.colcon_core.event_reactor:joining thread
[21.104s] INFO:colcon.colcon_core.plugin_system:Skipping extension 'colcon_notification.desktop_notification.terminal_notifier': Not used on non-Darwin systems
[21.104s] INFO:colcon.colcon_core.plugin_system:Skipping extension 'colcon_notification.desktop_notification.win32': Not used on non-Windows systems
[21.104s] INFO:colcon.colcon_notification.desktop_notification:Sending desktop notification using 'notify2'
[21.124s] DEBUG:colcon.colcon_core.event_reactor:joined thread
[21.125s] INFO:colcon.colcon_core.shell:Creating prefix script '/home/nocc/Desktop/3dof_rehab_arm/install/local_setup.ps1'
[21.128s] INFO:colcon.colcon_core.shell:Creating prefix util module '/home/nocc/Desktop/3dof_rehab_arm/install/_local_setup_util_ps1.py'
[21.134s] INFO:colcon.colcon_core.shell:Creating prefix chain script '/home/nocc/Desktop/3dof_rehab_arm/install/setup.ps1'
[21.136s] INFO:colcon.colcon_core.shell:Creating prefix script '/home/nocc/Desktop/3dof_rehab_arm/install/local_setup.sh'
[21.138s] INFO:colcon.colcon_core.shell:Creating prefix util module '/home/nocc/Desktop/3dof_rehab_arm/install/_local_setup_util_sh.py'
[21.139s] INFO:colcon.colcon_core.shell:Creating prefix chain script '/home/nocc/Desktop/3dof_rehab_arm/install/setup.sh'
[21.141s] INFO:colcon.colcon_core.shell:Creating prefix script '/home/nocc/Desktop/3dof_rehab_arm/install/local_setup.bash'
[21.142s] INFO:colcon.colcon_core.shell:Creating prefix chain script '/home/nocc/Desktop/3dof_rehab_arm/install/setup.bash'
[21.144s] INFO:colcon.colcon_core.shell:Creating prefix script '/home/nocc/Desktop/3dof_rehab_arm/install/local_setup.zsh'
[21.146s] INFO:colcon.colcon_core.shell:Creating prefix chain script '/home/nocc/Desktop/3dof_rehab_arm/install/setup.zsh'
