[0.025s] Invoking command in '/home/nocc/Desktop/3dof_rehab_arm/build/odrive_can_control': CMAKE_PREFIX_PATH=${CMAKE_PREFIX_PATH}:/home/nocc/Desktop/3dof_rehab_arm/install/Visualize:/opt/ros/humble /usr/bin/cmake --build /home/nocc/Desktop/3dof_rehab_arm/build/odrive_can_control -- -j8 -l8
[0.116s] -- Found ament_cmake: 1.3.11 (/opt/ros/humble/share/ament_cmake/cmake)
[0.392s] -- Found rclcpp: 16.0.12 (/opt/ros/humble/share/rclcpp/cmake)
[0.456s] -- Found rosidl_generator_c: 3.1.6 (/opt/ros/humble/share/rosidl_generator_c/cmake)
[0.461s] -- Found rosidl_adapter: 3.1.6 (/opt/ros/humble/share/rosidl_adapter/cmake)
[0.473s] -- Found rosidl_generator_cpp: 3.1.6 (/opt/ros/humble/share/rosidl_generator_cpp/cmake)
[0.492s] -- Using all available rosidl_typesupport_c: rosidl_typesupport_fastrtps_c;rosidl_typesupport_introspection_c
[0.517s] -- Using all available rosidl_typesupport_cpp: rosidl_typesupport_fastrtps_cpp;rosidl_typesupport_introspection_cpp
[0.582s] -- Found rmw_implementation_cmake: 6.1.2 (/opt/ros/humble/share/rmw_implementation_cmake/cmake)
[0.585s] -- Found rmw_cyclonedds_cpp: 1.3.4 (/opt/ros/humble/share/rmw_cyclonedds_cpp/cmake)
[0.621s] -- Using RMW implementation 'rmw_cyclonedds_cpp' as default
[0.723s] -- Found trajectory_msgs: 4.9.0 (/opt/ros/humble/share/trajectory_msgs/cmake)
[0.784s] -- Found sensor_msgs: 4.9.0 (/opt/ros/humble/share/sensor_msgs/cmake)
[0.958s] -- Configuring done
[1.010s] -- Generating done
[1.029s] -- Build files have been written to: /home/nocc/Desktop/3dof_rehab_arm/build/odrive_can_control
[1.087s] [35m[1mConsolidate compiler generated dependencies of target odrive_can_node[0m
[1.088s] [35m[1mConsolidate compiler generated dependencies of target odrive_initializer[0m
[1.088s] [35m[1mConsolidate compiler generated dependencies of target velocity_controller[0m
[1.089s] [35m[1mConsolidate compiler generated dependencies of target read_param[0m
[1.089s] [35m[1mConsolidate compiler generated dependencies of target impedance_multi_control[0m
[1.120s] [  8%] [32mBuilding CXX object CMakeFiles/position_controller.dir/src/position_controller.cpp.o[0m
[1.147s] [ 25%] Built target odrive_initializer
[1.149s] [ 41%] Built target velocity_controller
[1.151s] [ 58%] Built target read_param
[1.160s] [ 75%] Built target odrive_can_node
[1.163s] [ 91%] Built target impedance_multi_control
[20.109s] [100%] [32m[1mLinking CXX executable position_controller[0m
[21.093s] [100%] Built target position_controller
[21.122s] Invoked command in '/home/nocc/Desktop/3dof_rehab_arm/build/odrive_can_control' returned '0': CMAKE_PREFIX_PATH=${CMAKE_PREFIX_PATH}:/home/nocc/Desktop/3dof_rehab_arm/install/Visualize:/opt/ros/humble /usr/bin/cmake --build /home/nocc/Desktop/3dof_rehab_arm/build/odrive_can_control -- -j8 -l8
[21.149s] Invoking command in '/home/nocc/Desktop/3dof_rehab_arm/build/odrive_can_control': CMAKE_PREFIX_PATH=${CMAKE_PREFIX_PATH}:/home/nocc/Desktop/3dof_rehab_arm/install/Visualize:/opt/ros/humble /usr/bin/cmake --install /home/nocc/Desktop/3dof_rehab_arm/build/odrive_can_control
[21.166s] -- Install configuration: ""
[21.166s] -- Up-to-date: /home/nocc/Desktop/3dof_rehab_arm/install/odrive_can_control/lib/odrive_can_control/odrive_can_node
[21.167s] -- Up-to-date: /home/nocc/Desktop/3dof_rehab_arm/install/odrive_can_control/lib/odrive_can_control/odrive_initializer
[21.168s] -- Up-to-date: /home/nocc/Desktop/3dof_rehab_arm/install/odrive_can_control/lib/odrive_can_control/velocity_controller
[21.170s] -- Up-to-date: /home/nocc/Desktop/3dof_rehab_arm/install/odrive_can_control/lib/odrive_can_control/impedance_multi_control
[21.171s] -- Up-to-date: /home/nocc/Desktop/3dof_rehab_arm/install/odrive_can_control/lib/odrive_can_control/read_param
[21.171s] -- Installing: /home/nocc/Desktop/3dof_rehab_arm/install/odrive_can_control/lib/odrive_can_control/position_controller
[21.183s] -- Set runtime path of "/home/nocc/Desktop/3dof_rehab_arm/install/odrive_can_control/lib/odrive_can_control/position_controller" to ""
[21.184s] -- Up-to-date: /home/nocc/Desktop/3dof_rehab_arm/install/odrive_can_control/share/odrive_can_control/launch
[21.184s] -- Up-to-date: /home/nocc/Desktop/3dof_rehab_arm/install/odrive_can_control/share/odrive_can_control/launch/odrive_initializer.launch.py
[21.184s] -- Up-to-date: /home/nocc/Desktop/3dof_rehab_arm/install/odrive_can_control/share/ament_index/resource_index/package_run_dependencies/odrive_can_control
[21.184s] -- Up-to-date: /home/nocc/Desktop/3dof_rehab_arm/install/odrive_can_control/share/ament_index/resource_index/parent_prefix_path/odrive_can_control
[21.185s] -- Up-to-date: /home/nocc/Desktop/3dof_rehab_arm/install/odrive_can_control/share/odrive_can_control/environment/ament_prefix_path.sh
[21.185s] -- Installing: /home/nocc/Desktop/3dof_rehab_arm/install/odrive_can_control/share/odrive_can_control/environment/ament_prefix_path.dsv
[21.185s] -- Up-to-date: /home/nocc/Desktop/3dof_rehab_arm/install/odrive_can_control/share/odrive_can_control/environment/path.sh
[21.186s] -- Installing: /home/nocc/Desktop/3dof_rehab_arm/install/odrive_can_control/share/odrive_can_control/environment/path.dsv
[21.186s] -- Up-to-date: /home/nocc/Desktop/3dof_rehab_arm/install/odrive_can_control/share/odrive_can_control/local_setup.bash
[21.186s] -- Up-to-date: /home/nocc/Desktop/3dof_rehab_arm/install/odrive_can_control/share/odrive_can_control/local_setup.sh
[21.186s] -- Up-to-date: /home/nocc/Desktop/3dof_rehab_arm/install/odrive_can_control/share/odrive_can_control/local_setup.zsh
[21.187s] -- Installing: /home/nocc/Desktop/3dof_rehab_arm/install/odrive_can_control/share/odrive_can_control/local_setup.dsv
[21.187s] -- Installing: /home/nocc/Desktop/3dof_rehab_arm/install/odrive_can_control/share/odrive_can_control/package.dsv
[21.187s] -- Up-to-date: /home/nocc/Desktop/3dof_rehab_arm/install/odrive_can_control/share/ament_index/resource_index/packages/odrive_can_control
[21.187s] -- Up-to-date: /home/nocc/Desktop/3dof_rehab_arm/install/odrive_can_control/share/odrive_can_control/cmake/odrive_can_controlConfig.cmake
[21.188s] -- Up-to-date: /home/nocc/Desktop/3dof_rehab_arm/install/odrive_can_control/share/odrive_can_control/cmake/odrive_can_controlConfig-version.cmake
[21.188s] -- Up-to-date: /home/nocc/Desktop/3dof_rehab_arm/install/odrive_can_control/share/odrive_can_control/package.xml
[21.191s] Invoked command in '/home/nocc/Desktop/3dof_rehab_arm/build/odrive_can_control' returned '0': CMAKE_PREFIX_PATH=${CMAKE_PREFIX_PATH}:/home/nocc/Desktop/3dof_rehab_arm/install/Visualize:/opt/ros/humble /usr/bin/cmake --install /home/nocc/Desktop/3dof_rehab_arm/build/odrive_can_control
