[0.109s] DEBUG:colcon:Command line arguments: ['/usr/bin/colcon', 'build']
[0.109s] DEBUG:colcon:Parsed command line arguments: Namespace(log_base=None, log_level=None, verb_name='build', build_base='build', install_base='install', merge_install=False, symlink_install=False, test_result_base=None, continue_on_error=False, executor='parallel', parallel_workers=8, event_handlers=None, ignore_user_meta=False, metas=['./colcon.meta'], base_paths=['.'], packages_ignore=None, packages_ignore_regex=None, paths=None, packages_up_to=None, packages_up_to_regex=None, packages_above=None, packages_above_and_dependencies=None, packages_above_depth=None, packages_select_by_dep=None, packages_skip_by_dep=None, packages_skip_up_to=None, packages_select_build_failed=False, packages_skip_build_finished=False, packages_select_test_failures=False, packages_skip_test_passed=False, packages_select=None, packages_skip=None, packages_select_regex=None, packages_skip_regex=None, packages_start=None, packages_end=None, allow_overriding=[], cmake_args=None, cmake_target=None, cmake_target_skip_unavailable=False, cmake_clean_cache=False, cmake_clean_first=False, cmake_force_configure=False, ament_cmake_args=None, catkin_cmake_args=None, catkin_skip_building_tests=False, verb_parser=<colcon_defaults.argument_parser.defaults.DefaultArgumentsDecorator object at 0x7fd784a50cd0>, verb_extension=<colcon_core.verb.build.BuildVerb object at 0x7fd784a50700>, main=<bound method BuildVerb.main of <colcon_core.verb.build.BuildVerb object at 0x7fd784a50700>>)
[0.239s] Level 1:colcon.colcon_core.package_discovery:discover_packages(colcon_meta) check parameters
[0.239s] Level 1:colcon.colcon_core.package_discovery:discover_packages(recursive) check parameters
[0.239s] Level 1:colcon.colcon_core.package_discovery:discover_packages(ignore) check parameters
[0.239s] Level 1:colcon.colcon_core.package_discovery:discover_packages(path) check parameters
[0.239s] Level 1:colcon.colcon_core.package_discovery:discover_packages(colcon_meta) discover
[0.239s] Level 1:colcon.colcon_core.package_discovery:discover_packages(recursive) discover
[0.240s] INFO:colcon.colcon_core.package_discovery:Crawling recursively for packages in '/home/nocc/Desktop/3dof_rehab_arm'
[0.240s] Level 1:colcon.colcon_core.package_identification:_identify(.) by extensions ['ignore', 'ignore_ament_install']
[0.240s] Level 1:colcon.colcon_core.package_identification:_identify(.) by extension 'ignore'
[0.240s] Level 1:colcon.colcon_core.package_identification:_identify(.) by extension 'ignore_ament_install'
[0.240s] Level 1:colcon.colcon_core.package_identification:_identify(.) by extensions ['colcon_pkg']
[0.240s] Level 1:colcon.colcon_core.package_identification:_identify(.) by extension 'colcon_pkg'
[0.240s] Level 1:colcon.colcon_core.package_identification:_identify(.) by extensions ['colcon_meta']
[0.240s] Level 1:colcon.colcon_core.package_identification:_identify(.) by extension 'colcon_meta'
[0.240s] Level 1:colcon.colcon_core.package_identification:_identify(.) by extensions ['ros']
[0.240s] Level 1:colcon.colcon_core.package_identification:_identify(.) by extension 'ros'
[0.248s] Level 1:colcon.colcon_core.package_identification:_identify(.) by extensions ['cmake', 'python']
[0.248s] Level 1:colcon.colcon_core.package_identification:_identify(.) by extension 'cmake'
[0.248s] Level 1:colcon.colcon_core.package_identification:_identify(.) by extension 'python'
[0.248s] Level 1:colcon.colcon_core.package_identification:_identify(.) by extensions ['python_setup_py']
[0.248s] Level 1:colcon.colcon_core.package_identification:_identify(.) by extension 'python_setup_py'
[0.248s] Level 1:colcon.colcon_core.package_identification:_identify(build) by extensions ['ignore', 'ignore_ament_install']
[0.248s] Level 1:colcon.colcon_core.package_identification:_identify(build) by extension 'ignore'
[0.248s] Level 1:colcon.colcon_core.package_identification:_identify(build) ignored
[0.248s] Level 1:colcon.colcon_core.package_identification:_identify(install) by extensions ['ignore', 'ignore_ament_install']
[0.248s] Level 1:colcon.colcon_core.package_identification:_identify(install) by extension 'ignore'
[0.248s] Level 1:colcon.colcon_core.package_identification:_identify(install) ignored
[0.248s] Level 1:colcon.colcon_core.package_identification:_identify(log) by extensions ['ignore', 'ignore_ament_install']
[0.248s] Level 1:colcon.colcon_core.package_identification:_identify(log) by extension 'ignore'
[0.248s] Level 1:colcon.colcon_core.package_identification:_identify(log) ignored
[0.248s] Level 1:colcon.colcon_core.package_identification:_identify(src) by extensions ['ignore', 'ignore_ament_install']
[0.248s] Level 1:colcon.colcon_core.package_identification:_identify(src) by extension 'ignore'
[0.248s] Level 1:colcon.colcon_core.package_identification:_identify(src) by extension 'ignore_ament_install'
[0.248s] Level 1:colcon.colcon_core.package_identification:_identify(src) by extensions ['colcon_pkg']
[0.248s] Level 1:colcon.colcon_core.package_identification:_identify(src) by extension 'colcon_pkg'
[0.248s] Level 1:colcon.colcon_core.package_identification:_identify(src) by extensions ['colcon_meta']
[0.248s] Level 1:colcon.colcon_core.package_identification:_identify(src) by extension 'colcon_meta'
[0.248s] Level 1:colcon.colcon_core.package_identification:_identify(src) by extensions ['ros']
[0.248s] Level 1:colcon.colcon_core.package_identification:_identify(src) by extension 'ros'
[0.249s] Level 1:colcon.colcon_core.package_identification:_identify(src) by extensions ['cmake', 'python']
[0.249s] Level 1:colcon.colcon_core.package_identification:_identify(src) by extension 'cmake'
[0.249s] Level 1:colcon.colcon_core.package_identification:_identify(src) by extension 'python'
[0.249s] Level 1:colcon.colcon_core.package_identification:_identify(src) by extensions ['python_setup_py']
[0.249s] Level 1:colcon.colcon_core.package_identification:_identify(src) by extension 'python_setup_py'
[0.249s] Level 1:colcon.colcon_core.package_identification:_identify(src/can_odrive_interface) by extensions ['ignore', 'ignore_ament_install']
[0.249s] Level 1:colcon.colcon_core.package_identification:_identify(src/can_odrive_interface) by extension 'ignore'
[0.249s] Level 1:colcon.colcon_core.package_identification:_identify(src/can_odrive_interface) by extension 'ignore_ament_install'
[0.249s] Level 1:colcon.colcon_core.package_identification:_identify(src/can_odrive_interface) by extensions ['colcon_pkg']
[0.249s] Level 1:colcon.colcon_core.package_identification:_identify(src/can_odrive_interface) by extension 'colcon_pkg'
[0.249s] Level 1:colcon.colcon_core.package_identification:_identify(src/can_odrive_interface) by extensions ['colcon_meta']
[0.249s] Level 1:colcon.colcon_core.package_identification:_identify(src/can_odrive_interface) by extension 'colcon_meta'
[0.249s] Level 1:colcon.colcon_core.package_identification:_identify(src/can_odrive_interface) by extensions ['ros']
[0.249s] Level 1:colcon.colcon_core.package_identification:_identify(src/can_odrive_interface) by extension 'ros'
[0.251s] DEBUG:colcon.colcon_core.package_identification:Package 'src/can_odrive_interface' with type 'ros.ament_cmake' and name 'can_odrive_interface'
[0.251s] Level 1:colcon.colcon_core.package_identification:_identify(src/odrive_joint_state_publisher) by extensions ['ignore', 'ignore_ament_install']
[0.251s] Level 1:colcon.colcon_core.package_identification:_identify(src/odrive_joint_state_publisher) by extension 'ignore'
[0.251s] Level 1:colcon.colcon_core.package_identification:_identify(src/odrive_joint_state_publisher) by extension 'ignore_ament_install'
[0.251s] Level 1:colcon.colcon_core.package_identification:_identify(src/odrive_joint_state_publisher) by extensions ['colcon_pkg']
[0.251s] Level 1:colcon.colcon_core.package_identification:_identify(src/odrive_joint_state_publisher) by extension 'colcon_pkg'
[0.251s] Level 1:colcon.colcon_core.package_identification:_identify(src/odrive_joint_state_publisher) by extensions ['colcon_meta']
[0.251s] Level 1:colcon.colcon_core.package_identification:_identify(src/odrive_joint_state_publisher) by extension 'colcon_meta'
[0.251s] Level 1:colcon.colcon_core.package_identification:_identify(src/odrive_joint_state_publisher) by extensions ['ros']
[0.251s] Level 1:colcon.colcon_core.package_identification:_identify(src/odrive_joint_state_publisher) by extension 'ros'
[0.252s] DEBUG:colcon.colcon_core.package_identification:Package 'src/odrive_joint_state_publisher' with type 'ros.ament_cmake' and name 'odrive_joint_state_publisher'
[0.252s] Level 1:colcon.colcon_core.package_identification:_identify(src/rehab_arm_robot) by extensions ['ignore', 'ignore_ament_install']
[0.252s] Level 1:colcon.colcon_core.package_identification:_identify(src/rehab_arm_robot) by extension 'ignore'
[0.252s] Level 1:colcon.colcon_core.package_identification:_identify(src/rehab_arm_robot) by extension 'ignore_ament_install'
[0.252s] Level 1:colcon.colcon_core.package_identification:_identify(src/rehab_arm_robot) by extensions ['colcon_pkg']
[0.252s] Level 1:colcon.colcon_core.package_identification:_identify(src/rehab_arm_robot) by extension 'colcon_pkg'
[0.252s] Level 1:colcon.colcon_core.package_identification:_identify(src/rehab_arm_robot) by extensions ['colcon_meta']
[0.252s] Level 1:colcon.colcon_core.package_identification:_identify(src/rehab_arm_robot) by extension 'colcon_meta'
[0.252s] Level 1:colcon.colcon_core.package_identification:_identify(src/rehab_arm_robot) by extensions ['ros']
[0.252s] Level 1:colcon.colcon_core.package_identification:_identify(src/rehab_arm_robot) by extension 'ros'
[0.253s] DEBUG:colcon.colcon_core.package_identification:Package 'src/rehab_arm_robot' with type 'ros.ament_cmake' and name 'rehab_arm_robot'
[0.253s] Level 1:colcon.colcon_core.package_identification:_identify(src/rehab_arm_robot_control) by extensions ['ignore', 'ignore_ament_install']
[0.253s] Level 1:colcon.colcon_core.package_identification:_identify(src/rehab_arm_robot_control) by extension 'ignore'
[0.253s] Level 1:colcon.colcon_core.package_identification:_identify(src/rehab_arm_robot_control) by extension 'ignore_ament_install'
[0.253s] Level 1:colcon.colcon_core.package_identification:_identify(src/rehab_arm_robot_control) by extensions ['colcon_pkg']
[0.253s] Level 1:colcon.colcon_core.package_identification:_identify(src/rehab_arm_robot_control) by extension 'colcon_pkg'
[0.253s] Level 1:colcon.colcon_core.package_identification:_identify(src/rehab_arm_robot_control) by extensions ['colcon_meta']
[0.253s] Level 1:colcon.colcon_core.package_identification:_identify(src/rehab_arm_robot_control) by extension 'colcon_meta'
[0.253s] Level 1:colcon.colcon_core.package_identification:_identify(src/rehab_arm_robot_control) by extensions ['ros']
[0.253s] Level 1:colcon.colcon_core.package_identification:_identify(src/rehab_arm_robot_control) by extension 'ros'
[0.254s] DEBUG:colcon.colcon_core.package_identification:Package 'src/rehab_arm_robot_control' with type 'ros.ament_cmake' and name 'rehab_arm_robot_control'
[0.254s] Level 1:colcon.colcon_core.package_identification:_identify(src/rehab_arm_robot_moveit_config) by extensions ['ignore', 'ignore_ament_install']
[0.254s] Level 1:colcon.colcon_core.package_identification:_identify(src/rehab_arm_robot_moveit_config) by extension 'ignore'
[0.254s] Level 1:colcon.colcon_core.package_identification:_identify(src/rehab_arm_robot_moveit_config) by extension 'ignore_ament_install'
[0.254s] Level 1:colcon.colcon_core.package_identification:_identify(src/rehab_arm_robot_moveit_config) by extensions ['colcon_pkg']
[0.254s] Level 1:colcon.colcon_core.package_identification:_identify(src/rehab_arm_robot_moveit_config) by extension 'colcon_pkg'
[0.254s] Level 1:colcon.colcon_core.package_identification:_identify(src/rehab_arm_robot_moveit_config) by extensions ['colcon_meta']
[0.254s] Level 1:colcon.colcon_core.package_identification:_identify(src/rehab_arm_robot_moveit_config) by extension 'colcon_meta'
[0.255s] Level 1:colcon.colcon_core.package_identification:_identify(src/rehab_arm_robot_moveit_config) by extensions ['ros']
[0.255s] Level 1:colcon.colcon_core.package_identification:_identify(src/rehab_arm_robot_moveit_config) by extension 'ros'
[0.255s] DEBUG:colcon.colcon_core.package_identification:Package 'src/rehab_arm_robot_moveit_config' with type 'ros.ament_cmake' and name 'rehab_arm_robot_moveit_config'
[0.255s] Level 1:colcon.colcon_core.package_discovery:discover_packages(recursive) using defaults
[0.255s] Level 1:colcon.colcon_core.package_discovery:discover_packages(ignore) discover
[0.255s] Level 1:colcon.colcon_core.package_discovery:discover_packages(ignore) using defaults
[0.255s] Level 1:colcon.colcon_core.package_discovery:discover_packages(path) discover
[0.255s] Level 1:colcon.colcon_core.package_discovery:discover_packages(path) using defaults
[0.277s] Level 1:colcon.colcon_core.package_discovery:discover_packages(prefix_path) check parameters
[0.277s] Level 1:colcon.colcon_core.package_discovery:discover_packages(prefix_path) discover
[0.279s] DEBUG:colcon.colcon_installed_package_information.package_discovery:Found 5 installed packages in /home/nocc/Desktop/3dof_rehab_arm/install
[0.280s] DEBUG:colcon.colcon_installed_package_information.package_discovery:Found 422 installed packages in /opt/ros/humble
[0.281s] Level 1:colcon.colcon_core.package_discovery:discover_packages(prefix_path) using defaults
[0.316s] Level 5:colcon.colcon_core.verb:set package 'can_odrive_interface' build argument 'cmake_args' from command line to 'None'
[0.316s] Level 5:colcon.colcon_core.verb:set package 'can_odrive_interface' build argument 'cmake_target' from command line to 'None'
[0.316s] Level 5:colcon.colcon_core.verb:set package 'can_odrive_interface' build argument 'cmake_target_skip_unavailable' from command line to 'False'
[0.316s] Level 5:colcon.colcon_core.verb:set package 'can_odrive_interface' build argument 'cmake_clean_cache' from command line to 'False'
[0.316s] Level 5:colcon.colcon_core.verb:set package 'can_odrive_interface' build argument 'cmake_clean_first' from command line to 'False'
[0.316s] Level 5:colcon.colcon_core.verb:set package 'can_odrive_interface' build argument 'cmake_force_configure' from command line to 'False'
[0.316s] Level 5:colcon.colcon_core.verb:set package 'can_odrive_interface' build argument 'ament_cmake_args' from command line to 'None'
[0.316s] Level 5:colcon.colcon_core.verb:set package 'can_odrive_interface' build argument 'catkin_cmake_args' from command line to 'None'
[0.316s] Level 5:colcon.colcon_core.verb:set package 'can_odrive_interface' build argument 'catkin_skip_building_tests' from command line to 'False'
[0.316s] DEBUG:colcon.colcon_core.verb:Building package 'can_odrive_interface' with the following arguments: {'ament_cmake_args': None, 'build_base': '/home/nocc/Desktop/3dof_rehab_arm/build/can_odrive_interface', 'catkin_cmake_args': None, 'catkin_skip_building_tests': False, 'cmake_args': None, 'cmake_clean_cache': False, 'cmake_clean_first': False, 'cmake_force_configure': False, 'cmake_target': None, 'cmake_target_skip_unavailable': False, 'install_base': '/home/nocc/Desktop/3dof_rehab_arm/install/can_odrive_interface', 'merge_install': False, 'path': '/home/nocc/Desktop/3dof_rehab_arm/src/can_odrive_interface', 'symlink_install': False, 'test_result_base': None}
[0.317s] Level 5:colcon.colcon_core.verb:set package 'rehab_arm_robot' build argument 'cmake_args' from command line to 'None'
[0.317s] Level 5:colcon.colcon_core.verb:set package 'rehab_arm_robot' build argument 'cmake_target' from command line to 'None'
[0.317s] Level 5:colcon.colcon_core.verb:set package 'rehab_arm_robot' build argument 'cmake_target_skip_unavailable' from command line to 'False'
[0.317s] Level 5:colcon.colcon_core.verb:set package 'rehab_arm_robot' build argument 'cmake_clean_cache' from command line to 'False'
[0.317s] Level 5:colcon.colcon_core.verb:set package 'rehab_arm_robot' build argument 'cmake_clean_first' from command line to 'False'
[0.317s] Level 5:colcon.colcon_core.verb:set package 'rehab_arm_robot' build argument 'cmake_force_configure' from command line to 'False'
[0.317s] Level 5:colcon.colcon_core.verb:set package 'rehab_arm_robot' build argument 'ament_cmake_args' from command line to 'None'
[0.317s] Level 5:colcon.colcon_core.verb:set package 'rehab_arm_robot' build argument 'catkin_cmake_args' from command line to 'None'
[0.317s] Level 5:colcon.colcon_core.verb:set package 'rehab_arm_robot' build argument 'catkin_skip_building_tests' from command line to 'False'
[0.317s] DEBUG:colcon.colcon_core.verb:Building package 'rehab_arm_robot' with the following arguments: {'ament_cmake_args': None, 'build_base': '/home/nocc/Desktop/3dof_rehab_arm/build/rehab_arm_robot', 'catkin_cmake_args': None, 'catkin_skip_building_tests': False, 'cmake_args': None, 'cmake_clean_cache': False, 'cmake_clean_first': False, 'cmake_force_configure': False, 'cmake_target': None, 'cmake_target_skip_unavailable': False, 'install_base': '/home/nocc/Desktop/3dof_rehab_arm/install/rehab_arm_robot', 'merge_install': False, 'path': '/home/nocc/Desktop/3dof_rehab_arm/src/rehab_arm_robot', 'symlink_install': False, 'test_result_base': None}
[0.317s] Level 5:colcon.colcon_core.verb:set package 'rehab_arm_robot_control' build argument 'cmake_args' from command line to 'None'
[0.317s] Level 5:colcon.colcon_core.verb:set package 'rehab_arm_robot_control' build argument 'cmake_target' from command line to 'None'
[0.317s] Level 5:colcon.colcon_core.verb:set package 'rehab_arm_robot_control' build argument 'cmake_target_skip_unavailable' from command line to 'False'
[0.317s] Level 5:colcon.colcon_core.verb:set package 'rehab_arm_robot_control' build argument 'cmake_clean_cache' from command line to 'False'
[0.317s] Level 5:colcon.colcon_core.verb:set package 'rehab_arm_robot_control' build argument 'cmake_clean_first' from command line to 'False'
[0.317s] Level 5:colcon.colcon_core.verb:set package 'rehab_arm_robot_control' build argument 'cmake_force_configure' from command line to 'False'
[0.317s] Level 5:colcon.colcon_core.verb:set package 'rehab_arm_robot_control' build argument 'ament_cmake_args' from command line to 'None'
[0.317s] Level 5:colcon.colcon_core.verb:set package 'rehab_arm_robot_control' build argument 'catkin_cmake_args' from command line to 'None'
[0.317s] Level 5:colcon.colcon_core.verb:set package 'rehab_arm_robot_control' build argument 'catkin_skip_building_tests' from command line to 'False'
[0.317s] DEBUG:colcon.colcon_core.verb:Building package 'rehab_arm_robot_control' with the following arguments: {'ament_cmake_args': None, 'build_base': '/home/nocc/Desktop/3dof_rehab_arm/build/rehab_arm_robot_control', 'catkin_cmake_args': None, 'catkin_skip_building_tests': False, 'cmake_args': None, 'cmake_clean_cache': False, 'cmake_clean_first': False, 'cmake_force_configure': False, 'cmake_target': None, 'cmake_target_skip_unavailable': False, 'install_base': '/home/nocc/Desktop/3dof_rehab_arm/install/rehab_arm_robot_control', 'merge_install': False, 'path': '/home/nocc/Desktop/3dof_rehab_arm/src/rehab_arm_robot_control', 'symlink_install': False, 'test_result_base': None}
[0.317s] Level 5:colcon.colcon_core.verb:set package 'odrive_joint_state_publisher' build argument 'cmake_args' from command line to 'None'
[0.317s] Level 5:colcon.colcon_core.verb:set package 'odrive_joint_state_publisher' build argument 'cmake_target' from command line to 'None'
[0.317s] Level 5:colcon.colcon_core.verb:set package 'odrive_joint_state_publisher' build argument 'cmake_target_skip_unavailable' from command line to 'False'
[0.317s] Level 5:colcon.colcon_core.verb:set package 'odrive_joint_state_publisher' build argument 'cmake_clean_cache' from command line to 'False'
[0.317s] Level 5:colcon.colcon_core.verb:set package 'odrive_joint_state_publisher' build argument 'cmake_clean_first' from command line to 'False'
[0.318s] Level 5:colcon.colcon_core.verb:set package 'odrive_joint_state_publisher' build argument 'cmake_force_configure' from command line to 'False'
[0.318s] Level 5:colcon.colcon_core.verb:set package 'odrive_joint_state_publisher' build argument 'ament_cmake_args' from command line to 'None'
[0.318s] Level 5:colcon.colcon_core.verb:set package 'odrive_joint_state_publisher' build argument 'catkin_cmake_args' from command line to 'None'
[0.318s] Level 5:colcon.colcon_core.verb:set package 'odrive_joint_state_publisher' build argument 'catkin_skip_building_tests' from command line to 'False'
[0.318s] DEBUG:colcon.colcon_core.verb:Building package 'odrive_joint_state_publisher' with the following arguments: {'ament_cmake_args': None, 'build_base': '/home/nocc/Desktop/3dof_rehab_arm/build/odrive_joint_state_publisher', 'catkin_cmake_args': None, 'catkin_skip_building_tests': False, 'cmake_args': None, 'cmake_clean_cache': False, 'cmake_clean_first': False, 'cmake_force_configure': False, 'cmake_target': None, 'cmake_target_skip_unavailable': False, 'install_base': '/home/nocc/Desktop/3dof_rehab_arm/install/odrive_joint_state_publisher', 'merge_install': False, 'path': '/home/nocc/Desktop/3dof_rehab_arm/src/odrive_joint_state_publisher', 'symlink_install': False, 'test_result_base': None}
[0.318s] Level 5:colcon.colcon_core.verb:set package 'rehab_arm_robot_moveit_config' build argument 'cmake_args' from command line to 'None'
[0.318s] Level 5:colcon.colcon_core.verb:set package 'rehab_arm_robot_moveit_config' build argument 'cmake_target' from command line to 'None'
[0.318s] Level 5:colcon.colcon_core.verb:set package 'rehab_arm_robot_moveit_config' build argument 'cmake_target_skip_unavailable' from command line to 'False'
[0.318s] Level 5:colcon.colcon_core.verb:set package 'rehab_arm_robot_moveit_config' build argument 'cmake_clean_cache' from command line to 'False'
[0.318s] Level 5:colcon.colcon_core.verb:set package 'rehab_arm_robot_moveit_config' build argument 'cmake_clean_first' from command line to 'False'
[0.318s] Level 5:colcon.colcon_core.verb:set package 'rehab_arm_robot_moveit_config' build argument 'cmake_force_configure' from command line to 'False'
[0.318s] Level 5:colcon.colcon_core.verb:set package 'rehab_arm_robot_moveit_config' build argument 'ament_cmake_args' from command line to 'None'
[0.318s] Level 5:colcon.colcon_core.verb:set package 'rehab_arm_robot_moveit_config' build argument 'catkin_cmake_args' from command line to 'None'
[0.318s] Level 5:colcon.colcon_core.verb:set package 'rehab_arm_robot_moveit_config' build argument 'catkin_skip_building_tests' from command line to 'False'
[0.318s] DEBUG:colcon.colcon_core.verb:Building package 'rehab_arm_robot_moveit_config' with the following arguments: {'ament_cmake_args': None, 'build_base': '/home/nocc/Desktop/3dof_rehab_arm/build/rehab_arm_robot_moveit_config', 'catkin_cmake_args': None, 'catkin_skip_building_tests': False, 'cmake_args': None, 'cmake_clean_cache': False, 'cmake_clean_first': False, 'cmake_force_configure': False, 'cmake_target': None, 'cmake_target_skip_unavailable': False, 'install_base': '/home/nocc/Desktop/3dof_rehab_arm/install/rehab_arm_robot_moveit_config', 'merge_install': False, 'path': '/home/nocc/Desktop/3dof_rehab_arm/src/rehab_arm_robot_moveit_config', 'symlink_install': False, 'test_result_base': None}
[0.318s] INFO:colcon.colcon_core.executor:Executing jobs using 'parallel' executor
[0.319s] DEBUG:colcon.colcon_parallel_executor.executor.parallel:run_until_complete
[0.319s] INFO:colcon.colcon_ros.task.ament_cmake.build:Building ROS package in '/home/nocc/Desktop/3dof_rehab_arm/src/can_odrive_interface' with build type 'ament_cmake'
[0.319s] INFO:colcon.colcon_cmake.task.cmake.build:Building CMake package in '/home/nocc/Desktop/3dof_rehab_arm/src/can_odrive_interface'
[0.321s] INFO:colcon.colcon_core.plugin_system:Skipping extension 'colcon_core.shell.bat': Not used on non-Windows systems
[0.321s] INFO:colcon.colcon_core.shell:Skip shell extension 'powershell' for command environment: Not usable outside of PowerShell
[0.321s] DEBUG:colcon.colcon_core.shell:Skip shell extension 'dsv' for command environment
[0.324s] INFO:colcon.colcon_ros.task.ament_cmake.build:Building ROS package in '/home/nocc/Desktop/3dof_rehab_arm/src/rehab_arm_robot' with build type 'ament_cmake'
[0.324s] INFO:colcon.colcon_cmake.task.cmake.build:Building CMake package in '/home/nocc/Desktop/3dof_rehab_arm/src/rehab_arm_robot'
[0.324s] INFO:colcon.colcon_core.shell:Skip shell extension 'powershell' for command environment: Not usable outside of PowerShell
[0.324s] DEBUG:colcon.colcon_core.shell:Skip shell extension 'dsv' for command environment
[0.327s] INFO:colcon.colcon_ros.task.ament_cmake.build:Building ROS package in '/home/nocc/Desktop/3dof_rehab_arm/src/rehab_arm_robot_control' with build type 'ament_cmake'
[0.327s] INFO:colcon.colcon_cmake.task.cmake.build:Building CMake package in '/home/nocc/Desktop/3dof_rehab_arm/src/rehab_arm_robot_control'
[0.327s] INFO:colcon.colcon_core.shell:Skip shell extension 'powershell' for command environment: Not usable outside of PowerShell
[0.327s] DEBUG:colcon.colcon_core.shell:Skip shell extension 'dsv' for command environment
[0.334s] DEBUG:colcon.colcon_core.event_handler.log_command:Invoking command in '/home/nocc/Desktop/3dof_rehab_arm/build/can_odrive_interface': CMAKE_PREFIX_PATH=${CMAKE_PREFIX_PATH}:/opt/ros/humble /usr/bin/cmake --build /home/nocc/Desktop/3dof_rehab_arm/build/can_odrive_interface -- -j8 -l8
[0.337s] DEBUG:colcon.colcon_core.event_handler.log_command:Invoking command in '/home/nocc/Desktop/3dof_rehab_arm/build/rehab_arm_robot': CMAKE_PREFIX_PATH=${CMAKE_PREFIX_PATH}:/opt/ros/humble /usr/bin/cmake --build /home/nocc/Desktop/3dof_rehab_arm/build/rehab_arm_robot -- -j8 -l8
[0.341s] DEBUG:colcon.colcon_core.event_handler.log_command:Invoking command in '/home/nocc/Desktop/3dof_rehab_arm/build/rehab_arm_robot_control': CMAKE_PREFIX_PATH=${CMAKE_PREFIX_PATH}:/opt/ros/humble /usr/bin/cmake --build /home/nocc/Desktop/3dof_rehab_arm/build/rehab_arm_robot_control -- -j8 -l8
[0.375s] DEBUG:colcon.colcon_core.event_handler.log_command:Invoked command in '/home/nocc/Desktop/3dof_rehab_arm/build/rehab_arm_robot' returned '0': CMAKE_PREFIX_PATH=${CMAKE_PREFIX_PATH}:/opt/ros/humble /usr/bin/cmake --build /home/nocc/Desktop/3dof_rehab_arm/build/rehab_arm_robot -- -j8 -l8
[0.388s] DEBUG:colcon.colcon_core.event_handler.log_command:Invoking command in '/home/nocc/Desktop/3dof_rehab_arm/build/rehab_arm_robot': CMAKE_PREFIX_PATH=${CMAKE_PREFIX_PATH}:/opt/ros/humble /usr/bin/cmake --install /home/nocc/Desktop/3dof_rehab_arm/build/rehab_arm_robot
[0.406s] Level 1:colcon.colcon_core.environment:create_environment_scripts_only(rehab_arm_robot)
[0.412s] DEBUG:colcon.colcon_core.event_handler.log_command:Invoked command in '/home/nocc/Desktop/3dof_rehab_arm/build/rehab_arm_robot' returned '0': CMAKE_PREFIX_PATH=${CMAKE_PREFIX_PATH}:/opt/ros/humble /usr/bin/cmake --install /home/nocc/Desktop/3dof_rehab_arm/build/rehab_arm_robot
[0.416s] Level 1:colcon.colcon_core.environment:checking '/home/nocc/Desktop/3dof_rehab_arm/install/rehab_arm_robot' for CMake module files
[0.418s] Level 1:colcon.colcon_core.environment:checking '/home/nocc/Desktop/3dof_rehab_arm/install/rehab_arm_robot' for CMake config files
[0.418s] Level 1:colcon.colcon_core.shell:create_environment_hook('rehab_arm_robot', 'cmake_prefix_path')
[0.418s] INFO:colcon.colcon_core.shell:Creating environment hook '/home/nocc/Desktop/3dof_rehab_arm/install/rehab_arm_robot/share/rehab_arm_robot/hook/cmake_prefix_path.ps1'
[0.420s] INFO:colcon.colcon_core.shell:Creating environment descriptor '/home/nocc/Desktop/3dof_rehab_arm/install/rehab_arm_robot/share/rehab_arm_robot/hook/cmake_prefix_path.dsv'
[0.421s] INFO:colcon.colcon_core.shell:Creating environment hook '/home/nocc/Desktop/3dof_rehab_arm/install/rehab_arm_robot/share/rehab_arm_robot/hook/cmake_prefix_path.sh'
[0.423s] Level 1:colcon.colcon_core.environment:checking '/home/nocc/Desktop/3dof_rehab_arm/install/rehab_arm_robot/bin'
[0.423s] Level 1:colcon.colcon_core.environment:checking '/home/nocc/Desktop/3dof_rehab_arm/install/rehab_arm_robot/lib/pkgconfig/rehab_arm_robot.pc'
[0.423s] Level 1:colcon.colcon_core.environment:checking '/home/nocc/Desktop/3dof_rehab_arm/install/rehab_arm_robot/lib/python3.10/site-packages'
[0.425s] Level 1:colcon.colcon_core.environment:checking '/home/nocc/Desktop/3dof_rehab_arm/install/rehab_arm_robot/bin'
[0.426s] INFO:colcon.colcon_core.shell:Creating package script '/home/nocc/Desktop/3dof_rehab_arm/install/rehab_arm_robot/share/rehab_arm_robot/package.ps1'
[0.428s] INFO:colcon.colcon_core.shell:Creating package descriptor '/home/nocc/Desktop/3dof_rehab_arm/install/rehab_arm_robot/share/rehab_arm_robot/package.dsv'
[0.429s] INFO:colcon.colcon_core.shell:Creating package script '/home/nocc/Desktop/3dof_rehab_arm/install/rehab_arm_robot/share/rehab_arm_robot/package.sh'
[0.436s] INFO:colcon.colcon_core.shell:Creating package script '/home/nocc/Desktop/3dof_rehab_arm/install/rehab_arm_robot/share/rehab_arm_robot/package.bash'
[0.438s] INFO:colcon.colcon_core.shell:Creating package script '/home/nocc/Desktop/3dof_rehab_arm/install/rehab_arm_robot/share/rehab_arm_robot/package.zsh'
[0.440s] Level 1:colcon.colcon_core.environment:create_file_with_runtime_dependencies(/home/nocc/Desktop/3dof_rehab_arm/install/rehab_arm_robot/share/colcon-core/packages/rehab_arm_robot)
[0.441s] Level 1:colcon.colcon_core.environment:create_environment_scripts_only(rehab_arm_robot)
[0.442s] Level 1:colcon.colcon_core.environment:checking '/home/nocc/Desktop/3dof_rehab_arm/install/rehab_arm_robot' for CMake module files
[0.443s] Level 1:colcon.colcon_core.environment:checking '/home/nocc/Desktop/3dof_rehab_arm/install/rehab_arm_robot' for CMake config files
[0.443s] Level 1:colcon.colcon_core.shell:create_environment_hook('rehab_arm_robot', 'cmake_prefix_path')
[0.443s] INFO:colcon.colcon_core.shell:Creating environment hook '/home/nocc/Desktop/3dof_rehab_arm/install/rehab_arm_robot/share/rehab_arm_robot/hook/cmake_prefix_path.ps1'
[0.444s] INFO:colcon.colcon_core.shell:Creating environment descriptor '/home/nocc/Desktop/3dof_rehab_arm/install/rehab_arm_robot/share/rehab_arm_robot/hook/cmake_prefix_path.dsv'
[0.445s] INFO:colcon.colcon_core.shell:Creating environment hook '/home/nocc/Desktop/3dof_rehab_arm/install/rehab_arm_robot/share/rehab_arm_robot/hook/cmake_prefix_path.sh'
[0.446s] Level 1:colcon.colcon_core.environment:checking '/home/nocc/Desktop/3dof_rehab_arm/install/rehab_arm_robot/bin'
[0.446s] Level 1:colcon.colcon_core.environment:checking '/home/nocc/Desktop/3dof_rehab_arm/install/rehab_arm_robot/lib/pkgconfig/rehab_arm_robot.pc'
[0.446s] Level 1:colcon.colcon_core.environment:checking '/home/nocc/Desktop/3dof_rehab_arm/install/rehab_arm_robot/lib/python3.10/site-packages'
[0.447s] Level 1:colcon.colcon_core.environment:checking '/home/nocc/Desktop/3dof_rehab_arm/install/rehab_arm_robot/bin'
[0.448s] INFO:colcon.colcon_core.shell:Creating package script '/home/nocc/Desktop/3dof_rehab_arm/install/rehab_arm_robot/share/rehab_arm_robot/package.ps1'
[0.449s] INFO:colcon.colcon_core.shell:Creating package descriptor '/home/nocc/Desktop/3dof_rehab_arm/install/rehab_arm_robot/share/rehab_arm_robot/package.dsv'
[0.451s] INFO:colcon.colcon_core.shell:Creating package script '/home/nocc/Desktop/3dof_rehab_arm/install/rehab_arm_robot/share/rehab_arm_robot/package.sh'
[0.452s] INFO:colcon.colcon_core.shell:Creating package script '/home/nocc/Desktop/3dof_rehab_arm/install/rehab_arm_robot/share/rehab_arm_robot/package.bash'
[0.454s] INFO:colcon.colcon_core.shell:Creating package script '/home/nocc/Desktop/3dof_rehab_arm/install/rehab_arm_robot/share/rehab_arm_robot/package.zsh'
[0.454s] Level 1:colcon.colcon_core.environment:create_file_with_runtime_dependencies(/home/nocc/Desktop/3dof_rehab_arm/install/rehab_arm_robot/share/colcon-core/packages/rehab_arm_robot)
[0.455s] INFO:colcon.colcon_ros.task.ament_cmake.build:Building ROS package in '/home/nocc/Desktop/3dof_rehab_arm/src/rehab_arm_robot_moveit_config' with build type 'ament_cmake'
[0.456s] INFO:colcon.colcon_cmake.task.cmake.build:Building CMake package in '/home/nocc/Desktop/3dof_rehab_arm/src/rehab_arm_robot_moveit_config'
[0.456s] INFO:colcon.colcon_core.shell:Skip shell extension 'powershell' for command environment: Not usable outside of PowerShell
[0.456s] DEBUG:colcon.colcon_core.shell:Skip shell extension 'dsv' for command environment
[0.472s] DEBUG:colcon.colcon_core.event_handler.log_command:Invoking command in '/home/nocc/Desktop/3dof_rehab_arm/build/rehab_arm_robot_moveit_config': CMAKE_PREFIX_PATH=/home/nocc/Desktop/3dof_rehab_arm/install/rehab_arm_robot:/home/nocc/Desktop/3dof_rehab_arm/install/rehab_arm_robot_moveit_config:/home/nocc/Desktop/3dof_rehab_arm/install/rehab_arm_robot_control:/home/nocc/Desktop/3dof_rehab_arm/install/odrive_joint_state_publisher:/home/nocc/Desktop/3dof_rehab_arm/install/can_odrive_interface:/opt/ros/humble /usr/bin/cmake --build /home/nocc/Desktop/3dof_rehab_arm/build/rehab_arm_robot_moveit_config -- -j8 -l8
[0.483s] DEBUG:colcon.colcon_core.event_handler.log_command:Invoked command in '/home/nocc/Desktop/3dof_rehab_arm/build/can_odrive_interface' returned '0': CMAKE_PREFIX_PATH=${CMAKE_PREFIX_PATH}:/opt/ros/humble /usr/bin/cmake --build /home/nocc/Desktop/3dof_rehab_arm/build/can_odrive_interface -- -j8 -l8
[0.486s] DEBUG:colcon.colcon_core.event_handler.log_command:Invoking command in '/home/nocc/Desktop/3dof_rehab_arm/build/can_odrive_interface': CMAKE_PREFIX_PATH=${CMAKE_PREFIX_PATH}:/opt/ros/humble /usr/bin/cmake --install /home/nocc/Desktop/3dof_rehab_arm/build/can_odrive_interface
[0.488s] DEBUG:colcon.colcon_core.event_handler.log_command:Invoked command in '/home/nocc/Desktop/3dof_rehab_arm/build/rehab_arm_robot_control' returned '0': CMAKE_PREFIX_PATH=${CMAKE_PREFIX_PATH}:/opt/ros/humble /usr/bin/cmake --build /home/nocc/Desktop/3dof_rehab_arm/build/rehab_arm_robot_control -- -j8 -l8
[0.490s] DEBUG:colcon.colcon_core.event_handler.log_command:Invoking command in '/home/nocc/Desktop/3dof_rehab_arm/build/rehab_arm_robot_control': CMAKE_PREFIX_PATH=${CMAKE_PREFIX_PATH}:/opt/ros/humble /usr/bin/cmake --install /home/nocc/Desktop/3dof_rehab_arm/build/rehab_arm_robot_control
[0.498s] Level 1:colcon.colcon_core.environment:create_environment_scripts_only(can_odrive_interface)
[0.499s] Level 1:colcon.colcon_core.environment:checking '/home/nocc/Desktop/3dof_rehab_arm/install/can_odrive_interface' for CMake module files
[0.500s] DEBUG:colcon.colcon_core.event_handler.log_command:Invoked command in '/home/nocc/Desktop/3dof_rehab_arm/build/can_odrive_interface' returned '0': CMAKE_PREFIX_PATH=${CMAKE_PREFIX_PATH}:/opt/ros/humble /usr/bin/cmake --install /home/nocc/Desktop/3dof_rehab_arm/build/can_odrive_interface
[0.500s] Level 1:colcon.colcon_core.environment:checking '/home/nocc/Desktop/3dof_rehab_arm/install/can_odrive_interface' for CMake config files
[0.503s] Level 1:colcon.colcon_core.shell:create_environment_hook('can_odrive_interface', 'cmake_prefix_path')
[0.503s] INFO:colcon.colcon_core.shell:Creating environment hook '/home/nocc/Desktop/3dof_rehab_arm/install/can_odrive_interface/share/can_odrive_interface/hook/cmake_prefix_path.ps1'
[0.504s] INFO:colcon.colcon_core.shell:Creating environment descriptor '/home/nocc/Desktop/3dof_rehab_arm/install/can_odrive_interface/share/can_odrive_interface/hook/cmake_prefix_path.dsv'
[0.504s] INFO:colcon.colcon_core.shell:Creating environment hook '/home/nocc/Desktop/3dof_rehab_arm/install/can_odrive_interface/share/can_odrive_interface/hook/cmake_prefix_path.sh'
[0.505s] Level 1:colcon.colcon_core.environment:checking '/home/nocc/Desktop/3dof_rehab_arm/install/can_odrive_interface/lib'
[0.505s] Level 1:colcon.colcon_core.shell:create_environment_hook('can_odrive_interface', 'ld_library_path_lib')
[0.505s] INFO:colcon.colcon_core.shell:Creating environment hook '/home/nocc/Desktop/3dof_rehab_arm/install/can_odrive_interface/share/can_odrive_interface/hook/ld_library_path_lib.ps1'
[0.505s] INFO:colcon.colcon_core.shell:Creating environment descriptor '/home/nocc/Desktop/3dof_rehab_arm/install/can_odrive_interface/share/can_odrive_interface/hook/ld_library_path_lib.dsv'
[0.506s] INFO:colcon.colcon_core.shell:Creating environment hook '/home/nocc/Desktop/3dof_rehab_arm/install/can_odrive_interface/share/can_odrive_interface/hook/ld_library_path_lib.sh'
[0.506s] Level 1:colcon.colcon_core.environment:checking '/home/nocc/Desktop/3dof_rehab_arm/install/can_odrive_interface/bin'
[0.506s] Level 1:colcon.colcon_core.environment:checking '/home/nocc/Desktop/3dof_rehab_arm/install/can_odrive_interface/lib/pkgconfig/can_odrive_interface.pc'
[0.506s] Level 1:colcon.colcon_core.environment:checking '/home/nocc/Desktop/3dof_rehab_arm/install/can_odrive_interface/lib/python3.10/site-packages'
[0.507s] Level 1:colcon.colcon_core.environment:checking '/home/nocc/Desktop/3dof_rehab_arm/install/can_odrive_interface/bin'
[0.507s] INFO:colcon.colcon_core.shell:Creating package script '/home/nocc/Desktop/3dof_rehab_arm/install/can_odrive_interface/share/can_odrive_interface/package.ps1'
[0.507s] INFO:colcon.colcon_core.shell:Creating package descriptor '/home/nocc/Desktop/3dof_rehab_arm/install/can_odrive_interface/share/can_odrive_interface/package.dsv'
[0.508s] INFO:colcon.colcon_core.shell:Creating package script '/home/nocc/Desktop/3dof_rehab_arm/install/can_odrive_interface/share/can_odrive_interface/package.sh'
[0.508s] INFO:colcon.colcon_core.shell:Creating package script '/home/nocc/Desktop/3dof_rehab_arm/install/can_odrive_interface/share/can_odrive_interface/package.bash'
[0.509s] INFO:colcon.colcon_core.shell:Creating package script '/home/nocc/Desktop/3dof_rehab_arm/install/can_odrive_interface/share/can_odrive_interface/package.zsh'
[0.509s] Level 1:colcon.colcon_core.environment:create_file_with_runtime_dependencies(/home/nocc/Desktop/3dof_rehab_arm/install/can_odrive_interface/share/colcon-core/packages/can_odrive_interface)
[0.510s] Level 1:colcon.colcon_core.environment:create_environment_scripts_only(can_odrive_interface)
[0.510s] Level 1:colcon.colcon_core.environment:checking '/home/nocc/Desktop/3dof_rehab_arm/install/can_odrive_interface' for CMake module files
[0.510s] Level 1:colcon.colcon_core.environment:checking '/home/nocc/Desktop/3dof_rehab_arm/install/can_odrive_interface' for CMake config files
[0.510s] Level 1:colcon.colcon_core.shell:create_environment_hook('can_odrive_interface', 'cmake_prefix_path')
[0.511s] INFO:colcon.colcon_core.shell:Creating environment hook '/home/nocc/Desktop/3dof_rehab_arm/install/can_odrive_interface/share/can_odrive_interface/hook/cmake_prefix_path.ps1'
[0.511s] INFO:colcon.colcon_core.shell:Creating environment descriptor '/home/nocc/Desktop/3dof_rehab_arm/install/can_odrive_interface/share/can_odrive_interface/hook/cmake_prefix_path.dsv'
[0.511s] INFO:colcon.colcon_core.shell:Creating environment hook '/home/nocc/Desktop/3dof_rehab_arm/install/can_odrive_interface/share/can_odrive_interface/hook/cmake_prefix_path.sh'
[0.512s] Level 1:colcon.colcon_core.environment:checking '/home/nocc/Desktop/3dof_rehab_arm/install/can_odrive_interface/lib'
[0.512s] Level 1:colcon.colcon_core.shell:create_environment_hook('can_odrive_interface', 'ld_library_path_lib')
[0.512s] INFO:colcon.colcon_core.shell:Creating environment hook '/home/nocc/Desktop/3dof_rehab_arm/install/can_odrive_interface/share/can_odrive_interface/hook/ld_library_path_lib.ps1'
[0.513s] INFO:colcon.colcon_core.shell:Creating environment descriptor '/home/nocc/Desktop/3dof_rehab_arm/install/can_odrive_interface/share/can_odrive_interface/hook/ld_library_path_lib.dsv'
[0.513s] INFO:colcon.colcon_core.shell:Creating environment hook '/home/nocc/Desktop/3dof_rehab_arm/install/can_odrive_interface/share/can_odrive_interface/hook/ld_library_path_lib.sh'
[0.513s] Level 1:colcon.colcon_core.environment:checking '/home/nocc/Desktop/3dof_rehab_arm/install/can_odrive_interface/bin'
[0.513s] Level 1:colcon.colcon_core.environment:checking '/home/nocc/Desktop/3dof_rehab_arm/install/can_odrive_interface/lib/pkgconfig/can_odrive_interface.pc'
[0.514s] Level 1:colcon.colcon_core.environment:checking '/home/nocc/Desktop/3dof_rehab_arm/install/can_odrive_interface/lib/python3.10/site-packages'
[0.514s] Level 1:colcon.colcon_core.environment:checking '/home/nocc/Desktop/3dof_rehab_arm/install/can_odrive_interface/bin'
[0.514s] INFO:colcon.colcon_core.shell:Creating package script '/home/nocc/Desktop/3dof_rehab_arm/install/can_odrive_interface/share/can_odrive_interface/package.ps1'
[0.515s] INFO:colcon.colcon_core.shell:Creating package descriptor '/home/nocc/Desktop/3dof_rehab_arm/install/can_odrive_interface/share/can_odrive_interface/package.dsv'
[0.515s] INFO:colcon.colcon_core.shell:Creating package script '/home/nocc/Desktop/3dof_rehab_arm/install/can_odrive_interface/share/can_odrive_interface/package.sh'
[0.516s] INFO:colcon.colcon_core.shell:Creating package script '/home/nocc/Desktop/3dof_rehab_arm/install/can_odrive_interface/share/can_odrive_interface/package.bash'
[0.516s] INFO:colcon.colcon_core.shell:Creating package script '/home/nocc/Desktop/3dof_rehab_arm/install/can_odrive_interface/share/can_odrive_interface/package.zsh'
[0.517s] Level 1:colcon.colcon_core.environment:create_file_with_runtime_dependencies(/home/nocc/Desktop/3dof_rehab_arm/install/can_odrive_interface/share/colcon-core/packages/can_odrive_interface)
[0.517s] INFO:colcon.colcon_ros.task.ament_cmake.build:Building ROS package in '/home/nocc/Desktop/3dof_rehab_arm/src/odrive_joint_state_publisher' with build type 'ament_cmake'
[0.517s] INFO:colcon.colcon_cmake.task.cmake.build:Building CMake package in '/home/nocc/Desktop/3dof_rehab_arm/src/odrive_joint_state_publisher'
[0.518s] INFO:colcon.colcon_core.shell:Skip shell extension 'powershell' for command environment: Not usable outside of PowerShell
[0.518s] DEBUG:colcon.colcon_core.shell:Skip shell extension 'dsv' for command environment
[0.522s] Level 1:colcon.colcon_core.environment:create_environment_scripts_only(rehab_arm_robot_control)
[0.522s] Level 1:colcon.colcon_core.environment:checking '/home/nocc/Desktop/3dof_rehab_arm/install/rehab_arm_robot_control' for CMake module files
[0.522s] DEBUG:colcon.colcon_core.event_handler.log_command:Invoked command in '/home/nocc/Desktop/3dof_rehab_arm/build/rehab_arm_robot_control' returned '0': CMAKE_PREFIX_PATH=${CMAKE_PREFIX_PATH}:/opt/ros/humble /usr/bin/cmake --install /home/nocc/Desktop/3dof_rehab_arm/build/rehab_arm_robot_control
[0.523s] Level 1:colcon.colcon_core.environment:checking '/home/nocc/Desktop/3dof_rehab_arm/install/rehab_arm_robot_control' for CMake config files
[0.523s] Level 1:colcon.colcon_core.shell:create_environment_hook('rehab_arm_robot_control', 'cmake_prefix_path')
[0.523s] INFO:colcon.colcon_core.shell:Creating environment hook '/home/nocc/Desktop/3dof_rehab_arm/install/rehab_arm_robot_control/share/rehab_arm_robot_control/hook/cmake_prefix_path.ps1'
[0.524s] INFO:colcon.colcon_core.shell:Creating environment descriptor '/home/nocc/Desktop/3dof_rehab_arm/install/rehab_arm_robot_control/share/rehab_arm_robot_control/hook/cmake_prefix_path.dsv'
[0.524s] INFO:colcon.colcon_core.shell:Creating environment hook '/home/nocc/Desktop/3dof_rehab_arm/install/rehab_arm_robot_control/share/rehab_arm_robot_control/hook/cmake_prefix_path.sh'
[0.524s] Level 1:colcon.colcon_core.environment:checking '/home/nocc/Desktop/3dof_rehab_arm/install/rehab_arm_robot_control/lib'
[0.525s] Level 1:colcon.colcon_core.environment:checking '/home/nocc/Desktop/3dof_rehab_arm/install/rehab_arm_robot_control/bin'
[0.525s] Level 1:colcon.colcon_core.environment:checking '/home/nocc/Desktop/3dof_rehab_arm/install/rehab_arm_robot_control/lib/pkgconfig/rehab_arm_robot_control.pc'
[0.525s] Level 1:colcon.colcon_core.environment:checking '/home/nocc/Desktop/3dof_rehab_arm/install/rehab_arm_robot_control/lib/python3.10/site-packages'
[0.525s] Level 1:colcon.colcon_core.environment:checking '/home/nocc/Desktop/3dof_rehab_arm/install/rehab_arm_robot_control/bin'
[0.525s] INFO:colcon.colcon_core.shell:Creating package script '/home/nocc/Desktop/3dof_rehab_arm/install/rehab_arm_robot_control/share/rehab_arm_robot_control/package.ps1'
[0.526s] INFO:colcon.colcon_core.shell:Creating package descriptor '/home/nocc/Desktop/3dof_rehab_arm/install/rehab_arm_robot_control/share/rehab_arm_robot_control/package.dsv'
[0.526s] INFO:colcon.colcon_core.shell:Creating package script '/home/nocc/Desktop/3dof_rehab_arm/install/rehab_arm_robot_control/share/rehab_arm_robot_control/package.sh'
[0.526s] INFO:colcon.colcon_core.shell:Creating package script '/home/nocc/Desktop/3dof_rehab_arm/install/rehab_arm_robot_control/share/rehab_arm_robot_control/package.bash'
[0.527s] INFO:colcon.colcon_core.shell:Creating package script '/home/nocc/Desktop/3dof_rehab_arm/install/rehab_arm_robot_control/share/rehab_arm_robot_control/package.zsh'
[0.527s] Level 1:colcon.colcon_core.environment:create_file_with_runtime_dependencies(/home/nocc/Desktop/3dof_rehab_arm/install/rehab_arm_robot_control/share/colcon-core/packages/rehab_arm_robot_control)
[0.527s] Level 1:colcon.colcon_core.environment:create_environment_scripts_only(rehab_arm_robot_control)
[0.528s] Level 1:colcon.colcon_core.environment:checking '/home/nocc/Desktop/3dof_rehab_arm/install/rehab_arm_robot_control' for CMake module files
[0.528s] Level 1:colcon.colcon_core.environment:checking '/home/nocc/Desktop/3dof_rehab_arm/install/rehab_arm_robot_control' for CMake config files
[0.528s] Level 1:colcon.colcon_core.shell:create_environment_hook('rehab_arm_robot_control', 'cmake_prefix_path')
[0.528s] INFO:colcon.colcon_core.shell:Creating environment hook '/home/nocc/Desktop/3dof_rehab_arm/install/rehab_arm_robot_control/share/rehab_arm_robot_control/hook/cmake_prefix_path.ps1'
[0.528s] INFO:colcon.colcon_core.shell:Creating environment descriptor '/home/nocc/Desktop/3dof_rehab_arm/install/rehab_arm_robot_control/share/rehab_arm_robot_control/hook/cmake_prefix_path.dsv'
[0.529s] INFO:colcon.colcon_core.shell:Creating environment hook '/home/nocc/Desktop/3dof_rehab_arm/install/rehab_arm_robot_control/share/rehab_arm_robot_control/hook/cmake_prefix_path.sh'
[0.529s] Level 1:colcon.colcon_core.environment:checking '/home/nocc/Desktop/3dof_rehab_arm/install/rehab_arm_robot_control/lib'
[0.529s] Level 1:colcon.colcon_core.environment:checking '/home/nocc/Desktop/3dof_rehab_arm/install/rehab_arm_robot_control/bin'
[0.529s] Level 1:colcon.colcon_core.environment:checking '/home/nocc/Desktop/3dof_rehab_arm/install/rehab_arm_robot_control/lib/pkgconfig/rehab_arm_robot_control.pc'
[0.529s] Level 1:colcon.colcon_core.environment:checking '/home/nocc/Desktop/3dof_rehab_arm/install/rehab_arm_robot_control/lib/python3.10/site-packages'
[0.530s] Level 1:colcon.colcon_core.environment:checking '/home/nocc/Desktop/3dof_rehab_arm/install/rehab_arm_robot_control/bin'
[0.530s] INFO:colcon.colcon_core.shell:Creating package script '/home/nocc/Desktop/3dof_rehab_arm/install/rehab_arm_robot_control/share/rehab_arm_robot_control/package.ps1'
[0.530s] INFO:colcon.colcon_core.shell:Creating package descriptor '/home/nocc/Desktop/3dof_rehab_arm/install/rehab_arm_robot_control/share/rehab_arm_robot_control/package.dsv'
[0.531s] INFO:colcon.colcon_core.shell:Creating package script '/home/nocc/Desktop/3dof_rehab_arm/install/rehab_arm_robot_control/share/rehab_arm_robot_control/package.sh'
[0.531s] INFO:colcon.colcon_core.shell:Creating package script '/home/nocc/Desktop/3dof_rehab_arm/install/rehab_arm_robot_control/share/rehab_arm_robot_control/package.bash'
[0.531s] INFO:colcon.colcon_core.shell:Creating package script '/home/nocc/Desktop/3dof_rehab_arm/install/rehab_arm_robot_control/share/rehab_arm_robot_control/package.zsh'
[0.532s] Level 1:colcon.colcon_core.environment:create_file_with_runtime_dependencies(/home/nocc/Desktop/3dof_rehab_arm/install/rehab_arm_robot_control/share/colcon-core/packages/rehab_arm_robot_control)
[0.533s] DEBUG:colcon.colcon_core.event_handler.log_command:Invoked command in '/home/nocc/Desktop/3dof_rehab_arm/build/rehab_arm_robot_moveit_config' returned '0': CMAKE_PREFIX_PATH=/home/nocc/Desktop/3dof_rehab_arm/install/rehab_arm_robot:/home/nocc/Desktop/3dof_rehab_arm/install/rehab_arm_robot_moveit_config:/home/nocc/Desktop/3dof_rehab_arm/install/rehab_arm_robot_control:/home/nocc/Desktop/3dof_rehab_arm/install/odrive_joint_state_publisher:/home/nocc/Desktop/3dof_rehab_arm/install/can_odrive_interface:/opt/ros/humble /usr/bin/cmake --build /home/nocc/Desktop/3dof_rehab_arm/build/rehab_arm_robot_moveit_config -- -j8 -l8
[0.534s] DEBUG:colcon.colcon_core.event_handler.log_command:Invoking command in '/home/nocc/Desktop/3dof_rehab_arm/build/rehab_arm_robot_moveit_config': CMAKE_PREFIX_PATH=/home/nocc/Desktop/3dof_rehab_arm/install/rehab_arm_robot:/home/nocc/Desktop/3dof_rehab_arm/install/rehab_arm_robot_moveit_config:/home/nocc/Desktop/3dof_rehab_arm/install/rehab_arm_robot_control:/home/nocc/Desktop/3dof_rehab_arm/install/odrive_joint_state_publisher:/home/nocc/Desktop/3dof_rehab_arm/install/can_odrive_interface:/opt/ros/humble /usr/bin/cmake --install /home/nocc/Desktop/3dof_rehab_arm/build/rehab_arm_robot_moveit_config
[0.537s] DEBUG:colcon.colcon_core.event_handler.log_command:Invoking command in '/home/nocc/Desktop/3dof_rehab_arm/build/odrive_joint_state_publisher': CMAKE_PREFIX_PATH=/home/nocc/Desktop/3dof_rehab_arm/install/can_odrive_interface:/home/nocc/Desktop/3dof_rehab_arm/install/rehab_arm_robot_moveit_config:/home/nocc/Desktop/3dof_rehab_arm/install/rehab_arm_robot_control:/home/nocc/Desktop/3dof_rehab_arm/install/rehab_arm_robot:/home/nocc/Desktop/3dof_rehab_arm/install/odrive_joint_state_publisher:/opt/ros/humble LD_LIBRARY_PATH=/home/nocc/Desktop/3dof_rehab_arm/install/can_odrive_interface/lib:/usr/lib/x86_64-linux-gnu/gazebo-11/plugins:/opt/ros/humble/opt/rviz_ogre_vendor/lib:/opt/ros/humble/lib/x86_64-linux-gnu:/opt/ros/humble/lib:/usr/lib/x86_64-linux-gnu/gazebo-11/plugins /usr/bin/cmake --build /home/nocc/Desktop/3dof_rehab_arm/build/odrive_joint_state_publisher -- -j8 -l8
[0.547s] Level 1:colcon.colcon_core.environment:create_environment_scripts_only(rehab_arm_robot_moveit_config)
[0.548s] Level 1:colcon.colcon_core.environment:checking '/home/nocc/Desktop/3dof_rehab_arm/install/rehab_arm_robot_moveit_config' for CMake module files
[0.548s] DEBUG:colcon.colcon_core.event_handler.log_command:Invoked command in '/home/nocc/Desktop/3dof_rehab_arm/build/rehab_arm_robot_moveit_config' returned '0': CMAKE_PREFIX_PATH=/home/nocc/Desktop/3dof_rehab_arm/install/rehab_arm_robot:/home/nocc/Desktop/3dof_rehab_arm/install/rehab_arm_robot_moveit_config:/home/nocc/Desktop/3dof_rehab_arm/install/rehab_arm_robot_control:/home/nocc/Desktop/3dof_rehab_arm/install/odrive_joint_state_publisher:/home/nocc/Desktop/3dof_rehab_arm/install/can_odrive_interface:/opt/ros/humble /usr/bin/cmake --install /home/nocc/Desktop/3dof_rehab_arm/build/rehab_arm_robot_moveit_config
[0.549s] Level 1:colcon.colcon_core.environment:checking '/home/nocc/Desktop/3dof_rehab_arm/install/rehab_arm_robot_moveit_config' for CMake config files
[0.549s] Level 1:colcon.colcon_core.shell:create_environment_hook('rehab_arm_robot_moveit_config', 'cmake_prefix_path')
[0.549s] INFO:colcon.colcon_core.shell:Creating environment hook '/home/nocc/Desktop/3dof_rehab_arm/install/rehab_arm_robot_moveit_config/share/rehab_arm_robot_moveit_config/hook/cmake_prefix_path.ps1'
[0.550s] INFO:colcon.colcon_core.shell:Creating environment descriptor '/home/nocc/Desktop/3dof_rehab_arm/install/rehab_arm_robot_moveit_config/share/rehab_arm_robot_moveit_config/hook/cmake_prefix_path.dsv'
[0.550s] INFO:colcon.colcon_core.shell:Creating environment hook '/home/nocc/Desktop/3dof_rehab_arm/install/rehab_arm_robot_moveit_config/share/rehab_arm_robot_moveit_config/hook/cmake_prefix_path.sh'
[0.551s] Level 1:colcon.colcon_core.environment:checking '/home/nocc/Desktop/3dof_rehab_arm/install/rehab_arm_robot_moveit_config/bin'
[0.551s] Level 1:colcon.colcon_core.environment:checking '/home/nocc/Desktop/3dof_rehab_arm/install/rehab_arm_robot_moveit_config/lib/pkgconfig/rehab_arm_robot_moveit_config.pc'
[0.551s] Level 1:colcon.colcon_core.environment:checking '/home/nocc/Desktop/3dof_rehab_arm/install/rehab_arm_robot_moveit_config/lib/python3.10/site-packages'
[0.551s] Level 1:colcon.colcon_core.environment:checking '/home/nocc/Desktop/3dof_rehab_arm/install/rehab_arm_robot_moveit_config/bin'
[0.552s] INFO:colcon.colcon_core.shell:Creating package script '/home/nocc/Desktop/3dof_rehab_arm/install/rehab_arm_robot_moveit_config/share/rehab_arm_robot_moveit_config/package.ps1'
[0.552s] INFO:colcon.colcon_core.shell:Creating package descriptor '/home/nocc/Desktop/3dof_rehab_arm/install/rehab_arm_robot_moveit_config/share/rehab_arm_robot_moveit_config/package.dsv'
[0.553s] INFO:colcon.colcon_core.shell:Creating package script '/home/nocc/Desktop/3dof_rehab_arm/install/rehab_arm_robot_moveit_config/share/rehab_arm_robot_moveit_config/package.sh'
[0.553s] INFO:colcon.colcon_core.shell:Creating package script '/home/nocc/Desktop/3dof_rehab_arm/install/rehab_arm_robot_moveit_config/share/rehab_arm_robot_moveit_config/package.bash'
[0.553s] INFO:colcon.colcon_core.shell:Creating package script '/home/nocc/Desktop/3dof_rehab_arm/install/rehab_arm_robot_moveit_config/share/rehab_arm_robot_moveit_config/package.zsh'
[0.553s] Level 1:colcon.colcon_core.environment:create_file_with_runtime_dependencies(/home/nocc/Desktop/3dof_rehab_arm/install/rehab_arm_robot_moveit_config/share/colcon-core/packages/rehab_arm_robot_moveit_config)
[0.554s] Level 1:colcon.colcon_core.environment:create_environment_scripts_only(rehab_arm_robot_moveit_config)
[0.554s] Level 1:colcon.colcon_core.environment:checking '/home/nocc/Desktop/3dof_rehab_arm/install/rehab_arm_robot_moveit_config' for CMake module files
[0.555s] Level 1:colcon.colcon_core.environment:checking '/home/nocc/Desktop/3dof_rehab_arm/install/rehab_arm_robot_moveit_config' for CMake config files
[0.555s] Level 1:colcon.colcon_core.shell:create_environment_hook('rehab_arm_robot_moveit_config', 'cmake_prefix_path')
[0.555s] INFO:colcon.colcon_core.shell:Creating environment hook '/home/nocc/Desktop/3dof_rehab_arm/install/rehab_arm_robot_moveit_config/share/rehab_arm_robot_moveit_config/hook/cmake_prefix_path.ps1'
[0.555s] INFO:colcon.colcon_core.shell:Creating environment descriptor '/home/nocc/Desktop/3dof_rehab_arm/install/rehab_arm_robot_moveit_config/share/rehab_arm_robot_moveit_config/hook/cmake_prefix_path.dsv'
[0.556s] INFO:colcon.colcon_core.shell:Creating environment hook '/home/nocc/Desktop/3dof_rehab_arm/install/rehab_arm_robot_moveit_config/share/rehab_arm_robot_moveit_config/hook/cmake_prefix_path.sh'
[0.556s] Level 1:colcon.colcon_core.environment:checking '/home/nocc/Desktop/3dof_rehab_arm/install/rehab_arm_robot_moveit_config/bin'
[0.556s] Level 1:colcon.colcon_core.environment:checking '/home/nocc/Desktop/3dof_rehab_arm/install/rehab_arm_robot_moveit_config/lib/pkgconfig/rehab_arm_robot_moveit_config.pc'
[0.556s] Level 1:colcon.colcon_core.environment:checking '/home/nocc/Desktop/3dof_rehab_arm/install/rehab_arm_robot_moveit_config/lib/python3.10/site-packages'
[0.557s] Level 1:colcon.colcon_core.environment:checking '/home/nocc/Desktop/3dof_rehab_arm/install/rehab_arm_robot_moveit_config/bin'
[0.557s] INFO:colcon.colcon_core.shell:Creating package script '/home/nocc/Desktop/3dof_rehab_arm/install/rehab_arm_robot_moveit_config/share/rehab_arm_robot_moveit_config/package.ps1'
[0.557s] INFO:colcon.colcon_core.shell:Creating package descriptor '/home/nocc/Desktop/3dof_rehab_arm/install/rehab_arm_robot_moveit_config/share/rehab_arm_robot_moveit_config/package.dsv'
[0.558s] INFO:colcon.colcon_core.shell:Creating package script '/home/nocc/Desktop/3dof_rehab_arm/install/rehab_arm_robot_moveit_config/share/rehab_arm_robot_moveit_config/package.sh'
[0.559s] INFO:colcon.colcon_core.shell:Creating package script '/home/nocc/Desktop/3dof_rehab_arm/install/rehab_arm_robot_moveit_config/share/rehab_arm_robot_moveit_config/package.bash'
[0.559s] INFO:colcon.colcon_core.shell:Creating package script '/home/nocc/Desktop/3dof_rehab_arm/install/rehab_arm_robot_moveit_config/share/rehab_arm_robot_moveit_config/package.zsh'
[0.559s] Level 1:colcon.colcon_core.environment:create_file_with_runtime_dependencies(/home/nocc/Desktop/3dof_rehab_arm/install/rehab_arm_robot_moveit_config/share/colcon-core/packages/rehab_arm_robot_moveit_config)
[0.592s] DEBUG:colcon.colcon_core.event_handler.log_command:Invoked command in '/home/nocc/Desktop/3dof_rehab_arm/build/odrive_joint_state_publisher' returned '0': CMAKE_PREFIX_PATH=/home/nocc/Desktop/3dof_rehab_arm/install/can_odrive_interface:/home/nocc/Desktop/3dof_rehab_arm/install/rehab_arm_robot_moveit_config:/home/nocc/Desktop/3dof_rehab_arm/install/rehab_arm_robot_control:/home/nocc/Desktop/3dof_rehab_arm/install/rehab_arm_robot:/home/nocc/Desktop/3dof_rehab_arm/install/odrive_joint_state_publisher:/opt/ros/humble LD_LIBRARY_PATH=/home/nocc/Desktop/3dof_rehab_arm/install/can_odrive_interface/lib:/usr/lib/x86_64-linux-gnu/gazebo-11/plugins:/opt/ros/humble/opt/rviz_ogre_vendor/lib:/opt/ros/humble/lib/x86_64-linux-gnu:/opt/ros/humble/lib:/usr/lib/x86_64-linux-gnu/gazebo-11/plugins /usr/bin/cmake --build /home/nocc/Desktop/3dof_rehab_arm/build/odrive_joint_state_publisher -- -j8 -l8
[0.594s] DEBUG:colcon.colcon_core.event_handler.log_command:Invoking command in '/home/nocc/Desktop/3dof_rehab_arm/build/odrive_joint_state_publisher': CMAKE_PREFIX_PATH=/home/nocc/Desktop/3dof_rehab_arm/install/can_odrive_interface:/home/nocc/Desktop/3dof_rehab_arm/install/rehab_arm_robot_moveit_config:/home/nocc/Desktop/3dof_rehab_arm/install/rehab_arm_robot_control:/home/nocc/Desktop/3dof_rehab_arm/install/rehab_arm_robot:/home/nocc/Desktop/3dof_rehab_arm/install/odrive_joint_state_publisher:/opt/ros/humble LD_LIBRARY_PATH=/home/nocc/Desktop/3dof_rehab_arm/install/can_odrive_interface/lib:/usr/lib/x86_64-linux-gnu/gazebo-11/plugins:/opt/ros/humble/opt/rviz_ogre_vendor/lib:/opt/ros/humble/lib/x86_64-linux-gnu:/opt/ros/humble/lib:/usr/lib/x86_64-linux-gnu/gazebo-11/plugins /usr/bin/cmake --install /home/nocc/Desktop/3dof_rehab_arm/build/odrive_joint_state_publisher
[0.601s] Level 1:colcon.colcon_core.environment:create_environment_scripts_only(odrive_joint_state_publisher)
[0.601s] Level 1:colcon.colcon_core.environment:checking '/home/nocc/Desktop/3dof_rehab_arm/install/odrive_joint_state_publisher' for CMake module files
[0.602s] DEBUG:colcon.colcon_core.event_handler.log_command:Invoked command in '/home/nocc/Desktop/3dof_rehab_arm/build/odrive_joint_state_publisher' returned '0': CMAKE_PREFIX_PATH=/home/nocc/Desktop/3dof_rehab_arm/install/can_odrive_interface:/home/nocc/Desktop/3dof_rehab_arm/install/rehab_arm_robot_moveit_config:/home/nocc/Desktop/3dof_rehab_arm/install/rehab_arm_robot_control:/home/nocc/Desktop/3dof_rehab_arm/install/rehab_arm_robot:/home/nocc/Desktop/3dof_rehab_arm/install/odrive_joint_state_publisher:/opt/ros/humble LD_LIBRARY_PATH=/home/nocc/Desktop/3dof_rehab_arm/install/can_odrive_interface/lib:/usr/lib/x86_64-linux-gnu/gazebo-11/plugins:/opt/ros/humble/opt/rviz_ogre_vendor/lib:/opt/ros/humble/lib/x86_64-linux-gnu:/opt/ros/humble/lib:/usr/lib/x86_64-linux-gnu/gazebo-11/plugins /usr/bin/cmake --install /home/nocc/Desktop/3dof_rehab_arm/build/odrive_joint_state_publisher
[0.602s] Level 1:colcon.colcon_core.environment:checking '/home/nocc/Desktop/3dof_rehab_arm/install/odrive_joint_state_publisher' for CMake config files
[0.603s] Level 1:colcon.colcon_core.shell:create_environment_hook('odrive_joint_state_publisher', 'cmake_prefix_path')
[0.603s] INFO:colcon.colcon_core.shell:Creating environment hook '/home/nocc/Desktop/3dof_rehab_arm/install/odrive_joint_state_publisher/share/odrive_joint_state_publisher/hook/cmake_prefix_path.ps1'
[0.603s] INFO:colcon.colcon_core.shell:Creating environment descriptor '/home/nocc/Desktop/3dof_rehab_arm/install/odrive_joint_state_publisher/share/odrive_joint_state_publisher/hook/cmake_prefix_path.dsv'
[0.604s] INFO:colcon.colcon_core.shell:Creating environment hook '/home/nocc/Desktop/3dof_rehab_arm/install/odrive_joint_state_publisher/share/odrive_joint_state_publisher/hook/cmake_prefix_path.sh'
[0.604s] Level 1:colcon.colcon_core.environment:checking '/home/nocc/Desktop/3dof_rehab_arm/install/odrive_joint_state_publisher/lib'
[0.604s] Level 1:colcon.colcon_core.environment:checking '/home/nocc/Desktop/3dof_rehab_arm/install/odrive_joint_state_publisher/bin'
[0.604s] Level 1:colcon.colcon_core.environment:checking '/home/nocc/Desktop/3dof_rehab_arm/install/odrive_joint_state_publisher/lib/pkgconfig/odrive_joint_state_publisher.pc'
[0.605s] Level 1:colcon.colcon_core.environment:checking '/home/nocc/Desktop/3dof_rehab_arm/install/odrive_joint_state_publisher/lib/python3.10/site-packages'
[0.605s] Level 1:colcon.colcon_core.environment:checking '/home/nocc/Desktop/3dof_rehab_arm/install/odrive_joint_state_publisher/bin'
[0.605s] INFO:colcon.colcon_core.shell:Creating package script '/home/nocc/Desktop/3dof_rehab_arm/install/odrive_joint_state_publisher/share/odrive_joint_state_publisher/package.ps1'
[0.605s] INFO:colcon.colcon_core.shell:Creating package descriptor '/home/nocc/Desktop/3dof_rehab_arm/install/odrive_joint_state_publisher/share/odrive_joint_state_publisher/package.dsv'
[0.606s] INFO:colcon.colcon_core.shell:Creating package script '/home/nocc/Desktop/3dof_rehab_arm/install/odrive_joint_state_publisher/share/odrive_joint_state_publisher/package.sh'
[0.606s] INFO:colcon.colcon_core.shell:Creating package script '/home/nocc/Desktop/3dof_rehab_arm/install/odrive_joint_state_publisher/share/odrive_joint_state_publisher/package.bash'
[0.606s] INFO:colcon.colcon_core.shell:Creating package script '/home/nocc/Desktop/3dof_rehab_arm/install/odrive_joint_state_publisher/share/odrive_joint_state_publisher/package.zsh'
[0.607s] Level 1:colcon.colcon_core.environment:create_file_with_runtime_dependencies(/home/nocc/Desktop/3dof_rehab_arm/install/odrive_joint_state_publisher/share/colcon-core/packages/odrive_joint_state_publisher)
[0.607s] Level 1:colcon.colcon_core.environment:create_environment_scripts_only(odrive_joint_state_publisher)
[0.607s] Level 1:colcon.colcon_core.environment:checking '/home/nocc/Desktop/3dof_rehab_arm/install/odrive_joint_state_publisher' for CMake module files
[0.608s] Level 1:colcon.colcon_core.environment:checking '/home/nocc/Desktop/3dof_rehab_arm/install/odrive_joint_state_publisher' for CMake config files
[0.608s] Level 1:colcon.colcon_core.shell:create_environment_hook('odrive_joint_state_publisher', 'cmake_prefix_path')
[0.608s] INFO:colcon.colcon_core.shell:Creating environment hook '/home/nocc/Desktop/3dof_rehab_arm/install/odrive_joint_state_publisher/share/odrive_joint_state_publisher/hook/cmake_prefix_path.ps1'
[0.608s] INFO:colcon.colcon_core.shell:Creating environment descriptor '/home/nocc/Desktop/3dof_rehab_arm/install/odrive_joint_state_publisher/share/odrive_joint_state_publisher/hook/cmake_prefix_path.dsv'
[0.609s] INFO:colcon.colcon_core.shell:Creating environment hook '/home/nocc/Desktop/3dof_rehab_arm/install/odrive_joint_state_publisher/share/odrive_joint_state_publisher/hook/cmake_prefix_path.sh'
[0.609s] Level 1:colcon.colcon_core.environment:checking '/home/nocc/Desktop/3dof_rehab_arm/install/odrive_joint_state_publisher/lib'
[0.609s] Level 1:colcon.colcon_core.environment:checking '/home/nocc/Desktop/3dof_rehab_arm/install/odrive_joint_state_publisher/bin'
[0.609s] Level 1:colcon.colcon_core.environment:checking '/home/nocc/Desktop/3dof_rehab_arm/install/odrive_joint_state_publisher/lib/pkgconfig/odrive_joint_state_publisher.pc'
[0.609s] Level 1:colcon.colcon_core.environment:checking '/home/nocc/Desktop/3dof_rehab_arm/install/odrive_joint_state_publisher/lib/python3.10/site-packages'
[0.609s] Level 1:colcon.colcon_core.environment:checking '/home/nocc/Desktop/3dof_rehab_arm/install/odrive_joint_state_publisher/bin'
[0.610s] INFO:colcon.colcon_core.shell:Creating package script '/home/nocc/Desktop/3dof_rehab_arm/install/odrive_joint_state_publisher/share/odrive_joint_state_publisher/package.ps1'
[0.610s] INFO:colcon.colcon_core.shell:Creating package descriptor '/home/nocc/Desktop/3dof_rehab_arm/install/odrive_joint_state_publisher/share/odrive_joint_state_publisher/package.dsv'
[0.610s] INFO:colcon.colcon_core.shell:Creating package script '/home/nocc/Desktop/3dof_rehab_arm/install/odrive_joint_state_publisher/share/odrive_joint_state_publisher/package.sh'
[0.611s] INFO:colcon.colcon_core.shell:Creating package script '/home/nocc/Desktop/3dof_rehab_arm/install/odrive_joint_state_publisher/share/odrive_joint_state_publisher/package.bash'
[0.611s] INFO:colcon.colcon_core.shell:Creating package script '/home/nocc/Desktop/3dof_rehab_arm/install/odrive_joint_state_publisher/share/odrive_joint_state_publisher/package.zsh'
[0.611s] Level 1:colcon.colcon_core.environment:create_file_with_runtime_dependencies(/home/nocc/Desktop/3dof_rehab_arm/install/odrive_joint_state_publisher/share/colcon-core/packages/odrive_joint_state_publisher)
[0.612s] DEBUG:colcon.colcon_parallel_executor.executor.parallel:closing loop
[0.612s] DEBUG:colcon.colcon_parallel_executor.executor.parallel:loop closed
[0.612s] DEBUG:colcon.colcon_parallel_executor.executor.parallel:run_until_complete finished with '0'
[0.612s] DEBUG:colcon.colcon_core.event_reactor:joining thread
[0.617s] INFO:colcon.colcon_core.plugin_system:Skipping extension 'colcon_notification.desktop_notification.terminal_notifier': Not used on non-Darwin systems
[0.617s] INFO:colcon.colcon_core.plugin_system:Skipping extension 'colcon_notification.desktop_notification.win32': Not used on non-Windows systems
[0.617s] INFO:colcon.colcon_notification.desktop_notification:Sending desktop notification using 'notify2'
[0.626s] DEBUG:colcon.colcon_core.event_reactor:joined thread
[0.626s] INFO:colcon.colcon_core.shell:Creating prefix script '/home/nocc/Desktop/3dof_rehab_arm/install/local_setup.ps1'
[0.627s] INFO:colcon.colcon_core.shell:Creating prefix util module '/home/nocc/Desktop/3dof_rehab_arm/install/_local_setup_util_ps1.py'
[0.628s] INFO:colcon.colcon_core.shell:Creating prefix chain script '/home/nocc/Desktop/3dof_rehab_arm/install/setup.ps1'
[0.629s] INFO:colcon.colcon_core.shell:Creating prefix script '/home/nocc/Desktop/3dof_rehab_arm/install/local_setup.sh'
[0.630s] INFO:colcon.colcon_core.shell:Creating prefix util module '/home/nocc/Desktop/3dof_rehab_arm/install/_local_setup_util_sh.py'
[0.630s] INFO:colcon.colcon_core.shell:Creating prefix chain script '/home/nocc/Desktop/3dof_rehab_arm/install/setup.sh'
[0.631s] INFO:colcon.colcon_core.shell:Creating prefix script '/home/nocc/Desktop/3dof_rehab_arm/install/local_setup.bash'
[0.632s] INFO:colcon.colcon_core.shell:Creating prefix chain script '/home/nocc/Desktop/3dof_rehab_arm/install/setup.bash'
[0.633s] INFO:colcon.colcon_core.shell:Creating prefix script '/home/nocc/Desktop/3dof_rehab_arm/install/local_setup.zsh'
[0.633s] INFO:colcon.colcon_core.shell:Creating prefix chain script '/home/nocc/Desktop/3dof_rehab_arm/install/setup.zsh'
