[01m[K/home/nocc/Desktop/3dof_rehab_arm/src/rehab_arm_robot_control/src/planning.cpp:[m[K In lambda function:
[01m[K/home/nocc/Desktop/3dof_rehab_arm/src/rehab_arm_robot_control/src/planning.cpp:175:49:[m[K [01;31m[Kerror: [m[Kno matching function for call to ‘[01m[Kmoveit_visual_tools::MoveItVisualTools::publishTrajectoryLine(const JointTrajectory&, const std::vector<std::__cxx11::basic_string<char> >&)[m[K’
  175 |             [01;31m[Kvisual_tools_->publishTrajectoryLine(trajectory, arm_joints)[m[K;
      |             [01;31m[K~~~~~~~~~~~~~~~~~~~~~~~~~~~~~~~~~~~~^~~~~~~~~~~~~~~~~~~~~~~~[m[K
In file included from [01m[K/home/nocc/Desktop/3dof_rehab_arm/src/rehab_arm_robot_control/src/planning.cpp:128[m[K:
[01m[K/opt/ros/humble/include/moveit_visual_tools/moveit_visual_tools.h:591:8:[m[K [01;36m[Knote: [m[Kcandidate: ‘[01m[Kbool moveit_visual_tools::MoveItVisualTools::publishTrajectoryLine(const RobotTrajectory&, const moveit::core::LinkModel*, const moveit::core::JointModelGroup*, const rviz_visual_tools::Colors&)[m[K’
  591 |   bool [01;36m[KpublishTrajectoryLine[m[K(const moveit_msgs::msg::RobotTrajectory& trajectory_msg,
      |        [01;36m[K^~~~~~~~~~~~~~~~~~~~~[m[K
[01m[K/opt/ros/humble/include/moveit_visual_tools/moveit_visual_tools.h:591:8:[m[K [01;36m[Knote: [m[K  candidate expects 4 arguments, 2 provided
[01m[K/opt/ros/humble/include/moveit_visual_tools/moveit_visual_tools.h:595:8:[m[K [01;36m[Knote: [m[Kcandidate: ‘[01m[Kbool moveit_visual_tools::MoveItVisualTools::publishTrajectoryLine(const RobotTrajectoryPtr&, const moveit::core::LinkModel*, const rviz_visual_tools::Colors&)[m[K’
  595 |   bool [01;36m[KpublishTrajectoryLine[m[K(const robot_trajectory::RobotTrajectoryPtr& robot_trajectory,
      |        [01;36m[K^~~~~~~~~~~~~~~~~~~~~[m[K
[01m[K/opt/ros/humble/include/moveit_visual_tools/moveit_visual_tools.h:595:74:[m[K [01;36m[Knote: [m[K  no known conversion for argument 1 from ‘[01m[Kconst JointTrajectory[m[K’ {aka ‘[01m[Kconst trajectory_msgs::msg::JointTrajectory_<std::allocator<void> >[m[K’} to ‘[01m[Kconst RobotTrajectoryPtr&[m[K’ {aka ‘[01m[Kconst std::shared_ptr<robot_trajectory::RobotTrajectory>&[m[K’}
  595 |   bool publishTrajectoryLine([01;36m[Kconst robot_trajectory::RobotTrajectoryPtr& robot_trajectory[m[K,
      |                              [01;36m[K~~~~~~~~~~~~~~~~~~~~~~~~~~~~~~~~~~~~~~~~~~~~^~~~~~~~~~~~~~~~[m[K
[01m[K/opt/ros/humble/include/moveit_visual_tools/moveit_visual_tools.h:598:8:[m[K [01;36m[Knote: [m[Kcandidate: ‘[01m[Kbool moveit_visual_tools::MoveItVisualTools::publishTrajectoryLine(const robot_trajectory::RobotTrajectory&, const moveit::core::LinkModel*, const rviz_visual_tools::Colors&)[m[K’
  598 |   bool [01;36m[KpublishTrajectoryLine[m[K(const robot_trajectory::RobotTrajectory& robot_trajectory,
      |        [01;36m[K^~~~~~~~~~~~~~~~~~~~~[m[K
[01m[K/opt/ros/humble/include/moveit_visual_tools/moveit_visual_tools.h:598:71:[m[K [01;36m[Knote: [m[K  no known conversion for argument 1 from ‘[01m[Kconst JointTrajectory[m[K’ {aka ‘[01m[Kconst trajectory_msgs::msg::JointTrajectory_<std::allocator<void> >[m[K’} to ‘[01m[Kconst robot_trajectory::RobotTrajectory&[m[K’
  598 |   bool publishTrajectoryLine([01;36m[Kconst robot_trajectory::RobotTrajectory& robot_trajectory[m[K,
      |                              [01;36m[K~~~~~~~~~~~~~~~~~~~~~~~~~~~~~~~~~~~~~~~~~^~~~~~~~~~~~~~~~[m[K
[01m[K/opt/ros/humble/include/moveit_visual_tools/moveit_visual_tools.h:610:8:[m[K [01;36m[Knote: [m[Kcandidate: ‘[01m[Kbool moveit_visual_tools::MoveItVisualTools::publishTrajectoryLine(const RobotTrajectory&, const moveit::core::JointModelGroup*, const rviz_visual_tools::Colors&)[m[K’
  610 |   bool [01;36m[KpublishTrajectoryLine[m[K(const moveit_msgs::msg::RobotTrajectory& trajectory_msg,
      |        [01;36m[K^~~~~~~~~~~~~~~~~~~~~[m[K
[01m[K/opt/ros/humble/include/moveit_visual_tools/moveit_visual_tools.h:610:71:[m[K [01;36m[Knote: [m[K  no known conversion for argument 1 from ‘[01m[Kconst JointTrajectory[m[K’ {aka ‘[01m[Kconst trajectory_msgs::msg::JointTrajectory_<std::allocator<void> >[m[K’} to ‘[01m[Kconst RobotTrajectory&[m[K’ {aka ‘[01m[Kconst moveit_msgs::msg::RobotTrajectory_<std::allocator<void> >&[m[K’}
  610 |   bool publishTrajectoryLine([01;36m[Kconst moveit_msgs::msg::RobotTrajectory& trajectory_msg[m[K,
      |                              [01;36m[K~~~~~~~~~~~~~~~~~~~~~~~~~~~~~~~~~~~~~~~~~^~~~~~~~~~~~~~[m[K
[01m[K/opt/ros/humble/include/moveit_visual_tools/moveit_visual_tools.h:613:8:[m[K [01;36m[Knote: [m[Kcandidate: ‘[01m[Kbool moveit_visual_tools::MoveItVisualTools::publishTrajectoryLine(const RobotTrajectoryPtr&, const moveit::core::JointModelGroup*, const rviz_visual_tools::Colors&)[m[K’
  613 |   bool [01;36m[KpublishTrajectoryLine[m[K(const robot_trajectory::RobotTrajectoryPtr& robot_trajectory,
      |        [01;36m[K^~~~~~~~~~~~~~~~~~~~~[m[K
[01m[K/opt/ros/humble/include/moveit_visual_tools/moveit_visual_tools.h:613:74:[m[K [01;36m[Knote: [m[K  no known conversion for argument 1 from ‘[01m[Kconst JointTrajectory[m[K’ {aka ‘[01m[Kconst trajectory_msgs::msg::JointTrajectory_<std::allocator<void> >[m[K’} to ‘[01m[Kconst RobotTrajectoryPtr&[m[K’ {aka ‘[01m[Kconst std::shared_ptr<robot_trajectory::RobotTrajectory>&[m[K’}
  613 |   bool publishTrajectoryLine([01;36m[Kconst robot_trajectory::RobotTrajectoryPtr& robot_trajectory[m[K,
      |                              [01;36m[K~~~~~~~~~~~~~~~~~~~~~~~~~~~~~~~~~~~~~~~~~~~~^~~~~~~~~~~~~~~~[m[K
[01m[K/opt/ros/humble/include/moveit_visual_tools/moveit_visual_tools.h:616:8:[m[K [01;36m[Knote: [m[Kcandidate: ‘[01m[Kbool moveit_visual_tools::MoveItVisualTools::publishTrajectoryLine(const robot_trajectory::RobotTrajectory&, const moveit::core::JointModelGroup*, const rviz_visual_tools::Colors&)[m[K’
  616 |   bool [01;36m[KpublishTrajectoryLine[m[K(const robot_trajectory::RobotTrajectory& robot_trajectory,
      |        [01;36m[K^~~~~~~~~~~~~~~~~~~~~[m[K
[01m[K/opt/ros/humble/include/moveit_visual_tools/moveit_visual_tools.h:616:71:[m[K [01;36m[Knote: [m[K  no known conversion for argument 1 from ‘[01m[Kconst JointTrajectory[m[K’ {aka ‘[01m[Kconst trajectory_msgs::msg::JointTrajectory_<std::allocator<void> >[m[K’} to ‘[01m[Kconst robot_trajectory::RobotTrajectory&[m[K’
  616 |   bool publishTrajectoryLine([01;36m[Kconst robot_trajectory::RobotTrajectory& robot_trajectory[m[K,
      |                              [01;36m[K~~~~~~~~~~~~~~~~~~~~~~~~~~~~~~~~~~~~~~~~~^~~~~~~~~~~~~~~~[m[K
In file included from [01m[K/usr/include/x86_64-linux-gnu/c++/11/bits/c++allocator.h:33[m[K,
                 from [01m[K/usr/include/c++/11/bits/allocator.h:46[m[K,
                 from [01m[K/usr/include/c++/11/unordered_map:40[m[K,
                 from [01m[K/usr/include/c++/11/functional:61[m[K,
                 from [01m[K/home/nocc/Desktop/3dof_rehab_arm/src/rehab_arm_robot_control/src/planning.cpp:122[m[K:
/usr/include/c++/11/ext/new_allocator.h: In instantiation of ‘[01m[Kvoid __gnu_cxx::new_allocator<_Tp>::construct(_Up*, _Args&& ...) [with _Up = moveit_visual_tools::MoveItVisualTools; _Args = {const char (&)[10], const char (&)[19]}; _Tp = moveit_visual_tools::MoveItVisualTools][m[K’:
[01m[K/usr/include/c++/11/bits/alloc_traits.h:516:17:[m[K   required from ‘[01m[Kstatic void std::allocator_traits<std::allocator<_Tp1> >::construct(std::allocator_traits<std::allocator<_Tp1> >::allocator_type&, _Up*, _Args&& ...) [with _Up = moveit_visual_tools::MoveItVisualTools; _Args = {const char (&)[10], const char (&)[19]}; _Tp = moveit_visual_tools::MoveItVisualTools; std::allocator_traits<std::allocator<_Tp1> >::allocator_type = std::allocator<moveit_visual_tools::MoveItVisualTools>][m[K’
[01m[K/usr/include/c++/11/bits/shared_ptr_base.h:519:39:[m[K   required from ‘[01m[Kstd::_Sp_counted_ptr_inplace<_Tp, _Alloc, _Lp>::_Sp_counted_ptr_inplace(_Alloc, _Args&& ...) [with _Args = {const char (&)[10], const char (&)[19]}; _Tp = moveit_visual_tools::MoveItVisualTools; _Alloc = std::allocator<moveit_visual_tools::MoveItVisualTools>; __gnu_cxx::_Lock_policy _Lp = __gnu_cxx::_S_atomic][m[K’
[01m[K/usr/include/c++/11/bits/shared_ptr_base.h:650:16:[m[K   required from ‘[01m[Kstd::__shared_count<_Lp>::__shared_count(_Tp*&, std::_Sp_alloc_shared_tag<_Alloc>, _Args&& ...) [with _Tp = moveit_visual_tools::MoveItVisualTools; _Alloc = std::allocator<moveit_visual_tools::MoveItVisualTools>; _Args = {const char (&)[10], const char (&)[19]}; __gnu_cxx::_Lock_policy _Lp = __gnu_cxx::_S_atomic][m[K’
[01m[K/usr/include/c++/11/bits/shared_ptr_base.h:1342:14:[m[K   required from ‘[01m[Kstd::__shared_ptr<_Tp, _Lp>::__shared_ptr(std::_Sp_alloc_shared_tag<_Tp>, _Args&& ...) [with _Alloc = std::allocator<moveit_visual_tools::MoveItVisualTools>; _Args = {const char (&)[10], const char (&)[19]}; _Tp = moveit_visual_tools::MoveItVisualTools; __gnu_cxx::_Lock_policy _Lp = __gnu_cxx::_S_atomic][m[K’
[01m[K/usr/include/c++/11/bits/shared_ptr.h:409:59:[m[K   required from ‘[01m[Kstd::shared_ptr<_Tp>::shared_ptr(std::_Sp_alloc_shared_tag<_Tp>, _Args&& ...) [with _Alloc = std::allocator<moveit_visual_tools::MoveItVisualTools>; _Args = {const char (&)[10], const char (&)[19]}; _Tp = moveit_visual_tools::MoveItVisualTools][m[K’
[01m[K/usr/include/c++/11/bits/shared_ptr.h:862:14:[m[K   required from ‘[01m[Kstd::shared_ptr<_Tp> std::allocate_shared(const _Alloc&, _Args&& ...) [with _Tp = moveit_visual_tools::MoveItVisualTools; _Alloc = std::allocator<moveit_visual_tools::MoveItVisualTools>; _Args = {const char (&)[10], const char (&)[19]}][m[K’
[01m[K/usr/include/c++/11/bits/shared_ptr.h:878:39:[m[K   required from ‘[01m[Kstd::shared_ptr<_Tp> std::make_shared(_Args&& ...) [with _Tp = moveit_visual_tools::MoveItVisualTools; _Args = {const char (&)[10], const char (&)[19]}][m[K’
[01m[K/home/nocc/Desktop/3dof_rehab_arm/src/rehab_arm_robot_control/src/planning.cpp:151:81:[m[K   required from here
[01m[K/usr/include/c++/11/ext/new_allocator.h:162:11:[m[K [01;31m[Kerror: [m[Kno matching function for call to ‘[01m[Kmoveit_visual_tools::MoveItVisualTools::MoveItVisualTools(const char [10], const char [19])[m[K’
  162 |         { [01;31m[K::new((void *)__p) _Up(std::forward<_Args>(__args)...)[m[K; }
      |           [01;31m[K^~~~~~~~~~~~~~~~~~~~~~~~~~~~~~~~~~~~~~~~~~~~~~~~~~~~~~[m[K
In file included from [01m[K/home/nocc/Desktop/3dof_rehab_arm/src/rehab_arm_robot_control/src/planning.cpp:128[m[K:
[01m[K/opt/ros/humble/include/moveit_visual_tools/moveit_visual_tools.h:101:3:[m[K [01;36m[Knote: [m[Kcandidate: ‘[01m[Kmoveit_visual_tools::MoveItVisualTools::MoveItVisualTools(const SharedPtr&, const string&, const string&, moveit::core::RobotModelConstPtr)[m[K’
  101 |   [01;36m[KMoveItVisualTools[m[K(const rclcpp::Node::SharedPtr& node, const std::string& base_frame,
      |   [01;36m[K^~~~~~~~~~~~~~~~~[m[K
[01m[K/opt/ros/humble/include/moveit_visual_tools/moveit_visual_tools.h:101:52:[m[K [01;36m[Knote: [m[K  no known conversion for argument 1 from ‘[01m[Kconst char [10][m[K’ to ‘[01m[Kconst SharedPtr&[m[K’ {aka ‘[01m[Kconst std::shared_ptr<rclcpp::Node>&[m[K’}
  101 |   MoveItVisualTools([01;36m[Kconst rclcpp::Node::SharedPtr& node[m[K, const std::string& base_frame,
      |                     [01;36m[K~~~~~~~~~~~~~~~~~~~~~~~~~~~~~~~^~~~[m[K
[01m[K/opt/ros/humble/include/moveit_visual_tools/moveit_visual_tools.h:92:3:[m[K [01;36m[Knote: [m[Kcandidate: ‘[01m[Kmoveit_visual_tools::MoveItVisualTools::MoveItVisualTools(const SharedPtr&, const string&, const string&, planning_scene_monitor::PlanningSceneMonitorPtr)[m[K’
   92 |   [01;36m[KMoveItVisualTools[m[K(const rclcpp::Node::SharedPtr& node, const std::string& base_frame, const std::string& marker_topic,
      |   [01;36m[K^~~~~~~~~~~~~~~~~[m[K
[01m[K/opt/ros/humble/include/moveit_visual_tools/moveit_visual_tools.h:92:3:[m[K [01;36m[Knote: [m[K  candidate expects 4 arguments, 2 provided
[01m[K/opt/ros/humble/include/moveit_visual_tools/moveit_visual_tools.h:83:3:[m[K [01;36m[Knote: [m[Kcandidate: ‘[01m[Kmoveit_visual_tools::MoveItVisualTools::MoveItVisualTools(const SharedPtr&)[m[K’
   83 |   [01;36m[KMoveItVisualTools[m[K(const rclcpp::Node::SharedPtr& node);
      |   [01;36m[K^~~~~~~~~~~~~~~~~[m[K
[01m[K/opt/ros/humble/include/moveit_visual_tools/moveit_visual_tools.h:83:3:[m[K [01;36m[Knote: [m[K  candidate expects 1 argument, 2 provided
[01m[K/opt/ros/humble/include/moveit_visual_tools/moveit_visual_tools.h:74:7:[m[K [01;36m[Knote: [m[Kcandidate: ‘[01m[Kmoveit_visual_tools::MoveItVisualTools::MoveItVisualTools(const moveit_visual_tools::MoveItVisualTools&)[m[K’
   74 | class [01;36m[KMoveItVisualTools[m[K : public rviz_visual_tools::RvizVisualTools
      |       [01;36m[K^~~~~~~~~~~~~~~~~[m[K
[01m[K/opt/ros/humble/include/moveit_visual_tools/moveit_visual_tools.h:74:7:[m[K [01;36m[Knote: [m[K  candidate expects 1 argument, 2 provided
[01m[K/opt/ros/humble/include/moveit_visual_tools/moveit_visual_tools.h:74:7:[m[K [01;36m[Knote: [m[Kcandidate: ‘[01m[Kmoveit_visual_tools::MoveItVisualTools::MoveItVisualTools(moveit_visual_tools::MoveItVisualTools&&)[m[K’
[01m[K/opt/ros/humble/include/moveit_visual_tools/moveit_visual_tools.h:74:7:[m[K [01;36m[Knote: [m[K  candidate expects 1 argument, 2 provided
gmake[2]: *** [CMakeFiles/planning.dir/build.make:76: CMakeFiles/planning.dir/src/planning.cpp.o] Error 1
gmake[1]: *** [CMakeFiles/Makefile2:169: CMakeFiles/planning.dir/all] Error 2
gmake: *** [Makefile:146: all] Error 2
