-- Found ament_cmake: 1.3.11 (/opt/ros/humble/share/ament_cmake/cmake)
-- Found rclcpp: 16.0.12 (/opt/ros/humble/share/rclcpp/cmake)
-- Found rosidl_generator_c: 3.1.6 (/opt/ros/humble/share/rosidl_generator_c/cmake)
-- Found rosidl_adapter: 3.1.6 (/opt/ros/humble/share/rosidl_adapter/cmake)
-- Found rosidl_generator_cpp: 3.1.6 (/opt/ros/humble/share/rosidl_generator_cpp/cmake)
-- Using all available rosidl_typesupport_c: rosidl_typesupport_fastrtps_c;rosidl_typesupport_introspection_c
-- Using all available rosidl_typesupport_cpp: rosidl_typesupport_fastrtps_cpp;rosidl_typesupport_introspection_cpp
-- Found rmw_implementation_cmake: 6.1.2 (/opt/ros/humble/share/rmw_implementation_cmake/cmake)
-- Found rmw_cyclonedds_cpp: 1.3.4 (/opt/ros/humble/share/rmw_cyclonedds_cpp/cmake)
-- Using RMW implementation 'rmw_cyclonedds_cpp' as default
-- Found sensor_msgs: 4.9.0 (/opt/ros/humble/share/sensor_msgs/cmake)
-- Found trajectory_msgs: 4.9.0 (/opt/ros/humble/share/trajectory_msgs/cmake)
-- Found visualization_msgs: 4.9.0 (/opt/ros/humble/share/visualization_msgs/cmake)
-- Found moveit_ros_planning_interface: 2.5.9 (/opt/ros/humble/share/moveit_ros_planning_interface/cmake)
-- Found Boost: /usr/lib/x86_64-linux-gnu/cmake/Boost-1.74.0/BoostConfig.cmake (found version "1.74.0") found components: date_time filesystem program_options system thread 
-- Found Boost: /usr/lib/x86_64-linux-gnu/cmake/Boost-1.74.0/BoostConfig.cmake (found version "1.74.0") found components: chrono date_time filesystem iostreams program_options regex serialization system thread 
-- Found parameter_traits: 0.5.0 (/opt/ros/humble/share/parameter_traits/cmake)
-- Found rclcpp_lifecycle: 16.0.12 (/opt/ros/humble/share/rclcpp_lifecycle/cmake)
-- Found Boost: /usr/lib/x86_64-linux-gnu/cmake/Boost-1.74.0/BoostConfig.cmake (found version "1.74.0") found components: filesystem 
-- library: /usr/lib/x86_64-linux-gnu/libcurl.so
-- Ensuring Eigen3 include directory is part of orocos-kdl CMake target
-- Found Boost: /usr/lib/x86_64-linux-gnu/cmake/Boost-1.74.0/BoostConfig.cmake (found version "1.74.0") found components: system filesystem date_time program_options thread chrono 
-- Found Boost: /usr/lib/x86_64-linux-gnu/cmake/Boost-1.74.0/BoostConfig.cmake (found version "1.74.0") found components: thread system filesystem regex date_time program_options 
-- Found Boost: /usr/lib/x86_64-linux-gnu/cmake/Boost-1.74.0/BoostConfig.cmake (found version "1.74.0") found components: system filesystem date_time program_options thread 
-- Found odrive_can_interface: 0.0.1 (/home/nocc/Desktop/3dof_rehab_arm/install/odrive_can_interface/share/odrive_can_interface/cmake)
-- Found graph_msgs: 0.2.0 (/opt/ros/humble/share/graph_msgs/cmake)
-- Found moveit_visual_tools: 4.1.2 (/opt/ros/humble/share/moveit_visual_tools/cmake)
-- Setting assimp_DIR to: '/opt/ros/humble/share/rviz_assimp_vendor/cmake/../../../opt/rviz_assimp_vendor/lib/cmake/assimp-4.1'
-- Setting OGRE_DIR to: '/opt/ros/humble/share/rviz_ogre_vendor/cmake/../../../opt/rviz_ogre_vendor/lib/OGRE/cmake'
-- Found OGRE
--   static     : OFF
--   components : HLMS;MeshLodGenerator;Overlay;Paging;Property;RTShaderSystem;Terrain;Volume
--   plugins    : Plugin_BSPSceneManager;Plugin_OctreeSceneManager;Plugin_PCZSceneManager;Plugin_ParticleFX;RenderSystem_GL;RenderSystem_GL3Plus;Codec_STBI
--   media      : /opt/ros/humble/opt/rviz_ogre_vendor/share/OGRE/Media
-- OGRE_LIBRARIES: OgreHLMS;OgreMeshLodGenerator;OgreOverlay;OgrePaging;OgreProperty;OgreRTShaderSystem;OgreTerrain;OgreVolume;OgreMain
-- OGRE_LIBRARY_DIRS: /opt/ros/humble/opt/rviz_ogre_vendor/lib
-- OGRE_PLUGINS: Plugin_BSPSceneManager;Plugin_OctreeSceneManager;Plugin_PCZSceneManager;Plugin_ParticleFX;RenderSystem_GL;RenderSystem_GL3Plus;Codec_STBI
-- OGRE_PLUGIN_DIR: /opt/ros/humble/opt/rviz_ogre_vendor/lib/OGRE
-- rviz_ogre_vendor::OgreOverlay for IMPORTED_LOCATION_RELEASE: /opt/ros/humble/opt/rviz_ogre_vendor/lib/libOgreOverlay.so
-- rviz_ogre_vendor::OgreOverlay for IMPORTED_LOCATION_DEBUG: /opt/ros/humble/opt/rviz_ogre_vendor/lib/libOgreOverlay.so
-- rviz_ogre_vendor::OgreMain for IMPORTED_LOCATION_RELEASE: /opt/ros/humble/opt/rviz_ogre_vendor/lib/libOgreMain.so
-- rviz_ogre_vendor::OgreMain for IMPORTED_LOCATION_DEBUG: /opt/ros/humble/opt/rviz_ogre_vendor/lib/libOgreMain.so
-- Found ZLIB: /usr/lib/x86_64-linux-gnu/libz.so (found version "1.2.11") 
-- Found OpenGL: /usr/lib/x86_64-linux-gnu/libOpenGL.so   
-- Found X11: /usr/include   
-- Looking for XOpenDisplay in /usr/lib/x86_64-linux-gnu/libX11.so;/usr/lib/x86_64-linux-gnu/libXext.so
-- Looking for XOpenDisplay in /usr/lib/x86_64-linux-gnu/libX11.so;/usr/lib/x86_64-linux-gnu/libXext.so - found
-- Looking for gethostbyname
-- Looking for gethostbyname - found
-- Looking for connect
-- Looking for connect - found
-- Looking for remove
-- Looking for remove - found
-- Looking for shmat
-- Looking for shmat - found
-- Looking for IceConnectionNumber in ICE
-- Looking for IceConnectionNumber in ICE - found
-- Found ament_lint_auto: 0.12.12 (/opt/ros/humble/share/ament_lint_auto/cmake)
-- Added test 'cppcheck' to perform static code analysis on C / C++ code
-- Configured cppcheck include dirs: $<BUILD_INTERFACE:/home/nocc/Desktop/3dof_rehab_arm/src/rehab_arm_robot_control/include>
-- Configured cppcheck exclude dirs and/or files: 
-- Added test 'flake8' to check Python code syntax and style conventions
-- Added test 'lint_cmake' to check CMake code style
-- Added test 'pep257' to check Python code against some of the docstring style conventions in PEP 257
-- Added test 'uncrustify' to check C / C++ code style
-- Configured uncrustify additional arguments: 
-- Added test 'xmllint' to check XML markup files
-- Configuring done
-- Generating done
-- Build files have been written to: /home/nocc/Desktop/3dof_rehab_arm/build/rehab_arm_robot_control
[35m[1mConsolidate compiler generated dependencies of target rrt_motion_planning[0m
[35m[1mConsolidate compiler generated dependencies of target arm_odrive_bridge[0m
[35m[1mConsolidate compiler generated dependencies of target planning[0m
[35m[1mConsolidate compiler generated dependencies of target state_reader[0m
[ 25%] Built target arm_odrive_bridge
[ 50%] Built target rrt_motion_planning
[ 62%] [32mBuilding CXX object CMakeFiles/planning.dir/src/planning.cpp.o[0m
[ 87%] Built target state_reader
[01m[K/home/nocc/Desktop/3dof_rehab_arm/src/rehab_arm_robot_control/src/planning.cpp:[m[K In lambda function:
[01m[K/home/nocc/Desktop/3dof_rehab_arm/src/rehab_arm_robot_control/src/planning.cpp:175:49:[m[K [01;31m[Kerror: [m[Kno matching function for call to ‘[01m[Kmoveit_visual_tools::MoveItVisualTools::publishTrajectoryLine(const JointTrajectory&, const std::vector<std::__cxx11::basic_string<char> >&)[m[K’
  175 |             [01;31m[Kvisual_tools_->publishTrajectoryLine(trajectory, arm_joints)[m[K;
      |             [01;31m[K~~~~~~~~~~~~~~~~~~~~~~~~~~~~~~~~~~~~^~~~~~~~~~~~~~~~~~~~~~~~[m[K
In file included from [01m[K/home/nocc/Desktop/3dof_rehab_arm/src/rehab_arm_robot_control/src/planning.cpp:128[m[K:
[01m[K/opt/ros/humble/include/moveit_visual_tools/moveit_visual_tools.h:591:8:[m[K [01;36m[Knote: [m[Kcandidate: ‘[01m[Kbool moveit_visual_tools::MoveItVisualTools::publishTrajectoryLine(const RobotTrajectory&, const moveit::core::LinkModel*, const moveit::core::JointModelGroup*, const rviz_visual_tools::Colors&)[m[K’
  591 |   bool [01;36m[KpublishTrajectoryLine[m[K(const moveit_msgs::msg::RobotTrajectory& trajectory_msg,
      |        [01;36m[K^~~~~~~~~~~~~~~~~~~~~[m[K
[01m[K/opt/ros/humble/include/moveit_visual_tools/moveit_visual_tools.h:591:8:[m[K [01;36m[Knote: [m[K  candidate expects 4 arguments, 2 provided
[01m[K/opt/ros/humble/include/moveit_visual_tools/moveit_visual_tools.h:595:8:[m[K [01;36m[Knote: [m[Kcandidate: ‘[01m[Kbool moveit_visual_tools::MoveItVisualTools::publishTrajectoryLine(const RobotTrajectoryPtr&, const moveit::core::LinkModel*, const rviz_visual_tools::Colors&)[m[K’
  595 |   bool [01;36m[KpublishTrajectoryLine[m[K(const robot_trajectory::RobotTrajectoryPtr& robot_trajectory,
      |        [01;36m[K^~~~~~~~~~~~~~~~~~~~~[m[K
[01m[K/opt/ros/humble/include/moveit_visual_tools/moveit_visual_tools.h:595:74:[m[K [01;36m[Knote: [m[K  no known conversion for argument 1 from ‘[01m[Kconst JointTrajectory[m[K’ {aka ‘[01m[Kconst trajectory_msgs::msg::JointTrajectory_<std::allocator<void> >[m[K’} to ‘[01m[Kconst RobotTrajectoryPtr&[m[K’ {aka ‘[01m[Kconst std::shared_ptr<robot_trajectory::RobotTrajectory>&[m[K’}
  595 |   bool publishTrajectoryLine([01;36m[Kconst robot_trajectory::RobotTrajectoryPtr& robot_trajectory[m[K,
      |                              [01;36m[K~~~~~~~~~~~~~~~~~~~~~~~~~~~~~~~~~~~~~~~~~~~~^~~~~~~~~~~~~~~~[m[K
[01m[K/opt/ros/humble/include/moveit_visual_tools/moveit_visual_tools.h:598:8:[m[K [01;36m[Knote: [m[Kcandidate: ‘[01m[Kbool moveit_visual_tools::MoveItVisualTools::publishTrajectoryLine(const robot_trajectory::RobotTrajectory&, const moveit::core::LinkModel*, const rviz_visual_tools::Colors&)[m[K’
  598 |   bool [01;36m[KpublishTrajectoryLine[m[K(const robot_trajectory::RobotTrajectory& robot_trajectory,
      |        [01;36m[K^~~~~~~~~~~~~~~~~~~~~[m[K
[01m[K/opt/ros/humble/include/moveit_visual_tools/moveit_visual_tools.h:598:71:[m[K [01;36m[Knote: [m[K  no known conversion for argument 1 from ‘[01m[Kconst JointTrajectory[m[K’ {aka ‘[01m[Kconst trajectory_msgs::msg::JointTrajectory_<std::allocator<void> >[m[K’} to ‘[01m[Kconst robot_trajectory::RobotTrajectory&[m[K’
  598 |   bool publishTrajectoryLine([01;36m[Kconst robot_trajectory::RobotTrajectory& robot_trajectory[m[K,
      |                              [01;36m[K~~~~~~~~~~~~~~~~~~~~~~~~~~~~~~~~~~~~~~~~~^~~~~~~~~~~~~~~~[m[K
[01m[K/opt/ros/humble/include/moveit_visual_tools/moveit_visual_tools.h:610:8:[m[K [01;36m[Knote: [m[Kcandidate: ‘[01m[Kbool moveit_visual_tools::MoveItVisualTools::publishTrajectoryLine(const RobotTrajectory&, const moveit::core::JointModelGroup*, const rviz_visual_tools::Colors&)[m[K’
  610 |   bool [01;36m[KpublishTrajectoryLine[m[K(const moveit_msgs::msg::RobotTrajectory& trajectory_msg,
      |        [01;36m[K^~~~~~~~~~~~~~~~~~~~~[m[K
[01m[K/opt/ros/humble/include/moveit_visual_tools/moveit_visual_tools.h:610:71:[m[K [01;36m[Knote: [m[K  no known conversion for argument 1 from ‘[01m[Kconst JointTrajectory[m[K’ {aka ‘[01m[Kconst trajectory_msgs::msg::JointTrajectory_<std::allocator<void> >[m[K’} to ‘[01m[Kconst RobotTrajectory&[m[K’ {aka ‘[01m[Kconst moveit_msgs::msg::RobotTrajectory_<std::allocator<void> >&[m[K’}
  610 |   bool publishTrajectoryLine([01;36m[Kconst moveit_msgs::msg::RobotTrajectory& trajectory_msg[m[K,
      |                              [01;36m[K~~~~~~~~~~~~~~~~~~~~~~~~~~~~~~~~~~~~~~~~~^~~~~~~~~~~~~~[m[K
[01m[K/opt/ros/humble/include/moveit_visual_tools/moveit_visual_tools.h:613:8:[m[K [01;36m[Knote: [m[Kcandidate: ‘[01m[Kbool moveit_visual_tools::MoveItVisualTools::publishTrajectoryLine(const RobotTrajectoryPtr&, const moveit::core::JointModelGroup*, const rviz_visual_tools::Colors&)[m[K’
  613 |   bool [01;36m[KpublishTrajectoryLine[m[K(const robot_trajectory::RobotTrajectoryPtr& robot_trajectory,
      |        [01;36m[K^~~~~~~~~~~~~~~~~~~~~[m[K
[01m[K/opt/ros/humble/include/moveit_visual_tools/moveit_visual_tools.h:613:74:[m[K [01;36m[Knote: [m[K  no known conversion for argument 1 from ‘[01m[Kconst JointTrajectory[m[K’ {aka ‘[01m[Kconst trajectory_msgs::msg::JointTrajectory_<std::allocator<void> >[m[K’} to ‘[01m[Kconst RobotTrajectoryPtr&[m[K’ {aka ‘[01m[Kconst std::shared_ptr<robot_trajectory::RobotTrajectory>&[m[K’}
  613 |   bool publishTrajectoryLine([01;36m[Kconst robot_trajectory::RobotTrajectoryPtr& robot_trajectory[m[K,
      |                              [01;36m[K~~~~~~~~~~~~~~~~~~~~~~~~~~~~~~~~~~~~~~~~~~~~^~~~~~~~~~~~~~~~[m[K
[01m[K/opt/ros/humble/include/moveit_visual_tools/moveit_visual_tools.h:616:8:[m[K [01;36m[Knote: [m[Kcandidate: ‘[01m[Kbool moveit_visual_tools::MoveItVisualTools::publishTrajectoryLine(const robot_trajectory::RobotTrajectory&, const moveit::core::JointModelGroup*, const rviz_visual_tools::Colors&)[m[K’
  616 |   bool [01;36m[KpublishTrajectoryLine[m[K(const robot_trajectory::RobotTrajectory& robot_trajectory,
      |        [01;36m[K^~~~~~~~~~~~~~~~~~~~~[m[K
[01m[K/opt/ros/humble/include/moveit_visual_tools/moveit_visual_tools.h:616:71:[m[K [01;36m[Knote: [m[K  no known conversion for argument 1 from ‘[01m[Kconst JointTrajectory[m[K’ {aka ‘[01m[Kconst trajectory_msgs::msg::JointTrajectory_<std::allocator<void> >[m[K’} to ‘[01m[Kconst robot_trajectory::RobotTrajectory&[m[K’
  616 |   bool publishTrajectoryLine([01;36m[Kconst robot_trajectory::RobotTrajectory& robot_trajectory[m[K,
      |                              [01;36m[K~~~~~~~~~~~~~~~~~~~~~~~~~~~~~~~~~~~~~~~~~^~~~~~~~~~~~~~~~[m[K
In file included from [01m[K/usr/include/x86_64-linux-gnu/c++/11/bits/c++allocator.h:33[m[K,
                 from [01m[K/usr/include/c++/11/bits/allocator.h:46[m[K,
                 from [01m[K/usr/include/c++/11/unordered_map:40[m[K,
                 from [01m[K/usr/include/c++/11/functional:61[m[K,
                 from [01m[K/home/nocc/Desktop/3dof_rehab_arm/src/rehab_arm_robot_control/src/planning.cpp:122[m[K:
/usr/include/c++/11/ext/new_allocator.h: In instantiation of ‘[01m[Kvoid __gnu_cxx::new_allocator<_Tp>::construct(_Up*, _Args&& ...) [with _Up = moveit_visual_tools::MoveItVisualTools; _Args = {const char (&)[10], const char (&)[19]}; _Tp = moveit_visual_tools::MoveItVisualTools][m[K’:
[01m[K/usr/include/c++/11/bits/alloc_traits.h:516:17:[m[K   required from ‘[01m[Kstatic void std::allocator_traits<std::allocator<_Tp1> >::construct(std::allocator_traits<std::allocator<_Tp1> >::allocator_type&, _Up*, _Args&& ...) [with _Up = moveit_visual_tools::MoveItVisualTools; _Args = {const char (&)[10], const char (&)[19]}; _Tp = moveit_visual_tools::MoveItVisualTools; std::allocator_traits<std::allocator<_Tp1> >::allocator_type = std::allocator<moveit_visual_tools::MoveItVisualTools>][m[K’
[01m[K/usr/include/c++/11/bits/shared_ptr_base.h:519:39:[m[K   required from ‘[01m[Kstd::_Sp_counted_ptr_inplace<_Tp, _Alloc, _Lp>::_Sp_counted_ptr_inplace(_Alloc, _Args&& ...) [with _Args = {const char (&)[10], const char (&)[19]}; _Tp = moveit_visual_tools::MoveItVisualTools; _Alloc = std::allocator<moveit_visual_tools::MoveItVisualTools>; __gnu_cxx::_Lock_policy _Lp = __gnu_cxx::_S_atomic][m[K’
[01m[K/usr/include/c++/11/bits/shared_ptr_base.h:650:16:[m[K   required from ‘[01m[Kstd::__shared_count<_Lp>::__shared_count(_Tp*&, std::_Sp_alloc_shared_tag<_Alloc>, _Args&& ...) [with _Tp = moveit_visual_tools::MoveItVisualTools; _Alloc = std::allocator<moveit_visual_tools::MoveItVisualTools>; _Args = {const char (&)[10], const char (&)[19]}; __gnu_cxx::_Lock_policy _Lp = __gnu_cxx::_S_atomic][m[K’
[01m[K/usr/include/c++/11/bits/shared_ptr_base.h:1342:14:[m[K   required from ‘[01m[Kstd::__shared_ptr<_Tp, _Lp>::__shared_ptr(std::_Sp_alloc_shared_tag<_Tp>, _Args&& ...) [with _Alloc = std::allocator<moveit_visual_tools::MoveItVisualTools>; _Args = {const char (&)[10], const char (&)[19]}; _Tp = moveit_visual_tools::MoveItVisualTools; __gnu_cxx::_Lock_policy _Lp = __gnu_cxx::_S_atomic][m[K’
[01m[K/usr/include/c++/11/bits/shared_ptr.h:409:59:[m[K   required from ‘[01m[Kstd::shared_ptr<_Tp>::shared_ptr(std::_Sp_alloc_shared_tag<_Tp>, _Args&& ...) [with _Alloc = std::allocator<moveit_visual_tools::MoveItVisualTools>; _Args = {const char (&)[10], const char (&)[19]}; _Tp = moveit_visual_tools::MoveItVisualTools][m[K’
[01m[K/usr/include/c++/11/bits/shared_ptr.h:862:14:[m[K   required from ‘[01m[Kstd::shared_ptr<_Tp> std::allocate_shared(const _Alloc&, _Args&& ...) [with _Tp = moveit_visual_tools::MoveItVisualTools; _Alloc = std::allocator<moveit_visual_tools::MoveItVisualTools>; _Args = {const char (&)[10], const char (&)[19]}][m[K’
[01m[K/usr/include/c++/11/bits/shared_ptr.h:878:39:[m[K   required from ‘[01m[Kstd::shared_ptr<_Tp> std::make_shared(_Args&& ...) [with _Tp = moveit_visual_tools::MoveItVisualTools; _Args = {const char (&)[10], const char (&)[19]}][m[K’
[01m[K/home/nocc/Desktop/3dof_rehab_arm/src/rehab_arm_robot_control/src/planning.cpp:151:81:[m[K   required from here
[01m[K/usr/include/c++/11/ext/new_allocator.h:162:11:[m[K [01;31m[Kerror: [m[Kno matching function for call to ‘[01m[Kmoveit_visual_tools::MoveItVisualTools::MoveItVisualTools(const char [10], const char [19])[m[K’
  162 |         { [01;31m[K::new((void *)__p) _Up(std::forward<_Args>(__args)...)[m[K; }
      |           [01;31m[K^~~~~~~~~~~~~~~~~~~~~~~~~~~~~~~~~~~~~~~~~~~~~~~~~~~~~~[m[K
In file included from [01m[K/home/nocc/Desktop/3dof_rehab_arm/src/rehab_arm_robot_control/src/planning.cpp:128[m[K:
[01m[K/opt/ros/humble/include/moveit_visual_tools/moveit_visual_tools.h:101:3:[m[K [01;36m[Knote: [m[Kcandidate: ‘[01m[Kmoveit_visual_tools::MoveItVisualTools::MoveItVisualTools(const SharedPtr&, const string&, const string&, moveit::core::RobotModelConstPtr)[m[K’
  101 |   [01;36m[KMoveItVisualTools[m[K(const rclcpp::Node::SharedPtr& node, const std::string& base_frame,
      |   [01;36m[K^~~~~~~~~~~~~~~~~[m[K
[01m[K/opt/ros/humble/include/moveit_visual_tools/moveit_visual_tools.h:101:52:[m[K [01;36m[Knote: [m[K  no known conversion for argument 1 from ‘[01m[Kconst char [10][m[K’ to ‘[01m[Kconst SharedPtr&[m[K’ {aka ‘[01m[Kconst std::shared_ptr<rclcpp::Node>&[m[K’}
  101 |   MoveItVisualTools([01;36m[Kconst rclcpp::Node::SharedPtr& node[m[K, const std::string& base_frame,
      |                     [01;36m[K~~~~~~~~~~~~~~~~~~~~~~~~~~~~~~~^~~~[m[K
[01m[K/opt/ros/humble/include/moveit_visual_tools/moveit_visual_tools.h:92:3:[m[K [01;36m[Knote: [m[Kcandidate: ‘[01m[Kmoveit_visual_tools::MoveItVisualTools::MoveItVisualTools(const SharedPtr&, const string&, const string&, planning_scene_monitor::PlanningSceneMonitorPtr)[m[K’
   92 |   [01;36m[KMoveItVisualTools[m[K(const rclcpp::Node::SharedPtr& node, const std::string& base_frame, const std::string& marker_topic,
      |   [01;36m[K^~~~~~~~~~~~~~~~~[m[K
[01m[K/opt/ros/humble/include/moveit_visual_tools/moveit_visual_tools.h:92:3:[m[K [01;36m[Knote: [m[K  candidate expects 4 arguments, 2 provided
[01m[K/opt/ros/humble/include/moveit_visual_tools/moveit_visual_tools.h:83:3:[m[K [01;36m[Knote: [m[Kcandidate: ‘[01m[Kmoveit_visual_tools::MoveItVisualTools::MoveItVisualTools(const SharedPtr&)[m[K’
   83 |   [01;36m[KMoveItVisualTools[m[K(const rclcpp::Node::SharedPtr& node);
      |   [01;36m[K^~~~~~~~~~~~~~~~~[m[K
[01m[K/opt/ros/humble/include/moveit_visual_tools/moveit_visual_tools.h:83:3:[m[K [01;36m[Knote: [m[K  candidate expects 1 argument, 2 provided
[01m[K/opt/ros/humble/include/moveit_visual_tools/moveit_visual_tools.h:74:7:[m[K [01;36m[Knote: [m[Kcandidate: ‘[01m[Kmoveit_visual_tools::MoveItVisualTools::MoveItVisualTools(const moveit_visual_tools::MoveItVisualTools&)[m[K’
   74 | class [01;36m[KMoveItVisualTools[m[K : public rviz_visual_tools::RvizVisualTools
      |       [01;36m[K^~~~~~~~~~~~~~~~~[m[K
[01m[K/opt/ros/humble/include/moveit_visual_tools/moveit_visual_tools.h:74:7:[m[K [01;36m[Knote: [m[K  candidate expects 1 argument, 2 provided
[01m[K/opt/ros/humble/include/moveit_visual_tools/moveit_visual_tools.h:74:7:[m[K [01;36m[Knote: [m[Kcandidate: ‘[01m[Kmoveit_visual_tools::MoveItVisualTools::MoveItVisualTools(moveit_visual_tools::MoveItVisualTools&&)[m[K’
[01m[K/opt/ros/humble/include/moveit_visual_tools/moveit_visual_tools.h:74:7:[m[K [01;36m[Knote: [m[K  candidate expects 1 argument, 2 provided
gmake[2]: *** [CMakeFiles/planning.dir/build.make:76: CMakeFiles/planning.dir/src/planning.cpp.o] Error 1
gmake[1]: *** [CMakeFiles/Makefile2:169: CMakeFiles/planning.dir/all] Error 2
gmake: *** [Makefile:146: all] Error 2
