[0.016s] Invoking command in '/home/nocc/Desktop/3dof_rehab_arm/build/rehab_arm_robot_control': AMENT_PREFIX_PATH=/home/nocc/Desktop/3dof_rehab_arm/install/odrive_can_interface:${AMENT_PREFIX_PATH} CMAKE_PREFIX_PATH=/home/nocc/Desktop/3dof_rehab_arm/install/odrive_can_interface:/opt/ros/humble LD_LIBRARY_PATH=/home/nocc/Desktop/3dof_rehab_arm/install/odrive_can_interface/lib:/usr/lib/x86_64-linux-gnu/gazebo-11/plugins:/opt/ros/humble/opt/rviz_ogre_vendor/lib:/opt/ros/humble/lib/x86_64-linux-gnu:/opt/ros/humble/lib:/usr/lib/x86_64-linux-gnu/gazebo-11/plugins /usr/bin/cmake --build /home/nocc/Desktop/3dof_rehab_arm/build/rehab_arm_robot_control -- -j8 -l8
[0.035s] -- Found ament_cmake: 1.3.11 (/opt/ros/humble/share/ament_cmake/cmake)
[0.124s] -- Found rclcpp: 16.0.12 (/opt/ros/humble/share/rclcpp/cmake)
[0.144s] -- Found rosidl_generator_c: 3.1.6 (/opt/ros/humble/share/rosidl_generator_c/cmake)
[0.145s] -- Found rosidl_adapter: 3.1.6 (/opt/ros/humble/share/rosidl_adapter/cmake)
[0.149s] -- Found rosidl_generator_cpp: 3.1.6 (/opt/ros/humble/share/rosidl_generator_cpp/cmake)
[0.156s] -- Using all available rosidl_typesupport_c: rosidl_typesupport_fastrtps_c;rosidl_typesupport_introspection_c
[0.164s] -- Using all available rosidl_typesupport_cpp: rosidl_typesupport_fastrtps_cpp;rosidl_typesupport_introspection_cpp
[0.185s] -- Found rmw_implementation_cmake: 6.1.2 (/opt/ros/humble/share/rmw_implementation_cmake/cmake)
[0.186s] -- Found rmw_cyclonedds_cpp: 1.3.4 (/opt/ros/humble/share/rmw_cyclonedds_cpp/cmake)
[0.197s] -- Using RMW implementation 'rmw_cyclonedds_cpp' as default
[0.229s] -- Found sensor_msgs: 4.9.0 (/opt/ros/humble/share/sensor_msgs/cmake)
[0.248s] -- Found trajectory_msgs: 4.9.0 (/opt/ros/humble/share/trajectory_msgs/cmake)
[0.259s] -- Found visualization_msgs: 4.9.0 (/opt/ros/humble/share/visualization_msgs/cmake)
[0.272s] -- Found moveit_ros_planning_interface: 2.5.9 (/opt/ros/humble/share/moveit_ros_planning_interface/cmake)
[0.279s] -- Found Boost: /usr/lib/x86_64-linux-gnu/cmake/Boost-1.74.0/BoostConfig.cmake (found version "1.74.0") found components: date_time filesystem program_options system thread 
[0.357s] -- Found Boost: /usr/lib/x86_64-linux-gnu/cmake/Boost-1.74.0/BoostConfig.cmake (found version "1.74.0") found components: chrono date_time filesystem iostreams program_options regex serialization system thread 
[0.373s] -- Found parameter_traits: 0.5.0 (/opt/ros/humble/share/parameter_traits/cmake)
[0.377s] -- Found rclcpp_lifecycle: 16.0.12 (/opt/ros/humble/share/rclcpp_lifecycle/cmake)
[0.393s] -- Found Boost: /usr/lib/x86_64-linux-gnu/cmake/Boost-1.74.0/BoostConfig.cmake (found version "1.74.0") found components: filesystem 
[0.414s] -- library: /usr/lib/x86_64-linux-gnu/libcurl.so
[0.419s] -- Ensuring Eigen3 include directory is part of orocos-kdl CMake target
[0.496s] -- Found Boost: /usr/lib/x86_64-linux-gnu/cmake/Boost-1.74.0/BoostConfig.cmake (found version "1.74.0") found components: system filesystem date_time program_options thread chrono 
[0.516s] -- Found Boost: /usr/lib/x86_64-linux-gnu/cmake/Boost-1.74.0/BoostConfig.cmake (found version "1.74.0") found components: thread system filesystem regex date_time program_options 
[0.535s] -- Found Boost: /usr/lib/x86_64-linux-gnu/cmake/Boost-1.74.0/BoostConfig.cmake (found version "1.74.0") found components: system filesystem date_time program_options thread 
[0.555s] -- Found odrive_can_interface: 0.0.1 (/home/nocc/Desktop/3dof_rehab_arm/install/odrive_can_interface/share/odrive_can_interface/cmake)
[0.556s] -- Found graph_msgs: 0.2.0 (/opt/ros/humble/share/graph_msgs/cmake)
[0.580s] -- Found moveit_visual_tools: 4.1.2 (/opt/ros/humble/share/moveit_visual_tools/cmake)
[0.618s] -- Setting assimp_DIR to: '/opt/ros/humble/share/rviz_assimp_vendor/cmake/../../../opt/rviz_assimp_vendor/lib/cmake/assimp-4.1'
[0.624s] -- Setting OGRE_DIR to: '/opt/ros/humble/share/rviz_ogre_vendor/cmake/../../../opt/rviz_ogre_vendor/lib/OGRE/cmake'
[0.626s] -- Found OGRE
[0.626s] --   static     : OFF
[0.626s] --   components : HLMS;MeshLodGenerator;Overlay;Paging;Property;RTShaderSystem;Terrain;Volume
[0.626s] --   plugins    : Plugin_BSPSceneManager;Plugin_OctreeSceneManager;Plugin_PCZSceneManager;Plugin_ParticleFX;RenderSystem_GL;RenderSystem_GL3Plus;Codec_STBI
[0.626s] --   media      : /opt/ros/humble/opt/rviz_ogre_vendor/share/OGRE/Media
[0.626s] -- OGRE_LIBRARIES: OgreHLMS;OgreMeshLodGenerator;OgreOverlay;OgrePaging;OgreProperty;OgreRTShaderSystem;OgreTerrain;OgreVolume;OgreMain
[0.626s] -- OGRE_LIBRARY_DIRS: /opt/ros/humble/opt/rviz_ogre_vendor/lib
[0.626s] -- OGRE_PLUGINS: Plugin_BSPSceneManager;Plugin_OctreeSceneManager;Plugin_PCZSceneManager;Plugin_ParticleFX;RenderSystem_GL;RenderSystem_GL3Plus;Codec_STBI
[0.626s] -- OGRE_PLUGIN_DIR: /opt/ros/humble/opt/rviz_ogre_vendor/lib/OGRE
[0.626s] -- rviz_ogre_vendor::OgreOverlay for IMPORTED_LOCATION_RELEASE: /opt/ros/humble/opt/rviz_ogre_vendor/lib/libOgreOverlay.so
[0.626s] -- rviz_ogre_vendor::OgreOverlay for IMPORTED_LOCATION_DEBUG: /opt/ros/humble/opt/rviz_ogre_vendor/lib/libOgreOverlay.so
[0.626s] -- rviz_ogre_vendor::OgreMain for IMPORTED_LOCATION_RELEASE: /opt/ros/humble/opt/rviz_ogre_vendor/lib/libOgreMain.so
[0.626s] -- rviz_ogre_vendor::OgreMain for IMPORTED_LOCATION_DEBUG: /opt/ros/humble/opt/rviz_ogre_vendor/lib/libOgreMain.so
[0.640s] -- Found ZLIB: /usr/lib/x86_64-linux-gnu/libz.so (found version "1.2.11") 
[0.644s] -- Found OpenGL: /usr/lib/x86_64-linux-gnu/libOpenGL.so   
[0.706s] -- Found X11: /usr/include   
[0.707s] -- Looking for XOpenDisplay in /usr/lib/x86_64-linux-gnu/libX11.so;/usr/lib/x86_64-linux-gnu/libXext.so
[0.760s] -- Looking for XOpenDisplay in /usr/lib/x86_64-linux-gnu/libX11.so;/usr/lib/x86_64-linux-gnu/libXext.so - found
[0.761s] -- Looking for gethostbyname
[0.812s] -- Looking for gethostbyname - found
[0.812s] -- Looking for connect
[0.860s] -- Looking for connect - found
[0.861s] -- Looking for remove
[0.914s] -- Looking for remove - found
[0.914s] -- Looking for shmat
[0.965s] -- Looking for shmat - found
[0.965s] -- Looking for IceConnectionNumber in ICE
[1.015s] -- Looking for IceConnectionNumber in ICE - found
[1.102s] -- Found ament_lint_auto: 0.12.12 (/opt/ros/humble/share/ament_lint_auto/cmake)
[1.150s] -- Added test 'cppcheck' to perform static code analysis on C / C++ code
[1.151s] -- Configured cppcheck include dirs: $<BUILD_INTERFACE:/home/nocc/Desktop/3dof_rehab_arm/src/rehab_arm_robot_control/include>
[1.151s] -- Configured cppcheck exclude dirs and/or files: 
[1.151s] -- Added test 'flake8' to check Python code syntax and style conventions
[1.152s] -- Added test 'lint_cmake' to check CMake code style
[1.152s] -- Added test 'pep257' to check Python code against some of the docstring style conventions in PEP 257
[1.153s] -- Added test 'uncrustify' to check C / C++ code style
[1.153s] -- Configured uncrustify additional arguments: 
[1.153s] -- Added test 'xmllint' to check XML markup files
[1.154s] -- Configuring done
[1.210s] -- Generating done
[1.233s] -- Build files have been written to: /home/nocc/Desktop/3dof_rehab_arm/build/rehab_arm_robot_control
[1.261s] [35m[1mConsolidate compiler generated dependencies of target rrt_motion_planning[0m
[1.261s] [35m[1mConsolidate compiler generated dependencies of target arm_odrive_bridge[0m
[1.264s] [35m[1mConsolidate compiler generated dependencies of target planning[0m
[1.265s] [35m[1mConsolidate compiler generated dependencies of target state_reader[0m
[1.283s] [ 25%] Built target arm_odrive_bridge
[1.291s] [ 50%] Built target rrt_motion_planning
[1.292s] [ 62%] [32mBuilding CXX object CMakeFiles/planning.dir/src/planning.cpp.o[0m
[1.302s] [ 87%] Built target state_reader
[5.993s] [01m[K/home/nocc/Desktop/3dof_rehab_arm/src/rehab_arm_robot_control/src/planning.cpp:[m[K In lambda function:
[5.993s] [01m[K/home/nocc/Desktop/3dof_rehab_arm/src/rehab_arm_robot_control/src/planning.cpp:175:49:[m[K [01;31m[Kerror: [m[Kno matching function for call to ‘[01m[Kmoveit_visual_tools::MoveItVisualTools::publishTrajectoryLine(const JointTrajectory&, const std::vector<std::__cxx11::basic_string<char> >&)[m[K’
[5.993s]   175 |             [01;31m[Kvisual_tools_->publishTrajectoryLine(trajectory, arm_joints)[m[K;
[5.993s]       |             [01;31m[K~~~~~~~~~~~~~~~~~~~~~~~~~~~~~~~~~~~~^~~~~~~~~~~~~~~~~~~~~~~~[m[K
[5.993s] In file included from [01m[K/home/nocc/Desktop/3dof_rehab_arm/src/rehab_arm_robot_control/src/planning.cpp:128[m[K:
[5.993s] [01m[K/opt/ros/humble/include/moveit_visual_tools/moveit_visual_tools.h:591:8:[m[K [01;36m[Knote: [m[Kcandidate: ‘[01m[Kbool moveit_visual_tools::MoveItVisualTools::publishTrajectoryLine(const RobotTrajectory&, const moveit::core::LinkModel*, const moveit::core::JointModelGroup*, const rviz_visual_tools::Colors&)[m[K’
[5.993s]   591 |   bool [01;36m[KpublishTrajectoryLine[m[K(const moveit_msgs::msg::RobotTrajectory& trajectory_msg,
[5.993s]       |        [01;36m[K^~~~~~~~~~~~~~~~~~~~~[m[K
[6.003s] [01m[K/opt/ros/humble/include/moveit_visual_tools/moveit_visual_tools.h:591:8:[m[K [01;36m[Knote: [m[K  candidate expects 4 arguments, 2 provided
[6.003s] [01m[K/opt/ros/humble/include/moveit_visual_tools/moveit_visual_tools.h:595:8:[m[K [01;36m[Knote: [m[Kcandidate: ‘[01m[Kbool moveit_visual_tools::MoveItVisualTools::publishTrajectoryLine(const RobotTrajectoryPtr&, const moveit::core::LinkModel*, const rviz_visual_tools::Colors&)[m[K’
[6.003s]   595 |   bool [01;36m[KpublishTrajectoryLine[m[K(const robot_trajectory::RobotTrajectoryPtr& robot_trajectory,
[6.004s]       |        [01;36m[K^~~~~~~~~~~~~~~~~~~~~[m[K
[6.004s] [01m[K/opt/ros/humble/include/moveit_visual_tools/moveit_visual_tools.h:595:74:[m[K [01;36m[Knote: [m[K  no known conversion for argument 1 from ‘[01m[Kconst JointTrajectory[m[K’ {aka ‘[01m[Kconst trajectory_msgs::msg::JointTrajectory_<std::allocator<void> >[m[K’} to ‘[01m[Kconst RobotTrajectoryPtr&[m[K’ {aka ‘[01m[Kconst std::shared_ptr<robot_trajectory::RobotTrajectory>&[m[K’}
[6.004s]   595 |   bool publishTrajectoryLine([01;36m[Kconst robot_trajectory::RobotTrajectoryPtr& robot_trajectory[m[K,
[6.004s]       |                              [01;36m[K~~~~~~~~~~~~~~~~~~~~~~~~~~~~~~~~~~~~~~~~~~~~^~~~~~~~~~~~~~~~[m[K
[6.004s] [01m[K/opt/ros/humble/include/moveit_visual_tools/moveit_visual_tools.h:598:8:[m[K [01;36m[Knote: [m[Kcandidate: ‘[01m[Kbool moveit_visual_tools::MoveItVisualTools::publishTrajectoryLine(const robot_trajectory::RobotTrajectory&, const moveit::core::LinkModel*, const rviz_visual_tools::Colors&)[m[K’
[6.004s]   598 |   bool [01;36m[KpublishTrajectoryLine[m[K(const robot_trajectory::RobotTrajectory& robot_trajectory,
[6.004s]       |        [01;36m[K^~~~~~~~~~~~~~~~~~~~~[m[K
[6.004s] [01m[K/opt/ros/humble/include/moveit_visual_tools/moveit_visual_tools.h:598:71:[m[K [01;36m[Knote: [m[K  no known conversion for argument 1 from ‘[01m[Kconst JointTrajectory[m[K’ {aka ‘[01m[Kconst trajectory_msgs::msg::JointTrajectory_<std::allocator<void> >[m[K’} to ‘[01m[Kconst robot_trajectory::RobotTrajectory&[m[K’
[6.004s]   598 |   bool publishTrajectoryLine([01;36m[Kconst robot_trajectory::RobotTrajectory& robot_trajectory[m[K,
[6.004s]       |                              [01;36m[K~~~~~~~~~~~~~~~~~~~~~~~~~~~~~~~~~~~~~~~~~^~~~~~~~~~~~~~~~[m[K
[6.004s] [01m[K/opt/ros/humble/include/moveit_visual_tools/moveit_visual_tools.h:610:8:[m[K [01;36m[Knote: [m[Kcandidate: ‘[01m[Kbool moveit_visual_tools::MoveItVisualTools::publishTrajectoryLine(const RobotTrajectory&, const moveit::core::JointModelGroup*, const rviz_visual_tools::Colors&)[m[K’
[6.004s]   610 |   bool [01;36m[KpublishTrajectoryLine[m[K(const moveit_msgs::msg::RobotTrajectory& trajectory_msg,
[6.004s]       |        [01;36m[K^~~~~~~~~~~~~~~~~~~~~[m[K
[6.005s] [01m[K/opt/ros/humble/include/moveit_visual_tools/moveit_visual_tools.h:610:71:[m[K [01;36m[Knote: [m[K  no known conversion for argument 1 from ‘[01m[Kconst JointTrajectory[m[K’ {aka ‘[01m[Kconst trajectory_msgs::msg::JointTrajectory_<std::allocator<void> >[m[K’} to ‘[01m[Kconst RobotTrajectory&[m[K’ {aka ‘[01m[Kconst moveit_msgs::msg::RobotTrajectory_<std::allocator<void> >&[m[K’}
[6.005s]   610 |   bool publishTrajectoryLine([01;36m[Kconst moveit_msgs::msg::RobotTrajectory& trajectory_msg[m[K,
[6.005s]       |                              [01;36m[K~~~~~~~~~~~~~~~~~~~~~~~~~~~~~~~~~~~~~~~~~^~~~~~~~~~~~~~[m[K
[6.005s] [01m[K/opt/ros/humble/include/moveit_visual_tools/moveit_visual_tools.h:613:8:[m[K [01;36m[Knote: [m[Kcandidate: ‘[01m[Kbool moveit_visual_tools::MoveItVisualTools::publishTrajectoryLine(const RobotTrajectoryPtr&, const moveit::core::JointModelGroup*, const rviz_visual_tools::Colors&)[m[K’
[6.005s]   613 |   bool [01;36m[KpublishTrajectoryLine[m[K(const robot_trajectory::RobotTrajectoryPtr& robot_trajectory,
[6.005s]       |        [01;36m[K^~~~~~~~~~~~~~~~~~~~~[m[K
[6.005s] [01m[K/opt/ros/humble/include/moveit_visual_tools/moveit_visual_tools.h:613:74:[m[K [01;36m[Knote: [m[K  no known conversion for argument 1 from ‘[01m[Kconst JointTrajectory[m[K’ {aka ‘[01m[Kconst trajectory_msgs::msg::JointTrajectory_<std::allocator<void> >[m[K’} to ‘[01m[Kconst RobotTrajectoryPtr&[m[K’ {aka ‘[01m[Kconst std::shared_ptr<robot_trajectory::RobotTrajectory>&[m[K’}
[6.005s]   613 |   bool publishTrajectoryLine([01;36m[Kconst robot_trajectory::RobotTrajectoryPtr& robot_trajectory[m[K,
[6.005s]       |                              [01;36m[K~~~~~~~~~~~~~~~~~~~~~~~~~~~~~~~~~~~~~~~~~~~~^~~~~~~~~~~~~~~~[m[K
[6.005s] [01m[K/opt/ros/humble/include/moveit_visual_tools/moveit_visual_tools.h:616:8:[m[K [01;36m[Knote: [m[Kcandidate: ‘[01m[Kbool moveit_visual_tools::MoveItVisualTools::publishTrajectoryLine(const robot_trajectory::RobotTrajectory&, const moveit::core::JointModelGroup*, const rviz_visual_tools::Colors&)[m[K’
[6.005s]   616 |   bool [01;36m[KpublishTrajectoryLine[m[K(const robot_trajectory::RobotTrajectory& robot_trajectory,
[6.005s]       |        [01;36m[K^~~~~~~~~~~~~~~~~~~~~[m[K
[6.005s] [01m[K/opt/ros/humble/include/moveit_visual_tools/moveit_visual_tools.h:616:71:[m[K [01;36m[Knote: [m[K  no known conversion for argument 1 from ‘[01m[Kconst JointTrajectory[m[K’ {aka ‘[01m[Kconst trajectory_msgs::msg::JointTrajectory_<std::allocator<void> >[m[K’} to ‘[01m[Kconst robot_trajectory::RobotTrajectory&[m[K’
[6.005s]   616 |   bool publishTrajectoryLine([01;36m[Kconst robot_trajectory::RobotTrajectory& robot_trajectory[m[K,
[6.006s]       |                              [01;36m[K~~~~~~~~~~~~~~~~~~~~~~~~~~~~~~~~~~~~~~~~~^~~~~~~~~~~~~~~~[m[K
[7.863s] In file included from [01m[K/usr/include/x86_64-linux-gnu/c++/11/bits/c++allocator.h:33[m[K,
[7.863s]                  from [01m[K/usr/include/c++/11/bits/allocator.h:46[m[K,
[7.863s]                  from [01m[K/usr/include/c++/11/unordered_map:40[m[K,
[7.863s]                  from [01m[K/usr/include/c++/11/functional:61[m[K,
[7.863s]                  from [01m[K/home/nocc/Desktop/3dof_rehab_arm/src/rehab_arm_robot_control/src/planning.cpp:122[m[K:
[7.863s] /usr/include/c++/11/ext/new_allocator.h: In instantiation of ‘[01m[Kvoid __gnu_cxx::new_allocator<_Tp>::construct(_Up*, _Args&& ...) [with _Up = moveit_visual_tools::MoveItVisualTools; _Args = {const char (&)[10], const char (&)[19]}; _Tp = moveit_visual_tools::MoveItVisualTools][m[K’:
[7.863s] [01m[K/usr/include/c++/11/bits/alloc_traits.h:516:17:[m[K   required from ‘[01m[Kstatic void std::allocator_traits<std::allocator<_Tp1> >::construct(std::allocator_traits<std::allocator<_Tp1> >::allocator_type&, _Up*, _Args&& ...) [with _Up = moveit_visual_tools::MoveItVisualTools; _Args = {const char (&)[10], const char (&)[19]}; _Tp = moveit_visual_tools::MoveItVisualTools; std::allocator_traits<std::allocator<_Tp1> >::allocator_type = std::allocator<moveit_visual_tools::MoveItVisualTools>][m[K’
[7.863s] [01m[K/usr/include/c++/11/bits/shared_ptr_base.h:519:39:[m[K   required from ‘[01m[Kstd::_Sp_counted_ptr_inplace<_Tp, _Alloc, _Lp>::_Sp_counted_ptr_inplace(_Alloc, _Args&& ...) [with _Args = {const char (&)[10], const char (&)[19]}; _Tp = moveit_visual_tools::MoveItVisualTools; _Alloc = std::allocator<moveit_visual_tools::MoveItVisualTools>; __gnu_cxx::_Lock_policy _Lp = __gnu_cxx::_S_atomic][m[K’
[7.863s] [01m[K/usr/include/c++/11/bits/shared_ptr_base.h:650:16:[m[K   required from ‘[01m[Kstd::__shared_count<_Lp>::__shared_count(_Tp*&, std::_Sp_alloc_shared_tag<_Alloc>, _Args&& ...) [with _Tp = moveit_visual_tools::MoveItVisualTools; _Alloc = std::allocator<moveit_visual_tools::MoveItVisualTools>; _Args = {const char (&)[10], const char (&)[19]}; __gnu_cxx::_Lock_policy _Lp = __gnu_cxx::_S_atomic][m[K’
[7.863s] [01m[K/usr/include/c++/11/bits/shared_ptr_base.h:1342:14:[m[K   required from ‘[01m[Kstd::__shared_ptr<_Tp, _Lp>::__shared_ptr(std::_Sp_alloc_shared_tag<_Tp>, _Args&& ...) [with _Alloc = std::allocator<moveit_visual_tools::MoveItVisualTools>; _Args = {const char (&)[10], const char (&)[19]}; _Tp = moveit_visual_tools::MoveItVisualTools; __gnu_cxx::_Lock_policy _Lp = __gnu_cxx::_S_atomic][m[K’
[7.863s] [01m[K/usr/include/c++/11/bits/shared_ptr.h:409:59:[m[K   required from ‘[01m[Kstd::shared_ptr<_Tp>::shared_ptr(std::_Sp_alloc_shared_tag<_Tp>, _Args&& ...) [with _Alloc = std::allocator<moveit_visual_tools::MoveItVisualTools>; _Args = {const char (&)[10], const char (&)[19]}; _Tp = moveit_visual_tools::MoveItVisualTools][m[K’
[7.863s] [01m[K/usr/include/c++/11/bits/shared_ptr.h:862:14:[m[K   required from ‘[01m[Kstd::shared_ptr<_Tp> std::allocate_shared(const _Alloc&, _Args&& ...) [with _Tp = moveit_visual_tools::MoveItVisualTools; _Alloc = std::allocator<moveit_visual_tools::MoveItVisualTools>; _Args = {const char (&)[10], const char (&)[19]}][m[K’
[7.863s] [01m[K/usr/include/c++/11/bits/shared_ptr.h:878:39:[m[K   required from ‘[01m[Kstd::shared_ptr<_Tp> std::make_shared(_Args&& ...) [with _Tp = moveit_visual_tools::MoveItVisualTools; _Args = {const char (&)[10], const char (&)[19]}][m[K’
[7.864s] [01m[K/home/nocc/Desktop/3dof_rehab_arm/src/rehab_arm_robot_control/src/planning.cpp:151:81:[m[K   required from here
[7.864s] [01m[K/usr/include/c++/11/ext/new_allocator.h:162:11:[m[K [01;31m[Kerror: [m[Kno matching function for call to ‘[01m[Kmoveit_visual_tools::MoveItVisualTools::MoveItVisualTools(const char [10], const char [19])[m[K’
[7.864s]   162 |         { [01;31m[K::new((void *)__p) _Up(std::forward<_Args>(__args)...)[m[K; }
[7.864s]       |           [01;31m[K^~~~~~~~~~~~~~~~~~~~~~~~~~~~~~~~~~~~~~~~~~~~~~~~~~~~~~[m[K
[7.864s] In file included from [01m[K/home/nocc/Desktop/3dof_rehab_arm/src/rehab_arm_robot_control/src/planning.cpp:128[m[K:
[7.864s] [01m[K/opt/ros/humble/include/moveit_visual_tools/moveit_visual_tools.h:101:3:[m[K [01;36m[Knote: [m[Kcandidate: ‘[01m[Kmoveit_visual_tools::MoveItVisualTools::MoveItVisualTools(const SharedPtr&, const string&, const string&, moveit::core::RobotModelConstPtr)[m[K’
[7.864s]   101 |   [01;36m[KMoveItVisualTools[m[K(const rclcpp::Node::SharedPtr& node, const std::string& base_frame,
[7.864s]       |   [01;36m[K^~~~~~~~~~~~~~~~~[m[K
[7.864s] [01m[K/opt/ros/humble/include/moveit_visual_tools/moveit_visual_tools.h:101:52:[m[K [01;36m[Knote: [m[K  no known conversion for argument 1 from ‘[01m[Kconst char [10][m[K’ to ‘[01m[Kconst SharedPtr&[m[K’ {aka ‘[01m[Kconst std::shared_ptr<rclcpp::Node>&[m[K’}
[7.864s]   101 |   MoveItVisualTools([01;36m[Kconst rclcpp::Node::SharedPtr& node[m[K, const std::string& base_frame,
[7.864s]       |                     [01;36m[K~~~~~~~~~~~~~~~~~~~~~~~~~~~~~~~^~~~[m[K
[7.864s] [01m[K/opt/ros/humble/include/moveit_visual_tools/moveit_visual_tools.h:92:3:[m[K [01;36m[Knote: [m[Kcandidate: ‘[01m[Kmoveit_visual_tools::MoveItVisualTools::MoveItVisualTools(const SharedPtr&, const string&, const string&, planning_scene_monitor::PlanningSceneMonitorPtr)[m[K’
[7.864s]    92 |   [01;36m[KMoveItVisualTools[m[K(const rclcpp::Node::SharedPtr& node, const std::string& base_frame, const std::string& marker_topic,
[7.864s]       |   [01;36m[K^~~~~~~~~~~~~~~~~[m[K
[7.864s] [01m[K/opt/ros/humble/include/moveit_visual_tools/moveit_visual_tools.h:92:3:[m[K [01;36m[Knote: [m[K  candidate expects 4 arguments, 2 provided
[7.864s] [01m[K/opt/ros/humble/include/moveit_visual_tools/moveit_visual_tools.h:83:3:[m[K [01;36m[Knote: [m[Kcandidate: ‘[01m[Kmoveit_visual_tools::MoveItVisualTools::MoveItVisualTools(const SharedPtr&)[m[K’
[7.864s]    83 |   [01;36m[KMoveItVisualTools[m[K(const rclcpp::Node::SharedPtr& node);
[7.864s]       |   [01;36m[K^~~~~~~~~~~~~~~~~[m[K
[7.864s] [01m[K/opt/ros/humble/include/moveit_visual_tools/moveit_visual_tools.h:83:3:[m[K [01;36m[Knote: [m[K  candidate expects 1 argument, 2 provided
[7.865s] [01m[K/opt/ros/humble/include/moveit_visual_tools/moveit_visual_tools.h:74:7:[m[K [01;36m[Knote: [m[Kcandidate: ‘[01m[Kmoveit_visual_tools::MoveItVisualTools::MoveItVisualTools(const moveit_visual_tools::MoveItVisualTools&)[m[K’
[7.865s]    74 | class [01;36m[KMoveItVisualTools[m[K : public rviz_visual_tools::RvizVisualTools
[7.865s]       |       [01;36m[K^~~~~~~~~~~~~~~~~[m[K
[7.865s] [01m[K/opt/ros/humble/include/moveit_visual_tools/moveit_visual_tools.h:74:7:[m[K [01;36m[Knote: [m[K  candidate expects 1 argument, 2 provided
[7.865s] [01m[K/opt/ros/humble/include/moveit_visual_tools/moveit_visual_tools.h:74:7:[m[K [01;36m[Knote: [m[Kcandidate: ‘[01m[Kmoveit_visual_tools::MoveItVisualTools::MoveItVisualTools(moveit_visual_tools::MoveItVisualTools&&)[m[K’
[7.865s] [01m[K/opt/ros/humble/include/moveit_visual_tools/moveit_visual_tools.h:74:7:[m[K [01;36m[Knote: [m[K  candidate expects 1 argument, 2 provided
[8.780s] gmake[2]: *** [CMakeFiles/planning.dir/build.make:76: CMakeFiles/planning.dir/src/planning.cpp.o] Error 1
[8.780s] gmake[1]: *** [CMakeFiles/Makefile2:169: CMakeFiles/planning.dir/all] Error 2
[8.780s] gmake: *** [Makefile:146: all] Error 2
[8.781s] Invoked command in '/home/nocc/Desktop/3dof_rehab_arm/build/rehab_arm_robot_control' returned '2': AMENT_PREFIX_PATH=/home/nocc/Desktop/3dof_rehab_arm/install/odrive_can_interface:${AMENT_PREFIX_PATH} CMAKE_PREFIX_PATH=/home/nocc/Desktop/3dof_rehab_arm/install/odrive_can_interface:/opt/ros/humble LD_LIBRARY_PATH=/home/nocc/Desktop/3dof_rehab_arm/install/odrive_can_interface/lib:/usr/lib/x86_64-linux-gnu/gazebo-11/plugins:/opt/ros/humble/opt/rviz_ogre_vendor/lib:/opt/ros/humble/lib/x86_64-linux-gnu:/opt/ros/humble/lib:/usr/lib/x86_64-linux-gnu/gazebo-11/plugins /usr/bin/cmake --build /home/nocc/Desktop/3dof_rehab_arm/build/rehab_arm_robot_control -- -j8 -l8
