[0.008s] Invoking command in '/home/nocc/Desktop/3dof_rehab_arm/build/rehab_arm_robot_control': AMENT_PREFIX_PATH=/home/nocc/Desktop/3dof_rehab_arm/install/odrive_can_interface:${AMENT_PREFIX_PATH} CMAKE_PREFIX_PATH=/home/nocc/Desktop/3dof_rehab_arm/install/odrive_can_interface:/opt/ros/humble LD_LIBRARY_PATH=/home/nocc/Desktop/3dof_rehab_arm/install/odrive_can_interface/lib:/usr/lib/x86_64-linux-gnu/gazebo-11/plugins:/opt/ros/humble/opt/rviz_ogre_vendor/lib:/opt/ros/humble/lib/x86_64-linux-gnu:/opt/ros/humble/lib:/usr/lib/x86_64-linux-gnu/gazebo-11/plugins /usr/bin/cmake /home/nocc/Desktop/3dof_rehab_arm/src/rehab_arm_robot_control -DCMAKE_INSTALL_PREFIX=/home/nocc/Desktop/3dof_rehab_arm/install/rehab_arm_robot_control
[0.055s] -- The C compiler identification is GNU 11.4.0
[0.103s] -- The CXX compiler identification is GNU 11.4.0
[0.110s] -- Detecting C compiler ABI info
[0.173s] -- Detecting C compiler ABI info - done
[0.180s] -- Check for working C compiler: /usr/bin/cc - skipped
[0.180s] -- Detecting C compile features
[0.181s] -- Detecting C compile features - done
[0.183s] -- Detecting CXX compiler ABI info
[0.250s] -- Detecting CXX compiler ABI info - done
[0.257s] -- Check for working CXX compiler: /usr/bin/c++ - skipped
[0.257s] -- Detecting CXX compile features
[0.258s] -- Detecting CXX compile features - done
[0.260s] -- Found ament_cmake: 1.3.11 (/opt/ros/humble/share/ament_cmake/cmake)
[0.362s] -- Found Python3: /usr/bin/python3 (found version "3.10.12") found components: Interpreter 
[0.423s] -- Found rclcpp: 16.0.12 (/opt/ros/humble/share/rclcpp/cmake)
[0.453s] -- Found rosidl_generator_c: 3.1.6 (/opt/ros/humble/share/rosidl_generator_c/cmake)
[0.457s] -- Found rosidl_adapter: 3.1.6 (/opt/ros/humble/share/rosidl_adapter/cmake)
[0.463s] -- Found rosidl_generator_cpp: 3.1.6 (/opt/ros/humble/share/rosidl_generator_cpp/cmake)
[0.472s] -- Using all available rosidl_typesupport_c: rosidl_typesupport_fastrtps_c;rosidl_typesupport_introspection_c
[0.485s] -- Using all available rosidl_typesupport_cpp: rosidl_typesupport_fastrtps_cpp;rosidl_typesupport_introspection_cpp
[0.517s] -- Found rmw_implementation_cmake: 6.1.2 (/opt/ros/humble/share/rmw_implementation_cmake/cmake)
[0.519s] -- Found rmw_cyclonedds_cpp: 1.3.4 (/opt/ros/humble/share/rmw_cyclonedds_cpp/cmake)
[0.534s] -- Using RMW implementation 'rmw_cyclonedds_cpp' as default
[0.540s] -- Looking for pthread.h
[0.593s] -- Looking for pthread.h - found
[0.593s] -- Performing Test CMAKE_HAVE_LIBC_PTHREAD
[0.641s] -- Performing Test CMAKE_HAVE_LIBC_PTHREAD - Success
[0.641s] -- Found Threads: TRUE  
[0.679s] -- Found sensor_msgs: 4.9.0 (/opt/ros/humble/share/sensor_msgs/cmake)
[0.719s] -- Found trajectory_msgs: 4.9.0 (/opt/ros/humble/share/trajectory_msgs/cmake)
[0.747s] -- Found visualization_msgs: 4.9.0 (/opt/ros/humble/share/visualization_msgs/cmake)
[0.774s] -- Found moveit_ros_planning_interface: 2.5.9 (/opt/ros/humble/share/moveit_ros_planning_interface/cmake)
[0.809s] -- Found Boost: /usr/lib/x86_64-linux-gnu/cmake/Boost-1.74.0/BoostConfig.cmake (found version "1.74.0") found components: date_time filesystem program_options system thread 
[0.955s] -- Found Boost: /usr/lib/x86_64-linux-gnu/cmake/Boost-1.74.0/BoostConfig.cmake (found version "1.74.0") found components: chrono date_time filesystem iostreams program_options regex serialization system thread 
[1.006s] -- Found parameter_traits: 0.5.0 (/opt/ros/humble/share/parameter_traits/cmake)
[1.021s] -- Found rclcpp_lifecycle: 16.0.12 (/opt/ros/humble/share/rclcpp_lifecycle/cmake)
[1.049s] -- Found Boost: /usr/lib/x86_64-linux-gnu/cmake/Boost-1.74.0/BoostConfig.cmake (found version "1.74.0") found components: filesystem 
[1.126s] -- library: /usr/lib/x86_64-linux-gnu/libcurl.so
[1.138s] -- Found Eigen3: TRUE (found version "3.4.0") 
[1.138s] -- Ensuring Eigen3 include directory is part of orocos-kdl CMake target
[1.295s] -- Found Boost: /usr/lib/x86_64-linux-gnu/cmake/Boost-1.74.0/BoostConfig.cmake (found version "1.74.0") found components: system filesystem date_time program_options thread chrono 
[1.330s] -- Found Boost: /usr/lib/x86_64-linux-gnu/cmake/Boost-1.74.0/BoostConfig.cmake (found version "1.74.0") found components: thread system filesystem regex date_time program_options 
[1.397s] -- Found Boost: /usr/lib/x86_64-linux-gnu/cmake/Boost-1.74.0/BoostConfig.cmake (found version "1.74.0") found components: system filesystem date_time program_options thread 
[1.426s] -- Found odrive_can_interface: 0.0.1 (/home/nocc/Desktop/3dof_rehab_arm/install/odrive_can_interface/share/odrive_can_interface/cmake)
[1.429s] -- Found graph_msgs: 0.2.0 (/opt/ros/humble/share/graph_msgs/cmake)
[1.459s] -- Found ament_lint_auto: 0.12.12 (/opt/ros/humble/share/ament_lint_auto/cmake)
[1.530s] -- Added test 'cppcheck' to perform static code analysis on C / C++ code
[1.531s] -- Configured cppcheck include dirs: $<BUILD_INTERFACE:/home/nocc/Desktop/3dof_rehab_arm/src/rehab_arm_robot_control/include>
[1.531s] -- Configured cppcheck exclude dirs and/or files: 
[1.531s] -- Added test 'flake8' to check Python code syntax and style conventions
[1.532s] -- Added test 'lint_cmake' to check CMake code style
[1.533s] -- Added test 'pep257' to check Python code against some of the docstring style conventions in PEP 257
[1.533s] -- Added test 'uncrustify' to check C / C++ code style
[1.533s] -- Configured uncrustify additional arguments: 
[1.534s] -- Added test 'xmllint' to check XML markup files
[1.535s] -- Configuring done
[1.588s] -- Generating done
[1.604s] -- Build files have been written to: /home/nocc/Desktop/3dof_rehab_arm/build/rehab_arm_robot_control
[1.616s] Invoked command in '/home/nocc/Desktop/3dof_rehab_arm/build/rehab_arm_robot_control' returned '0': AMENT_PREFIX_PATH=/home/nocc/Desktop/3dof_rehab_arm/install/odrive_can_interface:${AMENT_PREFIX_PATH} CMAKE_PREFIX_PATH=/home/nocc/Desktop/3dof_rehab_arm/install/odrive_can_interface:/opt/ros/humble LD_LIBRARY_PATH=/home/nocc/Desktop/3dof_rehab_arm/install/odrive_can_interface/lib:/usr/lib/x86_64-linux-gnu/gazebo-11/plugins:/opt/ros/humble/opt/rviz_ogre_vendor/lib:/opt/ros/humble/lib/x86_64-linux-gnu:/opt/ros/humble/lib:/usr/lib/x86_64-linux-gnu/gazebo-11/plugins /usr/bin/cmake /home/nocc/Desktop/3dof_rehab_arm/src/rehab_arm_robot_control -DCMAKE_INSTALL_PREFIX=/home/nocc/Desktop/3dof_rehab_arm/install/rehab_arm_robot_control
[1.617s] Invoking command in '/home/nocc/Desktop/3dof_rehab_arm/build/rehab_arm_robot_control': AMENT_PREFIX_PATH=/home/nocc/Desktop/3dof_rehab_arm/install/odrive_can_interface:${AMENT_PREFIX_PATH} CMAKE_PREFIX_PATH=/home/nocc/Desktop/3dof_rehab_arm/install/odrive_can_interface:/opt/ros/humble LD_LIBRARY_PATH=/home/nocc/Desktop/3dof_rehab_arm/install/odrive_can_interface/lib:/usr/lib/x86_64-linux-gnu/gazebo-11/plugins:/opt/ros/humble/opt/rviz_ogre_vendor/lib:/opt/ros/humble/lib/x86_64-linux-gnu:/opt/ros/humble/lib:/usr/lib/x86_64-linux-gnu/gazebo-11/plugins /usr/bin/cmake --build /home/nocc/Desktop/3dof_rehab_arm/build/rehab_arm_robot_control -- -j8 -l8
[1.664s] [ 12%] [32mBuilding CXX object CMakeFiles/rrt_motion_planning.dir/src/rrt_motion_planning.cpp.o[0m
[1.669s] [ 25%] [32mBuilding CXX object CMakeFiles/state_reader.dir/src/state_reader.cpp.o[0m
[1.669s] [ 50%] [32mBuilding CXX object CMakeFiles/planning.dir/src/planning.cpp.o[0m
[1.669s] [ 50%] [32mBuilding CXX object CMakeFiles/arm_odrive_bridge.dir/src/arm_odrive_bridge.cpp.o[0m
[11.316s] [ 62%] [32m[1mLinking CXX executable rrt_motion_planning[0m
[12.761s] [ 62%] Built target rrt_motion_planning
[12.983s] [ 75%] [32m[1mLinking CXX executable arm_odrive_bridge[0m
[13.454s] [ 75%] Built target arm_odrive_bridge
[15.221s] [ 87%] [32m[1mLinking CXX executable planning[0m
[15.628s] /usr/bin/ld: CMakeFiles/planning.dir/src/planning.cpp.o: in function `ExampleJointTrajectoryPublisherCpp::ExampleJointTrajectoryPublisherCpp()':
[15.628s] planning.cpp:(.text._ZN34ExampleJointTrajectoryPublisherCppC2Ev[_ZN34ExampleJointTrajectoryPublisherCppC5Ev]+0x211): undefined reference to `moveit_visual_tools::MoveItVisualTools::MoveItVisualTools(std::shared_ptr<rclcpp::Node> const&, std::__cxx11::basic_string<char, std::char_traits<char>, std::allocator<char> > const&, std::__cxx11::basic_string<char, std::char_traits<char>, std::allocator<char> > const&, std::shared_ptr<moveit::core::RobotModel const>)'
[15.628s] /usr/bin/ld: planning.cpp:(.text._ZN34ExampleJointTrajectoryPublisherCppC2Ev[_ZN34ExampleJointTrajectoryPublisherCppC5Ev]+0x4e7): undefined reference to `rviz_visual_tools::RvizVisualTools::deleteAllMarkers()'
[15.628s] /usr/bin/ld: planning.cpp:(.text._ZN34ExampleJointTrajectoryPublisherCppC2Ev[_ZN34ExampleJointTrajectoryPublisherCppC5Ev]+0x501): undefined reference to `rviz_visual_tools::RvizVisualTools::enableBatchPublishing(bool)'
[15.628s] /usr/bin/ld: CMakeFiles/planning.dir/src/planning.cpp.o: in function `ExampleJointTrajectoryPublisherCpp::timerCallback()':
[15.628s] planning.cpp:(.text._ZN34ExampleJointTrajectoryPublisherCpp13timerCallbackEv[_ZN34ExampleJointTrajectoryPublisherCpp13timerCallbackEv]+0x7ec): undefined reference to `moveit_visual_tools::MoveItVisualTools::publishTrajectoryLine(robot_trajectory::RobotTrajectory const&, moveit::core::JointModelGroup const*, rviz_visual_tools::Colors const&)'
[15.628s] /usr/bin/ld: planning.cpp:(.text._ZN34ExampleJointTrajectoryPublisherCpp13timerCallbackEv[_ZN34ExampleJointTrajectoryPublisherCpp13timerCallbackEv]+0x81f): undefined reference to `rviz_visual_tools::RvizVisualTools::trigger()'
[15.655s] collect2: error: ld returned 1 exit status
[15.657s] gmake[2]: *** [CMakeFiles/planning.dir/build.make:363: planning] Error 1
[15.657s] gmake[1]: *** [CMakeFiles/Makefile2:169: CMakeFiles/planning.dir/all] Error 2
[15.657s] gmake[1]: *** Waiting for unfinished jobs....
[15.825s] [100%] [32m[1mLinking CXX executable state_reader[0m
[16.306s] [100%] Built target state_reader
[16.306s] gmake: *** [Makefile:146: all] Error 2
[16.308s] Invoked command in '/home/nocc/Desktop/3dof_rehab_arm/build/rehab_arm_robot_control' returned '2': AMENT_PREFIX_PATH=/home/nocc/Desktop/3dof_rehab_arm/install/odrive_can_interface:${AMENT_PREFIX_PATH} CMAKE_PREFIX_PATH=/home/nocc/Desktop/3dof_rehab_arm/install/odrive_can_interface:/opt/ros/humble LD_LIBRARY_PATH=/home/nocc/Desktop/3dof_rehab_arm/install/odrive_can_interface/lib:/usr/lib/x86_64-linux-gnu/gazebo-11/plugins:/opt/ros/humble/opt/rviz_ogre_vendor/lib:/opt/ros/humble/lib/x86_64-linux-gnu:/opt/ros/humble/lib:/usr/lib/x86_64-linux-gnu/gazebo-11/plugins /usr/bin/cmake --build /home/nocc/Desktop/3dof_rehab_arm/build/rehab_arm_robot_control -- -j8 -l8
