-- The C compiler identification is GNU 11.4.0
-- The CXX compiler identification is GNU 11.4.0
-- Detecting C compiler ABI info
-- Detecting C compiler ABI info - done
-- Check for working C compiler: /usr/bin/cc - skipped
-- Detecting C compile features
-- Detecting C compile features - done
-- Detecting CXX compiler ABI info
-- Detecting CXX compiler ABI info - done
-- Check for working CXX compiler: /usr/bin/c++ - skipped
-- Detecting CXX compile features
-- Detecting CXX compile features - done
-- Found ament_cmake: 1.3.11 (/opt/ros/humble/share/ament_cmake/cmake)
-- Found Python3: /usr/bin/python3 (found version "3.10.12") found components: Interpreter 
-- Found rclcpp: 16.0.12 (/opt/ros/humble/share/rclcpp/cmake)
-- Found rosidl_generator_c: 3.1.6 (/opt/ros/humble/share/rosidl_generator_c/cmake)
-- Found rosidl_adapter: 3.1.6 (/opt/ros/humble/share/rosidl_adapter/cmake)
-- Found rosidl_generator_cpp: 3.1.6 (/opt/ros/humble/share/rosidl_generator_cpp/cmake)
-- Using all available rosidl_typesupport_c: rosidl_typesupport_fastrtps_c;rosidl_typesupport_introspection_c
-- Using all available rosidl_typesupport_cpp: rosidl_typesupport_fastrtps_cpp;rosidl_typesupport_introspection_cpp
-- Found rmw_implementation_cmake: 6.1.2 (/opt/ros/humble/share/rmw_implementation_cmake/cmake)
-- Found rmw_cyclonedds_cpp: 1.3.4 (/opt/ros/humble/share/rmw_cyclonedds_cpp/cmake)
-- Using RMW implementation 'rmw_cyclonedds_cpp' as default
-- Looking for pthread.h
-- Looking for pthread.h - found
-- Performing Test CMAKE_HAVE_LIBC_PTHREAD
-- Performing Test CMAKE_HAVE_LIBC_PTHREAD - Success
-- Found Threads: TRUE  
-- Configuring done
-- Generating done
-- Build files have been written to: /home/nocc/Desktop/3dof_rehab_arm/build/odrive_can_interface
[ 50%] [32mBuilding CXX object CMakeFiles/odrive_can_interface.dir/src/odrive_can_interface.cpp.o[0m
[100%] [32m[1mLinking CXX shared library libodrive_can_interface.so[0m
[100%] Built target odrive_can_interface
-- Install configuration: ""
-- Installing: /home/nocc/Desktop/3dof_rehab_arm/install/odrive_can_interface/lib/libodrive_can_interface.so
-- Set runtime path of "/home/nocc/Desktop/3dof_rehab_arm/install/odrive_can_interface/lib/libodrive_can_interface.so" to ""
-- Installing: /home/nocc/Desktop/3dof_rehab_arm/install/odrive_can_interface/include
-- Installing: /home/nocc/Desktop/3dof_rehab_arm/install/odrive_can_interface/include/odrive_can_interface
-- Installing: /home/nocc/Desktop/3dof_rehab_arm/install/odrive_can_interface/include/odrive_can_interface/odrive_can_interface.hpp
-- Installing: /home/nocc/Desktop/3dof_rehab_arm/install/odrive_can_interface/share/odrive_can_interface/environment/library_path.sh
-- Installing: /home/nocc/Desktop/3dof_rehab_arm/install/odrive_can_interface/share/odrive_can_interface/environment/library_path.dsv
-- Installing: /home/nocc/Desktop/3dof_rehab_arm/install/odrive_can_interface/share/ament_index/resource_index/package_run_dependencies/odrive_can_interface
-- Installing: /home/nocc/Desktop/3dof_rehab_arm/install/odrive_can_interface/share/ament_index/resource_index/parent_prefix_path/odrive_can_interface
-- Installing: /home/nocc/Desktop/3dof_rehab_arm/install/odrive_can_interface/share/odrive_can_interface/environment/ament_prefix_path.sh
-- Installing: /home/nocc/Desktop/3dof_rehab_arm/install/odrive_can_interface/share/odrive_can_interface/environment/ament_prefix_path.dsv
-- Installing: /home/nocc/Desktop/3dof_rehab_arm/install/odrive_can_interface/share/odrive_can_interface/environment/path.sh
-- Installing: /home/nocc/Desktop/3dof_rehab_arm/install/odrive_can_interface/share/odrive_can_interface/environment/path.dsv
-- Installing: /home/nocc/Desktop/3dof_rehab_arm/install/odrive_can_interface/share/odrive_can_interface/local_setup.bash
-- Installing: /home/nocc/Desktop/3dof_rehab_arm/install/odrive_can_interface/share/odrive_can_interface/local_setup.sh
-- Installing: /home/nocc/Desktop/3dof_rehab_arm/install/odrive_can_interface/share/odrive_can_interface/local_setup.zsh
-- Installing: /home/nocc/Desktop/3dof_rehab_arm/install/odrive_can_interface/share/odrive_can_interface/local_setup.dsv
-- Installing: /home/nocc/Desktop/3dof_rehab_arm/install/odrive_can_interface/share/odrive_can_interface/package.dsv
-- Installing: /home/nocc/Desktop/3dof_rehab_arm/install/odrive_can_interface/share/ament_index/resource_index/packages/odrive_can_interface
-- Installing: /home/nocc/Desktop/3dof_rehab_arm/install/odrive_can_interface/share/odrive_can_interface/cmake/export_odrive_can_interfaceExport.cmake
-- Installing: /home/nocc/Desktop/3dof_rehab_arm/install/odrive_can_interface/share/odrive_can_interface/cmake/export_odrive_can_interfaceExport-noconfig.cmake
-- Installing: /home/nocc/Desktop/3dof_rehab_arm/install/odrive_can_interface/share/odrive_can_interface/cmake/ament_cmake_export_targets-extras.cmake
-- Installing: /home/nocc/Desktop/3dof_rehab_arm/install/odrive_can_interface/share/odrive_can_interface/cmake/ament_cmake_export_include_directories-extras.cmake
-- Installing: /home/nocc/Desktop/3dof_rehab_arm/install/odrive_can_interface/share/odrive_can_interface/cmake/ament_cmake_export_libraries-extras.cmake
-- Installing: /home/nocc/Desktop/3dof_rehab_arm/install/odrive_can_interface/share/odrive_can_interface/cmake/odrive_can_interfaceConfig.cmake
-- Installing: /home/nocc/Desktop/3dof_rehab_arm/install/odrive_can_interface/share/odrive_can_interface/cmake/odrive_can_interfaceConfig-version.cmake
-- Installing: /home/nocc/Desktop/3dof_rehab_arm/install/odrive_can_interface/share/odrive_can_interface/package.xml
