[0.010s] Invoking command in '/home/nocc/Desktop/3dof_rehab_arm/build/odrive_can_interface': CMAKE_PREFIX_PATH=/opt/ros/humble /usr/bin/cmake /home/nocc/Desktop/3dof_rehab_arm/src/odrive_can_interface -DCMAKE_INSTALL_PREFIX=/home/nocc/Desktop/3dof_rehab_arm/install/odrive_can_interface
[0.089s] -- The C compiler identification is GNU 11.4.0
[0.155s] -- The CXX compiler identification is GNU 11.4.0
[0.162s] -- Detecting C compiler ABI info
[0.219s] -- Detecting C compiler ABI info - done
[0.226s] -- Check for working C compiler: /usr/bin/cc - skipped
[0.226s] -- Detecting C compile features
[0.227s] -- Detecting C compile features - done
[0.230s] -- Detecting CXX compiler ABI info
[0.299s] -- Detecting CXX compiler ABI info - done
[0.307s] -- Check for working CXX compiler: /usr/bin/c++ - skipped
[0.307s] -- Detecting CXX compile features
[0.307s] -- Detecting CXX compile features - done
[0.312s] -- Found ament_cmake: 1.3.11 (/opt/ros/humble/share/ament_cmake/cmake)
[0.448s] -- Found Python3: /usr/bin/python3 (found version "3.10.12") found components: Interpreter 
[0.544s] -- Found rclcpp: 16.0.12 (/opt/ros/humble/share/rclcpp/cmake)
[0.602s] -- Found rosidl_generator_c: 3.1.6 (/opt/ros/humble/share/rosidl_generator_c/cmake)
[0.608s] -- Found rosidl_adapter: 3.1.6 (/opt/ros/humble/share/rosidl_adapter/cmake)
[0.621s] -- Found rosidl_generator_cpp: 3.1.6 (/opt/ros/humble/share/rosidl_generator_cpp/cmake)
[0.639s] -- Using all available rosidl_typesupport_c: rosidl_typesupport_fastrtps_c;rosidl_typesupport_introspection_c
[0.662s] -- Using all available rosidl_typesupport_cpp: rosidl_typesupport_fastrtps_cpp;rosidl_typesupport_introspection_cpp
[0.736s] -- Found rmw_implementation_cmake: 6.1.2 (/opt/ros/humble/share/rmw_implementation_cmake/cmake)
[0.742s] -- Found rmw_cyclonedds_cpp: 1.3.4 (/opt/ros/humble/share/rmw_cyclonedds_cpp/cmake)
[0.780s] -- Using RMW implementation 'rmw_cyclonedds_cpp' as default
[0.795s] -- Looking for pthread.h
[0.888s] -- Looking for pthread.h - found
[0.889s] -- Performing Test CMAKE_HAVE_LIBC_PTHREAD
[0.967s] -- Performing Test CMAKE_HAVE_LIBC_PTHREAD - Success
[0.968s] -- Found Threads: TRUE  
[1.123s] -- Configuring done
[1.138s] -- Generating done
[1.143s] -- Build files have been written to: /home/nocc/Desktop/3dof_rehab_arm/build/odrive_can_interface
[1.153s] Invoked command in '/home/nocc/Desktop/3dof_rehab_arm/build/odrive_can_interface' returned '0': CMAKE_PREFIX_PATH=/opt/ros/humble /usr/bin/cmake /home/nocc/Desktop/3dof_rehab_arm/src/odrive_can_interface -DCMAKE_INSTALL_PREFIX=/home/nocc/Desktop/3dof_rehab_arm/install/odrive_can_interface
[1.155s] Invoking command in '/home/nocc/Desktop/3dof_rehab_arm/build/odrive_can_interface': CMAKE_PREFIX_PATH=/opt/ros/humble /usr/bin/cmake --build /home/nocc/Desktop/3dof_rehab_arm/build/odrive_can_interface -- -j8 -l8
[1.202s] [ 50%] [32mBuilding CXX object CMakeFiles/odrive_can_interface.dir/src/odrive_can_interface.cpp.o[0m
[3.707s] [100%] [32m[1mLinking CXX shared library libodrive_can_interface.so[0m
[3.798s] [100%] Built target odrive_can_interface
[3.806s] Invoked command in '/home/nocc/Desktop/3dof_rehab_arm/build/odrive_can_interface' returned '0': CMAKE_PREFIX_PATH=/opt/ros/humble /usr/bin/cmake --build /home/nocc/Desktop/3dof_rehab_arm/build/odrive_can_interface -- -j8 -l8
[3.808s] Invoking command in '/home/nocc/Desktop/3dof_rehab_arm/build/odrive_can_interface': CMAKE_PREFIX_PATH=/opt/ros/humble /usr/bin/cmake --install /home/nocc/Desktop/3dof_rehab_arm/build/odrive_can_interface
[3.813s] -- Install configuration: ""
[3.813s] -- Installing: /home/nocc/Desktop/3dof_rehab_arm/install/odrive_can_interface/lib/libodrive_can_interface.so
[3.813s] -- Set runtime path of "/home/nocc/Desktop/3dof_rehab_arm/install/odrive_can_interface/lib/libodrive_can_interface.so" to ""
[3.814s] -- Installing: /home/nocc/Desktop/3dof_rehab_arm/install/odrive_can_interface/include
[3.814s] -- Installing: /home/nocc/Desktop/3dof_rehab_arm/install/odrive_can_interface/include/odrive_can_interface
[3.814s] -- Installing: /home/nocc/Desktop/3dof_rehab_arm/install/odrive_can_interface/include/odrive_can_interface/odrive_can_interface.hpp
[3.814s] -- Installing: /home/nocc/Desktop/3dof_rehab_arm/install/odrive_can_interface/share/odrive_can_interface/environment/library_path.sh
[3.814s] -- Installing: /home/nocc/Desktop/3dof_rehab_arm/install/odrive_can_interface/share/odrive_can_interface/environment/library_path.dsv
[3.814s] -- Installing: /home/nocc/Desktop/3dof_rehab_arm/install/odrive_can_interface/share/ament_index/resource_index/package_run_dependencies/odrive_can_interface
[3.814s] -- Installing: /home/nocc/Desktop/3dof_rehab_arm/install/odrive_can_interface/share/ament_index/resource_index/parent_prefix_path/odrive_can_interface
[3.814s] -- Installing: /home/nocc/Desktop/3dof_rehab_arm/install/odrive_can_interface/share/odrive_can_interface/environment/ament_prefix_path.sh
[3.814s] -- Installing: /home/nocc/Desktop/3dof_rehab_arm/install/odrive_can_interface/share/odrive_can_interface/environment/ament_prefix_path.dsv
[3.814s] -- Installing: /home/nocc/Desktop/3dof_rehab_arm/install/odrive_can_interface/share/odrive_can_interface/environment/path.sh
[3.814s] -- Installing: /home/nocc/Desktop/3dof_rehab_arm/install/odrive_can_interface/share/odrive_can_interface/environment/path.dsv
[3.814s] -- Installing: /home/nocc/Desktop/3dof_rehab_arm/install/odrive_can_interface/share/odrive_can_interface/local_setup.bash
[3.815s] -- Installing: /home/nocc/Desktop/3dof_rehab_arm/install/odrive_can_interface/share/odrive_can_interface/local_setup.sh
[3.815s] -- Installing: /home/nocc/Desktop/3dof_rehab_arm/install/odrive_can_interface/share/odrive_can_interface/local_setup.zsh
[3.815s] -- Installing: /home/nocc/Desktop/3dof_rehab_arm/install/odrive_can_interface/share/odrive_can_interface/local_setup.dsv
[3.815s] -- Installing: /home/nocc/Desktop/3dof_rehab_arm/install/odrive_can_interface/share/odrive_can_interface/package.dsv
[3.815s] -- Installing: /home/nocc/Desktop/3dof_rehab_arm/install/odrive_can_interface/share/ament_index/resource_index/packages/odrive_can_interface
[3.815s] -- Installing: /home/nocc/Desktop/3dof_rehab_arm/install/odrive_can_interface/share/odrive_can_interface/cmake/export_odrive_can_interfaceExport.cmake
[3.815s] -- Installing: /home/nocc/Desktop/3dof_rehab_arm/install/odrive_can_interface/share/odrive_can_interface/cmake/export_odrive_can_interfaceExport-noconfig.cmake
[3.815s] -- Installing: /home/nocc/Desktop/3dof_rehab_arm/install/odrive_can_interface/share/odrive_can_interface/cmake/ament_cmake_export_targets-extras.cmake
[3.816s] -- Installing: /home/nocc/Desktop/3dof_rehab_arm/install/odrive_can_interface/share/odrive_can_interface/cmake/ament_cmake_export_include_directories-extras.cmake
[3.816s] -- Installing: /home/nocc/Desktop/3dof_rehab_arm/install/odrive_can_interface/share/odrive_can_interface/cmake/ament_cmake_export_libraries-extras.cmake
[3.816s] -- Installing: /home/nocc/Desktop/3dof_rehab_arm/install/odrive_can_interface/share/odrive_can_interface/cmake/odrive_can_interfaceConfig.cmake
[3.816s] -- Installing: /home/nocc/Desktop/3dof_rehab_arm/install/odrive_can_interface/share/odrive_can_interface/cmake/odrive_can_interfaceConfig-version.cmake
[3.816s] -- Installing: /home/nocc/Desktop/3dof_rehab_arm/install/odrive_can_interface/share/odrive_can_interface/package.xml
[3.818s] Invoked command in '/home/nocc/Desktop/3dof_rehab_arm/build/odrive_can_interface' returned '0': CMAKE_PREFIX_PATH=/opt/ros/humble /usr/bin/cmake --install /home/nocc/Desktop/3dof_rehab_arm/build/odrive_can_interface
