running egg_info
creating ../../build/Visualize/Visualize.egg-info
writing ../../build/Visualize/Visualize.egg-info/PKG-INFO
writing dependency_links to ../../build/Visualize/Visualize.egg-info/dependency_links.txt
writing entry points to ../../build/Visualize/Visualize.egg-info/entry_points.txt
writing requirements to ../../build/Visualize/Visualize.egg-info/requires.txt
writing top-level names to ../../build/Visualize/Visualize.egg-info/top_level.txt
writing manifest file '../../build/Visualize/Visualize.egg-info/SOURCES.txt'
reading manifest file '../../build/Visualize/Visualize.egg-info/SOURCES.txt'
writing manifest file '../../build/Visualize/Visualize.egg-info/SOURCES.txt'
running build
running build_py
creating /home/nocc/Desktop/3dof_rehab_arm/build/Visualize/build
creating /home/nocc/Desktop/3dof_rehab_arm/build/Visualize/build/lib
creating /home/nocc/Desktop/3dof_rehab_arm/build/Visualize/build/lib/Visualize
copying Visualize/__init__.py -> /home/nocc/Desktop/3dof_rehab_arm/build/Visualize/build/lib/Visualize
copying Visualize/data_plot.py -> /home/nocc/Desktop/3dof_rehab_arm/build/Visualize/build/lib/Visualize
running install
running install_lib
creating /home/nocc/Desktop/3dof_rehab_arm/install/Visualize/lib/python3.10/site-packages/Visualize
copying /home/nocc/Desktop/3dof_rehab_arm/build/Visualize/build/lib/Visualize/__init__.py -> /home/nocc/Desktop/3dof_rehab_arm/install/Visualize/lib/python3.10/site-packages/Visualize
copying /home/nocc/Desktop/3dof_rehab_arm/build/Visualize/build/lib/Visualize/data_plot.py -> /home/nocc/Desktop/3dof_rehab_arm/install/Visualize/lib/python3.10/site-packages/Visualize
byte-compiling /home/nocc/Desktop/3dof_rehab_arm/install/Visualize/lib/python3.10/site-packages/Visualize/__init__.py to __init__.cpython-310.pyc
byte-compiling /home/nocc/Desktop/3dof_rehab_arm/install/Visualize/lib/python3.10/site-packages/Visualize/data_plot.py to data_plot.cpython-310.pyc
running install_egg_info
Copying ../../build/Visualize/Visualize.egg-info to /home/nocc/Desktop/3dof_rehab_arm/install/Visualize/lib/python3.10/site-packages/Visualize-0.0.1-py3.10.egg-info
running install_scripts
Installing data_plot script to /home/nocc/Desktop/3dof_rehab_arm/install/Visualize/lib/Visualize
writing list of installed files to '/home/nocc/Desktop/3dof_rehab_arm/build/Visualize/install.log'
