[1.877s] Invoking command in '/home/nocc/Desktop/3dof_rehab_arm/src/Visualize': PYTHONPATH=/home/nocc/Desktop/3dof_rehab_arm/build/Visualize/prefix_override:/usr/lib/python3/dist-packages/colcon_core/task/python/colcon_distutils_commands:/home/nocc/Desktop/3dof_rehab_arm/install/Visualize/lib/python3.10/site-packages:${PYTHONPATH} /usr/bin/python3 -W ignore:setup.py install is deprecated -W ignore:easy_install command is deprecated setup.py egg_info --egg-base ../../build/Visualize build --build-base /home/nocc/Desktop/3dof_rehab_arm/build/Visualize/build install --record /home/nocc/Desktop/3dof_rehab_arm/build/Visualize/install.log --single-version-externally-managed
[2.611s] running egg_info
[2.614s] creating ../../build/Visualize/Visualize.egg-info
[2.614s] writing ../../build/Visualize/Visualize.egg-info/PKG-INFO
[2.615s] writing dependency_links to ../../build/Visualize/Visualize.egg-info/dependency_links.txt
[2.615s] writing entry points to ../../build/Visualize/Visualize.egg-info/entry_points.txt
[2.615s] writing requirements to ../../build/Visualize/Visualize.egg-info/requires.txt
[2.615s] writing top-level names to ../../build/Visualize/Visualize.egg-info/top_level.txt
[2.616s] writing manifest file '../../build/Visualize/Visualize.egg-info/SOURCES.txt'
[2.621s] reading manifest file '../../build/Visualize/Visualize.egg-info/SOURCES.txt'
[2.624s] writing manifest file '../../build/Visualize/Visualize.egg-info/SOURCES.txt'
[2.625s] running build
[2.625s] running build_py
[2.625s] creating /home/nocc/Desktop/3dof_rehab_arm/build/Visualize/build
[2.625s] creating /home/nocc/Desktop/3dof_rehab_arm/build/Visualize/build/lib
[2.626s] creating /home/nocc/Desktop/3dof_rehab_arm/build/Visualize/build/lib/Visualize
[2.626s] copying Visualize/__init__.py -> /home/nocc/Desktop/3dof_rehab_arm/build/Visualize/build/lib/Visualize
[2.626s] copying Visualize/data_plot.py -> /home/nocc/Desktop/3dof_rehab_arm/build/Visualize/build/lib/Visualize
[2.626s] running install
[2.627s] running install_lib
[2.629s] creating /home/nocc/Desktop/3dof_rehab_arm/install/Visualize/lib/python3.10/site-packages/Visualize
[2.629s] copying /home/nocc/Desktop/3dof_rehab_arm/build/Visualize/build/lib/Visualize/__init__.py -> /home/nocc/Desktop/3dof_rehab_arm/install/Visualize/lib/python3.10/site-packages/Visualize
[2.629s] copying /home/nocc/Desktop/3dof_rehab_arm/build/Visualize/build/lib/Visualize/data_plot.py -> /home/nocc/Desktop/3dof_rehab_arm/install/Visualize/lib/python3.10/site-packages/Visualize
[2.631s] byte-compiling /home/nocc/Desktop/3dof_rehab_arm/install/Visualize/lib/python3.10/site-packages/Visualize/__init__.py to __init__.cpython-310.pyc
[2.631s] byte-compiling /home/nocc/Desktop/3dof_rehab_arm/install/Visualize/lib/python3.10/site-packages/Visualize/data_plot.py to data_plot.cpython-310.pyc
[2.634s] running install_egg_info
[2.641s] Copying ../../build/Visualize/Visualize.egg-info to /home/nocc/Desktop/3dof_rehab_arm/install/Visualize/lib/python3.10/site-packages/Visualize-0.0.1-py3.10.egg-info
[2.644s] running install_scripts
[2.700s] Installing data_plot script to /home/nocc/Desktop/3dof_rehab_arm/install/Visualize/lib/Visualize
[2.704s] writing list of installed files to '/home/nocc/Desktop/3dof_rehab_arm/build/Visualize/install.log'
[2.763s] Invoked command in '/home/nocc/Desktop/3dof_rehab_arm/src/Visualize' returned '0': PYTHONPATH=/home/nocc/Desktop/3dof_rehab_arm/build/Visualize/prefix_override:/usr/lib/python3/dist-packages/colcon_core/task/python/colcon_distutils_commands:/home/nocc/Desktop/3dof_rehab_arm/install/Visualize/lib/python3.10/site-packages:${PYTHONPATH} /usr/bin/python3 -W ignore:setup.py install is deprecated -W ignore:easy_install command is deprecated setup.py egg_info --egg-base ../../build/Visualize build --build-base /home/nocc/Desktop/3dof_rehab_arm/build/Visualize/build install --record /home/nocc/Desktop/3dof_rehab_arm/build/Visualize/install.log --single-version-externally-managed
