[0.029s] Invoking command in '/home/nocc/Desktop/3dof_rehab_arm/build/odrive_can_control': CMAKE_PREFIX_PATH=${CMAKE_PREFIX_PATH}:/home/nocc/Desktop/3dof_rehab_arm/install/Visualize:/opt/ros/humble /usr/bin/cmake --build /home/nocc/Desktop/3dof_rehab_arm/build/odrive_can_control -- -j8 -l8
[0.141s] [35m[1mConsolidate compiler generated dependencies of target test_vel_rviz2[0m
[0.166s] [ 16%] Built target odrive_initializer
[0.167s] [ 33%] Built target velocity_controller
[0.168s] [ 50%] Built target impedance_multi_control
[0.171s] [ 66%] Built target odrive_can_node
[0.173s] [ 83%] Built target read_param
[0.195s] [100%] Built target test_vel_rviz2
[0.221s] Invoked command in '/home/nocc/Desktop/3dof_rehab_arm/build/odrive_can_control' returned '0': CMAKE_PREFIX_PATH=${CMAKE_PREFIX_PATH}:/home/nocc/Desktop/3dof_rehab_arm/install/Visualize:/opt/ros/humble /usr/bin/cmake --build /home/nocc/Desktop/3dof_rehab_arm/build/odrive_can_control -- -j8 -l8
[0.243s] Invoking command in '/home/nocc/Desktop/3dof_rehab_arm/build/odrive_can_control': CMAKE_PREFIX_PATH=${CMAKE_PREFIX_PATH}:/home/nocc/Desktop/3dof_rehab_arm/install/Visualize:/opt/ros/humble /usr/bin/cmake --install /home/nocc/Desktop/3dof_rehab_arm/build/odrive_can_control
[0.259s] -- Install configuration: ""
[0.259s] -- Up-to-date: /home/nocc/Desktop/3dof_rehab_arm/install/odrive_can_control/lib/odrive_can_control/odrive_can_node
[0.260s] -- Up-to-date: /home/nocc/Desktop/3dof_rehab_arm/install/odrive_can_control/lib/odrive_can_control/odrive_initializer
[0.261s] -- Up-to-date: /home/nocc/Desktop/3dof_rehab_arm/install/odrive_can_control/lib/odrive_can_control/velocity_controller
[0.261s] -- Up-to-date: /home/nocc/Desktop/3dof_rehab_arm/install/odrive_can_control/lib/odrive_can_control/impedance_multi_control
[0.262s] -- Up-to-date: /home/nocc/Desktop/3dof_rehab_arm/install/odrive_can_control/lib/odrive_can_control/read_param
[0.262s] -- Up-to-date: /home/nocc/Desktop/3dof_rehab_arm/install/odrive_can_control/lib/odrive_can_control/test_vel_rviz2
[0.262s] -- Up-to-date: /home/nocc/Desktop/3dof_rehab_arm/install/odrive_can_control/share/odrive_can_control/launch
[0.263s] -- Up-to-date: /home/nocc/Desktop/3dof_rehab_arm/install/odrive_can_control/share/odrive_can_control/launch/odrive_initializer.launch.py
[0.263s] -- Up-to-date: /home/nocc/Desktop/3dof_rehab_arm/install/odrive_can_control/share/ament_index/resource_index/package_run_dependencies/odrive_can_control
[0.263s] -- Up-to-date: /home/nocc/Desktop/3dof_rehab_arm/install/odrive_can_control/share/ament_index/resource_index/parent_prefix_path/odrive_can_control
[0.264s] -- Up-to-date: /home/nocc/Desktop/3dof_rehab_arm/install/odrive_can_control/share/odrive_can_control/environment/ament_prefix_path.sh
[0.264s] -- Up-to-date: /home/nocc/Desktop/3dof_rehab_arm/install/odrive_can_control/share/odrive_can_control/environment/ament_prefix_path.dsv
[0.264s] -- Up-to-date: /home/nocc/Desktop/3dof_rehab_arm/install/odrive_can_control/share/odrive_can_control/environment/path.sh
[0.264s] -- Up-to-date: /home/nocc/Desktop/3dof_rehab_arm/install/odrive_can_control/share/odrive_can_control/environment/path.dsv
[0.265s] -- Up-to-date: /home/nocc/Desktop/3dof_rehab_arm/install/odrive_can_control/share/odrive_can_control/local_setup.bash
[0.265s] -- Up-to-date: /home/nocc/Desktop/3dof_rehab_arm/install/odrive_can_control/share/odrive_can_control/local_setup.sh
[0.265s] -- Up-to-date: /home/nocc/Desktop/3dof_rehab_arm/install/odrive_can_control/share/odrive_can_control/local_setup.zsh
[0.265s] -- Up-to-date: /home/nocc/Desktop/3dof_rehab_arm/install/odrive_can_control/share/odrive_can_control/local_setup.dsv
[0.266s] -- Installing: /home/nocc/Desktop/3dof_rehab_arm/install/odrive_can_control/share/odrive_can_control/package.dsv
[0.266s] -- Up-to-date: /home/nocc/Desktop/3dof_rehab_arm/install/odrive_can_control/share/ament_index/resource_index/packages/odrive_can_control
[0.266s] -- Up-to-date: /home/nocc/Desktop/3dof_rehab_arm/install/odrive_can_control/share/odrive_can_control/cmake/odrive_can_controlConfig.cmake
[0.266s] -- Up-to-date: /home/nocc/Desktop/3dof_rehab_arm/install/odrive_can_control/share/odrive_can_control/cmake/odrive_can_controlConfig-version.cmake
[0.266s] -- Up-to-date: /home/nocc/Desktop/3dof_rehab_arm/install/odrive_can_control/share/odrive_can_control/package.xml
[0.269s] Invoked command in '/home/nocc/Desktop/3dof_rehab_arm/build/odrive_can_control' returned '0': CMAKE_PREFIX_PATH=${CMAKE_PREFIX_PATH}:/home/nocc/Desktop/3dof_rehab_arm/install/Visualize:/opt/ros/humble /usr/bin/cmake --install /home/nocc/Desktop/3dof_rehab_arm/build/odrive_can_control
