[35m[1mConsolidate compiler generated dependencies of target planning[0m
[ 25%] Built target rrt_motion_planning
[ 50%] Built target arm_odrive_bridge
[ 75%] Built target state_reader
[ 87%] [32mBuilding CXX object CMakeFiles/planning.dir/src/planning.cpp.o[0m
[01m[K/home/nocc/Desktop/3dof_rehab_arm/src/rehab_arm_robot_control/src/planning.cpp:143:7:[m[K [01;31m[Kerror: [m[Kcapture of non-variable ‘[01m[Kmoveit_visual_tools[m[K’
  143 |     [&[01;31m[Kmoveit_visual_tools[m[K,
      |       [01;31m[K^~~~~~~~~~~~~~~~~~~[m[K
In file included from [01m[K/home/nocc/Desktop/3dof_rehab_arm/src/rehab_arm_robot_control/src/planning.cpp:128[m[K:
[01m[K/opt/ros/humble/include/moveit_visual_tools/moveit_visual_tools.h:64:11:[m[K [01;36m[Knote: [m[K‘[01m[Knamespace moveit_visual_tools { }[m[K’ declared here
   64 | namespace [01;36m[Kmoveit_visual_tools[m[K
      |           [01;36m[K^~~~~~~~~~~~~~~~~~~[m[K
[01m[K/home/nocc/Desktop/3dof_rehab_arm/src/rehab_arm_robot_control/src/planning.cpp:144:12:[m[K [01;31m[Kerror: [m[K‘[01m[Kmove_group_interface[m[K’ was not declared in this scope
  144 |      jmg = [01;31m[Kmove_group_interface[m[K.getRobotModel()->getJointModelGroup(
      |            [01;31m[K^~~~~~~~~~~~~~~~~~~~[m[K
[01m[K/home/nocc/Desktop/3dof_rehab_arm/src/rehab_arm_robot_control/src/planning.cpp:[m[K In lambda function:
[01m[K/home/nocc/Desktop/3dof_rehab_arm/src/rehab_arm_robot_control/src/planning.cpp:146:26:[m[K [01;31m[Kerror: [m[Kexpected primary-expression before ‘[01m[K.[m[K’ token
  146 |       moveit_visual_tools[01;31m[K.[m[KpublishTrajectoryLine(trajectory, jmg);
      |                          [01;31m[K^[m[K
[01m[K/home/nocc/Desktop/3dof_rehab_arm/src/rehab_arm_robot_control/src/planning.cpp:146:61:[m[K [01;31m[Kerror: [m[K‘[01m[Kjmg[m[K’ was not declared in this scope
  146 |       moveit_visual_tools.publishTrajectoryLine(trajectory, [01;31m[Kjmg[m[K);
      |                                                             [01;31m[K^~~[m[K
[01m[K/home/nocc/Desktop/3dof_rehab_arm/src/rehab_arm_robot_control/src/planning.cpp:[m[K At global scope:
[01m[K/home/nocc/Desktop/3dof_rehab_arm/src/rehab_arm_robot_control/src/planning.cpp:150:15:[m[K [01;31m[Kerror: [m[K‘[01m[Kmoveit::planning_interface[m[K’ has not been declared
  150 | using moveit::[01;31m[Kplanning_interface[m[K::MoveGroupInterface;
      |               [01;31m[K^~~~~~~~~~~~~~~~~~[m[K
[01m[K/home/nocc/Desktop/3dof_rehab_arm/src/rehab_arm_robot_control/src/planning.cpp:151:48:[m[K [01;31m[Kerror: [m[K‘[01m[Knode[m[K’ was not declared in this scope
  151 | auto move_group_interface = MoveGroupInterface([01;31m[Knode[m[K, "manipulator");
      |                                                [01;31m[K^~~~[m[K
[01m[K/home/nocc/Desktop/3dof_rehab_arm/src/rehab_arm_robot_control/src/planning.cpp:151:29:[m[K [01;31m[Kerror: [m[K‘[01m[KMoveGroupInterface[m[K’ was not declared in this scope; did you mean ‘[01m[Kmove_group_interface[m[K’?
  151 | auto move_group_interface = [01;31m[KMoveGroupInterface[m[K(node, "manipulator");
      |                             [01;31m[K^~~~~~~~~~~~~~~~~~[m[K
      |                             [32m[Kmove_group_interface[m[K
[01m[K/home/nocc/Desktop/3dof_rehab_arm/src/rehab_arm_robot_control/src/planning.cpp:154:6:[m[K [01;31m[Kerror: [m[K‘[01m[Kauto moveit_visual_tools[m[K’ redeclared as different kind of entity
  154 | auto [01;31m[Kmoveit_visual_tools[m[K = moveit_visual_tools::MoveItVisualTools{
      |      [01;31m[K^~~~~~~~~~~~~~~~~~~[m[K
In file included from [01m[K/home/nocc/Desktop/3dof_rehab_arm/src/rehab_arm_robot_control/src/planning.cpp:128[m[K:
[01m[K/opt/ros/humble/include/moveit_visual_tools/moveit_visual_tools.h:64:11:[m[K [01;36m[Knote: [m[Kprevious declaration ‘[01m[Knamespace moveit_visual_tools { }[m[K’
   64 | namespace [01;36m[Kmoveit_visual_tools[m[K
      |           [01;36m[K^~~~~~~~~~~~~~~~~~~[m[K
[01m[K/home/nocc/Desktop/3dof_rehab_arm/src/rehab_arm_robot_control/src/planning.cpp:155:5:[m[K [01;31m[Kerror: [m[K‘[01m[Knode[m[K’ was not declared in this scope
  155 |     [01;31m[Knode[m[K, "base_link", rviz_visual_tools::RVIZ_MARKER_TOPIC,
      |     [01;31m[K^~~~[m[K
[01m[K/home/nocc/Desktop/3dof_rehab_arm/src/rehab_arm_robot_control/src/planning.cpp:156:41:[m[K [01;31m[Kerror: [m[Kno matching function for call to ‘[01m[Kmoveit_visual_tools::MoveItVisualTools::MoveItVisualTools(<brace-enclosed initializer list>)[m[K’
  156 |     move_group_interface.getRobotModel()[01;31m[K}[m[K;
      |                                         [01;31m[K^[m[K
In file included from [01m[K/home/nocc/Desktop/3dof_rehab_arm/src/rehab_arm_robot_control/src/planning.cpp:128[m[K:
[01m[K/opt/ros/humble/include/moveit_visual_tools/moveit_visual_tools.h:101:3:[m[K [01;36m[Knote: [m[Kcandidate: ‘[01m[Kmoveit_visual_tools::MoveItVisualTools::MoveItVisualTools(const SharedPtr&, const string&, const string&, moveit::core::RobotModelConstPtr)[m[K’
  101 |   [01;36m[KMoveItVisualTools[m[K(const rclcpp::Node::SharedPtr& node, const std::string& base_frame,
      |   [01;36m[K^~~~~~~~~~~~~~~~~[m[K
[01m[K/opt/ros/humble/include/moveit_visual_tools/moveit_visual_tools.h:101:3:[m[K [01;36m[Knote: [m[K  conversion of argument 1 would be ill-formed:
[01m[K/opt/ros/humble/include/moveit_visual_tools/moveit_visual_tools.h:92:3:[m[K [01;36m[Knote: [m[Kcandidate: ‘[01m[Kmoveit_visual_tools::MoveItVisualTools::MoveItVisualTools(const SharedPtr&, const string&, const string&, planning_scene_monitor::PlanningSceneMonitorPtr)[m[K’
   92 |   [01;36m[KMoveItVisualTools[m[K(const rclcpp::Node::SharedPtr& node, const std::string& base_frame, const std::string& marker_topic,
      |   [01;36m[K^~~~~~~~~~~~~~~~~[m[K
[01m[K/opt/ros/humble/include/moveit_visual_tools/moveit_visual_tools.h:92:3:[m[K [01;36m[Knote: [m[K  conversion of argument 1 would be ill-formed:
[01m[K/opt/ros/humble/include/moveit_visual_tools/moveit_visual_tools.h:83:3:[m[K [01;36m[Knote: [m[Kcandidate: ‘[01m[Kmoveit_visual_tools::MoveItVisualTools::MoveItVisualTools(const SharedPtr&)[m[K’
   83 |   [01;36m[KMoveItVisualTools[m[K(const rclcpp::Node::SharedPtr& node);
      |   [01;36m[K^~~~~~~~~~~~~~~~~[m[K
[01m[K/opt/ros/humble/include/moveit_visual_tools/moveit_visual_tools.h:83:3:[m[K [01;36m[Knote: [m[K  candidate expects 1 argument, 4 provided
[01m[K/opt/ros/humble/include/moveit_visual_tools/moveit_visual_tools.h:74:7:[m[K [01;36m[Knote: [m[Kcandidate: ‘[01m[Kmoveit_visual_tools::MoveItVisualTools::MoveItVisualTools(const moveit_visual_tools::MoveItVisualTools&)[m[K’
   74 | class [01;36m[KMoveItVisualTools[m[K : public rviz_visual_tools::RvizVisualTools
      |       [01;36m[K^~~~~~~~~~~~~~~~~[m[K
[01m[K/opt/ros/humble/include/moveit_visual_tools/moveit_visual_tools.h:74:7:[m[K [01;36m[Knote: [m[K  candidate expects 1 argument, 4 provided
[01m[K/opt/ros/humble/include/moveit_visual_tools/moveit_visual_tools.h:74:7:[m[K [01;36m[Knote: [m[Kcandidate: ‘[01m[Kmoveit_visual_tools::MoveItVisualTools::MoveItVisualTools(moveit_visual_tools::MoveItVisualTools&&)[m[K’
[01m[K/opt/ros/humble/include/moveit_visual_tools/moveit_visual_tools.h:74:7:[m[K [01;36m[Knote: [m[K  candidate expects 1 argument, 4 provided
[01m[K/home/nocc/Desktop/3dof_rehab_arm/src/rehab_arm_robot_control/src/planning.cpp:157:1:[m[K [01;31m[Kerror: [m[K‘[01m[Kmoveit_visual_tools[m[K’ does not name a type
  157 | [01;31m[Kmoveit_visual_tools[m[K.deleteAllMarkers();
      | [01;31m[K^~~~~~~~~~~~~~~~~~~[m[K
[01m[K/home/nocc/Desktop/3dof_rehab_arm/src/rehab_arm_robot_control/src/planning.cpp:158:1:[m[K [01;31m[Kerror: [m[K‘[01m[Kmoveit_visual_tools[m[K’ does not name a type
  158 | [01;31m[Kmoveit_visual_tools[m[K.loadRemoteControl();
      | [01;31m[K^~~~~~~~~~~~~~~~~~~[m[K
[01m[K/home/nocc/Desktop/3dof_rehab_arm/src/rehab_arm_robot_control/src/planning.cpp:[m[K In constructor ‘[01m[KExampleJointTrajectoryPublisherCpp::ExampleJointTrajectoryPublisherCpp()[m[K’:
[01m[K/home/nocc/Desktop/3dof_rehab_arm/src/rehab_arm_robot_control/src/planning.cpp:188:35:[m[K [01;31m[Kerror: [m[K‘[01m[Kplan[m[K’ was not declared in this scope
  188 |         draw_trajectory_tool_path([01;31m[Kplan[m[K.trajectory);
      |                                   [01;31m[K^~~~[m[K
[01m[K/home/nocc/Desktop/3dof_rehab_arm/src/rehab_arm_robot_control/src/planning.cpp:189:28:[m[K [01;31m[Kerror: [m[Kexpected primary-expression before ‘[01m[K.[m[K’ token
  189 |         moveit_visual_tools[01;31m[K.[m[Ktrigger();
      |                            [01;31m[K^[m[K
gmake[2]: *** [CMakeFiles/planning.dir/build.make:76: CMakeFiles/planning.dir/src/planning.cpp.o] Error 1
gmake[1]: *** [CMakeFiles/Makefile2:169: CMakeFiles/planning.dir/all] Error 2
gmake: *** [Makefile:146: all] Error 2
