[0.010s] Invoking command in '/home/nocc/Desktop/3dof_rehab_arm/build/rehab_arm_robot_control': AMENT_PREFIX_PATH=/home/nocc/Desktop/3dof_rehab_arm/install/odrive_can_interface:${AMENT_PREFIX_PATH} CMAKE_PREFIX_PATH=/home/nocc/Desktop/3dof_rehab_arm/install/odrive_can_interface:/opt/ros/humble LD_LIBRARY_PATH=/home/nocc/Desktop/3dof_rehab_arm/install/odrive_can_interface/lib:/usr/lib/x86_64-linux-gnu/gazebo-11/plugins:/opt/ros/humble/opt/rviz_ogre_vendor/lib:/opt/ros/humble/lib/x86_64-linux-gnu:/opt/ros/humble/lib:/usr/lib/x86_64-linux-gnu/gazebo-11/plugins /usr/bin/cmake --build /home/nocc/Desktop/3dof_rehab_arm/build/rehab_arm_robot_control -- -j8 -l8
[0.051s] [35m[1mConsolidate compiler generated dependencies of target planning[0m
[0.058s] [ 25%] Built target rrt_motion_planning
[0.060s] [ 50%] Built target arm_odrive_bridge
[0.062s] [ 75%] Built target state_reader
[0.088s] [ 87%] [32mBuilding CXX object CMakeFiles/planning.dir/src/planning.cpp.o[0m
[4.711s] [01m[K/home/nocc/Desktop/3dof_rehab_arm/src/rehab_arm_robot_control/src/planning.cpp:143:7:[m[K [01;31m[Kerror: [m[Kcapture of non-variable ‘[01m[Kmoveit_visual_tools[m[K’
[4.711s]   143 |     [&[01;31m[Kmoveit_visual_tools[m[K,
[4.711s]       |       [01;31m[K^~~~~~~~~~~~~~~~~~~[m[K
[4.712s] In file included from [01m[K/home/nocc/Desktop/3dof_rehab_arm/src/rehab_arm_robot_control/src/planning.cpp:128[m[K:
[4.712s] [01m[K/opt/ros/humble/include/moveit_visual_tools/moveit_visual_tools.h:64:11:[m[K [01;36m[Knote: [m[K‘[01m[Knamespace moveit_visual_tools { }[m[K’ declared here
[4.712s]    64 | namespace [01;36m[Kmoveit_visual_tools[m[K
[4.712s]       |           [01;36m[K^~~~~~~~~~~~~~~~~~~[m[K
[4.724s] [01m[K/home/nocc/Desktop/3dof_rehab_arm/src/rehab_arm_robot_control/src/planning.cpp:144:12:[m[K [01;31m[Kerror: [m[K‘[01m[Kmove_group_interface[m[K’ was not declared in this scope
[4.724s]   144 |      jmg = [01;31m[Kmove_group_interface[m[K.getRobotModel()->getJointModelGroup(
[4.724s]       |            [01;31m[K^~~~~~~~~~~~~~~~~~~~[m[K
[4.724s] [01m[K/home/nocc/Desktop/3dof_rehab_arm/src/rehab_arm_robot_control/src/planning.cpp:[m[K In lambda function:
[4.724s] [01m[K/home/nocc/Desktop/3dof_rehab_arm/src/rehab_arm_robot_control/src/planning.cpp:146:26:[m[K [01;31m[Kerror: [m[Kexpected primary-expression before ‘[01m[K.[m[K’ token
[4.724s]   146 |       moveit_visual_tools[01;31m[K.[m[KpublishTrajectoryLine(trajectory, jmg);
[4.725s]       |                          [01;31m[K^[m[K
[4.730s] [01m[K/home/nocc/Desktop/3dof_rehab_arm/src/rehab_arm_robot_control/src/planning.cpp:146:61:[m[K [01;31m[Kerror: [m[K‘[01m[Kjmg[m[K’ was not declared in this scope
[4.730s]   146 |       moveit_visual_tools.publishTrajectoryLine(trajectory, [01;31m[Kjmg[m[K);
[4.730s]       |                                                             [01;31m[K^~~[m[K
[4.730s] [01m[K/home/nocc/Desktop/3dof_rehab_arm/src/rehab_arm_robot_control/src/planning.cpp:[m[K At global scope:
[4.730s] [01m[K/home/nocc/Desktop/3dof_rehab_arm/src/rehab_arm_robot_control/src/planning.cpp:150:15:[m[K [01;31m[Kerror: [m[K‘[01m[Kmoveit::planning_interface[m[K’ has not been declared
[4.730s]   150 | using moveit::[01;31m[Kplanning_interface[m[K::MoveGroupInterface;
[4.730s]       |               [01;31m[K^~~~~~~~~~~~~~~~~~[m[K
[4.734s] [01m[K/home/nocc/Desktop/3dof_rehab_arm/src/rehab_arm_robot_control/src/planning.cpp:151:48:[m[K [01;31m[Kerror: [m[K‘[01m[Knode[m[K’ was not declared in this scope
[4.734s]   151 | auto move_group_interface = MoveGroupInterface([01;31m[Knode[m[K, "manipulator");
[4.734s]       |                                                [01;31m[K^~~~[m[K
[4.743s] [01m[K/home/nocc/Desktop/3dof_rehab_arm/src/rehab_arm_robot_control/src/planning.cpp:151:29:[m[K [01;31m[Kerror: [m[K‘[01m[KMoveGroupInterface[m[K’ was not declared in this scope; did you mean ‘[01m[Kmove_group_interface[m[K’?
[4.743s]   151 | auto move_group_interface = [01;31m[KMoveGroupInterface[m[K(node, "manipulator");
[4.743s]       |                             [01;31m[K^~~~~~~~~~~~~~~~~~[m[K
[4.743s]       |                             [32m[Kmove_group_interface[m[K
[4.743s] [01m[K/home/nocc/Desktop/3dof_rehab_arm/src/rehab_arm_robot_control/src/planning.cpp:154:6:[m[K [01;31m[Kerror: [m[K‘[01m[Kauto moveit_visual_tools[m[K’ redeclared as different kind of entity
[4.743s]   154 | auto [01;31m[Kmoveit_visual_tools[m[K = moveit_visual_tools::MoveItVisualTools{
[4.743s]       |      [01;31m[K^~~~~~~~~~~~~~~~~~~[m[K
[4.743s] In file included from [01m[K/home/nocc/Desktop/3dof_rehab_arm/src/rehab_arm_robot_control/src/planning.cpp:128[m[K:
[4.743s] [01m[K/opt/ros/humble/include/moveit_visual_tools/moveit_visual_tools.h:64:11:[m[K [01;36m[Knote: [m[Kprevious declaration ‘[01m[Knamespace moveit_visual_tools { }[m[K’
[4.743s]    64 | namespace [01;36m[Kmoveit_visual_tools[m[K
[4.743s]       |           [01;36m[K^~~~~~~~~~~~~~~~~~~[m[K
[4.747s] [01m[K/home/nocc/Desktop/3dof_rehab_arm/src/rehab_arm_robot_control/src/planning.cpp:155:5:[m[K [01;31m[Kerror: [m[K‘[01m[Knode[m[K’ was not declared in this scope
[4.747s]   155 |     [01;31m[Knode[m[K, "base_link", rviz_visual_tools::RVIZ_MARKER_TOPIC,
[4.747s]       |     [01;31m[K^~~~[m[K
[4.747s] [01m[K/home/nocc/Desktop/3dof_rehab_arm/src/rehab_arm_robot_control/src/planning.cpp:156:41:[m[K [01;31m[Kerror: [m[Kno matching function for call to ‘[01m[Kmoveit_visual_tools::MoveItVisualTools::MoveItVisualTools(<brace-enclosed initializer list>)[m[K’
[4.747s]   156 |     move_group_interface.getRobotModel()[01;31m[K}[m[K;
[4.747s]       |                                         [01;31m[K^[m[K
[4.747s] In file included from [01m[K/home/nocc/Desktop/3dof_rehab_arm/src/rehab_arm_robot_control/src/planning.cpp:128[m[K:
[4.747s] [01m[K/opt/ros/humble/include/moveit_visual_tools/moveit_visual_tools.h:101:3:[m[K [01;36m[Knote: [m[Kcandidate: ‘[01m[Kmoveit_visual_tools::MoveItVisualTools::MoveItVisualTools(const SharedPtr&, const string&, const string&, moveit::core::RobotModelConstPtr)[m[K’
[4.747s]   101 |   [01;36m[KMoveItVisualTools[m[K(const rclcpp::Node::SharedPtr& node, const std::string& base_frame,
[4.747s]       |   [01;36m[K^~~~~~~~~~~~~~~~~[m[K
[4.747s] [01m[K/opt/ros/humble/include/moveit_visual_tools/moveit_visual_tools.h:101:3:[m[K [01;36m[Knote: [m[K  conversion of argument 1 would be ill-formed:
[4.748s] [01m[K/opt/ros/humble/include/moveit_visual_tools/moveit_visual_tools.h:92:3:[m[K [01;36m[Knote: [m[Kcandidate: ‘[01m[Kmoveit_visual_tools::MoveItVisualTools::MoveItVisualTools(const SharedPtr&, const string&, const string&, planning_scene_monitor::PlanningSceneMonitorPtr)[m[K’
[4.748s]    92 |   [01;36m[KMoveItVisualTools[m[K(const rclcpp::Node::SharedPtr& node, const std::string& base_frame, const std::string& marker_topic,
[4.748s]       |   [01;36m[K^~~~~~~~~~~~~~~~~[m[K
[4.748s] [01m[K/opt/ros/humble/include/moveit_visual_tools/moveit_visual_tools.h:92:3:[m[K [01;36m[Knote: [m[K  conversion of argument 1 would be ill-formed:
[4.748s] [01m[K/opt/ros/humble/include/moveit_visual_tools/moveit_visual_tools.h:83:3:[m[K [01;36m[Knote: [m[Kcandidate: ‘[01m[Kmoveit_visual_tools::MoveItVisualTools::MoveItVisualTools(const SharedPtr&)[m[K’
[4.748s]    83 |   [01;36m[KMoveItVisualTools[m[K(const rclcpp::Node::SharedPtr& node);
[4.748s]       |   [01;36m[K^~~~~~~~~~~~~~~~~[m[K
[4.748s] [01m[K/opt/ros/humble/include/moveit_visual_tools/moveit_visual_tools.h:83:3:[m[K [01;36m[Knote: [m[K  candidate expects 1 argument, 4 provided
[4.748s] [01m[K/opt/ros/humble/include/moveit_visual_tools/moveit_visual_tools.h:74:7:[m[K [01;36m[Knote: [m[Kcandidate: ‘[01m[Kmoveit_visual_tools::MoveItVisualTools::MoveItVisualTools(const moveit_visual_tools::MoveItVisualTools&)[m[K’
[4.748s]    74 | class [01;36m[KMoveItVisualTools[m[K : public rviz_visual_tools::RvizVisualTools
[4.748s]       |       [01;36m[K^~~~~~~~~~~~~~~~~[m[K
[4.748s] [01m[K/opt/ros/humble/include/moveit_visual_tools/moveit_visual_tools.h:74:7:[m[K [01;36m[Knote: [m[K  candidate expects 1 argument, 4 provided
[4.748s] [01m[K/opt/ros/humble/include/moveit_visual_tools/moveit_visual_tools.h:74:7:[m[K [01;36m[Knote: [m[Kcandidate: ‘[01m[Kmoveit_visual_tools::MoveItVisualTools::MoveItVisualTools(moveit_visual_tools::MoveItVisualTools&&)[m[K’
[4.748s] [01m[K/opt/ros/humble/include/moveit_visual_tools/moveit_visual_tools.h:74:7:[m[K [01;36m[Knote: [m[K  candidate expects 1 argument, 4 provided
[4.755s] [01m[K/home/nocc/Desktop/3dof_rehab_arm/src/rehab_arm_robot_control/src/planning.cpp:157:1:[m[K [01;31m[Kerror: [m[K‘[01m[Kmoveit_visual_tools[m[K’ does not name a type
[4.755s]   157 | [01;31m[Kmoveit_visual_tools[m[K.deleteAllMarkers();
[4.755s]       | [01;31m[K^~~~~~~~~~~~~~~~~~~[m[K
[4.764s] [01m[K/home/nocc/Desktop/3dof_rehab_arm/src/rehab_arm_robot_control/src/planning.cpp:158:1:[m[K [01;31m[Kerror: [m[K‘[01m[Kmoveit_visual_tools[m[K’ does not name a type
[4.764s]   158 | [01;31m[Kmoveit_visual_tools[m[K.loadRemoteControl();
[4.764s]       | [01;31m[K^~~~~~~~~~~~~~~~~~~[m[K
[4.786s] [01m[K/home/nocc/Desktop/3dof_rehab_arm/src/rehab_arm_robot_control/src/planning.cpp:[m[K In constructor ‘[01m[KExampleJointTrajectoryPublisherCpp::ExampleJointTrajectoryPublisherCpp()[m[K’:
[4.786s] [01m[K/home/nocc/Desktop/3dof_rehab_arm/src/rehab_arm_robot_control/src/planning.cpp:188:35:[m[K [01;31m[Kerror: [m[K‘[01m[Kplan[m[K’ was not declared in this scope
[4.786s]   188 |         draw_trajectory_tool_path([01;31m[Kplan[m[K.trajectory);
[4.786s]       |                                   [01;31m[K^~~~[m[K
[4.786s] [01m[K/home/nocc/Desktop/3dof_rehab_arm/src/rehab_arm_robot_control/src/planning.cpp:189:28:[m[K [01;31m[Kerror: [m[Kexpected primary-expression before ‘[01m[K.[m[K’ token
[4.786s]   189 |         moveit_visual_tools[01;31m[K.[m[Ktrigger();
[4.786s]       |                            [01;31m[K^[m[K
[7.173s] gmake[2]: *** [CMakeFiles/planning.dir/build.make:76: CMakeFiles/planning.dir/src/planning.cpp.o] Error 1
[7.173s] gmake[1]: *** [CMakeFiles/Makefile2:169: CMakeFiles/planning.dir/all] Error 2
[7.173s] gmake: *** [Makefile:146: all] Error 2
[7.175s] Invoked command in '/home/nocc/Desktop/3dof_rehab_arm/build/rehab_arm_robot_control' returned '2': AMENT_PREFIX_PATH=/home/nocc/Desktop/3dof_rehab_arm/install/odrive_can_interface:${AMENT_PREFIX_PATH} CMAKE_PREFIX_PATH=/home/nocc/Desktop/3dof_rehab_arm/install/odrive_can_interface:/opt/ros/humble LD_LIBRARY_PATH=/home/nocc/Desktop/3dof_rehab_arm/install/odrive_can_interface/lib:/usr/lib/x86_64-linux-gnu/gazebo-11/plugins:/opt/ros/humble/opt/rviz_ogre_vendor/lib:/opt/ros/humble/lib/x86_64-linux-gnu:/opt/ros/humble/lib:/usr/lib/x86_64-linux-gnu/gazebo-11/plugins /usr/bin/cmake --build /home/nocc/Desktop/3dof_rehab_arm/build/rehab_arm_robot_control -- -j8 -l8
