[0.028s] Invoking command in '/home/nocc/Desktop/3dof_rehab_arm/build/odrive_can_control': CMAKE_PREFIX_PATH=${CMAKE_PREFIX_PATH}:/home/nocc/Desktop/3dof_rehab_arm/install/Visualize:/opt/ros/humble /usr/bin/cmake --build /home/nocc/Desktop/3dof_rehab_arm/build/odrive_can_control -- -j8 -l8
[0.076s] -- Found ament_cmake: 1.3.11 (/opt/ros/humble/share/ament_cmake/cmake)
[0.372s] -- Found rclcpp: 16.0.12 (/opt/ros/humble/share/rclcpp/cmake)
[0.438s] -- Found rosidl_generator_c: 3.1.6 (/opt/ros/humble/share/rosidl_generator_c/cmake)
[0.443s] -- Found rosidl_adapter: 3.1.6 (/opt/ros/humble/share/rosidl_adapter/cmake)
[0.455s] -- Found rosidl_generator_cpp: 3.1.6 (/opt/ros/humble/share/rosidl_generator_cpp/cmake)
[0.477s] -- Using all available rosidl_typesupport_c: rosidl_typesupport_fastrtps_c;rosidl_typesupport_introspection_c
[0.504s] -- Using all available rosidl_typesupport_cpp: rosidl_typesupport_fastrtps_cpp;rosidl_typesupport_introspection_cpp
[0.574s] -- Found rmw_implementation_cmake: 6.1.2 (/opt/ros/humble/share/rmw_implementation_cmake/cmake)
[0.578s] -- Found rmw_cyclonedds_cpp: 1.3.4 (/opt/ros/humble/share/rmw_cyclonedds_cpp/cmake)
[0.618s] -- Using RMW implementation 'rmw_cyclonedds_cpp' as default
[0.758s] -- Found trajectory_msgs: 4.9.0 (/opt/ros/humble/share/trajectory_msgs/cmake)
[0.980s] -- Configuring done
[1.032s] -- Generating done
[1.055s] -- Build files have been written to: /home/nocc/Desktop/3dof_rehab_arm/build/odrive_can_control
[1.109s] [35m[1mConsolidate compiler generated dependencies of target velocity_controller[0m
[1.113s] [35m[1mConsolidate compiler generated dependencies of target odrive_can_node[0m
[1.114s] [35m[1mConsolidate compiler generated dependencies of target odrive_initializer[0m
[1.114s] [35m[1mConsolidate compiler generated dependencies of target impedance_multi_control[0m
[1.115s] [35m[1mConsolidate compiler generated dependencies of target read_param[0m
[1.157s] [  8%] [32mBuilding CXX object CMakeFiles/test_vel_rviz2.dir/src/test_vel_rviz2.cpp.o[0m
[1.191s] [ 25%] Built target odrive_can_node
[1.191s] [ 41%] Built target read_param
[1.205s] [ 58%] Built target odrive_initializer
[1.206s] [ 75%] Built target velocity_controller
[1.206s] [ 91%] Built target impedance_multi_control
[1.658s] [01m[K/home/nocc/Desktop/3dof_rehab_arm/src/odrive_can_control/src/test_vel_rviz2.cpp:3:10:[m[K [01;31m[Kfatal error: [m[Ksensor_msgs/msg/joint_state.hpp: No such file or directory
[1.658s]     3 | #include [01;31m[K<sensor_msgs/msg/joint_state.hpp>[m[K // Để gửi trạng thái khớp
[1.658s]       |          [01;31m[K^~~~~~~~~~~~~~~~~~~~~~~~~~~~~~~~~[m[K
[1.658s] compilation terminated.
[1.661s] gmake[2]: *** [CMakeFiles/test_vel_rviz2.dir/build.make:76: CMakeFiles/test_vel_rviz2.dir/src/test_vel_rviz2.cpp.o] Error 1
[1.662s] gmake[1]: *** [CMakeFiles/Makefile2:277: CMakeFiles/test_vel_rviz2.dir/all] Error 2
[1.662s] gmake: *** [Makefile:146: all] Error 2
[1.666s] Invoked command in '/home/nocc/Desktop/3dof_rehab_arm/build/odrive_can_control' returned '2': CMAKE_PREFIX_PATH=${CMAKE_PREFIX_PATH}:/home/nocc/Desktop/3dof_rehab_arm/install/Visualize:/opt/ros/humble /usr/bin/cmake --build /home/nocc/Desktop/3dof_rehab_arm/build/odrive_can_control -- -j8 -l8
