[0.012s] Invoking command in '/home/nocc/Desktop/3dof_rehab_arm/build/odrive_joint_state_publisher': CMAKE_PREFIX_PATH=/home/nocc/Desktop/3dof_rehab_arm/install/can_odrive_interface:/home/nocc/Desktop/3dof_rehab_arm/install/rehab_arm_robot_moveit_config:/home/nocc/Desktop/3dof_rehab_arm/install/rehab_arm_robot_control:/home/nocc/Desktop/3dof_rehab_arm/install/rehab_arm_robot:/home/nocc/Desktop/3dof_rehab_arm/install/odrive_joint_state_publisher:/opt/ros/humble LD_LIBRARY_PATH=/home/nocc/Desktop/3dof_rehab_arm/install/can_odrive_interface/lib:/usr/lib/x86_64-linux-gnu/gazebo-11/plugins:/opt/ros/humble/opt/rviz_ogre_vendor/lib:/opt/ros/humble/lib/x86_64-linux-gnu:/opt/ros/humble/lib:/usr/lib/x86_64-linux-gnu/gazebo-11/plugins /usr/bin/cmake /home/nocc/Desktop/3dof_rehab_arm/src/odrive_joint_state_publisher -DCMAKE_INSTALL_PREFIX=/home/nocc/Desktop/3dof_rehab_arm/install/odrive_joint_state_publisher
[0.105s] -- The C compiler identification is GNU 11.4.0
[0.171s] -- The CXX compiler identification is GNU 11.4.0
[0.183s] -- Detecting C compiler ABI info
[0.257s] -- Detecting C compiler ABI info - done
[0.266s] -- Check for working C compiler: /usr/bin/cc - skipped
[0.266s] -- Detecting C compile features
[0.267s] -- Detecting C compile features - done
[0.270s] -- Detecting CXX compiler ABI info
[0.352s] -- Detecting CXX compiler ABI info - done
[0.367s] -- Check for working CXX compiler: /usr/bin/c++ - skipped
[0.367s] -- Detecting CXX compile features
[0.368s] -- Detecting CXX compile features - done
[0.378s] -- Found ament_cmake: 1.3.11 (/opt/ros/humble/share/ament_cmake/cmake)
[0.557s] -- Found Python3: /usr/bin/python3 (found version "3.10.12") found components: Interpreter 
[0.695s] -- Found rclcpp: 16.0.12 (/opt/ros/humble/share/rclcpp/cmake)
[0.773s] -- Found rosidl_generator_c: 3.1.6 (/opt/ros/humble/share/rosidl_generator_c/cmake)
[0.786s] -- Found rosidl_adapter: 3.1.6 (/opt/ros/humble/share/rosidl_adapter/cmake)
[0.799s] -- Found rosidl_generator_cpp: 3.1.6 (/opt/ros/humble/share/rosidl_generator_cpp/cmake)
[0.820s] -- Using all available rosidl_typesupport_c: rosidl_typesupport_fastrtps_c;rosidl_typesupport_introspection_c
[0.844s] -- Using all available rosidl_typesupport_cpp: rosidl_typesupport_fastrtps_cpp;rosidl_typesupport_introspection_cpp
[0.910s] -- Found rmw_implementation_cmake: 6.1.2 (/opt/ros/humble/share/rmw_implementation_cmake/cmake)
[0.914s] -- Found rmw_cyclonedds_cpp: 1.3.4 (/opt/ros/humble/share/rmw_cyclonedds_cpp/cmake)
[0.950s] -- Using RMW implementation 'rmw_cyclonedds_cpp' as default
[0.967s] -- Looking for pthread.h
[1.051s] -- Looking for pthread.h - found
[1.051s] -- Performing Test CMAKE_HAVE_LIBC_PTHREAD
[1.127s] -- Performing Test CMAKE_HAVE_LIBC_PTHREAD - Success
[1.128s] -- Found Threads: TRUE  
[1.209s] -- Found sensor_msgs: 4.9.0 (/opt/ros/humble/share/sensor_msgs/cmake)
[1.250s] -- Found trajectory_msgs: 4.9.0 (/opt/ros/humble/share/trajectory_msgs/cmake)
[1.274s] -- Found can_odrive_interface: 0.1.0 (/home/nocc/Desktop/3dof_rehab_arm/install/can_odrive_interface/share/can_odrive_interface/cmake)
[1.284s] -- Found ament_lint_auto: 0.12.12 (/opt/ros/humble/share/ament_lint_auto/cmake)
[1.408s] -- Added test 'cppcheck' to perform static code analysis on C / C++ code
[1.408s] -- Configured cppcheck include dirs: $<BUILD_INTERFACE:/home/nocc/Desktop/3dof_rehab_arm/src/odrive_joint_state_publisher/include>
[1.408s] -- Configured cppcheck exclude dirs and/or files: 
[1.409s] -- Added test 'lint_cmake' to check CMake code style
[1.411s] -- Added test 'uncrustify' to check C / C++ code style
[1.411s] -- Configured uncrustify additional arguments: 
[1.412s] -- Added test 'xmllint' to check XML markup files
[1.414s] -- Configuring done
[1.431s] -- Generating done
[1.436s] -- Build files have been written to: /home/nocc/Desktop/3dof_rehab_arm/build/odrive_joint_state_publisher
[1.447s] Invoked command in '/home/nocc/Desktop/3dof_rehab_arm/build/odrive_joint_state_publisher' returned '0': CMAKE_PREFIX_PATH=/home/nocc/Desktop/3dof_rehab_arm/install/can_odrive_interface:/home/nocc/Desktop/3dof_rehab_arm/install/rehab_arm_robot_moveit_config:/home/nocc/Desktop/3dof_rehab_arm/install/rehab_arm_robot_control:/home/nocc/Desktop/3dof_rehab_arm/install/rehab_arm_robot:/home/nocc/Desktop/3dof_rehab_arm/install/odrive_joint_state_publisher:/opt/ros/humble LD_LIBRARY_PATH=/home/nocc/Desktop/3dof_rehab_arm/install/can_odrive_interface/lib:/usr/lib/x86_64-linux-gnu/gazebo-11/plugins:/opt/ros/humble/opt/rviz_ogre_vendor/lib:/opt/ros/humble/lib/x86_64-linux-gnu:/opt/ros/humble/lib:/usr/lib/x86_64-linux-gnu/gazebo-11/plugins /usr/bin/cmake /home/nocc/Desktop/3dof_rehab_arm/src/odrive_joint_state_publisher -DCMAKE_INSTALL_PREFIX=/home/nocc/Desktop/3dof_rehab_arm/install/odrive_joint_state_publisher
[1.450s] Invoking command in '/home/nocc/Desktop/3dof_rehab_arm/build/odrive_joint_state_publisher': CMAKE_PREFIX_PATH=/home/nocc/Desktop/3dof_rehab_arm/install/can_odrive_interface:/home/nocc/Desktop/3dof_rehab_arm/install/rehab_arm_robot_moveit_config:/home/nocc/Desktop/3dof_rehab_arm/install/rehab_arm_robot_control:/home/nocc/Desktop/3dof_rehab_arm/install/rehab_arm_robot:/home/nocc/Desktop/3dof_rehab_arm/install/odrive_joint_state_publisher:/opt/ros/humble LD_LIBRARY_PATH=/home/nocc/Desktop/3dof_rehab_arm/install/can_odrive_interface/lib:/usr/lib/x86_64-linux-gnu/gazebo-11/plugins:/opt/ros/humble/opt/rviz_ogre_vendor/lib:/opt/ros/humble/lib/x86_64-linux-gnu:/opt/ros/humble/lib:/usr/lib/x86_64-linux-gnu/gazebo-11/plugins /usr/bin/cmake --build /home/nocc/Desktop/3dof_rehab_arm/build/odrive_joint_state_publisher -- -j8 -l8
[1.509s] [ 50%] [32mBuilding CXX object CMakeFiles/odrive_joint_state_publisher_node.dir/src/odrive_joint_state_publisher_node.cpp.o[0m
[10.281s] [100%] [32m[1mLinking CXX executable odrive_joint_state_publisher_node[0m
[10.766s] [100%] Built target odrive_joint_state_publisher_node
[10.779s] Invoked command in '/home/nocc/Desktop/3dof_rehab_arm/build/odrive_joint_state_publisher' returned '0': CMAKE_PREFIX_PATH=/home/nocc/Desktop/3dof_rehab_arm/install/can_odrive_interface:/home/nocc/Desktop/3dof_rehab_arm/install/rehab_arm_robot_moveit_config:/home/nocc/Desktop/3dof_rehab_arm/install/rehab_arm_robot_control:/home/nocc/Desktop/3dof_rehab_arm/install/rehab_arm_robot:/home/nocc/Desktop/3dof_rehab_arm/install/odrive_joint_state_publisher:/opt/ros/humble LD_LIBRARY_PATH=/home/nocc/Desktop/3dof_rehab_arm/install/can_odrive_interface/lib:/usr/lib/x86_64-linux-gnu/gazebo-11/plugins:/opt/ros/humble/opt/rviz_ogre_vendor/lib:/opt/ros/humble/lib/x86_64-linux-gnu:/opt/ros/humble/lib:/usr/lib/x86_64-linux-gnu/gazebo-11/plugins /usr/bin/cmake --build /home/nocc/Desktop/3dof_rehab_arm/build/odrive_joint_state_publisher -- -j8 -l8
[10.780s] Invoking command in '/home/nocc/Desktop/3dof_rehab_arm/build/odrive_joint_state_publisher': CMAKE_PREFIX_PATH=/home/nocc/Desktop/3dof_rehab_arm/install/can_odrive_interface:/home/nocc/Desktop/3dof_rehab_arm/install/rehab_arm_robot_moveit_config:/home/nocc/Desktop/3dof_rehab_arm/install/rehab_arm_robot_control:/home/nocc/Desktop/3dof_rehab_arm/install/rehab_arm_robot:/home/nocc/Desktop/3dof_rehab_arm/install/odrive_joint_state_publisher:/opt/ros/humble LD_LIBRARY_PATH=/home/nocc/Desktop/3dof_rehab_arm/install/can_odrive_interface/lib:/usr/lib/x86_64-linux-gnu/gazebo-11/plugins:/opt/ros/humble/opt/rviz_ogre_vendor/lib:/opt/ros/humble/lib/x86_64-linux-gnu:/opt/ros/humble/lib:/usr/lib/x86_64-linux-gnu/gazebo-11/plugins /usr/bin/cmake --install /home/nocc/Desktop/3dof_rehab_arm/build/odrive_joint_state_publisher
[10.785s] -- Install configuration: ""
[10.785s] -- Installing: /home/nocc/Desktop/3dof_rehab_arm/install/odrive_joint_state_publisher/lib/odrive_joint_state_publisher/odrive_joint_state_publisher_node
[10.788s] -- Set runtime path of "/home/nocc/Desktop/3dof_rehab_arm/install/odrive_joint_state_publisher/lib/odrive_joint_state_publisher/odrive_joint_state_publisher_node" to ""
[10.788s] -- Installing: /home/nocc/Desktop/3dof_rehab_arm/install/odrive_joint_state_publisher/share/ament_index/resource_index/package_run_dependencies/odrive_joint_state_publisher
[10.788s] -- Installing: /home/nocc/Desktop/3dof_rehab_arm/install/odrive_joint_state_publisher/share/ament_index/resource_index/parent_prefix_path/odrive_joint_state_publisher
[10.789s] -- Installing: /home/nocc/Desktop/3dof_rehab_arm/install/odrive_joint_state_publisher/share/odrive_joint_state_publisher/environment/ament_prefix_path.sh
[10.789s] -- Installing: /home/nocc/Desktop/3dof_rehab_arm/install/odrive_joint_state_publisher/share/odrive_joint_state_publisher/environment/ament_prefix_path.dsv
[10.789s] -- Installing: /home/nocc/Desktop/3dof_rehab_arm/install/odrive_joint_state_publisher/share/odrive_joint_state_publisher/environment/path.sh
[10.789s] -- Installing: /home/nocc/Desktop/3dof_rehab_arm/install/odrive_joint_state_publisher/share/odrive_joint_state_publisher/environment/path.dsv
[10.789s] -- Installing: /home/nocc/Desktop/3dof_rehab_arm/install/odrive_joint_state_publisher/share/odrive_joint_state_publisher/local_setup.bash
[10.789s] -- Installing: /home/nocc/Desktop/3dof_rehab_arm/install/odrive_joint_state_publisher/share/odrive_joint_state_publisher/local_setup.sh
[10.789s] -- Installing: /home/nocc/Desktop/3dof_rehab_arm/install/odrive_joint_state_publisher/share/odrive_joint_state_publisher/local_setup.zsh
[10.789s] -- Installing: /home/nocc/Desktop/3dof_rehab_arm/install/odrive_joint_state_publisher/share/odrive_joint_state_publisher/local_setup.dsv
[10.789s] -- Installing: /home/nocc/Desktop/3dof_rehab_arm/install/odrive_joint_state_publisher/share/odrive_joint_state_publisher/package.dsv
[10.789s] -- Installing: /home/nocc/Desktop/3dof_rehab_arm/install/odrive_joint_state_publisher/share/ament_index/resource_index/packages/odrive_joint_state_publisher
[10.789s] -- Installing: /home/nocc/Desktop/3dof_rehab_arm/install/odrive_joint_state_publisher/share/odrive_joint_state_publisher/cmake/ament_cmake_export_include_directories-extras.cmake
[10.790s] -- Installing: /home/nocc/Desktop/3dof_rehab_arm/install/odrive_joint_state_publisher/share/odrive_joint_state_publisher/cmake/odrive_joint_state_publisherConfig.cmake
[10.790s] -- Installing: /home/nocc/Desktop/3dof_rehab_arm/install/odrive_joint_state_publisher/share/odrive_joint_state_publisher/cmake/odrive_joint_state_publisherConfig-version.cmake
[10.790s] -- Installing: /home/nocc/Desktop/3dof_rehab_arm/install/odrive_joint_state_publisher/share/odrive_joint_state_publisher/package.xml
[10.791s] Invoked command in '/home/nocc/Desktop/3dof_rehab_arm/build/odrive_joint_state_publisher' returned '0': CMAKE_PREFIX_PATH=/home/nocc/Desktop/3dof_rehab_arm/install/can_odrive_interface:/home/nocc/Desktop/3dof_rehab_arm/install/rehab_arm_robot_moveit_config:/home/nocc/Desktop/3dof_rehab_arm/install/rehab_arm_robot_control:/home/nocc/Desktop/3dof_rehab_arm/install/rehab_arm_robot:/home/nocc/Desktop/3dof_rehab_arm/install/odrive_joint_state_publisher:/opt/ros/humble LD_LIBRARY_PATH=/home/nocc/Desktop/3dof_rehab_arm/install/can_odrive_interface/lib:/usr/lib/x86_64-linux-gnu/gazebo-11/plugins:/opt/ros/humble/opt/rviz_ogre_vendor/lib:/opt/ros/humble/lib/x86_64-linux-gnu:/opt/ros/humble/lib:/usr/lib/x86_64-linux-gnu/gazebo-11/plugins /usr/bin/cmake --install /home/nocc/Desktop/3dof_rehab_arm/build/odrive_joint_state_publisher
