[0.116s] DEBUG:colcon:Command line arguments: ['/usr/bin/colcon', 'build']
[0.116s] DEBUG:colcon:Parsed command line arguments: Namespace(log_base=None, log_level=None, verb_name='build', build_base='build', install_base='install', merge_install=False, symlink_install=False, test_result_base=None, continue_on_error=False, executor='parallel', parallel_workers=8, event_handlers=None, ignore_user_meta=False, metas=['./colcon.meta'], base_paths=['.'], packages_ignore=None, packages_ignore_regex=None, paths=None, packages_up_to=None, packages_up_to_regex=None, packages_above=None, packages_above_and_dependencies=None, packages_above_depth=None, packages_select_by_dep=None, packages_skip_by_dep=None, packages_skip_up_to=None, packages_select_build_failed=False, packages_skip_build_finished=False, packages_select_test_failures=False, packages_skip_test_passed=False, packages_select=None, packages_skip=None, packages_select_regex=None, packages_skip_regex=None, packages_start=None, packages_end=None, allow_overriding=[], cmake_args=None, cmake_target=None, cmake_target_skip_unavailable=False, cmake_clean_cache=False, cmake_clean_first=False, cmake_force_configure=False, ament_cmake_args=None, catkin_cmake_args=None, catkin_skip_building_tests=False, verb_parser=<colcon_defaults.argument_parser.defaults.DefaultArgumentsDecorator object at 0x7cd2d9764cd0>, verb_extension=<colcon_core.verb.build.BuildVerb object at 0x7cd2d9764700>, main=<bound method BuildVerb.main of <colcon_core.verb.build.BuildVerb object at 0x7cd2d9764700>>)
[0.289s] Level 1:colcon.colcon_core.package_discovery:discover_packages(colcon_meta) check parameters
[0.289s] Level 1:colcon.colcon_core.package_discovery:discover_packages(recursive) check parameters
[0.289s] Level 1:colcon.colcon_core.package_discovery:discover_packages(ignore) check parameters
[0.289s] Level 1:colcon.colcon_core.package_discovery:discover_packages(path) check parameters
[0.289s] Level 1:colcon.colcon_core.package_discovery:discover_packages(colcon_meta) discover
[0.289s] Level 1:colcon.colcon_core.package_discovery:discover_packages(recursive) discover
[0.289s] INFO:colcon.colcon_core.package_discovery:Crawling recursively for packages in '/home/nocc/Desktop/3dof_rehab_arm'
[0.289s] Level 1:colcon.colcon_core.package_identification:_identify(.) by extensions ['ignore', 'ignore_ament_install']
[0.289s] Level 1:colcon.colcon_core.package_identification:_identify(.) by extension 'ignore'
[0.289s] Level 1:colcon.colcon_core.package_identification:_identify(.) by extension 'ignore_ament_install'
[0.289s] Level 1:colcon.colcon_core.package_identification:_identify(.) by extensions ['colcon_pkg']
[0.289s] Level 1:colcon.colcon_core.package_identification:_identify(.) by extension 'colcon_pkg'
[0.289s] Level 1:colcon.colcon_core.package_identification:_identify(.) by extensions ['colcon_meta']
[0.289s] Level 1:colcon.colcon_core.package_identification:_identify(.) by extension 'colcon_meta'
[0.289s] Level 1:colcon.colcon_core.package_identification:_identify(.) by extensions ['ros']
[0.289s] Level 1:colcon.colcon_core.package_identification:_identify(.) by extension 'ros'
[0.299s] Level 1:colcon.colcon_core.package_identification:_identify(.) by extensions ['cmake', 'python']
[0.299s] Level 1:colcon.colcon_core.package_identification:_identify(.) by extension 'cmake'
[0.299s] Level 1:colcon.colcon_core.package_identification:_identify(.) by extension 'python'
[0.299s] Level 1:colcon.colcon_core.package_identification:_identify(.) by extensions ['python_setup_py']
[0.299s] Level 1:colcon.colcon_core.package_identification:_identify(.) by extension 'python_setup_py'
[0.299s] Level 1:colcon.colcon_core.package_identification:_identify(build) by extensions ['ignore', 'ignore_ament_install']
[0.299s] Level 1:colcon.colcon_core.package_identification:_identify(build) by extension 'ignore'
[0.299s] Level 1:colcon.colcon_core.package_identification:_identify(build) ignored
[0.299s] Level 1:colcon.colcon_core.package_identification:_identify(install) by extensions ['ignore', 'ignore_ament_install']
[0.300s] Level 1:colcon.colcon_core.package_identification:_identify(install) by extension 'ignore'
[0.300s] Level 1:colcon.colcon_core.package_identification:_identify(install) ignored
[0.300s] Level 1:colcon.colcon_core.package_identification:_identify(log) by extensions ['ignore', 'ignore_ament_install']
[0.300s] Level 1:colcon.colcon_core.package_identification:_identify(log) by extension 'ignore'
[0.300s] Level 1:colcon.colcon_core.package_identification:_identify(log) ignored
[0.300s] Level 1:colcon.colcon_core.package_identification:_identify(src) by extensions ['ignore', 'ignore_ament_install']
[0.300s] Level 1:colcon.colcon_core.package_identification:_identify(src) by extension 'ignore'
[0.300s] Level 1:colcon.colcon_core.package_identification:_identify(src) by extension 'ignore_ament_install'
[0.300s] Level 1:colcon.colcon_core.package_identification:_identify(src) by extensions ['colcon_pkg']
[0.300s] Level 1:colcon.colcon_core.package_identification:_identify(src) by extension 'colcon_pkg'
[0.300s] Level 1:colcon.colcon_core.package_identification:_identify(src) by extensions ['colcon_meta']
[0.300s] Level 1:colcon.colcon_core.package_identification:_identify(src) by extension 'colcon_meta'
[0.300s] Level 1:colcon.colcon_core.package_identification:_identify(src) by extensions ['ros']
[0.300s] Level 1:colcon.colcon_core.package_identification:_identify(src) by extension 'ros'
[0.300s] Level 1:colcon.colcon_core.package_identification:_identify(src) by extensions ['cmake', 'python']
[0.300s] Level 1:colcon.colcon_core.package_identification:_identify(src) by extension 'cmake'
[0.300s] Level 1:colcon.colcon_core.package_identification:_identify(src) by extension 'python'
[0.300s] Level 1:colcon.colcon_core.package_identification:_identify(src) by extensions ['python_setup_py']
[0.300s] Level 1:colcon.colcon_core.package_identification:_identify(src) by extension 'python_setup_py'
[0.300s] Level 1:colcon.colcon_core.package_identification:_identify(src/can_odrive_interface) by extensions ['ignore', 'ignore_ament_install']
[0.300s] Level 1:colcon.colcon_core.package_identification:_identify(src/can_odrive_interface) by extension 'ignore'
[0.300s] Level 1:colcon.colcon_core.package_identification:_identify(src/can_odrive_interface) by extension 'ignore_ament_install'
[0.300s] Level 1:colcon.colcon_core.package_identification:_identify(src/can_odrive_interface) by extensions ['colcon_pkg']
[0.300s] Level 1:colcon.colcon_core.package_identification:_identify(src/can_odrive_interface) by extension 'colcon_pkg'
[0.300s] Level 1:colcon.colcon_core.package_identification:_identify(src/can_odrive_interface) by extensions ['colcon_meta']
[0.300s] Level 1:colcon.colcon_core.package_identification:_identify(src/can_odrive_interface) by extension 'colcon_meta'
[0.300s] Level 1:colcon.colcon_core.package_identification:_identify(src/can_odrive_interface) by extensions ['ros']
[0.300s] Level 1:colcon.colcon_core.package_identification:_identify(src/can_odrive_interface) by extension 'ros'
[0.303s] DEBUG:colcon.colcon_core.package_identification:Package 'src/can_odrive_interface' with type 'ros.ament_cmake' and name 'can_odrive_interface'
[0.303s] Level 1:colcon.colcon_core.package_identification:_identify(src/odrive_joint_state_publisher) by extensions ['ignore', 'ignore_ament_install']
[0.303s] Level 1:colcon.colcon_core.package_identification:_identify(src/odrive_joint_state_publisher) by extension 'ignore'
[0.303s] Level 1:colcon.colcon_core.package_identification:_identify(src/odrive_joint_state_publisher) by extension 'ignore_ament_install'
[0.303s] Level 1:colcon.colcon_core.package_identification:_identify(src/odrive_joint_state_publisher) by extensions ['colcon_pkg']
[0.303s] Level 1:colcon.colcon_core.package_identification:_identify(src/odrive_joint_state_publisher) by extension 'colcon_pkg'
[0.303s] Level 1:colcon.colcon_core.package_identification:_identify(src/odrive_joint_state_publisher) by extensions ['colcon_meta']
[0.304s] Level 1:colcon.colcon_core.package_identification:_identify(src/odrive_joint_state_publisher) by extension 'colcon_meta'
[0.304s] Level 1:colcon.colcon_core.package_identification:_identify(src/odrive_joint_state_publisher) by extensions ['ros']
[0.304s] Level 1:colcon.colcon_core.package_identification:_identify(src/odrive_joint_state_publisher) by extension 'ros'
[0.304s] DEBUG:colcon.colcon_core.package_identification:Package 'src/odrive_joint_state_publisher' with type 'ros.ament_cmake' and name 'odrive_joint_state_publisher'
[0.304s] Level 1:colcon.colcon_core.package_identification:_identify(src/rehab_arm_robot) by extensions ['ignore', 'ignore_ament_install']
[0.304s] Level 1:colcon.colcon_core.package_identification:_identify(src/rehab_arm_robot) by extension 'ignore'
[0.304s] Level 1:colcon.colcon_core.package_identification:_identify(src/rehab_arm_robot) by extension 'ignore_ament_install'
[0.305s] Level 1:colcon.colcon_core.package_identification:_identify(src/rehab_arm_robot) by extensions ['colcon_pkg']
[0.305s] Level 1:colcon.colcon_core.package_identification:_identify(src/rehab_arm_robot) by extension 'colcon_pkg'
[0.305s] Level 1:colcon.colcon_core.package_identification:_identify(src/rehab_arm_robot) by extensions ['colcon_meta']
[0.305s] Level 1:colcon.colcon_core.package_identification:_identify(src/rehab_arm_robot) by extension 'colcon_meta'
[0.305s] Level 1:colcon.colcon_core.package_identification:_identify(src/rehab_arm_robot) by extensions ['ros']
[0.305s] Level 1:colcon.colcon_core.package_identification:_identify(src/rehab_arm_robot) by extension 'ros'
[0.305s] DEBUG:colcon.colcon_core.package_identification:Package 'src/rehab_arm_robot' with type 'ros.ament_cmake' and name 'rehab_arm_robot'
[0.306s] Level 1:colcon.colcon_core.package_identification:_identify(src/rehab_arm_robot_control) by extensions ['ignore', 'ignore_ament_install']
[0.306s] Level 1:colcon.colcon_core.package_identification:_identify(src/rehab_arm_robot_control) by extension 'ignore'
[0.306s] Level 1:colcon.colcon_core.package_identification:_identify(src/rehab_arm_robot_control) by extension 'ignore_ament_install'
[0.306s] Level 1:colcon.colcon_core.package_identification:_identify(src/rehab_arm_robot_control) by extensions ['colcon_pkg']
[0.306s] Level 1:colcon.colcon_core.package_identification:_identify(src/rehab_arm_robot_control) by extension 'colcon_pkg'
[0.306s] Level 1:colcon.colcon_core.package_identification:_identify(src/rehab_arm_robot_control) by extensions ['colcon_meta']
[0.306s] Level 1:colcon.colcon_core.package_identification:_identify(src/rehab_arm_robot_control) by extension 'colcon_meta'
[0.306s] Level 1:colcon.colcon_core.package_identification:_identify(src/rehab_arm_robot_control) by extensions ['ros']
[0.306s] Level 1:colcon.colcon_core.package_identification:_identify(src/rehab_arm_robot_control) by extension 'ros'
[0.307s] DEBUG:colcon.colcon_core.package_identification:Package 'src/rehab_arm_robot_control' with type 'ros.ament_cmake' and name 'rehab_arm_robot_control'
[0.307s] Level 1:colcon.colcon_core.package_identification:_identify(src/rehab_arm_robot_moveit_config) by extensions ['ignore', 'ignore_ament_install']
[0.307s] Level 1:colcon.colcon_core.package_identification:_identify(src/rehab_arm_robot_moveit_config) by extension 'ignore'
[0.307s] Level 1:colcon.colcon_core.package_identification:_identify(src/rehab_arm_robot_moveit_config) by extension 'ignore_ament_install'
[0.307s] Level 1:colcon.colcon_core.package_identification:_identify(src/rehab_arm_robot_moveit_config) by extensions ['colcon_pkg']
[0.307s] Level 1:colcon.colcon_core.package_identification:_identify(src/rehab_arm_robot_moveit_config) by extension 'colcon_pkg'
[0.307s] Level 1:colcon.colcon_core.package_identification:_identify(src/rehab_arm_robot_moveit_config) by extensions ['colcon_meta']
[0.307s] Level 1:colcon.colcon_core.package_identification:_identify(src/rehab_arm_robot_moveit_config) by extension 'colcon_meta'
[0.307s] Level 1:colcon.colcon_core.package_identification:_identify(src/rehab_arm_robot_moveit_config) by extensions ['ros']
[0.307s] Level 1:colcon.colcon_core.package_identification:_identify(src/rehab_arm_robot_moveit_config) by extension 'ros'
[0.308s] DEBUG:colcon.colcon_core.package_identification:Package 'src/rehab_arm_robot_moveit_config' with type 'ros.ament_cmake' and name 'rehab_arm_robot_moveit_config'
[0.308s] Level 1:colcon.colcon_core.package_discovery:discover_packages(recursive) using defaults
[0.308s] Level 1:colcon.colcon_core.package_discovery:discover_packages(ignore) discover
[0.308s] Level 1:colcon.colcon_core.package_discovery:discover_packages(ignore) using defaults
[0.308s] Level 1:colcon.colcon_core.package_discovery:discover_packages(path) discover
[0.308s] Level 1:colcon.colcon_core.package_discovery:discover_packages(path) using defaults
[0.336s] Level 1:colcon.colcon_core.package_discovery:discover_packages(prefix_path) check parameters
[0.336s] Level 1:colcon.colcon_core.package_discovery:discover_packages(prefix_path) discover
[0.339s] DEBUG:colcon.colcon_installed_package_information.package_discovery:Found 5 installed packages in /home/nocc/Desktop/3dof_rehab_arm/install
[0.341s] DEBUG:colcon.colcon_installed_package_information.package_discovery:Found 422 installed packages in /opt/ros/humble
[0.343s] Level 1:colcon.colcon_core.package_discovery:discover_packages(prefix_path) using defaults
[0.431s] Level 5:colcon.colcon_core.verb:set package 'can_odrive_interface' build argument 'cmake_args' from command line to 'None'
[0.431s] Level 5:colcon.colcon_core.verb:set package 'can_odrive_interface' build argument 'cmake_target' from command line to 'None'
[0.431s] Level 5:colcon.colcon_core.verb:set package 'can_odrive_interface' build argument 'cmake_target_skip_unavailable' from command line to 'False'
[0.431s] Level 5:colcon.colcon_core.verb:set package 'can_odrive_interface' build argument 'cmake_clean_cache' from command line to 'False'
[0.431s] Level 5:colcon.colcon_core.verb:set package 'can_odrive_interface' build argument 'cmake_clean_first' from command line to 'False'
[0.431s] Level 5:colcon.colcon_core.verb:set package 'can_odrive_interface' build argument 'cmake_force_configure' from command line to 'False'
[0.431s] Level 5:colcon.colcon_core.verb:set package 'can_odrive_interface' build argument 'ament_cmake_args' from command line to 'None'
[0.431s] Level 5:colcon.colcon_core.verb:set package 'can_odrive_interface' build argument 'catkin_cmake_args' from command line to 'None'
[0.431s] Level 5:colcon.colcon_core.verb:set package 'can_odrive_interface' build argument 'catkin_skip_building_tests' from command line to 'False'
[0.431s] DEBUG:colcon.colcon_core.verb:Building package 'can_odrive_interface' with the following arguments: {'ament_cmake_args': None, 'build_base': '/home/nocc/Desktop/3dof_rehab_arm/build/can_odrive_interface', 'catkin_cmake_args': None, 'catkin_skip_building_tests': False, 'cmake_args': None, 'cmake_clean_cache': False, 'cmake_clean_first': False, 'cmake_force_configure': False, 'cmake_target': None, 'cmake_target_skip_unavailable': False, 'install_base': '/home/nocc/Desktop/3dof_rehab_arm/install/can_odrive_interface', 'merge_install': False, 'path': '/home/nocc/Desktop/3dof_rehab_arm/src/can_odrive_interface', 'symlink_install': False, 'test_result_base': None}
[0.432s] Level 5:colcon.colcon_core.verb:set package 'rehab_arm_robot' build argument 'cmake_args' from command line to 'None'
[0.432s] Level 5:colcon.colcon_core.verb:set package 'rehab_arm_robot' build argument 'cmake_target' from command line to 'None'
[0.432s] Level 5:colcon.colcon_core.verb:set package 'rehab_arm_robot' build argument 'cmake_target_skip_unavailable' from command line to 'False'
[0.432s] Level 5:colcon.colcon_core.verb:set package 'rehab_arm_robot' build argument 'cmake_clean_cache' from command line to 'False'
[0.432s] Level 5:colcon.colcon_core.verb:set package 'rehab_arm_robot' build argument 'cmake_clean_first' from command line to 'False'
[0.432s] Level 5:colcon.colcon_core.verb:set package 'rehab_arm_robot' build argument 'cmake_force_configure' from command line to 'False'
[0.432s] Level 5:colcon.colcon_core.verb:set package 'rehab_arm_robot' build argument 'ament_cmake_args' from command line to 'None'
[0.432s] Level 5:colcon.colcon_core.verb:set package 'rehab_arm_robot' build argument 'catkin_cmake_args' from command line to 'None'
[0.432s] Level 5:colcon.colcon_core.verb:set package 'rehab_arm_robot' build argument 'catkin_skip_building_tests' from command line to 'False'
[0.432s] DEBUG:colcon.colcon_core.verb:Building package 'rehab_arm_robot' with the following arguments: {'ament_cmake_args': None, 'build_base': '/home/nocc/Desktop/3dof_rehab_arm/build/rehab_arm_robot', 'catkin_cmake_args': None, 'catkin_skip_building_tests': False, 'cmake_args': None, 'cmake_clean_cache': False, 'cmake_clean_first': False, 'cmake_force_configure': False, 'cmake_target': None, 'cmake_target_skip_unavailable': False, 'install_base': '/home/nocc/Desktop/3dof_rehab_arm/install/rehab_arm_robot', 'merge_install': False, 'path': '/home/nocc/Desktop/3dof_rehab_arm/src/rehab_arm_robot', 'symlink_install': False, 'test_result_base': None}
[0.432s] Level 5:colcon.colcon_core.verb:set package 'rehab_arm_robot_control' build argument 'cmake_args' from command line to 'None'
[0.432s] Level 5:colcon.colcon_core.verb:set package 'rehab_arm_robot_control' build argument 'cmake_target' from command line to 'None'
[0.432s] Level 5:colcon.colcon_core.verb:set package 'rehab_arm_robot_control' build argument 'cmake_target_skip_unavailable' from command line to 'False'
[0.432s] Level 5:colcon.colcon_core.verb:set package 'rehab_arm_robot_control' build argument 'cmake_clean_cache' from command line to 'False'
[0.432s] Level 5:colcon.colcon_core.verb:set package 'rehab_arm_robot_control' build argument 'cmake_clean_first' from command line to 'False'
[0.432s] Level 5:colcon.colcon_core.verb:set package 'rehab_arm_robot_control' build argument 'cmake_force_configure' from command line to 'False'
[0.432s] Level 5:colcon.colcon_core.verb:set package 'rehab_arm_robot_control' build argument 'ament_cmake_args' from command line to 'None'
[0.432s] Level 5:colcon.colcon_core.verb:set package 'rehab_arm_robot_control' build argument 'catkin_cmake_args' from command line to 'None'
[0.432s] Level 5:colcon.colcon_core.verb:set package 'rehab_arm_robot_control' build argument 'catkin_skip_building_tests' from command line to 'False'
[0.432s] DEBUG:colcon.colcon_core.verb:Building package 'rehab_arm_robot_control' with the following arguments: {'ament_cmake_args': None, 'build_base': '/home/nocc/Desktop/3dof_rehab_arm/build/rehab_arm_robot_control', 'catkin_cmake_args': None, 'catkin_skip_building_tests': False, 'cmake_args': None, 'cmake_clean_cache': False, 'cmake_clean_first': False, 'cmake_force_configure': False, 'cmake_target': None, 'cmake_target_skip_unavailable': False, 'install_base': '/home/nocc/Desktop/3dof_rehab_arm/install/rehab_arm_robot_control', 'merge_install': False, 'path': '/home/nocc/Desktop/3dof_rehab_arm/src/rehab_arm_robot_control', 'symlink_install': False, 'test_result_base': None}
[0.433s] Level 5:colcon.colcon_core.verb:set package 'odrive_joint_state_publisher' build argument 'cmake_args' from command line to 'None'
[0.433s] Level 5:colcon.colcon_core.verb:set package 'odrive_joint_state_publisher' build argument 'cmake_target' from command line to 'None'
[0.433s] Level 5:colcon.colcon_core.verb:set package 'odrive_joint_state_publisher' build argument 'cmake_target_skip_unavailable' from command line to 'False'
[0.433s] Level 5:colcon.colcon_core.verb:set package 'odrive_joint_state_publisher' build argument 'cmake_clean_cache' from command line to 'False'
[0.433s] Level 5:colcon.colcon_core.verb:set package 'odrive_joint_state_publisher' build argument 'cmake_clean_first' from command line to 'False'
[0.433s] Level 5:colcon.colcon_core.verb:set package 'odrive_joint_state_publisher' build argument 'cmake_force_configure' from command line to 'False'
[0.433s] Level 5:colcon.colcon_core.verb:set package 'odrive_joint_state_publisher' build argument 'ament_cmake_args' from command line to 'None'
[0.433s] Level 5:colcon.colcon_core.verb:set package 'odrive_joint_state_publisher' build argument 'catkin_cmake_args' from command line to 'None'
[0.433s] Level 5:colcon.colcon_core.verb:set package 'odrive_joint_state_publisher' build argument 'catkin_skip_building_tests' from command line to 'False'
[0.433s] DEBUG:colcon.colcon_core.verb:Building package 'odrive_joint_state_publisher' with the following arguments: {'ament_cmake_args': None, 'build_base': '/home/nocc/Desktop/3dof_rehab_arm/build/odrive_joint_state_publisher', 'catkin_cmake_args': None, 'catkin_skip_building_tests': False, 'cmake_args': None, 'cmake_clean_cache': False, 'cmake_clean_first': False, 'cmake_force_configure': False, 'cmake_target': None, 'cmake_target_skip_unavailable': False, 'install_base': '/home/nocc/Desktop/3dof_rehab_arm/install/odrive_joint_state_publisher', 'merge_install': False, 'path': '/home/nocc/Desktop/3dof_rehab_arm/src/odrive_joint_state_publisher', 'symlink_install': False, 'test_result_base': None}
[0.433s] Level 5:colcon.colcon_core.verb:set package 'rehab_arm_robot_moveit_config' build argument 'cmake_args' from command line to 'None'
[0.433s] Level 5:colcon.colcon_core.verb:set package 'rehab_arm_robot_moveit_config' build argument 'cmake_target' from command line to 'None'
[0.433s] Level 5:colcon.colcon_core.verb:set package 'rehab_arm_robot_moveit_config' build argument 'cmake_target_skip_unavailable' from command line to 'False'
[0.433s] Level 5:colcon.colcon_core.verb:set package 'rehab_arm_robot_moveit_config' build argument 'cmake_clean_cache' from command line to 'False'
[0.433s] Level 5:colcon.colcon_core.verb:set package 'rehab_arm_robot_moveit_config' build argument 'cmake_clean_first' from command line to 'False'
[0.433s] Level 5:colcon.colcon_core.verb:set package 'rehab_arm_robot_moveit_config' build argument 'cmake_force_configure' from command line to 'False'
[0.433s] Level 5:colcon.colcon_core.verb:set package 'rehab_arm_robot_moveit_config' build argument 'ament_cmake_args' from command line to 'None'
[0.433s] Level 5:colcon.colcon_core.verb:set package 'rehab_arm_robot_moveit_config' build argument 'catkin_cmake_args' from command line to 'None'
[0.433s] Level 5:colcon.colcon_core.verb:set package 'rehab_arm_robot_moveit_config' build argument 'catkin_skip_building_tests' from command line to 'False'
[0.433s] DEBUG:colcon.colcon_core.verb:Building package 'rehab_arm_robot_moveit_config' with the following arguments: {'ament_cmake_args': None, 'build_base': '/home/nocc/Desktop/3dof_rehab_arm/build/rehab_arm_robot_moveit_config', 'catkin_cmake_args': None, 'catkin_skip_building_tests': False, 'cmake_args': None, 'cmake_clean_cache': False, 'cmake_clean_first': False, 'cmake_force_configure': False, 'cmake_target': None, 'cmake_target_skip_unavailable': False, 'install_base': '/home/nocc/Desktop/3dof_rehab_arm/install/rehab_arm_robot_moveit_config', 'merge_install': False, 'path': '/home/nocc/Desktop/3dof_rehab_arm/src/rehab_arm_robot_moveit_config', 'symlink_install': False, 'test_result_base': None}
[0.433s] INFO:colcon.colcon_core.executor:Executing jobs using 'parallel' executor
[0.434s] DEBUG:colcon.colcon_parallel_executor.executor.parallel:run_until_complete
[0.434s] INFO:colcon.colcon_ros.task.ament_cmake.build:Building ROS package in '/home/nocc/Desktop/3dof_rehab_arm/src/can_odrive_interface' with build type 'ament_cmake'
[0.435s] INFO:colcon.colcon_cmake.task.cmake.build:Building CMake package in '/home/nocc/Desktop/3dof_rehab_arm/src/can_odrive_interface'
[0.438s] INFO:colcon.colcon_core.plugin_system:Skipping extension 'colcon_core.shell.bat': Not used on non-Windows systems
[0.438s] INFO:colcon.colcon_core.shell:Skip shell extension 'powershell' for command environment: Not usable outside of PowerShell
[0.438s] DEBUG:colcon.colcon_core.shell:Skip shell extension 'dsv' for command environment
[0.441s] INFO:colcon.colcon_ros.task.ament_cmake.build:Building ROS package in '/home/nocc/Desktop/3dof_rehab_arm/src/rehab_arm_robot' with build type 'ament_cmake'
[0.441s] INFO:colcon.colcon_cmake.task.cmake.build:Building CMake package in '/home/nocc/Desktop/3dof_rehab_arm/src/rehab_arm_robot'
[0.441s] INFO:colcon.colcon_core.shell:Skip shell extension 'powershell' for command environment: Not usable outside of PowerShell
[0.441s] DEBUG:colcon.colcon_core.shell:Skip shell extension 'dsv' for command environment
[0.444s] INFO:colcon.colcon_ros.task.ament_cmake.build:Building ROS package in '/home/nocc/Desktop/3dof_rehab_arm/src/rehab_arm_robot_control' with build type 'ament_cmake'
[0.444s] INFO:colcon.colcon_cmake.task.cmake.build:Building CMake package in '/home/nocc/Desktop/3dof_rehab_arm/src/rehab_arm_robot_control'
[0.444s] INFO:colcon.colcon_core.shell:Skip shell extension 'powershell' for command environment: Not usable outside of PowerShell
[0.444s] DEBUG:colcon.colcon_core.shell:Skip shell extension 'dsv' for command environment
[0.450s] DEBUG:colcon.colcon_core.event_handler.log_command:Invoking command in '/home/nocc/Desktop/3dof_rehab_arm/build/can_odrive_interface': CMAKE_PREFIX_PATH=${CMAKE_PREFIX_PATH}:/opt/ros/humble /usr/bin/cmake --build /home/nocc/Desktop/3dof_rehab_arm/build/can_odrive_interface -- -j8 -l8
[0.455s] DEBUG:colcon.colcon_core.event_handler.log_command:Invoking command in '/home/nocc/Desktop/3dof_rehab_arm/build/rehab_arm_robot': CMAKE_PREFIX_PATH=${CMAKE_PREFIX_PATH}:/opt/ros/humble /usr/bin/cmake --build /home/nocc/Desktop/3dof_rehab_arm/build/rehab_arm_robot -- -j8 -l8
[0.459s] DEBUG:colcon.colcon_core.event_handler.log_command:Invoking command in '/home/nocc/Desktop/3dof_rehab_arm/build/rehab_arm_robot_control': CMAKE_PREFIX_PATH=${CMAKE_PREFIX_PATH}:/opt/ros/humble /usr/bin/cmake --build /home/nocc/Desktop/3dof_rehab_arm/build/rehab_arm_robot_control -- -j8 -l8
[0.490s] DEBUG:colcon.colcon_core.event_handler.log_command:Invoked command in '/home/nocc/Desktop/3dof_rehab_arm/build/rehab_arm_robot' returned '0': CMAKE_PREFIX_PATH=${CMAKE_PREFIX_PATH}:/opt/ros/humble /usr/bin/cmake --build /home/nocc/Desktop/3dof_rehab_arm/build/rehab_arm_robot -- -j8 -l8
[0.500s] DEBUG:colcon.colcon_core.event_handler.log_command:Invoking command in '/home/nocc/Desktop/3dof_rehab_arm/build/rehab_arm_robot': CMAKE_PREFIX_PATH=${CMAKE_PREFIX_PATH}:/opt/ros/humble /usr/bin/cmake --install /home/nocc/Desktop/3dof_rehab_arm/build/rehab_arm_robot
[0.520s] Level 1:colcon.colcon_core.environment:create_environment_scripts_only(rehab_arm_robot)
[0.521s] DEBUG:colcon.colcon_core.event_handler.log_command:Invoked command in '/home/nocc/Desktop/3dof_rehab_arm/build/rehab_arm_robot' returned '0': CMAKE_PREFIX_PATH=${CMAKE_PREFIX_PATH}:/opt/ros/humble /usr/bin/cmake --install /home/nocc/Desktop/3dof_rehab_arm/build/rehab_arm_robot
[0.533s] Level 1:colcon.colcon_core.environment:checking '/home/nocc/Desktop/3dof_rehab_arm/install/rehab_arm_robot' for CMake module files
[0.534s] Level 1:colcon.colcon_core.environment:checking '/home/nocc/Desktop/3dof_rehab_arm/install/rehab_arm_robot' for CMake config files
[0.535s] Level 1:colcon.colcon_core.shell:create_environment_hook('rehab_arm_robot', 'cmake_prefix_path')
[0.535s] INFO:colcon.colcon_core.shell:Creating environment hook '/home/nocc/Desktop/3dof_rehab_arm/install/rehab_arm_robot/share/rehab_arm_robot/hook/cmake_prefix_path.ps1'
[0.537s] INFO:colcon.colcon_core.shell:Creating environment descriptor '/home/nocc/Desktop/3dof_rehab_arm/install/rehab_arm_robot/share/rehab_arm_robot/hook/cmake_prefix_path.dsv'
[0.538s] INFO:colcon.colcon_core.shell:Creating environment hook '/home/nocc/Desktop/3dof_rehab_arm/install/rehab_arm_robot/share/rehab_arm_robot/hook/cmake_prefix_path.sh'
[0.539s] Level 1:colcon.colcon_core.environment:checking '/home/nocc/Desktop/3dof_rehab_arm/install/rehab_arm_robot/bin'
[0.540s] Level 1:colcon.colcon_core.environment:checking '/home/nocc/Desktop/3dof_rehab_arm/install/rehab_arm_robot/lib/pkgconfig/rehab_arm_robot.pc'
[0.540s] Level 1:colcon.colcon_core.environment:checking '/home/nocc/Desktop/3dof_rehab_arm/install/rehab_arm_robot/lib/python3.10/site-packages'
[0.540s] Level 1:colcon.colcon_core.environment:checking '/home/nocc/Desktop/3dof_rehab_arm/install/rehab_arm_robot/bin'
[0.541s] INFO:colcon.colcon_core.shell:Creating package script '/home/nocc/Desktop/3dof_rehab_arm/install/rehab_arm_robot/share/rehab_arm_robot/package.ps1'
[0.543s] INFO:colcon.colcon_core.shell:Creating package descriptor '/home/nocc/Desktop/3dof_rehab_arm/install/rehab_arm_robot/share/rehab_arm_robot/package.dsv'
[0.544s] INFO:colcon.colcon_core.shell:Creating package script '/home/nocc/Desktop/3dof_rehab_arm/install/rehab_arm_robot/share/rehab_arm_robot/package.sh'
[0.545s] INFO:colcon.colcon_core.shell:Creating package script '/home/nocc/Desktop/3dof_rehab_arm/install/rehab_arm_robot/share/rehab_arm_robot/package.bash'
[0.547s] INFO:colcon.colcon_core.shell:Creating package script '/home/nocc/Desktop/3dof_rehab_arm/install/rehab_arm_robot/share/rehab_arm_robot/package.zsh'
[0.548s] Level 1:colcon.colcon_core.environment:create_file_with_runtime_dependencies(/home/nocc/Desktop/3dof_rehab_arm/install/rehab_arm_robot/share/colcon-core/packages/rehab_arm_robot)
[0.550s] Level 1:colcon.colcon_core.environment:create_environment_scripts_only(rehab_arm_robot)
[0.550s] Level 1:colcon.colcon_core.environment:checking '/home/nocc/Desktop/3dof_rehab_arm/install/rehab_arm_robot' for CMake module files
[0.551s] Level 1:colcon.colcon_core.environment:checking '/home/nocc/Desktop/3dof_rehab_arm/install/rehab_arm_robot' for CMake config files
[0.551s] Level 1:colcon.colcon_core.shell:create_environment_hook('rehab_arm_robot', 'cmake_prefix_path')
[0.552s] INFO:colcon.colcon_core.shell:Creating environment hook '/home/nocc/Desktop/3dof_rehab_arm/install/rehab_arm_robot/share/rehab_arm_robot/hook/cmake_prefix_path.ps1'
[0.554s] INFO:colcon.colcon_core.shell:Creating environment descriptor '/home/nocc/Desktop/3dof_rehab_arm/install/rehab_arm_robot/share/rehab_arm_robot/hook/cmake_prefix_path.dsv'
[0.556s] INFO:colcon.colcon_core.shell:Creating environment hook '/home/nocc/Desktop/3dof_rehab_arm/install/rehab_arm_robot/share/rehab_arm_robot/hook/cmake_prefix_path.sh'
[0.557s] Level 1:colcon.colcon_core.environment:checking '/home/nocc/Desktop/3dof_rehab_arm/install/rehab_arm_robot/bin'
[0.557s] Level 1:colcon.colcon_core.environment:checking '/home/nocc/Desktop/3dof_rehab_arm/install/rehab_arm_robot/lib/pkgconfig/rehab_arm_robot.pc'
[0.557s] Level 1:colcon.colcon_core.environment:checking '/home/nocc/Desktop/3dof_rehab_arm/install/rehab_arm_robot/lib/python3.10/site-packages'
[0.558s] Level 1:colcon.colcon_core.environment:checking '/home/nocc/Desktop/3dof_rehab_arm/install/rehab_arm_robot/bin'
[0.559s] INFO:colcon.colcon_core.shell:Creating package script '/home/nocc/Desktop/3dof_rehab_arm/install/rehab_arm_robot/share/rehab_arm_robot/package.ps1'
[0.559s] INFO:colcon.colcon_core.shell:Creating package descriptor '/home/nocc/Desktop/3dof_rehab_arm/install/rehab_arm_robot/share/rehab_arm_robot/package.dsv'
[0.560s] INFO:colcon.colcon_core.shell:Creating package script '/home/nocc/Desktop/3dof_rehab_arm/install/rehab_arm_robot/share/rehab_arm_robot/package.sh'
[0.561s] INFO:colcon.colcon_core.shell:Creating package script '/home/nocc/Desktop/3dof_rehab_arm/install/rehab_arm_robot/share/rehab_arm_robot/package.bash'
[0.562s] INFO:colcon.colcon_core.shell:Creating package script '/home/nocc/Desktop/3dof_rehab_arm/install/rehab_arm_robot/share/rehab_arm_robot/package.zsh'
[0.563s] Level 1:colcon.colcon_core.environment:create_file_with_runtime_dependencies(/home/nocc/Desktop/3dof_rehab_arm/install/rehab_arm_robot/share/colcon-core/packages/rehab_arm_robot)
[0.563s] INFO:colcon.colcon_ros.task.ament_cmake.build:Building ROS package in '/home/nocc/Desktop/3dof_rehab_arm/src/rehab_arm_robot_moveit_config' with build type 'ament_cmake'
[0.563s] INFO:colcon.colcon_cmake.task.cmake.build:Building CMake package in '/home/nocc/Desktop/3dof_rehab_arm/src/rehab_arm_robot_moveit_config'
[0.564s] INFO:colcon.colcon_core.shell:Skip shell extension 'powershell' for command environment: Not usable outside of PowerShell
[0.564s] DEBUG:colcon.colcon_core.shell:Skip shell extension 'dsv' for command environment
[0.574s] DEBUG:colcon.colcon_core.event_handler.log_command:Invoking command in '/home/nocc/Desktop/3dof_rehab_arm/build/rehab_arm_robot_moveit_config': CMAKE_PREFIX_PATH=/home/nocc/Desktop/3dof_rehab_arm/install/rehab_arm_robot:/home/nocc/Desktop/3dof_rehab_arm/install/rehab_arm_robot_moveit_config:/home/nocc/Desktop/3dof_rehab_arm/install/rehab_arm_robot_control:/home/nocc/Desktop/3dof_rehab_arm/install/odrive_joint_state_publisher:/home/nocc/Desktop/3dof_rehab_arm/install/can_odrive_interface:/opt/ros/humble /usr/bin/cmake --build /home/nocc/Desktop/3dof_rehab_arm/build/rehab_arm_robot_moveit_config -- -j8 -l8
[0.581s] DEBUG:colcon.colcon_core.event_handler.log_command:Invoked command in '/home/nocc/Desktop/3dof_rehab_arm/build/can_odrive_interface' returned '0': CMAKE_PREFIX_PATH=${CMAKE_PREFIX_PATH}:/opt/ros/humble /usr/bin/cmake --build /home/nocc/Desktop/3dof_rehab_arm/build/can_odrive_interface -- -j8 -l8
[0.583s] DEBUG:colcon.colcon_core.event_handler.log_command:Invoking command in '/home/nocc/Desktop/3dof_rehab_arm/build/can_odrive_interface': CMAKE_PREFIX_PATH=${CMAKE_PREFIX_PATH}:/opt/ros/humble /usr/bin/cmake --install /home/nocc/Desktop/3dof_rehab_arm/build/can_odrive_interface
[0.597s] Level 1:colcon.colcon_core.environment:create_environment_scripts_only(can_odrive_interface)
[0.598s] Level 1:colcon.colcon_core.environment:checking '/home/nocc/Desktop/3dof_rehab_arm/install/can_odrive_interface' for CMake module files
[0.598s] DEBUG:colcon.colcon_core.event_handler.log_command:Invoked command in '/home/nocc/Desktop/3dof_rehab_arm/build/can_odrive_interface' returned '0': CMAKE_PREFIX_PATH=${CMAKE_PREFIX_PATH}:/opt/ros/humble /usr/bin/cmake --install /home/nocc/Desktop/3dof_rehab_arm/build/can_odrive_interface
[0.599s] Level 1:colcon.colcon_core.environment:checking '/home/nocc/Desktop/3dof_rehab_arm/install/can_odrive_interface' for CMake config files
[0.599s] Level 1:colcon.colcon_core.shell:create_environment_hook('can_odrive_interface', 'cmake_prefix_path')
[0.600s] INFO:colcon.colcon_core.shell:Creating environment hook '/home/nocc/Desktop/3dof_rehab_arm/install/can_odrive_interface/share/can_odrive_interface/hook/cmake_prefix_path.ps1'
[0.601s] INFO:colcon.colcon_core.shell:Creating environment descriptor '/home/nocc/Desktop/3dof_rehab_arm/install/can_odrive_interface/share/can_odrive_interface/hook/cmake_prefix_path.dsv'
[0.601s] INFO:colcon.colcon_core.shell:Creating environment hook '/home/nocc/Desktop/3dof_rehab_arm/install/can_odrive_interface/share/can_odrive_interface/hook/cmake_prefix_path.sh'
[0.603s] Level 1:colcon.colcon_core.environment:checking '/home/nocc/Desktop/3dof_rehab_arm/install/can_odrive_interface/lib'
[0.603s] Level 1:colcon.colcon_core.shell:create_environment_hook('can_odrive_interface', 'ld_library_path_lib')
[0.604s] INFO:colcon.colcon_core.shell:Creating environment hook '/home/nocc/Desktop/3dof_rehab_arm/install/can_odrive_interface/share/can_odrive_interface/hook/ld_library_path_lib.ps1'
[0.604s] INFO:colcon.colcon_core.shell:Creating environment descriptor '/home/nocc/Desktop/3dof_rehab_arm/install/can_odrive_interface/share/can_odrive_interface/hook/ld_library_path_lib.dsv'
[0.605s] INFO:colcon.colcon_core.shell:Creating environment hook '/home/nocc/Desktop/3dof_rehab_arm/install/can_odrive_interface/share/can_odrive_interface/hook/ld_library_path_lib.sh'
[0.605s] Level 1:colcon.colcon_core.environment:checking '/home/nocc/Desktop/3dof_rehab_arm/install/can_odrive_interface/bin'
[0.605s] Level 1:colcon.colcon_core.environment:checking '/home/nocc/Desktop/3dof_rehab_arm/install/can_odrive_interface/lib/pkgconfig/can_odrive_interface.pc'
[0.606s] Level 1:colcon.colcon_core.environment:checking '/home/nocc/Desktop/3dof_rehab_arm/install/can_odrive_interface/lib/python3.10/site-packages'
[0.606s] Level 1:colcon.colcon_core.environment:checking '/home/nocc/Desktop/3dof_rehab_arm/install/can_odrive_interface/bin'
[0.606s] INFO:colcon.colcon_core.shell:Creating package script '/home/nocc/Desktop/3dof_rehab_arm/install/can_odrive_interface/share/can_odrive_interface/package.ps1'
[0.607s] INFO:colcon.colcon_core.shell:Creating package descriptor '/home/nocc/Desktop/3dof_rehab_arm/install/can_odrive_interface/share/can_odrive_interface/package.dsv'
[0.607s] INFO:colcon.colcon_core.shell:Creating package script '/home/nocc/Desktop/3dof_rehab_arm/install/can_odrive_interface/share/can_odrive_interface/package.sh'
[0.608s] INFO:colcon.colcon_core.shell:Creating package script '/home/nocc/Desktop/3dof_rehab_arm/install/can_odrive_interface/share/can_odrive_interface/package.bash'
[0.608s] INFO:colcon.colcon_core.shell:Creating package script '/home/nocc/Desktop/3dof_rehab_arm/install/can_odrive_interface/share/can_odrive_interface/package.zsh'
[0.609s] Level 1:colcon.colcon_core.environment:create_file_with_runtime_dependencies(/home/nocc/Desktop/3dof_rehab_arm/install/can_odrive_interface/share/colcon-core/packages/can_odrive_interface)
[0.609s] Level 1:colcon.colcon_core.environment:create_environment_scripts_only(can_odrive_interface)
[0.609s] Level 1:colcon.colcon_core.environment:checking '/home/nocc/Desktop/3dof_rehab_arm/install/can_odrive_interface' for CMake module files
[0.610s] Level 1:colcon.colcon_core.environment:checking '/home/nocc/Desktop/3dof_rehab_arm/install/can_odrive_interface' for CMake config files
[0.610s] Level 1:colcon.colcon_core.shell:create_environment_hook('can_odrive_interface', 'cmake_prefix_path')
[0.611s] INFO:colcon.colcon_core.shell:Creating environment hook '/home/nocc/Desktop/3dof_rehab_arm/install/can_odrive_interface/share/can_odrive_interface/hook/cmake_prefix_path.ps1'
[0.611s] INFO:colcon.colcon_core.shell:Creating environment descriptor '/home/nocc/Desktop/3dof_rehab_arm/install/can_odrive_interface/share/can_odrive_interface/hook/cmake_prefix_path.dsv'
[0.611s] INFO:colcon.colcon_core.shell:Creating environment hook '/home/nocc/Desktop/3dof_rehab_arm/install/can_odrive_interface/share/can_odrive_interface/hook/cmake_prefix_path.sh'
[0.612s] Level 1:colcon.colcon_core.environment:checking '/home/nocc/Desktop/3dof_rehab_arm/install/can_odrive_interface/lib'
[0.612s] Level 1:colcon.colcon_core.shell:create_environment_hook('can_odrive_interface', 'ld_library_path_lib')
[0.612s] INFO:colcon.colcon_core.shell:Creating environment hook '/home/nocc/Desktop/3dof_rehab_arm/install/can_odrive_interface/share/can_odrive_interface/hook/ld_library_path_lib.ps1'
[0.613s] INFO:colcon.colcon_core.shell:Creating environment descriptor '/home/nocc/Desktop/3dof_rehab_arm/install/can_odrive_interface/share/can_odrive_interface/hook/ld_library_path_lib.dsv'
[0.613s] INFO:colcon.colcon_core.shell:Creating environment hook '/home/nocc/Desktop/3dof_rehab_arm/install/can_odrive_interface/share/can_odrive_interface/hook/ld_library_path_lib.sh'
[0.613s] Level 1:colcon.colcon_core.environment:checking '/home/nocc/Desktop/3dof_rehab_arm/install/can_odrive_interface/bin'
[0.613s] Level 1:colcon.colcon_core.environment:checking '/home/nocc/Desktop/3dof_rehab_arm/install/can_odrive_interface/lib/pkgconfig/can_odrive_interface.pc'
[0.613s] Level 1:colcon.colcon_core.environment:checking '/home/nocc/Desktop/3dof_rehab_arm/install/can_odrive_interface/lib/python3.10/site-packages'
[0.614s] Level 1:colcon.colcon_core.environment:checking '/home/nocc/Desktop/3dof_rehab_arm/install/can_odrive_interface/bin'
[0.614s] INFO:colcon.colcon_core.shell:Creating package script '/home/nocc/Desktop/3dof_rehab_arm/install/can_odrive_interface/share/can_odrive_interface/package.ps1'
[0.614s] INFO:colcon.colcon_core.shell:Creating package descriptor '/home/nocc/Desktop/3dof_rehab_arm/install/can_odrive_interface/share/can_odrive_interface/package.dsv'
[0.615s] INFO:colcon.colcon_core.shell:Creating package script '/home/nocc/Desktop/3dof_rehab_arm/install/can_odrive_interface/share/can_odrive_interface/package.sh'
[0.615s] INFO:colcon.colcon_core.shell:Creating package script '/home/nocc/Desktop/3dof_rehab_arm/install/can_odrive_interface/share/can_odrive_interface/package.bash'
[0.616s] INFO:colcon.colcon_core.shell:Creating package script '/home/nocc/Desktop/3dof_rehab_arm/install/can_odrive_interface/share/can_odrive_interface/package.zsh'
[0.616s] Level 1:colcon.colcon_core.environment:create_file_with_runtime_dependencies(/home/nocc/Desktop/3dof_rehab_arm/install/can_odrive_interface/share/colcon-core/packages/can_odrive_interface)
[0.616s] INFO:colcon.colcon_ros.task.ament_cmake.build:Building ROS package in '/home/nocc/Desktop/3dof_rehab_arm/src/odrive_joint_state_publisher' with build type 'ament_cmake'
[0.616s] INFO:colcon.colcon_cmake.task.cmake.build:Building CMake package in '/home/nocc/Desktop/3dof_rehab_arm/src/odrive_joint_state_publisher'
[0.617s] INFO:colcon.colcon_core.shell:Skip shell extension 'powershell' for command environment: Not usable outside of PowerShell
[0.617s] DEBUG:colcon.colcon_core.shell:Skip shell extension 'dsv' for command environment
[0.627s] DEBUG:colcon.colcon_core.event_handler.log_command:Invoked command in '/home/nocc/Desktop/3dof_rehab_arm/build/rehab_arm_robot_control' returned '0': CMAKE_PREFIX_PATH=${CMAKE_PREFIX_PATH}:/opt/ros/humble /usr/bin/cmake --build /home/nocc/Desktop/3dof_rehab_arm/build/rehab_arm_robot_control -- -j8 -l8
[0.631s] DEBUG:colcon.colcon_core.event_handler.log_command:Invoking command in '/home/nocc/Desktop/3dof_rehab_arm/build/rehab_arm_robot_control': CMAKE_PREFIX_PATH=${CMAKE_PREFIX_PATH}:/opt/ros/humble /usr/bin/cmake --install /home/nocc/Desktop/3dof_rehab_arm/build/rehab_arm_robot_control
[0.635s] DEBUG:colcon.colcon_core.event_handler.log_command:Invoked command in '/home/nocc/Desktop/3dof_rehab_arm/build/rehab_arm_robot_moveit_config' returned '0': CMAKE_PREFIX_PATH=/home/nocc/Desktop/3dof_rehab_arm/install/rehab_arm_robot:/home/nocc/Desktop/3dof_rehab_arm/install/rehab_arm_robot_moveit_config:/home/nocc/Desktop/3dof_rehab_arm/install/rehab_arm_robot_control:/home/nocc/Desktop/3dof_rehab_arm/install/odrive_joint_state_publisher:/home/nocc/Desktop/3dof_rehab_arm/install/can_odrive_interface:/opt/ros/humble /usr/bin/cmake --build /home/nocc/Desktop/3dof_rehab_arm/build/rehab_arm_robot_moveit_config -- -j8 -l8
[0.637s] DEBUG:colcon.colcon_core.event_handler.log_command:Invoking command in '/home/nocc/Desktop/3dof_rehab_arm/build/rehab_arm_robot_moveit_config': CMAKE_PREFIX_PATH=/home/nocc/Desktop/3dof_rehab_arm/install/rehab_arm_robot:/home/nocc/Desktop/3dof_rehab_arm/install/rehab_arm_robot_moveit_config:/home/nocc/Desktop/3dof_rehab_arm/install/rehab_arm_robot_control:/home/nocc/Desktop/3dof_rehab_arm/install/odrive_joint_state_publisher:/home/nocc/Desktop/3dof_rehab_arm/install/can_odrive_interface:/opt/ros/humble /usr/bin/cmake --install /home/nocc/Desktop/3dof_rehab_arm/build/rehab_arm_robot_moveit_config
[0.642s] DEBUG:colcon.colcon_core.event_handler.log_command:Invoking command in '/home/nocc/Desktop/3dof_rehab_arm/build/odrive_joint_state_publisher': CMAKE_PREFIX_PATH=/home/nocc/Desktop/3dof_rehab_arm/install/can_odrive_interface:/home/nocc/Desktop/3dof_rehab_arm/install/rehab_arm_robot_moveit_config:/home/nocc/Desktop/3dof_rehab_arm/install/rehab_arm_robot_control:/home/nocc/Desktop/3dof_rehab_arm/install/rehab_arm_robot:/home/nocc/Desktop/3dof_rehab_arm/install/odrive_joint_state_publisher:/opt/ros/humble LD_LIBRARY_PATH=/home/nocc/Desktop/3dof_rehab_arm/install/can_odrive_interface/lib:/usr/lib/x86_64-linux-gnu/gazebo-11/plugins:/opt/ros/humble/opt/rviz_ogre_vendor/lib:/opt/ros/humble/lib/x86_64-linux-gnu:/opt/ros/humble/lib:/usr/lib/x86_64-linux-gnu/gazebo-11/plugins /usr/bin/cmake --build /home/nocc/Desktop/3dof_rehab_arm/build/odrive_joint_state_publisher -- -j8 -l8
[0.649s] Level 1:colcon.colcon_core.environment:create_environment_scripts_only(rehab_arm_robot_control)
[0.650s] Level 1:colcon.colcon_core.environment:checking '/home/nocc/Desktop/3dof_rehab_arm/install/rehab_arm_robot_control' for CMake module files
[0.651s] Level 1:colcon.colcon_core.environment:checking '/home/nocc/Desktop/3dof_rehab_arm/install/rehab_arm_robot_control' for CMake config files
[0.656s] DEBUG:colcon.colcon_core.event_handler.log_command:Invoked command in '/home/nocc/Desktop/3dof_rehab_arm/build/rehab_arm_robot_control' returned '0': CMAKE_PREFIX_PATH=${CMAKE_PREFIX_PATH}:/opt/ros/humble /usr/bin/cmake --install /home/nocc/Desktop/3dof_rehab_arm/build/rehab_arm_robot_control
[0.656s] Level 1:colcon.colcon_core.shell:create_environment_hook('rehab_arm_robot_control', 'cmake_prefix_path')
[0.657s] INFO:colcon.colcon_core.shell:Creating environment hook '/home/nocc/Desktop/3dof_rehab_arm/install/rehab_arm_robot_control/share/rehab_arm_robot_control/hook/cmake_prefix_path.ps1'
[0.658s] INFO:colcon.colcon_core.shell:Creating environment descriptor '/home/nocc/Desktop/3dof_rehab_arm/install/rehab_arm_robot_control/share/rehab_arm_robot_control/hook/cmake_prefix_path.dsv'
[0.658s] INFO:colcon.colcon_core.shell:Creating environment hook '/home/nocc/Desktop/3dof_rehab_arm/install/rehab_arm_robot_control/share/rehab_arm_robot_control/hook/cmake_prefix_path.sh'
[0.659s] Level 1:colcon.colcon_core.environment:checking '/home/nocc/Desktop/3dof_rehab_arm/install/rehab_arm_robot_control/lib'
[0.659s] Level 1:colcon.colcon_core.environment:checking '/home/nocc/Desktop/3dof_rehab_arm/install/rehab_arm_robot_control/bin'
[0.659s] Level 1:colcon.colcon_core.environment:checking '/home/nocc/Desktop/3dof_rehab_arm/install/rehab_arm_robot_control/lib/pkgconfig/rehab_arm_robot_control.pc'
[0.660s] Level 1:colcon.colcon_core.environment:checking '/home/nocc/Desktop/3dof_rehab_arm/install/rehab_arm_robot_control/lib/python3.10/site-packages'
[0.660s] Level 1:colcon.colcon_core.environment:checking '/home/nocc/Desktop/3dof_rehab_arm/install/rehab_arm_robot_control/bin'
[0.661s] INFO:colcon.colcon_core.shell:Creating package script '/home/nocc/Desktop/3dof_rehab_arm/install/rehab_arm_robot_control/share/rehab_arm_robot_control/package.ps1'
[0.662s] INFO:colcon.colcon_core.shell:Creating package descriptor '/home/nocc/Desktop/3dof_rehab_arm/install/rehab_arm_robot_control/share/rehab_arm_robot_control/package.dsv'
[0.663s] INFO:colcon.colcon_core.shell:Creating package script '/home/nocc/Desktop/3dof_rehab_arm/install/rehab_arm_robot_control/share/rehab_arm_robot_control/package.sh'
[0.664s] INFO:colcon.colcon_core.shell:Creating package script '/home/nocc/Desktop/3dof_rehab_arm/install/rehab_arm_robot_control/share/rehab_arm_robot_control/package.bash'
[0.664s] INFO:colcon.colcon_core.shell:Creating package script '/home/nocc/Desktop/3dof_rehab_arm/install/rehab_arm_robot_control/share/rehab_arm_robot_control/package.zsh'
[0.665s] Level 1:colcon.colcon_core.environment:create_file_with_runtime_dependencies(/home/nocc/Desktop/3dof_rehab_arm/install/rehab_arm_robot_control/share/colcon-core/packages/rehab_arm_robot_control)
[0.666s] Level 1:colcon.colcon_core.environment:create_environment_scripts_only(rehab_arm_robot_control)
[0.666s] Level 1:colcon.colcon_core.environment:checking '/home/nocc/Desktop/3dof_rehab_arm/install/rehab_arm_robot_control' for CMake module files
[0.667s] Level 1:colcon.colcon_core.environment:checking '/home/nocc/Desktop/3dof_rehab_arm/install/rehab_arm_robot_control' for CMake config files
[0.667s] Level 1:colcon.colcon_core.shell:create_environment_hook('rehab_arm_robot_control', 'cmake_prefix_path')
[0.667s] INFO:colcon.colcon_core.shell:Creating environment hook '/home/nocc/Desktop/3dof_rehab_arm/install/rehab_arm_robot_control/share/rehab_arm_robot_control/hook/cmake_prefix_path.ps1'
[0.668s] INFO:colcon.colcon_core.shell:Creating environment descriptor '/home/nocc/Desktop/3dof_rehab_arm/install/rehab_arm_robot_control/share/rehab_arm_robot_control/hook/cmake_prefix_path.dsv'
[0.668s] INFO:colcon.colcon_core.shell:Creating environment hook '/home/nocc/Desktop/3dof_rehab_arm/install/rehab_arm_robot_control/share/rehab_arm_robot_control/hook/cmake_prefix_path.sh'
[0.670s] Level 1:colcon.colcon_core.environment:checking '/home/nocc/Desktop/3dof_rehab_arm/install/rehab_arm_robot_control/lib'
[0.670s] Level 1:colcon.colcon_core.environment:checking '/home/nocc/Desktop/3dof_rehab_arm/install/rehab_arm_robot_control/bin'
[0.670s] Level 1:colcon.colcon_core.environment:checking '/home/nocc/Desktop/3dof_rehab_arm/install/rehab_arm_robot_control/lib/pkgconfig/rehab_arm_robot_control.pc'
[0.670s] Level 1:colcon.colcon_core.environment:checking '/home/nocc/Desktop/3dof_rehab_arm/install/rehab_arm_robot_control/lib/python3.10/site-packages'
[0.671s] Level 1:colcon.colcon_core.environment:checking '/home/nocc/Desktop/3dof_rehab_arm/install/rehab_arm_robot_control/bin'
[0.671s] INFO:colcon.colcon_core.shell:Creating package script '/home/nocc/Desktop/3dof_rehab_arm/install/rehab_arm_robot_control/share/rehab_arm_robot_control/package.ps1'
[0.672s] INFO:colcon.colcon_core.shell:Creating package descriptor '/home/nocc/Desktop/3dof_rehab_arm/install/rehab_arm_robot_control/share/rehab_arm_robot_control/package.dsv'
[0.673s] INFO:colcon.colcon_core.shell:Creating package script '/home/nocc/Desktop/3dof_rehab_arm/install/rehab_arm_robot_control/share/rehab_arm_robot_control/package.sh'
[0.673s] INFO:colcon.colcon_core.shell:Creating package script '/home/nocc/Desktop/3dof_rehab_arm/install/rehab_arm_robot_control/share/rehab_arm_robot_control/package.bash'
[0.674s] INFO:colcon.colcon_core.shell:Creating package script '/home/nocc/Desktop/3dof_rehab_arm/install/rehab_arm_robot_control/share/rehab_arm_robot_control/package.zsh'
[0.674s] Level 1:colcon.colcon_core.environment:create_file_with_runtime_dependencies(/home/nocc/Desktop/3dof_rehab_arm/install/rehab_arm_robot_control/share/colcon-core/packages/rehab_arm_robot_control)
[0.675s] Level 1:colcon.colcon_core.environment:create_environment_scripts_only(rehab_arm_robot_moveit_config)
[0.676s] Level 1:colcon.colcon_core.environment:checking '/home/nocc/Desktop/3dof_rehab_arm/install/rehab_arm_robot_moveit_config' for CMake module files
[0.677s] DEBUG:colcon.colcon_core.event_handler.log_command:Invoked command in '/home/nocc/Desktop/3dof_rehab_arm/build/rehab_arm_robot_moveit_config' returned '0': CMAKE_PREFIX_PATH=/home/nocc/Desktop/3dof_rehab_arm/install/rehab_arm_robot:/home/nocc/Desktop/3dof_rehab_arm/install/rehab_arm_robot_moveit_config:/home/nocc/Desktop/3dof_rehab_arm/install/rehab_arm_robot_control:/home/nocc/Desktop/3dof_rehab_arm/install/odrive_joint_state_publisher:/home/nocc/Desktop/3dof_rehab_arm/install/can_odrive_interface:/opt/ros/humble /usr/bin/cmake --install /home/nocc/Desktop/3dof_rehab_arm/build/rehab_arm_robot_moveit_config
[0.677s] Level 1:colcon.colcon_core.environment:checking '/home/nocc/Desktop/3dof_rehab_arm/install/rehab_arm_robot_moveit_config' for CMake config files
[0.677s] Level 1:colcon.colcon_core.shell:create_environment_hook('rehab_arm_robot_moveit_config', 'cmake_prefix_path')
[0.678s] INFO:colcon.colcon_core.shell:Creating environment hook '/home/nocc/Desktop/3dof_rehab_arm/install/rehab_arm_robot_moveit_config/share/rehab_arm_robot_moveit_config/hook/cmake_prefix_path.ps1'
[0.679s] INFO:colcon.colcon_core.shell:Creating environment descriptor '/home/nocc/Desktop/3dof_rehab_arm/install/rehab_arm_robot_moveit_config/share/rehab_arm_robot_moveit_config/hook/cmake_prefix_path.dsv'
[0.679s] INFO:colcon.colcon_core.shell:Creating environment hook '/home/nocc/Desktop/3dof_rehab_arm/install/rehab_arm_robot_moveit_config/share/rehab_arm_robot_moveit_config/hook/cmake_prefix_path.sh'
[0.680s] Level 1:colcon.colcon_core.environment:checking '/home/nocc/Desktop/3dof_rehab_arm/install/rehab_arm_robot_moveit_config/bin'
[0.680s] Level 1:colcon.colcon_core.environment:checking '/home/nocc/Desktop/3dof_rehab_arm/install/rehab_arm_robot_moveit_config/lib/pkgconfig/rehab_arm_robot_moveit_config.pc'
[0.680s] Level 1:colcon.colcon_core.environment:checking '/home/nocc/Desktop/3dof_rehab_arm/install/rehab_arm_robot_moveit_config/lib/python3.10/site-packages'
[0.681s] Level 1:colcon.colcon_core.environment:checking '/home/nocc/Desktop/3dof_rehab_arm/install/rehab_arm_robot_moveit_config/bin'
[0.681s] INFO:colcon.colcon_core.shell:Creating package script '/home/nocc/Desktop/3dof_rehab_arm/install/rehab_arm_robot_moveit_config/share/rehab_arm_robot_moveit_config/package.ps1'
[0.682s] INFO:colcon.colcon_core.shell:Creating package descriptor '/home/nocc/Desktop/3dof_rehab_arm/install/rehab_arm_robot_moveit_config/share/rehab_arm_robot_moveit_config/package.dsv'
[0.682s] INFO:colcon.colcon_core.shell:Creating package script '/home/nocc/Desktop/3dof_rehab_arm/install/rehab_arm_robot_moveit_config/share/rehab_arm_robot_moveit_config/package.sh'
[0.683s] INFO:colcon.colcon_core.shell:Creating package script '/home/nocc/Desktop/3dof_rehab_arm/install/rehab_arm_robot_moveit_config/share/rehab_arm_robot_moveit_config/package.bash'
[0.683s] INFO:colcon.colcon_core.shell:Creating package script '/home/nocc/Desktop/3dof_rehab_arm/install/rehab_arm_robot_moveit_config/share/rehab_arm_robot_moveit_config/package.zsh'
[0.684s] Level 1:colcon.colcon_core.environment:create_file_with_runtime_dependencies(/home/nocc/Desktop/3dof_rehab_arm/install/rehab_arm_robot_moveit_config/share/colcon-core/packages/rehab_arm_robot_moveit_config)
[0.684s] Level 1:colcon.colcon_core.environment:create_environment_scripts_only(rehab_arm_robot_moveit_config)
[0.685s] Level 1:colcon.colcon_core.environment:checking '/home/nocc/Desktop/3dof_rehab_arm/install/rehab_arm_robot_moveit_config' for CMake module files
[0.685s] Level 1:colcon.colcon_core.environment:checking '/home/nocc/Desktop/3dof_rehab_arm/install/rehab_arm_robot_moveit_config' for CMake config files
[0.686s] Level 1:colcon.colcon_core.shell:create_environment_hook('rehab_arm_robot_moveit_config', 'cmake_prefix_path')
[0.686s] INFO:colcon.colcon_core.shell:Creating environment hook '/home/nocc/Desktop/3dof_rehab_arm/install/rehab_arm_robot_moveit_config/share/rehab_arm_robot_moveit_config/hook/cmake_prefix_path.ps1'
[0.687s] INFO:colcon.colcon_core.shell:Creating environment descriptor '/home/nocc/Desktop/3dof_rehab_arm/install/rehab_arm_robot_moveit_config/share/rehab_arm_robot_moveit_config/hook/cmake_prefix_path.dsv'
[0.687s] INFO:colcon.colcon_core.shell:Creating environment hook '/home/nocc/Desktop/3dof_rehab_arm/install/rehab_arm_robot_moveit_config/share/rehab_arm_robot_moveit_config/hook/cmake_prefix_path.sh'
[0.688s] Level 1:colcon.colcon_core.environment:checking '/home/nocc/Desktop/3dof_rehab_arm/install/rehab_arm_robot_moveit_config/bin'
[0.688s] Level 1:colcon.colcon_core.environment:checking '/home/nocc/Desktop/3dof_rehab_arm/install/rehab_arm_robot_moveit_config/lib/pkgconfig/rehab_arm_robot_moveit_config.pc'
[0.688s] Level 1:colcon.colcon_core.environment:checking '/home/nocc/Desktop/3dof_rehab_arm/install/rehab_arm_robot_moveit_config/lib/python3.10/site-packages'
[0.689s] Level 1:colcon.colcon_core.environment:checking '/home/nocc/Desktop/3dof_rehab_arm/install/rehab_arm_robot_moveit_config/bin'
[0.689s] INFO:colcon.colcon_core.shell:Creating package script '/home/nocc/Desktop/3dof_rehab_arm/install/rehab_arm_robot_moveit_config/share/rehab_arm_robot_moveit_config/package.ps1'
[0.689s] INFO:colcon.colcon_core.shell:Creating package descriptor '/home/nocc/Desktop/3dof_rehab_arm/install/rehab_arm_robot_moveit_config/share/rehab_arm_robot_moveit_config/package.dsv'
[0.690s] INFO:colcon.colcon_core.shell:Creating package script '/home/nocc/Desktop/3dof_rehab_arm/install/rehab_arm_robot_moveit_config/share/rehab_arm_robot_moveit_config/package.sh'
[0.690s] INFO:colcon.colcon_core.shell:Creating package script '/home/nocc/Desktop/3dof_rehab_arm/install/rehab_arm_robot_moveit_config/share/rehab_arm_robot_moveit_config/package.bash'
[0.691s] INFO:colcon.colcon_core.shell:Creating package script '/home/nocc/Desktop/3dof_rehab_arm/install/rehab_arm_robot_moveit_config/share/rehab_arm_robot_moveit_config/package.zsh'
[0.691s] Level 1:colcon.colcon_core.environment:create_file_with_runtime_dependencies(/home/nocc/Desktop/3dof_rehab_arm/install/rehab_arm_robot_moveit_config/share/colcon-core/packages/rehab_arm_robot_moveit_config)
[11.164s] DEBUG:colcon.colcon_core.event_handler.log_command:Invoked command in '/home/nocc/Desktop/3dof_rehab_arm/build/odrive_joint_state_publisher' returned '0': CMAKE_PREFIX_PATH=/home/nocc/Desktop/3dof_rehab_arm/install/can_odrive_interface:/home/nocc/Desktop/3dof_rehab_arm/install/rehab_arm_robot_moveit_config:/home/nocc/Desktop/3dof_rehab_arm/install/rehab_arm_robot_control:/home/nocc/Desktop/3dof_rehab_arm/install/rehab_arm_robot:/home/nocc/Desktop/3dof_rehab_arm/install/odrive_joint_state_publisher:/opt/ros/humble LD_LIBRARY_PATH=/home/nocc/Desktop/3dof_rehab_arm/install/can_odrive_interface/lib:/usr/lib/x86_64-linux-gnu/gazebo-11/plugins:/opt/ros/humble/opt/rviz_ogre_vendor/lib:/opt/ros/humble/lib/x86_64-linux-gnu:/opt/ros/humble/lib:/usr/lib/x86_64-linux-gnu/gazebo-11/plugins /usr/bin/cmake --build /home/nocc/Desktop/3dof_rehab_arm/build/odrive_joint_state_publisher -- -j8 -l8
[11.167s] DEBUG:colcon.colcon_core.event_handler.log_command:Invoking command in '/home/nocc/Desktop/3dof_rehab_arm/build/odrive_joint_state_publisher': CMAKE_PREFIX_PATH=/home/nocc/Desktop/3dof_rehab_arm/install/can_odrive_interface:/home/nocc/Desktop/3dof_rehab_arm/install/rehab_arm_robot_moveit_config:/home/nocc/Desktop/3dof_rehab_arm/install/rehab_arm_robot_control:/home/nocc/Desktop/3dof_rehab_arm/install/rehab_arm_robot:/home/nocc/Desktop/3dof_rehab_arm/install/odrive_joint_state_publisher:/opt/ros/humble LD_LIBRARY_PATH=/home/nocc/Desktop/3dof_rehab_arm/install/can_odrive_interface/lib:/usr/lib/x86_64-linux-gnu/gazebo-11/plugins:/opt/ros/humble/opt/rviz_ogre_vendor/lib:/opt/ros/humble/lib/x86_64-linux-gnu:/opt/ros/humble/lib:/usr/lib/x86_64-linux-gnu/gazebo-11/plugins /usr/bin/cmake --install /home/nocc/Desktop/3dof_rehab_arm/build/odrive_joint_state_publisher
[11.184s] Level 1:colcon.colcon_core.environment:create_environment_scripts_only(odrive_joint_state_publisher)
[11.185s] Level 1:colcon.colcon_core.environment:checking '/home/nocc/Desktop/3dof_rehab_arm/install/odrive_joint_state_publisher' for CMake module files
[11.185s] DEBUG:colcon.colcon_core.event_handler.log_command:Invoked command in '/home/nocc/Desktop/3dof_rehab_arm/build/odrive_joint_state_publisher' returned '0': CMAKE_PREFIX_PATH=/home/nocc/Desktop/3dof_rehab_arm/install/can_odrive_interface:/home/nocc/Desktop/3dof_rehab_arm/install/rehab_arm_robot_moveit_config:/home/nocc/Desktop/3dof_rehab_arm/install/rehab_arm_robot_control:/home/nocc/Desktop/3dof_rehab_arm/install/rehab_arm_robot:/home/nocc/Desktop/3dof_rehab_arm/install/odrive_joint_state_publisher:/opt/ros/humble LD_LIBRARY_PATH=/home/nocc/Desktop/3dof_rehab_arm/install/can_odrive_interface/lib:/usr/lib/x86_64-linux-gnu/gazebo-11/plugins:/opt/ros/humble/opt/rviz_ogre_vendor/lib:/opt/ros/humble/lib/x86_64-linux-gnu:/opt/ros/humble/lib:/usr/lib/x86_64-linux-gnu/gazebo-11/plugins /usr/bin/cmake --install /home/nocc/Desktop/3dof_rehab_arm/build/odrive_joint_state_publisher
[11.186s] Level 1:colcon.colcon_core.environment:checking '/home/nocc/Desktop/3dof_rehab_arm/install/odrive_joint_state_publisher' for CMake config files
[11.186s] Level 1:colcon.colcon_core.shell:create_environment_hook('odrive_joint_state_publisher', 'cmake_prefix_path')
[11.186s] INFO:colcon.colcon_core.shell:Creating environment hook '/home/nocc/Desktop/3dof_rehab_arm/install/odrive_joint_state_publisher/share/odrive_joint_state_publisher/hook/cmake_prefix_path.ps1'
[11.188s] INFO:colcon.colcon_core.shell:Creating environment descriptor '/home/nocc/Desktop/3dof_rehab_arm/install/odrive_joint_state_publisher/share/odrive_joint_state_publisher/hook/cmake_prefix_path.dsv'
[11.189s] INFO:colcon.colcon_core.shell:Creating environment hook '/home/nocc/Desktop/3dof_rehab_arm/install/odrive_joint_state_publisher/share/odrive_joint_state_publisher/hook/cmake_prefix_path.sh'
[11.190s] Level 1:colcon.colcon_core.environment:checking '/home/nocc/Desktop/3dof_rehab_arm/install/odrive_joint_state_publisher/lib'
[11.190s] Level 1:colcon.colcon_core.environment:checking '/home/nocc/Desktop/3dof_rehab_arm/install/odrive_joint_state_publisher/bin'
[11.190s] Level 1:colcon.colcon_core.environment:checking '/home/nocc/Desktop/3dof_rehab_arm/install/odrive_joint_state_publisher/lib/pkgconfig/odrive_joint_state_publisher.pc'
[11.190s] Level 1:colcon.colcon_core.environment:checking '/home/nocc/Desktop/3dof_rehab_arm/install/odrive_joint_state_publisher/lib/python3.10/site-packages'
[11.190s] Level 1:colcon.colcon_core.environment:checking '/home/nocc/Desktop/3dof_rehab_arm/install/odrive_joint_state_publisher/bin'
[11.191s] INFO:colcon.colcon_core.shell:Creating package script '/home/nocc/Desktop/3dof_rehab_arm/install/odrive_joint_state_publisher/share/odrive_joint_state_publisher/package.ps1'
[11.191s] INFO:colcon.colcon_core.shell:Creating package descriptor '/home/nocc/Desktop/3dof_rehab_arm/install/odrive_joint_state_publisher/share/odrive_joint_state_publisher/package.dsv'
[11.191s] INFO:colcon.colcon_core.shell:Creating package script '/home/nocc/Desktop/3dof_rehab_arm/install/odrive_joint_state_publisher/share/odrive_joint_state_publisher/package.sh'
[11.192s] INFO:colcon.colcon_core.shell:Creating package script '/home/nocc/Desktop/3dof_rehab_arm/install/odrive_joint_state_publisher/share/odrive_joint_state_publisher/package.bash'
[11.193s] INFO:colcon.colcon_core.shell:Creating package script '/home/nocc/Desktop/3dof_rehab_arm/install/odrive_joint_state_publisher/share/odrive_joint_state_publisher/package.zsh'
[11.193s] Level 1:colcon.colcon_core.environment:create_file_with_runtime_dependencies(/home/nocc/Desktop/3dof_rehab_arm/install/odrive_joint_state_publisher/share/colcon-core/packages/odrive_joint_state_publisher)
[11.194s] Level 1:colcon.colcon_core.environment:create_environment_scripts_only(odrive_joint_state_publisher)
[11.194s] Level 1:colcon.colcon_core.environment:checking '/home/nocc/Desktop/3dof_rehab_arm/install/odrive_joint_state_publisher' for CMake module files
[11.194s] Level 1:colcon.colcon_core.environment:checking '/home/nocc/Desktop/3dof_rehab_arm/install/odrive_joint_state_publisher' for CMake config files
[11.195s] Level 1:colcon.colcon_core.shell:create_environment_hook('odrive_joint_state_publisher', 'cmake_prefix_path')
[11.195s] INFO:colcon.colcon_core.shell:Creating environment hook '/home/nocc/Desktop/3dof_rehab_arm/install/odrive_joint_state_publisher/share/odrive_joint_state_publisher/hook/cmake_prefix_path.ps1'
[11.195s] INFO:colcon.colcon_core.shell:Creating environment descriptor '/home/nocc/Desktop/3dof_rehab_arm/install/odrive_joint_state_publisher/share/odrive_joint_state_publisher/hook/cmake_prefix_path.dsv'
[11.196s] INFO:colcon.colcon_core.shell:Creating environment hook '/home/nocc/Desktop/3dof_rehab_arm/install/odrive_joint_state_publisher/share/odrive_joint_state_publisher/hook/cmake_prefix_path.sh'
[11.196s] Level 1:colcon.colcon_core.environment:checking '/home/nocc/Desktop/3dof_rehab_arm/install/odrive_joint_state_publisher/lib'
[11.196s] Level 1:colcon.colcon_core.environment:checking '/home/nocc/Desktop/3dof_rehab_arm/install/odrive_joint_state_publisher/bin'
[11.196s] Level 1:colcon.colcon_core.environment:checking '/home/nocc/Desktop/3dof_rehab_arm/install/odrive_joint_state_publisher/lib/pkgconfig/odrive_joint_state_publisher.pc'
[11.197s] Level 1:colcon.colcon_core.environment:checking '/home/nocc/Desktop/3dof_rehab_arm/install/odrive_joint_state_publisher/lib/python3.10/site-packages'
[11.197s] Level 1:colcon.colcon_core.environment:checking '/home/nocc/Desktop/3dof_rehab_arm/install/odrive_joint_state_publisher/bin'
[11.197s] INFO:colcon.colcon_core.shell:Creating package script '/home/nocc/Desktop/3dof_rehab_arm/install/odrive_joint_state_publisher/share/odrive_joint_state_publisher/package.ps1'
[11.198s] INFO:colcon.colcon_core.shell:Creating package descriptor '/home/nocc/Desktop/3dof_rehab_arm/install/odrive_joint_state_publisher/share/odrive_joint_state_publisher/package.dsv'
[11.198s] INFO:colcon.colcon_core.shell:Creating package script '/home/nocc/Desktop/3dof_rehab_arm/install/odrive_joint_state_publisher/share/odrive_joint_state_publisher/package.sh'
[11.198s] INFO:colcon.colcon_core.shell:Creating package script '/home/nocc/Desktop/3dof_rehab_arm/install/odrive_joint_state_publisher/share/odrive_joint_state_publisher/package.bash'
[11.199s] INFO:colcon.colcon_core.shell:Creating package script '/home/nocc/Desktop/3dof_rehab_arm/install/odrive_joint_state_publisher/share/odrive_joint_state_publisher/package.zsh'
[11.199s] Level 1:colcon.colcon_core.environment:create_file_with_runtime_dependencies(/home/nocc/Desktop/3dof_rehab_arm/install/odrive_joint_state_publisher/share/colcon-core/packages/odrive_joint_state_publisher)
[11.199s] DEBUG:colcon.colcon_parallel_executor.executor.parallel:closing loop
[11.199s] DEBUG:colcon.colcon_parallel_executor.executor.parallel:loop closed
[11.199s] DEBUG:colcon.colcon_parallel_executor.executor.parallel:run_until_complete finished with '0'
[11.199s] DEBUG:colcon.colcon_core.event_reactor:joining thread
[11.216s] INFO:colcon.colcon_core.plugin_system:Skipping extension 'colcon_notification.desktop_notification.terminal_notifier': Not used on non-Darwin systems
[11.216s] INFO:colcon.colcon_core.plugin_system:Skipping extension 'colcon_notification.desktop_notification.win32': Not used on non-Windows systems
[11.216s] INFO:colcon.colcon_notification.desktop_notification:Sending desktop notification using 'notify2'
[11.251s] DEBUG:colcon.colcon_core.event_reactor:joined thread
[11.251s] INFO:colcon.colcon_core.shell:Creating prefix script '/home/nocc/Desktop/3dof_rehab_arm/install/local_setup.ps1'
[11.252s] INFO:colcon.colcon_core.shell:Creating prefix util module '/home/nocc/Desktop/3dof_rehab_arm/install/_local_setup_util_ps1.py'
[11.255s] INFO:colcon.colcon_core.shell:Creating prefix chain script '/home/nocc/Desktop/3dof_rehab_arm/install/setup.ps1'
[11.257s] INFO:colcon.colcon_core.shell:Creating prefix script '/home/nocc/Desktop/3dof_rehab_arm/install/local_setup.sh'
[11.258s] INFO:colcon.colcon_core.shell:Creating prefix util module '/home/nocc/Desktop/3dof_rehab_arm/install/_local_setup_util_sh.py'
[11.259s] INFO:colcon.colcon_core.shell:Creating prefix chain script '/home/nocc/Desktop/3dof_rehab_arm/install/setup.sh'
[11.260s] INFO:colcon.colcon_core.shell:Creating prefix script '/home/nocc/Desktop/3dof_rehab_arm/install/local_setup.bash'
[11.261s] INFO:colcon.colcon_core.shell:Creating prefix chain script '/home/nocc/Desktop/3dof_rehab_arm/install/setup.bash'
[11.261s] INFO:colcon.colcon_core.shell:Creating prefix script '/home/nocc/Desktop/3dof_rehab_arm/install/local_setup.zsh'
[11.262s] INFO:colcon.colcon_core.shell:Creating prefix chain script '/home/nocc/Desktop/3dof_rehab_arm/install/setup.zsh'
