[ 10%] [32mBuilding CXX object CMakeFiles/odrive_can_node.dir/src/odrive_can_node.cpp.o[0m
[ 20%] [32mBuilding CXX object CMakeFiles/velocity_controller.dir/src/velocity_controller.cpp.o[0m
[ 30%] [32mBuilding CXX object CMakeFiles/odrive_initializer.dir/src/odrive_initializer.cpp.o[0m
[ 40%] [32mBuilding CXX object CMakeFiles/impedance_multi_control.dir/src/impedance_multi_control.cpp.o[0m
[ 50%] [32mBuilding CXX object CMakeFiles/read_param.dir/src/read_param.cpp.o[0m
[ 60%] [32m[1mLinking CXX executable odrive_initializer[0m
[ 60%] Built target odrive_initializer
[ 70%] [32m[1mLinking CXX executable odrive_can_node[0m
[ 70%] Built target odrive_can_node
[ 80%] [32m[1mLinking CXX executable read_param[0m
[ 80%] Built target read_param
[ 90%] [32m[1mLinking CXX executable velocity_controller[0m
[ 90%] Built target velocity_controller
[100%] [32m[1mLinking CXX executable impedance_multi_control[0m
[100%] Built target impedance_multi_control
-- Install configuration: ""
-- Installing: /home/nocc/Desktop/3dof_rehab_arm/install/odrive_can_control/lib/odrive_can_control/odrive_can_node
-- Set runtime path of "/home/nocc/Desktop/3dof_rehab_arm/install/odrive_can_control/lib/odrive_can_control/odrive_can_node" to ""
-- Installing: /home/nocc/Desktop/3dof_rehab_arm/install/odrive_can_control/lib/odrive_can_control/odrive_initializer
-- Set runtime path of "/home/nocc/Desktop/3dof_rehab_arm/install/odrive_can_control/lib/odrive_can_control/odrive_initializer" to ""
-- Installing: /home/nocc/Desktop/3dof_rehab_arm/install/odrive_can_control/lib/odrive_can_control/velocity_controller
-- Set runtime path of "/home/nocc/Desktop/3dof_rehab_arm/install/odrive_can_control/lib/odrive_can_control/velocity_controller" to ""
-- Installing: /home/nocc/Desktop/3dof_rehab_arm/install/odrive_can_control/lib/odrive_can_control/impedance_multi_control
-- Set runtime path of "/home/nocc/Desktop/3dof_rehab_arm/install/odrive_can_control/lib/odrive_can_control/impedance_multi_control" to ""
-- Installing: /home/nocc/Desktop/3dof_rehab_arm/install/odrive_can_control/lib/odrive_can_control/read_param
-- Set runtime path of "/home/nocc/Desktop/3dof_rehab_arm/install/odrive_can_control/lib/odrive_can_control/read_param" to ""
-- Installing: /home/nocc/Desktop/3dof_rehab_arm/install/odrive_can_control/share/odrive_can_control/launch
-- Installing: /home/nocc/Desktop/3dof_rehab_arm/install/odrive_can_control/share/odrive_can_control/launch/odrive_initializer.launch.py
-- Installing: /home/nocc/Desktop/3dof_rehab_arm/install/odrive_can_control/share/ament_index/resource_index/package_run_dependencies/odrive_can_control
-- Installing: /home/nocc/Desktop/3dof_rehab_arm/install/odrive_can_control/share/ament_index/resource_index/parent_prefix_path/odrive_can_control
-- Installing: /home/nocc/Desktop/3dof_rehab_arm/install/odrive_can_control/share/odrive_can_control/environment/ament_prefix_path.sh
-- Installing: /home/nocc/Desktop/3dof_rehab_arm/install/odrive_can_control/share/odrive_can_control/environment/ament_prefix_path.dsv
-- Installing: /home/nocc/Desktop/3dof_rehab_arm/install/odrive_can_control/share/odrive_can_control/environment/path.sh
-- Installing: /home/nocc/Desktop/3dof_rehab_arm/install/odrive_can_control/share/odrive_can_control/environment/path.dsv
-- Installing: /home/nocc/Desktop/3dof_rehab_arm/install/odrive_can_control/share/odrive_can_control/local_setup.bash
-- Installing: /home/nocc/Desktop/3dof_rehab_arm/install/odrive_can_control/share/odrive_can_control/local_setup.sh
-- Installing: /home/nocc/Desktop/3dof_rehab_arm/install/odrive_can_control/share/odrive_can_control/local_setup.zsh
-- Installing: /home/nocc/Desktop/3dof_rehab_arm/install/odrive_can_control/share/odrive_can_control/local_setup.dsv
-- Installing: /home/nocc/Desktop/3dof_rehab_arm/install/odrive_can_control/share/odrive_can_control/package.dsv
-- Installing: /home/nocc/Desktop/3dof_rehab_arm/install/odrive_can_control/share/ament_index/resource_index/packages/odrive_can_control
-- Installing: /home/nocc/Desktop/3dof_rehab_arm/install/odrive_can_control/share/odrive_can_control/cmake/odrive_can_controlConfig.cmake
-- Installing: /home/nocc/Desktop/3dof_rehab_arm/install/odrive_can_control/share/odrive_can_control/cmake/odrive_can_controlConfig-version.cmake
-- Installing: /home/nocc/Desktop/3dof_rehab_arm/install/odrive_can_control/share/odrive_can_control/package.xml
