[35m[1mConsolidate compiler generated dependencies of target odrive_can_interface[0m
[100%] Built target odrive_can_interface
-- Install configuration: ""
-- Up-to-date: /home/nocc/Desktop/3dof_rehab_arm/install/odrive_can_interface/lib/libodrive_can_interface.so
-- Up-to-date: /home/nocc/Desktop/3dof_rehab_arm/install/odrive_can_interface/include
-- Up-to-date: /home/nocc/Desktop/3dof_rehab_arm/install/odrive_can_interface/include/odrive_can_interface
-- Up-to-date: /home/nocc/Desktop/3dof_rehab_arm/install/odrive_can_interface/include/odrive_can_interface/odrive_can_interface.hpp
-- Up-to-date: /home/nocc/Desktop/3dof_rehab_arm/install/odrive_can_interface/share/odrive_can_interface/environment/library_path.sh
-- Up-to-date: /home/nocc/Desktop/3dof_rehab_arm/install/odrive_can_interface/share/odrive_can_interface/environment/library_path.dsv
-- Up-to-date: /home/nocc/Desktop/3dof_rehab_arm/install/odrive_can_interface/share/ament_index/resource_index/package_run_dependencies/odrive_can_interface
-- Up-to-date: /home/nocc/Desktop/3dof_rehab_arm/install/odrive_can_interface/share/ament_index/resource_index/parent_prefix_path/odrive_can_interface
-- Up-to-date: /home/nocc/Desktop/3dof_rehab_arm/install/odrive_can_interface/share/odrive_can_interface/environment/ament_prefix_path.sh
-- Up-to-date: /home/nocc/Desktop/3dof_rehab_arm/install/odrive_can_interface/share/odrive_can_interface/environment/ament_prefix_path.dsv
-- Up-to-date: /home/nocc/Desktop/3dof_rehab_arm/install/odrive_can_interface/share/odrive_can_interface/environment/path.sh
-- Up-to-date: /home/nocc/Desktop/3dof_rehab_arm/install/odrive_can_interface/share/odrive_can_interface/environment/path.dsv
-- Up-to-date: /home/nocc/Desktop/3dof_rehab_arm/install/odrive_can_interface/share/odrive_can_interface/local_setup.bash
-- Up-to-date: /home/nocc/Desktop/3dof_rehab_arm/install/odrive_can_interface/share/odrive_can_interface/local_setup.sh
-- Up-to-date: /home/nocc/Desktop/3dof_rehab_arm/install/odrive_can_interface/share/odrive_can_interface/local_setup.zsh
-- Up-to-date: /home/nocc/Desktop/3dof_rehab_arm/install/odrive_can_interface/share/odrive_can_interface/local_setup.dsv
-- Installing: /home/nocc/Desktop/3dof_rehab_arm/install/odrive_can_interface/share/odrive_can_interface/package.dsv
-- Up-to-date: /home/nocc/Desktop/3dof_rehab_arm/install/odrive_can_interface/share/ament_index/resource_index/packages/odrive_can_interface
-- Up-to-date: /home/nocc/Desktop/3dof_rehab_arm/install/odrive_can_interface/share/odrive_can_interface/cmake/export_odrive_can_interfaceExport.cmake
-- Up-to-date: /home/nocc/Desktop/3dof_rehab_arm/install/odrive_can_interface/share/odrive_can_interface/cmake/export_odrive_can_interfaceExport-noconfig.cmake
-- Up-to-date: /home/nocc/Desktop/3dof_rehab_arm/install/odrive_can_interface/share/odrive_can_interface/cmake/ament_cmake_export_targets-extras.cmake
-- Up-to-date: /home/nocc/Desktop/3dof_rehab_arm/install/odrive_can_interface/share/odrive_can_interface/cmake/ament_cmake_export_include_directories-extras.cmake
-- Up-to-date: /home/nocc/Desktop/3dof_rehab_arm/install/odrive_can_interface/share/odrive_can_interface/cmake/ament_cmake_export_libraries-extras.cmake
-- Up-to-date: /home/nocc/Desktop/3dof_rehab_arm/install/odrive_can_interface/share/odrive_can_interface/cmake/odrive_can_interfaceConfig.cmake
-- Up-to-date: /home/nocc/Desktop/3dof_rehab_arm/install/odrive_can_interface/share/odrive_can_interface/cmake/odrive_can_interfaceConfig-version.cmake
-- Up-to-date: /home/nocc/Desktop/3dof_rehab_arm/install/odrive_can_interface/share/odrive_can_interface/package.xml
