[0.088s] Invoking command in '/home/nocc/Desktop/3dof_rehab_arm/build/odrive_can_interface': CMAKE_PREFIX_PATH=/opt/ros/humble /usr/bin/cmake --build /home/nocc/Desktop/3dof_rehab_arm/build/odrive_can_interface -- -j8 -l8
[0.643s] [35m[1mConsolidate compiler generated dependencies of target odrive_can_interface[0m
[0.643s] [100%] Built target odrive_can_interface
[0.672s] Invoked command in '/home/nocc/Desktop/3dof_rehab_arm/build/odrive_can_interface' returned '0': CMAKE_PREFIX_PATH=/opt/ros/humble /usr/bin/cmake --build /home/nocc/Desktop/3dof_rehab_arm/build/odrive_can_interface -- -j8 -l8
[0.676s] Invoking command in '/home/nocc/Desktop/3dof_rehab_arm/build/odrive_can_interface': CMAKE_PREFIX_PATH=/opt/ros/humble /usr/bin/cmake --install /home/nocc/Desktop/3dof_rehab_arm/build/odrive_can_interface
[0.699s] -- Install configuration: ""
[0.699s] -- Up-to-date: /home/nocc/Desktop/3dof_rehab_arm/install/odrive_can_interface/lib/libodrive_can_interface.so
[0.700s] -- Up-to-date: /home/nocc/Desktop/3dof_rehab_arm/install/odrive_can_interface/include
[0.700s] -- Up-to-date: /home/nocc/Desktop/3dof_rehab_arm/install/odrive_can_interface/include/odrive_can_interface
[0.702s] -- Up-to-date: /home/nocc/Desktop/3dof_rehab_arm/install/odrive_can_interface/include/odrive_can_interface/odrive_can_interface.hpp
[0.702s] -- Up-to-date: /home/nocc/Desktop/3dof_rehab_arm/install/odrive_can_interface/share/odrive_can_interface/environment/library_path.sh
[0.702s] -- Up-to-date: /home/nocc/Desktop/3dof_rehab_arm/install/odrive_can_interface/share/odrive_can_interface/environment/library_path.dsv
[0.705s] -- Up-to-date: /home/nocc/Desktop/3dof_rehab_arm/install/odrive_can_interface/share/ament_index/resource_index/package_run_dependencies/odrive_can_interface
[0.705s] -- Up-to-date: /home/nocc/Desktop/3dof_rehab_arm/install/odrive_can_interface/share/ament_index/resource_index/parent_prefix_path/odrive_can_interface
[0.705s] -- Up-to-date: /home/nocc/Desktop/3dof_rehab_arm/install/odrive_can_interface/share/odrive_can_interface/environment/ament_prefix_path.sh
[0.706s] -- Up-to-date: /home/nocc/Desktop/3dof_rehab_arm/install/odrive_can_interface/share/odrive_can_interface/environment/ament_prefix_path.dsv
[0.706s] -- Up-to-date: /home/nocc/Desktop/3dof_rehab_arm/install/odrive_can_interface/share/odrive_can_interface/environment/path.sh
[0.706s] -- Up-to-date: /home/nocc/Desktop/3dof_rehab_arm/install/odrive_can_interface/share/odrive_can_interface/environment/path.dsv
[0.706s] -- Up-to-date: /home/nocc/Desktop/3dof_rehab_arm/install/odrive_can_interface/share/odrive_can_interface/local_setup.bash
[0.706s] -- Up-to-date: /home/nocc/Desktop/3dof_rehab_arm/install/odrive_can_interface/share/odrive_can_interface/local_setup.sh
[0.706s] -- Up-to-date: /home/nocc/Desktop/3dof_rehab_arm/install/odrive_can_interface/share/odrive_can_interface/local_setup.zsh
[0.707s] -- Up-to-date: /home/nocc/Desktop/3dof_rehab_arm/install/odrive_can_interface/share/odrive_can_interface/local_setup.dsv
[0.707s] -- Installing: /home/nocc/Desktop/3dof_rehab_arm/install/odrive_can_interface/share/odrive_can_interface/package.dsv
[0.707s] -- Up-to-date: /home/nocc/Desktop/3dof_rehab_arm/install/odrive_can_interface/share/ament_index/resource_index/packages/odrive_can_interface
[0.708s] -- Up-to-date: /home/nocc/Desktop/3dof_rehab_arm/install/odrive_can_interface/share/odrive_can_interface/cmake/export_odrive_can_interfaceExport.cmake
[0.709s] -- Up-to-date: /home/nocc/Desktop/3dof_rehab_arm/install/odrive_can_interface/share/odrive_can_interface/cmake/export_odrive_can_interfaceExport-noconfig.cmake
[0.709s] -- Up-to-date: /home/nocc/Desktop/3dof_rehab_arm/install/odrive_can_interface/share/odrive_can_interface/cmake/ament_cmake_export_targets-extras.cmake
[0.709s] -- Up-to-date: /home/nocc/Desktop/3dof_rehab_arm/install/odrive_can_interface/share/odrive_can_interface/cmake/ament_cmake_export_include_directories-extras.cmake
[0.710s] -- Up-to-date: /home/nocc/Desktop/3dof_rehab_arm/install/odrive_can_interface/share/odrive_can_interface/cmake/ament_cmake_export_libraries-extras.cmake
[0.710s] -- Up-to-date: /home/nocc/Desktop/3dof_rehab_arm/install/odrive_can_interface/share/odrive_can_interface/cmake/odrive_can_interfaceConfig.cmake
[0.710s] -- Up-to-date: /home/nocc/Desktop/3dof_rehab_arm/install/odrive_can_interface/share/odrive_can_interface/cmake/odrive_can_interfaceConfig-version.cmake
[0.710s] -- Up-to-date: /home/nocc/Desktop/3dof_rehab_arm/install/odrive_can_interface/share/odrive_can_interface/package.xml
[0.767s] Invoked command in '/home/nocc/Desktop/3dof_rehab_arm/build/odrive_can_interface' returned '0': CMAKE_PREFIX_PATH=/opt/ros/humble /usr/bin/cmake --install /home/nocc/Desktop/3dof_rehab_arm/build/odrive_can_interface
