-- Found ament_cmake: 1.3.11 (/opt/ros/humble/share/ament_cmake/cmake)
-- Found rclcpp: 16.0.12 (/opt/ros/humble/share/rclcpp/cmake)
-- Found rosidl_generator_c: 3.1.6 (/opt/ros/humble/share/rosidl_generator_c/cmake)
-- Found rosidl_adapter: 3.1.6 (/opt/ros/humble/share/rosidl_adapter/cmake)
-- Found rosidl_generator_cpp: 3.1.6 (/opt/ros/humble/share/rosidl_generator_cpp/cmake)
-- Using all available rosidl_typesupport_c: rosidl_typesupport_fastrtps_c;rosidl_typesupport_introspection_c
-- Using all available rosidl_typesupport_cpp: rosidl_typesupport_fastrtps_cpp;rosidl_typesupport_introspection_cpp
-- Found rmw_implementation_cmake: 6.1.2 (/opt/ros/humble/share/rmw_implementation_cmake/cmake)
-- Found rmw_cyclonedds_cpp: 1.3.4 (/opt/ros/humble/share/rmw_cyclonedds_cpp/cmake)
-- Using RMW implementation 'rmw_cyclonedds_cpp' as default
-- Found sensor_msgs: 4.9.0 (/opt/ros/humble/share/sensor_msgs/cmake)
-- Found trajectory_msgs: 4.9.0 (/opt/ros/humble/share/trajectory_msgs/cmake)
-- Found can_odrive_interface: 0.1.0 (/home/nocc/Desktop/3dof_rehab_arm/install/can_odrive_interface/share/can_odrive_interface/cmake)
-- Found rclcpp_action: 16.0.12 (/opt/ros/humble/share/rclcpp_action/cmake)
-- Found control_msgs: 4.8.0 (/opt/ros/humble/share/control_msgs/cmake)
-- Found ament_lint_auto: 0.12.12 (/opt/ros/humble/share/ament_lint_auto/cmake)
-- Added test 'cppcheck' to perform static code analysis on C / C++ code
-- Configured cppcheck include dirs: $<BUILD_INTERFACE:/home/nocc/Desktop/3dof_rehab_arm/src/odrive_joint_state_publisher/include>
-- Configured cppcheck exclude dirs and/or files: 
-- Added test 'lint_cmake' to check CMake code style
-- Added test 'uncrustify' to check C / C++ code style
-- Configured uncrustify additional arguments: 
-- Added test 'xmllint' to check XML markup files
-- Configuring done
-- Generating done
-- Build files have been written to: /home/nocc/Desktop/3dof_rehab_arm/build/odrive_joint_state_publisher
[35m[1mConsolidate compiler generated dependencies of target odrive_joint_state_publisher_node[0m
[ 50%] [32mBuilding CXX object CMakeFiles/odrive_joint_state_publisher_node.dir/src/odrive_joint_state_publisher_node.cpp.o[0m
[100%] [32m[1mLinking CXX executable odrive_joint_state_publisher_node[0m
[100%] Built target odrive_joint_state_publisher_node
-- Install configuration: ""
-- Installing: /home/nocc/Desktop/3dof_rehab_arm/install/odrive_joint_state_publisher/lib/odrive_joint_state_publisher/odrive_joint_state_publisher_node
-- Set runtime path of "/home/nocc/Desktop/3dof_rehab_arm/install/odrive_joint_state_publisher/lib/odrive_joint_state_publisher/odrive_joint_state_publisher_node" to ""
-- Installing: /home/nocc/Desktop/3dof_rehab_arm/install/odrive_joint_state_publisher/share/ament_index/resource_index/package_run_dependencies/odrive_joint_state_publisher
-- Up-to-date: /home/nocc/Desktop/3dof_rehab_arm/install/odrive_joint_state_publisher/share/ament_index/resource_index/parent_prefix_path/odrive_joint_state_publisher
-- Up-to-date: /home/nocc/Desktop/3dof_rehab_arm/install/odrive_joint_state_publisher/share/odrive_joint_state_publisher/environment/ament_prefix_path.sh
-- Installing: /home/nocc/Desktop/3dof_rehab_arm/install/odrive_joint_state_publisher/share/odrive_joint_state_publisher/environment/ament_prefix_path.dsv
-- Up-to-date: /home/nocc/Desktop/3dof_rehab_arm/install/odrive_joint_state_publisher/share/odrive_joint_state_publisher/environment/path.sh
-- Installing: /home/nocc/Desktop/3dof_rehab_arm/install/odrive_joint_state_publisher/share/odrive_joint_state_publisher/environment/path.dsv
-- Up-to-date: /home/nocc/Desktop/3dof_rehab_arm/install/odrive_joint_state_publisher/share/odrive_joint_state_publisher/local_setup.bash
-- Up-to-date: /home/nocc/Desktop/3dof_rehab_arm/install/odrive_joint_state_publisher/share/odrive_joint_state_publisher/local_setup.sh
-- Up-to-date: /home/nocc/Desktop/3dof_rehab_arm/install/odrive_joint_state_publisher/share/odrive_joint_state_publisher/local_setup.zsh
-- Installing: /home/nocc/Desktop/3dof_rehab_arm/install/odrive_joint_state_publisher/share/odrive_joint_state_publisher/local_setup.dsv
-- Installing: /home/nocc/Desktop/3dof_rehab_arm/install/odrive_joint_state_publisher/share/odrive_joint_state_publisher/package.dsv
-- Up-to-date: /home/nocc/Desktop/3dof_rehab_arm/install/odrive_joint_state_publisher/share/ament_index/resource_index/packages/odrive_joint_state_publisher
-- Up-to-date: /home/nocc/Desktop/3dof_rehab_arm/install/odrive_joint_state_publisher/share/odrive_joint_state_publisher/cmake/ament_cmake_export_include_directories-extras.cmake
-- Up-to-date: /home/nocc/Desktop/3dof_rehab_arm/install/odrive_joint_state_publisher/share/odrive_joint_state_publisher/cmake/odrive_joint_state_publisherConfig.cmake
-- Up-to-date: /home/nocc/Desktop/3dof_rehab_arm/install/odrive_joint_state_publisher/share/odrive_joint_state_publisher/cmake/odrive_joint_state_publisherConfig-version.cmake
-- Installing: /home/nocc/Desktop/3dof_rehab_arm/install/odrive_joint_state_publisher/share/odrive_joint_state_publisher/package.xml
