[0.035s] Invoking command in '/home/nocc/Desktop/3dof_rehab_arm/build/odrive_can_control': CMAKE_PREFIX_PATH=${CMAKE_PREFIX_PATH}:/home/nocc/Desktop/3dof_rehab_arm/install/Visualize:/opt/ros/humble /usr/bin/cmake --build /home/nocc/Desktop/3dof_rehab_arm/build/odrive_can_control -- -j8 -l8
[0.091s] -- Found ament_cmake: 1.3.11 (/opt/ros/humble/share/ament_cmake/cmake)
[0.378s] -- Found rclcpp: 16.0.12 (/opt/ros/humble/share/rclcpp/cmake)
[0.446s] -- Found rosidl_generator_c: 3.1.6 (/opt/ros/humble/share/rosidl_generator_c/cmake)
[0.451s] -- Found rosidl_adapter: 3.1.6 (/opt/ros/humble/share/rosidl_adapter/cmake)
[0.467s] -- Found rosidl_generator_cpp: 3.1.6 (/opt/ros/humble/share/rosidl_generator_cpp/cmake)
[0.493s] -- Using all available rosidl_typesupport_c: rosidl_typesupport_fastrtps_c;rosidl_typesupport_introspection_c
[0.521s] -- Using all available rosidl_typesupport_cpp: rosidl_typesupport_fastrtps_cpp;rosidl_typesupport_introspection_cpp
[0.599s] -- Found rmw_implementation_cmake: 6.1.2 (/opt/ros/humble/share/rmw_implementation_cmake/cmake)
[0.603s] -- Found rmw_cyclonedds_cpp: 1.3.4 (/opt/ros/humble/share/rmw_cyclonedds_cpp/cmake)
[0.644s] -- Using RMW implementation 'rmw_cyclonedds_cpp' as default
[0.898s] -- Configuring done
[0.954s] -- Generating done
[0.983s] -- Build files have been written to: /home/nocc/Desktop/3dof_rehab_arm/build/odrive_can_control
[1.037s] [35m[1mConsolidate compiler generated dependencies of target odrive_initializer[0m
[1.040s] [35m[1mConsolidate compiler generated dependencies of target odrive_can_node[0m
[1.042s] [35m[1mConsolidate compiler generated dependencies of target impedance_multi_control[0m
[1.042s] [35m[1mConsolidate compiler generated dependencies of target velocity_controller[0m
[1.042s] [35m[1mConsolidate compiler generated dependencies of target read_param[0m
[1.075s] [  8%] [32mBuilding CXX object CMakeFiles/test_vel_rviz2.dir/src/test_vel_rviz2.cpp.o[0m
[1.102s] [ 25%] Built target odrive_initializer
[1.106s] [ 50%] Built target odrive_can_node
[1.107s] [ 58%] Built target impedance_multi_control
[1.108s] [ 75%] Built target velocity_controller
[1.109s] [ 91%] Built target read_param
[1.594s] [01m[K/home/nocc/Desktop/3dof_rehab_arm/src/odrive_can_control/src/test_vel_rviz2.cpp:2:10:[m[K [01;31m[Kfatal error: [m[Ktrajectory_msgs/msg/joint_trajectory.hpp: No such file or directory
[1.594s]     2 | #include [01;31m[K<trajectory_msgs/msg/joint_trajectory.hpp>[m[K
[1.594s]       |          [01;31m[K^~~~~~~~~~~~~~~~~~~~~~~~~~~~~~~~~~~~~~~~~~[m[K
[1.594s] compilation terminated.
[1.601s] gmake[2]: *** [CMakeFiles/test_vel_rviz2.dir/build.make:76: CMakeFiles/test_vel_rviz2.dir/src/test_vel_rviz2.cpp.o] Error 1
[1.602s] gmake[1]: *** [CMakeFiles/Makefile2:277: CMakeFiles/test_vel_rviz2.dir/all] Error 2
[1.602s] gmake: *** [Makefile:146: all] Error 2
[1.606s] Invoked command in '/home/nocc/Desktop/3dof_rehab_arm/build/odrive_can_control' returned '2': CMAKE_PREFIX_PATH=${CMAKE_PREFIX_PATH}:/home/nocc/Desktop/3dof_rehab_arm/install/Visualize:/opt/ros/humble /usr/bin/cmake --build /home/nocc/Desktop/3dof_rehab_arm/build/odrive_can_control -- -j8 -l8
