[0.581s] Invoking command in '/home/nocc/Desktop/3dof_rehab_arm/build/data_pub': CMAKE_PREFIX_PATH=/opt/ros/humble /usr/bin/cmake /home/nocc/Desktop/3dof_rehab_arm/src/Control/Data_pub -DCMAKE_INSTALL_PREFIX=/home/nocc/Desktop/3dof_rehab_arm/install/data_pub
[0.726s] -- The C compiler identification is GNU 11.4.0
[0.882s] -- The CXX compiler identification is GNU 11.4.0
[0.902s] -- Detecting C compiler ABI info
[1.116s] -- Detecting C compiler ABI info - done
[1.142s] -- Check for working C compiler: /usr/bin/cc - skipped
[1.143s] -- Detecting C compile features
[1.144s] -- Detecting C compile features - done
[1.155s] -- Detecting CXX compiler ABI info
[1.365s] -- Detecting CXX compiler ABI info - done
[1.395s] -- Check for working CXX compiler: /usr/bin/c++ - skipped
[1.395s] -- Detecting CXX compile features
[1.399s] -- Detecting CXX compile features - done
[1.406s] -- Found ament_cmake: 1.3.11 (/opt/ros/humble/share/ament_cmake/cmake)
[1.791s] -- Found Python3: /usr/bin/python3 (found version "3.10.12") found components: Interpreter 
[2.073s] -- Found rclcpp: 16.0.12 (/opt/ros/humble/share/rclcpp/cmake)
[2.213s] -- Found rosidl_generator_c: 3.1.6 (/opt/ros/humble/share/rosidl_generator_c/cmake)
[2.231s] -- Found rosidl_adapter: 3.1.6 (/opt/ros/humble/share/rosidl_adapter/cmake)
[2.259s] -- Found rosidl_generator_cpp: 3.1.6 (/opt/ros/humble/share/rosidl_generator_cpp/cmake)
[2.292s] -- Using all available rosidl_typesupport_c: rosidl_typesupport_fastrtps_c;rosidl_typesupport_introspection_c
[2.327s] -- Using all available rosidl_typesupport_cpp: rosidl_typesupport_fastrtps_cpp;rosidl_typesupport_introspection_cpp
[2.424s] -- Found rmw_implementation_cmake: 6.1.2 (/opt/ros/humble/share/rmw_implementation_cmake/cmake)
[2.430s] -- Found rmw_cyclonedds_cpp: 1.3.4 (/opt/ros/humble/share/rmw_cyclonedds_cpp/cmake)
[2.474s] -- Using RMW implementation 'rmw_cyclonedds_cpp' as default
[2.495s] -- Looking for pthread.h
[2.692s] -- Looking for pthread.h - found
[2.693s] -- Performing Test CMAKE_HAVE_LIBC_PTHREAD
[2.885s] -- Performing Test CMAKE_HAVE_LIBC_PTHREAD - Success
[2.887s] -- Found Threads: TRUE  
[3.205s] -- Configuring done
[3.225s] -- Generating done
[3.231s] -- Build files have been written to: /home/nocc/Desktop/3dof_rehab_arm/build/data_pub
[3.244s] Invoked command in '/home/nocc/Desktop/3dof_rehab_arm/build/data_pub' returned '0': CMAKE_PREFIX_PATH=/opt/ros/humble /usr/bin/cmake /home/nocc/Desktop/3dof_rehab_arm/src/Control/Data_pub -DCMAKE_INSTALL_PREFIX=/home/nocc/Desktop/3dof_rehab_arm/install/data_pub
[3.248s] Invoking command in '/home/nocc/Desktop/3dof_rehab_arm/build/data_pub': CMAKE_PREFIX_PATH=/opt/ros/humble /usr/bin/cmake --build /home/nocc/Desktop/3dof_rehab_arm/build/data_pub -- -j8 -l8
[3.378s] [ 50%] [32mBuilding CXX object CMakeFiles/data_pub_node.dir/src/data_pub_node.cpp.o[0m
