[0.016s] Invoking command in '/home/nocc/Desktop/3dof_rehab_arm/build/rehab_arm_robot_control': CMAKE_PREFIX_PATH=/home/nocc/Desktop/3dof_rehab_arm/install/odrive_can_interface:/home/nocc/Desktop/3dof_rehab_arm/install/rehab_arm_robot_moveit_config:/home/nocc/Desktop/3dof_rehab_arm/install/rehab_arm_robot_control:/home/nocc/Desktop/3dof_rehab_arm/install/rehab_arm_robot:/opt/ros/humble LD_LIBRARY_PATH=/home/nocc/Desktop/3dof_rehab_arm/install/odrive_can_interface/lib:/usr/lib/x86_64-linux-gnu/gazebo-11/plugins:/opt/ros/humble/opt/rviz_ogre_vendor/lib:/opt/ros/humble/lib/x86_64-linux-gnu:/opt/ros/humble/lib:/usr/lib/x86_64-linux-gnu/gazebo-11/plugins /usr/bin/cmake --build /home/nocc/Desktop/3dof_rehab_arm/build/rehab_arm_robot_control -- -j8 -l8
[0.126s] [35m[1mConsolidate compiler generated dependencies of target planning[0m
[0.134s] [ 25%] Built target rrt_motion_planning
[0.142s] [ 50%] Built target arm_odrive_bridge
[0.149s] [ 75%] Built target state_reader
[0.167s] [ 87%] [32mBuilding CXX object CMakeFiles/planning.dir/src/planning.cpp.o[0m
[10.661s] [100%] [32m[1mLinking CXX executable planning[0m
[11.475s] [100%] Built target planning
[11.488s] Invoked command in '/home/nocc/Desktop/3dof_rehab_arm/build/rehab_arm_robot_control' returned '0': CMAKE_PREFIX_PATH=/home/nocc/Desktop/3dof_rehab_arm/install/odrive_can_interface:/home/nocc/Desktop/3dof_rehab_arm/install/rehab_arm_robot_moveit_config:/home/nocc/Desktop/3dof_rehab_arm/install/rehab_arm_robot_control:/home/nocc/Desktop/3dof_rehab_arm/install/rehab_arm_robot:/opt/ros/humble LD_LIBRARY_PATH=/home/nocc/Desktop/3dof_rehab_arm/install/odrive_can_interface/lib:/usr/lib/x86_64-linux-gnu/gazebo-11/plugins:/opt/ros/humble/opt/rviz_ogre_vendor/lib:/opt/ros/humble/lib/x86_64-linux-gnu:/opt/ros/humble/lib:/usr/lib/x86_64-linux-gnu/gazebo-11/plugins /usr/bin/cmake --build /home/nocc/Desktop/3dof_rehab_arm/build/rehab_arm_robot_control -- -j8 -l8
[11.496s] Invoking command in '/home/nocc/Desktop/3dof_rehab_arm/build/rehab_arm_robot_control': CMAKE_PREFIX_PATH=/home/nocc/Desktop/3dof_rehab_arm/install/odrive_can_interface:/home/nocc/Desktop/3dof_rehab_arm/install/rehab_arm_robot_moveit_config:/home/nocc/Desktop/3dof_rehab_arm/install/rehab_arm_robot_control:/home/nocc/Desktop/3dof_rehab_arm/install/rehab_arm_robot:/opt/ros/humble LD_LIBRARY_PATH=/home/nocc/Desktop/3dof_rehab_arm/install/odrive_can_interface/lib:/usr/lib/x86_64-linux-gnu/gazebo-11/plugins:/opt/ros/humble/opt/rviz_ogre_vendor/lib:/opt/ros/humble/lib/x86_64-linux-gnu:/opt/ros/humble/lib:/usr/lib/x86_64-linux-gnu/gazebo-11/plugins /usr/bin/cmake --install /home/nocc/Desktop/3dof_rehab_arm/build/rehab_arm_robot_control
[11.500s] -- Install configuration: ""
[11.501s] -- Up-to-date: /home/nocc/Desktop/3dof_rehab_arm/install/rehab_arm_robot_control/lib/rehab_arm_robot_control/state_reader
[11.501s] -- Installing: /home/nocc/Desktop/3dof_rehab_arm/install/rehab_arm_robot_control/lib/rehab_arm_robot_control/planning
[11.505s] -- Set runtime path of "/home/nocc/Desktop/3dof_rehab_arm/install/rehab_arm_robot_control/lib/rehab_arm_robot_control/planning" to ""
[11.505s] -- Up-to-date: /home/nocc/Desktop/3dof_rehab_arm/install/rehab_arm_robot_control/lib/rehab_arm_robot_control/rrt_motion_planning
[11.505s] -- Up-to-date: /home/nocc/Desktop/3dof_rehab_arm/install/rehab_arm_robot_control/share/rehab_arm_robot_control//launch
[11.505s] -- Up-to-date: /home/nocc/Desktop/3dof_rehab_arm/install/rehab_arm_robot_control/share/rehab_arm_robot_control//launch/rrt_planner.launch.py
[11.505s] -- Up-to-date: /home/nocc/Desktop/3dof_rehab_arm/install/rehab_arm_robot_control/share/rehab_arm_robot_control//launch/rehab_odrive_control.launch.py
[11.505s] -- Up-to-date: /home/nocc/Desktop/3dof_rehab_arm/install/rehab_arm_robot_control/lib/rehab_arm_robot_control/arm_odrive_bridge
[11.505s] -- Up-to-date: /home/nocc/Desktop/3dof_rehab_arm/install/rehab_arm_robot_control/share/ament_index/resource_index/package_run_dependencies/rehab_arm_robot_control
[11.505s] -- Up-to-date: /home/nocc/Desktop/3dof_rehab_arm/install/rehab_arm_robot_control/share/ament_index/resource_index/parent_prefix_path/rehab_arm_robot_control
[11.506s] -- Up-to-date: /home/nocc/Desktop/3dof_rehab_arm/install/rehab_arm_robot_control/share/rehab_arm_robot_control/environment/ament_prefix_path.sh
[11.506s] -- Up-to-date: /home/nocc/Desktop/3dof_rehab_arm/install/rehab_arm_robot_control/share/rehab_arm_robot_control/environment/ament_prefix_path.dsv
[11.506s] -- Up-to-date: /home/nocc/Desktop/3dof_rehab_arm/install/rehab_arm_robot_control/share/rehab_arm_robot_control/environment/path.sh
[11.506s] -- Up-to-date: /home/nocc/Desktop/3dof_rehab_arm/install/rehab_arm_robot_control/share/rehab_arm_robot_control/environment/path.dsv
[11.506s] -- Up-to-date: /home/nocc/Desktop/3dof_rehab_arm/install/rehab_arm_robot_control/share/rehab_arm_robot_control/local_setup.bash
[11.506s] -- Up-to-date: /home/nocc/Desktop/3dof_rehab_arm/install/rehab_arm_robot_control/share/rehab_arm_robot_control/local_setup.sh
[11.506s] -- Up-to-date: /home/nocc/Desktop/3dof_rehab_arm/install/rehab_arm_robot_control/share/rehab_arm_robot_control/local_setup.zsh
[11.506s] -- Up-to-date: /home/nocc/Desktop/3dof_rehab_arm/install/rehab_arm_robot_control/share/rehab_arm_robot_control/local_setup.dsv
[11.506s] -- Installing: /home/nocc/Desktop/3dof_rehab_arm/install/rehab_arm_robot_control/share/rehab_arm_robot_control/package.dsv
[11.506s] -- Up-to-date: /home/nocc/Desktop/3dof_rehab_arm/install/rehab_arm_robot_control/share/ament_index/resource_index/packages/rehab_arm_robot_control
[11.507s] -- Up-to-date: /home/nocc/Desktop/3dof_rehab_arm/install/rehab_arm_robot_control/share/rehab_arm_robot_control/cmake/rehab_arm_robot_controlConfig.cmake
[11.507s] -- Up-to-date: /home/nocc/Desktop/3dof_rehab_arm/install/rehab_arm_robot_control/share/rehab_arm_robot_control/cmake/rehab_arm_robot_controlConfig-version.cmake
[11.507s] -- Up-to-date: /home/nocc/Desktop/3dof_rehab_arm/install/rehab_arm_robot_control/share/rehab_arm_robot_control/package.xml
[11.508s] Invoked command in '/home/nocc/Desktop/3dof_rehab_arm/build/rehab_arm_robot_control' returned '0': CMAKE_PREFIX_PATH=/home/nocc/Desktop/3dof_rehab_arm/install/odrive_can_interface:/home/nocc/Desktop/3dof_rehab_arm/install/rehab_arm_robot_moveit_config:/home/nocc/Desktop/3dof_rehab_arm/install/rehab_arm_robot_control:/home/nocc/Desktop/3dof_rehab_arm/install/rehab_arm_robot:/opt/ros/humble LD_LIBRARY_PATH=/home/nocc/Desktop/3dof_rehab_arm/install/odrive_can_interface/lib:/usr/lib/x86_64-linux-gnu/gazebo-11/plugins:/opt/ros/humble/opt/rviz_ogre_vendor/lib:/opt/ros/humble/lib/x86_64-linux-gnu:/opt/ros/humble/lib:/usr/lib/x86_64-linux-gnu/gazebo-11/plugins /usr/bin/cmake --install /home/nocc/Desktop/3dof_rehab_arm/build/rehab_arm_robot_control
